running egg_info
writing ../../build/hb_task_1b/hb_task_1b.egg-info/PKG-INFO
writing dependency_links to ../../build/hb_task_1b/hb_task_1b.egg-info/dependency_links.txt
writing entry points to ../../build/hb_task_1b/hb_task_1b.egg-info/entry_points.txt
writing requirements to ../../build/hb_task_1b/hb_task_1b.egg-info/requires.txt
writing top-level names to ../../build/hb_task_1b/hb_task_1b.egg-info/top_level.txt
reading manifest file '../../build/hb_task_1b/hb_task_1b.egg-info/SOURCES.txt'
writing manifest file '../../build/hb_task_1b/hb_task_1b.egg-info/SOURCES.txt'
running build
running build_py
running install
running install_lib
running install_data
running install_egg_info
removing '/home/g10/eyrc_hb/hb_task1b_ws/install/hb_task_1b/lib/python3.10/site-packages/hb_task_1b-0.0.0-py3.10.egg-info' (and everything under it)
Copying ../../build/hb_task_1b/hb_task_1b.egg-info to /home/g10/eyrc_hb/hb_task1b_ws/install/hb_task_1b/lib/python3.10/site-packages/hb_task_1b-0.0.0-py3.10.egg-info
running install_scripts
Installing hb_task1b_controller script to /home/g10/eyrc_hb/hb_task1b_ws/install/hb_task_1b/lib/hb_task_1b
Installing service_node script to /home/g10/eyrc_hb/hb_task1b_ws/install/hb_task_1b/lib/hb_task_1b
writing list of installed files to '/home/g10/eyrc_hb/hb_task1b_ws/build/hb_task_1b/install.log'
