[0.594s] Invoking command in '/home/vaishnavi/eyrc23_hb_1520/hb_task_2_ws/build/my_robot_interfaces': CMAKE_PREFIX_PATH=${CMAKE_PREFIX_PATH}:/home/vaishnavi/eyrc23_hb_1520/hb_task_2_ws/install/hb_task2a:/home/vaishnavi/eyrc23_hb_1520/hb_task_2_ws/install/hb_task2b:/opt/ros/humble /usr/bin/cmake --build /home/vaishnavi/eyrc23_hb_1520/hb_task_2_ws/build/my_robot_interfaces -- -j8 -l8
[1.312s] [  2%] Built target my_robot_interfaces__cpp
[1.312s] [ 12%] Built target my_robot_interfaces__rosidl_generator_c
[1.312s] [ 12%] Built target ament_cmake_python_copy_my_robot_interfaces
[1.313s] [ 34%] Built target my_robot_interfaces__rosidl_typesupport_introspection_c
[1.313s] [ 34%] Built target my_robot_interfaces__rosidl_typesupport_c
[1.313s] [ 55%] Built target my_robot_interfaces__rosidl_typesupport_cpp
[1.313s] [ 55%] Built target my_robot_interfaces__rosidl_typesupport_introspection_cpp
[1.313s] [ 65%] Built target my_robot_interfaces__rosidl_typesupport_fastrtps_cpp
[1.313s] [ 76%] Built target my_robot_interfaces__rosidl_typesupport_fastrtps_c
[1.313s] [ 76%] Built target my_robot_interfaces
[1.313s] [ 78%] Built target my_robot_interfaces__py
[1.313s] [ 87%] Built target my_robot_interfaces__rosidl_generator_py
[1.313s] [ 91%] Built target my_robot_interfaces__rosidl_typesupport_c__pyext
[1.314s] [ 95%] Built target my_robot_interfaces__rosidl_typesupport_introspection_c__pyext
[1.314s] [100%] Built target my_robot_interfaces__rosidl_typesupport_fastrtps_c__pyext
[1.314s] running egg_info
[1.314s] writing my_robot_interfaces.egg-info/PKG-INFO
[1.314s] writing dependency_links to my_robot_interfaces.egg-info/dependency_links.txt
[1.314s] writing top-level names to my_robot_interfaces.egg-info/top_level.txt
[1.314s] reading manifest file 'my_robot_interfaces.egg-info/SOURCES.txt'
[1.314s] writing manifest file 'my_robot_interfaces.egg-info/SOURCES.txt'
[1.317s] [100%] Built target ament_cmake_python_build_my_robot_interfaces_egg
[1.338s] Invoked command in '/home/vaishnavi/eyrc23_hb_1520/hb_task_2_ws/build/my_robot_interfaces' returned '0': CMAKE_PREFIX_PATH=${CMAKE_PREFIX_PATH}:/home/vaishnavi/eyrc23_hb_1520/hb_task_2_ws/install/hb_task2a:/home/vaishnavi/eyrc23_hb_1520/hb_task_2_ws/install/hb_task2b:/opt/ros/humble /usr/bin/cmake --build /home/vaishnavi/eyrc23_hb_1520/hb_task_2_ws/build/my_robot_interfaces -- -j8 -l8
[1.528s] Invoking command in '/home/vaishnavi/eyrc23_hb_1520/hb_task_2_ws/build/my_robot_interfaces': CMAKE_PREFIX_PATH=${CMAKE_PREFIX_PATH}:/home/vaishnavi/eyrc23_hb_1520/hb_task_2_ws/install/hb_task2a:/home/vaishnavi/eyrc23_hb_1520/hb_task_2_ws/install/hb_task2b:/opt/ros/humble /usr/bin/cmake --install /home/vaishnavi/eyrc23_hb_1520/hb_task_2_ws/build/my_robot_interfaces
[1.548s] -- Install configuration: ""
[1.550s] -- Up-to-date: /home/vaishnavi/eyrc23_hb_1520/hb_task_2_ws/install/my_robot_interfaces/share/ament_index/resource_index/rosidl_interfaces/my_robot_interfaces
[1.551s] -- Up-to-date: /home/vaishnavi/eyrc23_hb_1520/hb_task_2_ws/install/my_robot_interfaces/include/my_robot_interfaces/my_robot_interfaces
[1.551s] -- Up-to-date: /home/vaishnavi/eyrc23_hb_1520/hb_task_2_ws/install/my_robot_interfaces/include/my_robot_interfaces/my_robot_interfaces/msg
[1.555s] -- Up-to-date: /home/vaishnavi/eyrc23_hb_1520/hb_task_2_ws/install/my_robot_interfaces/include/my_robot_interfaces/my_robot_interfaces/msg/shape.h
[1.556s] -- Up-to-date: /home/vaishnavi/eyrc23_hb_1520/hb_task_2_ws/install/my_robot_interfaces/include/my_robot_interfaces/my_robot_interfaces/msg/rosidl_generator_c__visibility_control.h
[1.564s] -- Up-to-date: /home/vaishnavi/eyrc23_hb_1520/hb_task_2_ws/install/my_robot_interfaces/include/my_robot_interfaces/my_robot_interfaces/msg/goal.h
[1.564s] -- Up-to-date: /home/vaishnavi/eyrc23_hb_1520/hb_task_2_ws/install/my_robot_interfaces/include/my_robot_interfaces/my_robot_interfaces/msg/detail
[1.564s] -- Up-to-date: /home/vaishnavi/eyrc23_hb_1520/hb_task_2_ws/install/my_robot_interfaces/include/my_robot_interfaces/my_robot_interfaces/msg/detail/goal__struct.h
[1.565s] -- Up-to-date: /home/vaishnavi/eyrc23_hb_1520/hb_task_2_ws/install/my_robot_interfaces/include/my_robot_interfaces/my_robot_interfaces/msg/detail/goal__functions.h
[1.565s] -- Up-to-date: /home/vaishnavi/eyrc23_hb_1520/hb_task_2_ws/install/my_robot_interfaces/include/my_robot_interfaces/my_robot_interfaces/msg/detail/shape__functions.c
[1.565s] -- Up-to-date: /home/vaishnavi/eyrc23_hb_1520/hb_task_2_ws/install/my_robot_interfaces/include/my_robot_interfaces/my_robot_interfaces/msg/detail/shape__struct.h
[1.566s] -- Up-to-date: /home/vaishnavi/eyrc23_hb_1520/hb_task_2_ws/install/my_robot_interfaces/include/my_robot_interfaces/my_robot_interfaces/msg/detail/shape__type_support.h
[1.566s] -- Up-to-date: /home/vaishnavi/eyrc23_hb_1520/hb_task_2_ws/install/my_robot_interfaces/include/my_robot_interfaces/my_robot_interfaces/msg/detail/goal__type_support.h
[1.566s] -- Up-to-date: /home/vaishnavi/eyrc23_hb_1520/hb_task_2_ws/install/my_robot_interfaces/include/my_robot_interfaces/my_robot_interfaces/msg/detail/goal__functions.c
[1.566s] -- Up-to-date: /home/vaishnavi/eyrc23_hb_1520/hb_task_2_ws/install/my_robot_interfaces/include/my_robot_interfaces/my_robot_interfaces/msg/detail/shape__functions.h
[1.571s] -- Up-to-date: /home/vaishnavi/eyrc23_hb_1520/hb_task_2_ws/install/my_robot_interfaces/include/my_robot_interfaces/my_robot_interfaces/srv
[1.572s] -- Up-to-date: /home/vaishnavi/eyrc23_hb_1520/hb_task_2_ws/install/my_robot_interfaces/include/my_robot_interfaces/my_robot_interfaces/srv/next_goal.h
[1.573s] -- Up-to-date: /home/vaishnavi/eyrc23_hb_1520/hb_task_2_ws/install/my_robot_interfaces/include/my_robot_interfaces/my_robot_interfaces/srv/detail
[1.573s] -- Up-to-date: /home/vaishnavi/eyrc23_hb_1520/hb_task_2_ws/install/my_robot_interfaces/include/my_robot_interfaces/my_robot_interfaces/srv/detail/next_goal__struct.h
[1.574s] -- Up-to-date: /home/vaishnavi/eyrc23_hb_1520/hb_task_2_ws/install/my_robot_interfaces/include/my_robot_interfaces/my_robot_interfaces/srv/detail/next_goal__type_support.h
[1.575s] -- Up-to-date: /home/vaishnavi/eyrc23_hb_1520/hb_task_2_ws/install/my_robot_interfaces/include/my_robot_interfaces/my_robot_interfaces/srv/detail/next_goal__functions.h
[1.575s] -- Up-to-date: /home/vaishnavi/eyrc23_hb_1520/hb_task_2_ws/install/my_robot_interfaces/include/my_robot_interfaces/my_robot_interfaces/srv/detail/next_goal__functions.c
[1.576s] -- Up-to-date: /home/vaishnavi/eyrc23_hb_1520/hb_task_2_ws/install/my_robot_interfaces/share/my_robot_interfaces/environment/library_path.sh
[1.577s] -- Up-to-date: /home/vaishnavi/eyrc23_hb_1520/hb_task_2_ws/install/my_robot_interfaces/share/my_robot_interfaces/environment/library_path.dsv
[1.577s] -- Up-to-date: /home/vaishnavi/eyrc23_hb_1520/hb_task_2_ws/install/my_robot_interfaces/lib/libmy_robot_interfaces__rosidl_generator_c.so
[1.578s] -- Up-to-date: /home/vaishnavi/eyrc23_hb_1520/hb_task_2_ws/install/my_robot_interfaces/include/my_robot_interfaces/my_robot_interfaces
[1.578s] -- Up-to-date: /home/vaishnavi/eyrc23_hb_1520/hb_task_2_ws/install/my_robot_interfaces/include/my_robot_interfaces/my_robot_interfaces/msg
[1.578s] -- Up-to-date: /home/vaishnavi/eyrc23_hb_1520/hb_task_2_ws/install/my_robot_interfaces/include/my_robot_interfaces/my_robot_interfaces/msg/rosidl_typesupport_fastrtps_c__visibility_control.h
[1.579s] -- Up-to-date: /home/vaishnavi/eyrc23_hb_1520/hb_task_2_ws/install/my_robot_interfaces/include/my_robot_interfaces/my_robot_interfaces/msg/detail
[1.579s] -- Up-to-date: /home/vaishnavi/eyrc23_hb_1520/hb_task_2_ws/install/my_robot_interfaces/include/my_robot_interfaces/my_robot_interfaces/msg/detail/goal__rosidl_typesupport_fastrtps_c.h
[1.579s] -- Up-to-date: /home/vaishnavi/eyrc23_hb_1520/hb_task_2_ws/install/my_robot_interfaces/include/my_robot_interfaces/my_robot_interfaces/msg/detail/shape__rosidl_typesupport_fastrtps_c.h
[1.580s] -- Up-to-date: /home/vaishnavi/eyrc23_hb_1520/hb_task_2_ws/install/my_robot_interfaces/include/my_robot_interfaces/my_robot_interfaces/srv
[1.580s] -- Up-to-date: /home/vaishnavi/eyrc23_hb_1520/hb_task_2_ws/install/my_robot_interfaces/include/my_robot_interfaces/my_robot_interfaces/srv/detail
[1.581s] -- Up-to-date: /home/vaishnavi/eyrc23_hb_1520/hb_task_2_ws/install/my_robot_interfaces/include/my_robot_interfaces/my_robot_interfaces/srv/detail/next_goal__rosidl_typesupport_fastrtps_c.h
[1.590s] -- Up-to-date: /home/vaishnavi/eyrc23_hb_1520/hb_task_2_ws/install/my_robot_interfaces/lib/libmy_robot_interfaces__rosidl_typesupport_fastrtps_c.so
[1.590s] -- Up-to-date: /home/vaishnavi/eyrc23_hb_1520/hb_task_2_ws/install/my_robot_interfaces/include/my_robot_interfaces/my_robot_interfaces
[1.591s] -- Up-to-date: /home/vaishnavi/eyrc23_hb_1520/hb_task_2_ws/install/my_robot_interfaces/include/my_robot_interfaces/my_robot_interfaces/msg
[1.592s] -- Up-to-date: /home/vaishnavi/eyrc23_hb_1520/hb_task_2_ws/install/my_robot_interfaces/include/my_robot_interfaces/my_robot_interfaces/msg/rosidl_typesupport_introspection_c__visibility_control.h
[1.593s] -- Up-to-date: /home/vaishnavi/eyrc23_hb_1520/hb_task_2_ws/install/my_robot_interfaces/include/my_robot_interfaces/my_robot_interfaces/msg/detail
[1.594s] -- Up-to-date: /home/vaishnavi/eyrc23_hb_1520/hb_task_2_ws/install/my_robot_interfaces/include/my_robot_interfaces/my_robot_interfaces/msg/detail/shape__rosidl_typesupport_introspection_c.h
[1.594s] -- Up-to-date: /home/vaishnavi/eyrc23_hb_1520/hb_task_2_ws/install/my_robot_interfaces/include/my_robot_interfaces/my_robot_interfaces/msg/detail/goal__type_support.c
[1.594s] -- Up-to-date: /home/vaishnavi/eyrc23_hb_1520/hb_task_2_ws/install/my_robot_interfaces/include/my_robot_interfaces/my_robot_interfaces/msg/detail/goal__rosidl_typesupport_introspection_c.h
[1.595s] -- Up-to-date: /home/vaishnavi/eyrc23_hb_1520/hb_task_2_ws/install/my_robot_interfaces/include/my_robot_interfaces/my_robot_interfaces/msg/detail/shape__type_support.c
[1.596s] -- Up-to-date: /home/vaishnavi/eyrc23_hb_1520/hb_task_2_ws/install/my_robot_interfaces/include/my_robot_interfaces/my_robot_interfaces/srv
[1.598s] -- Up-to-date: /home/vaishnavi/eyrc23_hb_1520/hb_task_2_ws/install/my_robot_interfaces/include/my_robot_interfaces/my_robot_interfaces/srv/detail
[1.598s] -- Up-to-date: /home/vaishnavi/eyrc23_hb_1520/hb_task_2_ws/install/my_robot_interfaces/include/my_robot_interfaces/my_robot_interfaces/srv/detail/next_goal__type_support.c
[1.599s] -- Up-to-date: /home/vaishnavi/eyrc23_hb_1520/hb_task_2_ws/install/my_robot_interfaces/include/my_robot_interfaces/my_robot_interfaces/srv/detail/next_goal__rosidl_typesupport_introspection_c.h
[1.600s] -- Up-to-date: /home/vaishnavi/eyrc23_hb_1520/hb_task_2_ws/install/my_robot_interfaces/lib/libmy_robot_interfaces__rosidl_typesupport_introspection_c.so
[1.601s] -- Up-to-date: /home/vaishnavi/eyrc23_hb_1520/hb_task_2_ws/install/my_robot_interfaces/lib/libmy_robot_interfaces__rosidl_typesupport_c.so
[1.603s] -- Up-to-date: /home/vaishnavi/eyrc23_hb_1520/hb_task_2_ws/install/my_robot_interfaces/include/my_robot_interfaces/my_robot_interfaces
[1.604s] -- Up-to-date: /home/vaishnavi/eyrc23_hb_1520/hb_task_2_ws/install/my_robot_interfaces/include/my_robot_interfaces/my_robot_interfaces/msg
[1.605s] -- Up-to-date: /home/vaishnavi/eyrc23_hb_1520/hb_task_2_ws/install/my_robot_interfaces/include/my_robot_interfaces/my_robot_interfaces/msg/shape.hpp
[1.606s] -- Up-to-date: /home/vaishnavi/eyrc23_hb_1520/hb_task_2_ws/install/my_robot_interfaces/include/my_robot_interfaces/my_robot_interfaces/msg/detail
[1.608s] -- Up-to-date: /home/vaishnavi/eyrc23_hb_1520/hb_task_2_ws/install/my_robot_interfaces/include/my_robot_interfaces/my_robot_interfaces/msg/detail/goal__traits.hpp
[1.608s] -- Up-to-date: /home/vaishnavi/eyrc23_hb_1520/hb_task_2_ws/install/my_robot_interfaces/include/my_robot_interfaces/my_robot_interfaces/msg/detail/shape__builder.hpp
[1.608s] -- Up-to-date: /home/vaishnavi/eyrc23_hb_1520/hb_task_2_ws/install/my_robot_interfaces/include/my_robot_interfaces/my_robot_interfaces/msg/detail/shape__traits.hpp
[1.608s] -- Up-to-date: /home/vaishnavi/eyrc23_hb_1520/hb_task_2_ws/install/my_robot_interfaces/include/my_robot_interfaces/my_robot_interfaces/msg/detail/shape__struct.hpp
[1.608s] -- Up-to-date: /home/vaishnavi/eyrc23_hb_1520/hb_task_2_ws/install/my_robot_interfaces/include/my_robot_interfaces/my_robot_interfaces/msg/detail/goal__struct.hpp
[1.609s] -- Up-to-date: /home/vaishnavi/eyrc23_hb_1520/hb_task_2_ws/install/my_robot_interfaces/include/my_robot_interfaces/my_robot_interfaces/msg/detail/goal__builder.hpp
[1.610s] -- Up-to-date: /home/vaishnavi/eyrc23_hb_1520/hb_task_2_ws/install/my_robot_interfaces/include/my_robot_interfaces/my_robot_interfaces/msg/goal.hpp
[1.613s] -- Up-to-date: /home/vaishnavi/eyrc23_hb_1520/hb_task_2_ws/install/my_robot_interfaces/include/my_robot_interfaces/my_robot_interfaces/srv
[1.613s] -- Up-to-date: /home/vaishnavi/eyrc23_hb_1520/hb_task_2_ws/install/my_robot_interfaces/include/my_robot_interfaces/my_robot_interfaces/srv/detail
[1.614s] -- Up-to-date: /home/vaishnavi/eyrc23_hb_1520/hb_task_2_ws/install/my_robot_interfaces/include/my_robot_interfaces/my_robot_interfaces/srv/detail/next_goal__traits.hpp
[1.614s] -- Up-to-date: /home/vaishnavi/eyrc23_hb_1520/hb_task_2_ws/install/my_robot_interfaces/include/my_robot_interfaces/my_robot_interfaces/srv/detail/next_goal__struct.hpp
[1.614s] -- Up-to-date: /home/vaishnavi/eyrc23_hb_1520/hb_task_2_ws/install/my_robot_interfaces/include/my_robot_interfaces/my_robot_interfaces/srv/detail/next_goal__builder.hpp
[1.615s] -- Up-to-date: /home/vaishnavi/eyrc23_hb_1520/hb_task_2_ws/install/my_robot_interfaces/include/my_robot_interfaces/my_robot_interfaces/srv/next_goal.hpp
[1.615s] -- Up-to-date: /home/vaishnavi/eyrc23_hb_1520/hb_task_2_ws/install/my_robot_interfaces/include/my_robot_interfaces/my_robot_interfaces
[1.615s] -- Up-to-date: /home/vaishnavi/eyrc23_hb_1520/hb_task_2_ws/install/my_robot_interfaces/include/my_robot_interfaces/my_robot_interfaces/msg
[1.616s] -- Up-to-date: /home/vaishnavi/eyrc23_hb_1520/hb_task_2_ws/install/my_robot_interfaces/include/my_robot_interfaces/my_robot_interfaces/msg/rosidl_typesupport_fastrtps_cpp__visibility_control.h
[1.616s] -- Up-to-date: /home/vaishnavi/eyrc23_hb_1520/hb_task_2_ws/install/my_robot_interfaces/include/my_robot_interfaces/my_robot_interfaces/msg/detail
[1.616s] -- Up-to-date: /home/vaishnavi/eyrc23_hb_1520/hb_task_2_ws/install/my_robot_interfaces/include/my_robot_interfaces/my_robot_interfaces/msg/detail/goal__rosidl_typesupport_fastrtps_cpp.hpp
[1.616s] -- Up-to-date: /home/vaishnavi/eyrc23_hb_1520/hb_task_2_ws/install/my_robot_interfaces/include/my_robot_interfaces/my_robot_interfaces/msg/detail/dds_fastrtps
[1.617s] -- Up-to-date: /home/vaishnavi/eyrc23_hb_1520/hb_task_2_ws/install/my_robot_interfaces/include/my_robot_interfaces/my_robot_interfaces/msg/detail/shape__rosidl_typesupport_fastrtps_cpp.hpp
[1.617s] -- Up-to-date: /home/vaishnavi/eyrc23_hb_1520/hb_task_2_ws/install/my_robot_interfaces/include/my_robot_interfaces/my_robot_interfaces/srv
[1.617s] -- Up-to-date: /home/vaishnavi/eyrc23_hb_1520/hb_task_2_ws/install/my_robot_interfaces/include/my_robot_interfaces/my_robot_interfaces/srv/detail
[1.618s] -- Up-to-date: /home/vaishnavi/eyrc23_hb_1520/hb_task_2_ws/install/my_robot_interfaces/include/my_robot_interfaces/my_robot_interfaces/srv/detail/next_goal__rosidl_typesupport_fastrtps_cpp.hpp
[1.618s] -- Up-to-date: /home/vaishnavi/eyrc23_hb_1520/hb_task_2_ws/install/my_robot_interfaces/include/my_robot_interfaces/my_robot_interfaces/srv/detail/dds_fastrtps
[1.618s] -- Up-to-date: /home/vaishnavi/eyrc23_hb_1520/hb_task_2_ws/install/my_robot_interfaces/lib/libmy_robot_interfaces__rosidl_typesupport_fastrtps_cpp.so
[1.618s] -- Up-to-date: /home/vaishnavi/eyrc23_hb_1520/hb_task_2_ws/install/my_robot_interfaces/include/my_robot_interfaces/my_robot_interfaces
[1.618s] -- Up-to-date: /home/vaishnavi/eyrc23_hb_1520/hb_task_2_ws/install/my_robot_interfaces/include/my_robot_interfaces/my_robot_interfaces/msg
[1.619s] -- Up-to-date: /home/vaishnavi/eyrc23_hb_1520/hb_task_2_ws/install/my_robot_interfaces/include/my_robot_interfaces/my_robot_interfaces/msg/detail
[1.619s] -- Up-to-date: /home/vaishnavi/eyrc23_hb_1520/hb_task_2_ws/install/my_robot_interfaces/include/my_robot_interfaces/my_robot_interfaces/msg/detail/goal__rosidl_typesupport_introspection_cpp.hpp
[1.619s] -- Up-to-date: /home/vaishnavi/eyrc23_hb_1520/hb_task_2_ws/install/my_robot_interfaces/include/my_robot_interfaces/my_robot_interfaces/msg/detail/shape__type_support.cpp
[1.620s] -- Up-to-date: /home/vaishnavi/eyrc23_hb_1520/hb_task_2_ws/install/my_robot_interfaces/include/my_robot_interfaces/my_robot_interfaces/msg/detail/shape__rosidl_typesupport_introspection_cpp.hpp
[1.620s] -- Up-to-date: /home/vaishnavi/eyrc23_hb_1520/hb_task_2_ws/install/my_robot_interfaces/include/my_robot_interfaces/my_robot_interfaces/msg/detail/goal__type_support.cpp
[1.620s] -- Up-to-date: /home/vaishnavi/eyrc23_hb_1520/hb_task_2_ws/install/my_robot_interfaces/include/my_robot_interfaces/my_robot_interfaces/srv
[1.621s] -- Up-to-date: /home/vaishnavi/eyrc23_hb_1520/hb_task_2_ws/install/my_robot_interfaces/include/my_robot_interfaces/my_robot_interfaces/srv/detail
[1.621s] -- Up-to-date: /home/vaishnavi/eyrc23_hb_1520/hb_task_2_ws/install/my_robot_interfaces/include/my_robot_interfaces/my_robot_interfaces/srv/detail/next_goal__type_support.cpp
[1.622s] -- Up-to-date: /home/vaishnavi/eyrc23_hb_1520/hb_task_2_ws/install/my_robot_interfaces/include/my_robot_interfaces/my_robot_interfaces/srv/detail/next_goal__rosidl_typesupport_introspection_cpp.hpp
[1.622s] -- Up-to-date: /home/vaishnavi/eyrc23_hb_1520/hb_task_2_ws/install/my_robot_interfaces/lib/libmy_robot_interfaces__rosidl_typesupport_introspection_cpp.so
[1.623s] -- Up-to-date: /home/vaishnavi/eyrc23_hb_1520/hb_task_2_ws/install/my_robot_interfaces/lib/libmy_robot_interfaces__rosidl_typesupport_cpp.so
[1.623s] -- Up-to-date: /home/vaishnavi/eyrc23_hb_1520/hb_task_2_ws/install/my_robot_interfaces/share/my_robot_interfaces/environment/pythonpath.sh
[1.623s] -- Up-to-date: /home/vaishnavi/eyrc23_hb_1520/hb_task_2_ws/install/my_robot_interfaces/share/my_robot_interfaces/environment/pythonpath.dsv
[1.624s] -- Up-to-date: /home/vaishnavi/eyrc23_hb_1520/hb_task_2_ws/install/my_robot_interfaces/local/lib/python3.10/dist-packages/my_robot_interfaces-0.0.0-py3.10.egg-info
[1.624s] -- Installing: /home/vaishnavi/eyrc23_hb_1520/hb_task_2_ws/install/my_robot_interfaces/local/lib/python3.10/dist-packages/my_robot_interfaces-0.0.0-py3.10.egg-info/top_level.txt
[1.624s] -- Installing: /home/vaishnavi/eyrc23_hb_1520/hb_task_2_ws/install/my_robot_interfaces/local/lib/python3.10/dist-packages/my_robot_interfaces-0.0.0-py3.10.egg-info/SOURCES.txt
[1.626s] -- Installing: /home/vaishnavi/eyrc23_hb_1520/hb_task_2_ws/install/my_robot_interfaces/local/lib/python3.10/dist-packages/my_robot_interfaces-0.0.0-py3.10.egg-info/dependency_links.txt
[1.626s] -- Installing: /home/vaishnavi/eyrc23_hb_1520/hb_task_2_ws/install/my_robot_interfaces/local/lib/python3.10/dist-packages/my_robot_interfaces-0.0.0-py3.10.egg-info/PKG-INFO
[1.626s] -- Up-to-date: /home/vaishnavi/eyrc23_hb_1520/hb_task_2_ws/install/my_robot_interfaces/local/lib/python3.10/dist-packages/my_robot_interfaces
[1.627s] -- Up-to-date: /home/vaishnavi/eyrc23_hb_1520/hb_task_2_ws/install/my_robot_interfaces/local/lib/python3.10/dist-packages/my_robot_interfaces/_my_robot_interfaces_s.ep.rosidl_typesupport_c.c
[1.627s] -- Up-to-date: /home/vaishnavi/eyrc23_hb_1520/hb_task_2_ws/install/my_robot_interfaces/local/lib/python3.10/dist-packages/my_robot_interfaces/msg
[1.628s] -- Up-to-date: /home/vaishnavi/eyrc23_hb_1520/hb_task_2_ws/install/my_robot_interfaces/local/lib/python3.10/dist-packages/my_robot_interfaces/msg/_shape_s.c
[1.628s] -- Up-to-date: /home/vaishnavi/eyrc23_hb_1520/hb_task_2_ws/install/my_robot_interfaces/local/lib/python3.10/dist-packages/my_robot_interfaces/msg/_goal.py
[1.628s] -- Up-to-date: /home/vaishnavi/eyrc23_hb_1520/hb_task_2_ws/install/my_robot_interfaces/local/lib/python3.10/dist-packages/my_robot_interfaces/msg/_shape.py
[1.629s] -- Up-to-date: /home/vaishnavi/eyrc23_hb_1520/hb_task_2_ws/install/my_robot_interfaces/local/lib/python3.10/dist-packages/my_robot_interfaces/msg/_goal_s.c
[1.629s] -- Up-to-date: /home/vaishnavi/eyrc23_hb_1520/hb_task_2_ws/install/my_robot_interfaces/local/lib/python3.10/dist-packages/my_robot_interfaces/msg/__init__.py
[1.629s] -- Up-to-date: /home/vaishnavi/eyrc23_hb_1520/hb_task_2_ws/install/my_robot_interfaces/local/lib/python3.10/dist-packages/my_robot_interfaces/_my_robot_interfaces_s.ep.rosidl_typesupport_fastrtps_c.c
[1.629s] -- Up-to-date: /home/vaishnavi/eyrc23_hb_1520/hb_task_2_ws/install/my_robot_interfaces/local/lib/python3.10/dist-packages/my_robot_interfaces/my_robot_interfaces_s__rosidl_typesupport_introspection_c.cpython-310-x86_64-linux-gnu.so
[1.630s] -- Up-to-date: /home/vaishnavi/eyrc23_hb_1520/hb_task_2_ws/install/my_robot_interfaces/local/lib/python3.10/dist-packages/my_robot_interfaces/__init__.py
[1.630s] -- Up-to-date: /home/vaishnavi/eyrc23_hb_1520/hb_task_2_ws/install/my_robot_interfaces/local/lib/python3.10/dist-packages/my_robot_interfaces/libmy_robot_interfaces__rosidl_generator_py.so
[1.630s] -- Up-to-date: /home/vaishnavi/eyrc23_hb_1520/hb_task_2_ws/install/my_robot_interfaces/local/lib/python3.10/dist-packages/my_robot_interfaces/my_robot_interfaces_s__rosidl_typesupport_fastrtps_c.cpython-310-x86_64-linux-gnu.so
[1.630s] -- Up-to-date: /home/vaishnavi/eyrc23_hb_1520/hb_task_2_ws/install/my_robot_interfaces/local/lib/python3.10/dist-packages/my_robot_interfaces/_my_robot_interfaces_s.ep.rosidl_typesupport_introspection_c.c
[1.630s] -- Up-to-date: /home/vaishnavi/eyrc23_hb_1520/hb_task_2_ws/install/my_robot_interfaces/local/lib/python3.10/dist-packages/my_robot_interfaces/srv
[1.630s] -- Up-to-date: /home/vaishnavi/eyrc23_hb_1520/hb_task_2_ws/install/my_robot_interfaces/local/lib/python3.10/dist-packages/my_robot_interfaces/srv/_next_goal.py
[1.631s] -- Up-to-date: /home/vaishnavi/eyrc23_hb_1520/hb_task_2_ws/install/my_robot_interfaces/local/lib/python3.10/dist-packages/my_robot_interfaces/srv/_next_goal_s.c
[1.631s] -- Up-to-date: /home/vaishnavi/eyrc23_hb_1520/hb_task_2_ws/install/my_robot_interfaces/local/lib/python3.10/dist-packages/my_robot_interfaces/srv/__init__.py
[1.631s] -- Up-to-date: /home/vaishnavi/eyrc23_hb_1520/hb_task_2_ws/install/my_robot_interfaces/local/lib/python3.10/dist-packages/my_robot_interfaces/my_robot_interfaces_s__rosidl_typesupport_c.cpython-310-x86_64-linux-gnu.so
[1.632s] Listing '/home/vaishnavi/eyrc23_hb_1520/hb_task_2_ws/install/my_robot_interfaces/local/lib/python3.10/dist-packages/my_robot_interfaces'...
[1.633s] Listing '/home/vaishnavi/eyrc23_hb_1520/hb_task_2_ws/install/my_robot_interfaces/local/lib/python3.10/dist-packages/my_robot_interfaces/msg'...
[1.633s] Listing '/home/vaishnavi/eyrc23_hb_1520/hb_task_2_ws/install/my_robot_interfaces/local/lib/python3.10/dist-packages/my_robot_interfaces/srv'...
[1.634s] -- Up-to-date: /home/vaishnavi/eyrc23_hb_1520/hb_task_2_ws/install/my_robot_interfaces/local/lib/python3.10/dist-packages/my_robot_interfaces/my_robot_interfaces_s__rosidl_typesupport_fastrtps_c.cpython-310-x86_64-linux-gnu.so
[1.634s] -- Up-to-date: /home/vaishnavi/eyrc23_hb_1520/hb_task_2_ws/install/my_robot_interfaces/local/lib/python3.10/dist-packages/my_robot_interfaces/my_robot_interfaces_s__rosidl_typesupport_introspection_c.cpython-310-x86_64-linux-gnu.so
[1.634s] -- Up-to-date: /home/vaishnavi/eyrc23_hb_1520/hb_task_2_ws/install/my_robot_interfaces/local/lib/python3.10/dist-packages/my_robot_interfaces/my_robot_interfaces_s__rosidl_typesupport_c.cpython-310-x86_64-linux-gnu.so
[1.634s] -- Up-to-date: /home/vaishnavi/eyrc23_hb_1520/hb_task_2_ws/install/my_robot_interfaces/lib/libmy_robot_interfaces__rosidl_generator_py.so
[1.635s] -- Up-to-date: /home/vaishnavi/eyrc23_hb_1520/hb_task_2_ws/install/my_robot_interfaces/share/my_robot_interfaces/srv/NextGoal.idl
[1.635s] -- Up-to-date: /home/vaishnavi/eyrc23_hb_1520/hb_task_2_ws/install/my_robot_interfaces/share/my_robot_interfaces/msg/Goal.idl
[1.635s] -- Up-to-date: /home/vaishnavi/eyrc23_hb_1520/hb_task_2_ws/install/my_robot_interfaces/share/my_robot_interfaces/msg/Shape.idl
[1.635s] -- Up-to-date: /home/vaishnavi/eyrc23_hb_1520/hb_task_2_ws/install/my_robot_interfaces/share/my_robot_interfaces/srv/NextGoal.srv
[1.636s] -- Up-to-date: /home/vaishnavi/eyrc23_hb_1520/hb_task_2_ws/install/my_robot_interfaces/share/my_robot_interfaces/srv/NextGoal_Request.msg
[1.636s] -- Up-to-date: /home/vaishnavi/eyrc23_hb_1520/hb_task_2_ws/install/my_robot_interfaces/share/my_robot_interfaces/srv/NextGoal_Response.msg
[1.636s] -- Up-to-date: /home/vaishnavi/eyrc23_hb_1520/hb_task_2_ws/install/my_robot_interfaces/share/my_robot_interfaces/msg/Goal.msg
[1.636s] -- Up-to-date: /home/vaishnavi/eyrc23_hb_1520/hb_task_2_ws/install/my_robot_interfaces/share/my_robot_interfaces/msg/Shape.msg
[1.636s] -- Up-to-date: /home/vaishnavi/eyrc23_hb_1520/hb_task_2_ws/install/my_robot_interfaces/share/ament_index/resource_index/package_run_dependencies/my_robot_interfaces
[1.637s] -- Up-to-date: /home/vaishnavi/eyrc23_hb_1520/hb_task_2_ws/install/my_robot_interfaces/share/ament_index/resource_index/parent_prefix_path/my_robot_interfaces
[1.637s] -- Up-to-date: /home/vaishnavi/eyrc23_hb_1520/hb_task_2_ws/install/my_robot_interfaces/share/my_robot_interfaces/environment/ament_prefix_path.sh
[1.637s] -- Up-to-date: /home/vaishnavi/eyrc23_hb_1520/hb_task_2_ws/install/my_robot_interfaces/share/my_robot_interfaces/environment/ament_prefix_path.dsv
[1.637s] -- Up-to-date: /home/vaishnavi/eyrc23_hb_1520/hb_task_2_ws/install/my_robot_interfaces/share/my_robot_interfaces/environment/path.sh
[1.638s] -- Up-to-date: /home/vaishnavi/eyrc23_hb_1520/hb_task_2_ws/install/my_robot_interfaces/share/my_robot_interfaces/environment/path.dsv
[1.638s] -- Up-to-date: /home/vaishnavi/eyrc23_hb_1520/hb_task_2_ws/install/my_robot_interfaces/share/my_robot_interfaces/local_setup.bash
[1.638s] -- Up-to-date: /home/vaishnavi/eyrc23_hb_1520/hb_task_2_ws/install/my_robot_interfaces/share/my_robot_interfaces/local_setup.sh
[1.638s] -- Up-to-date: /home/vaishnavi/eyrc23_hb_1520/hb_task_2_ws/install/my_robot_interfaces/share/my_robot_interfaces/local_setup.zsh
[1.638s] -- Up-to-date: /home/vaishnavi/eyrc23_hb_1520/hb_task_2_ws/install/my_robot_interfaces/share/my_robot_interfaces/local_setup.dsv
[1.639s] -- Installing: /home/vaishnavi/eyrc23_hb_1520/hb_task_2_ws/install/my_robot_interfaces/share/my_robot_interfaces/package.dsv
[1.639s] -- Up-to-date: /home/vaishnavi/eyrc23_hb_1520/hb_task_2_ws/install/my_robot_interfaces/share/ament_index/resource_index/packages/my_robot_interfaces
[1.639s] -- Up-to-date: /home/vaishnavi/eyrc23_hb_1520/hb_task_2_ws/install/my_robot_interfaces/share/my_robot_interfaces/cmake/export_my_robot_interfaces__rosidl_generator_cExport.cmake
[1.639s] -- Up-to-date: /home/vaishnavi/eyrc23_hb_1520/hb_task_2_ws/install/my_robot_interfaces/share/my_robot_interfaces/cmake/export_my_robot_interfaces__rosidl_generator_cExport-noconfig.cmake
[1.639s] -- Up-to-date: /home/vaishnavi/eyrc23_hb_1520/hb_task_2_ws/install/my_robot_interfaces/share/my_robot_interfaces/cmake/export_my_robot_interfaces__rosidl_typesupport_fastrtps_cExport.cmake
[1.639s] -- Up-to-date: /home/vaishnavi/eyrc23_hb_1520/hb_task_2_ws/install/my_robot_interfaces/share/my_robot_interfaces/cmake/export_my_robot_interfaces__rosidl_typesupport_fastrtps_cExport-noconfig.cmake
[1.639s] -- Up-to-date: /home/vaishnavi/eyrc23_hb_1520/hb_task_2_ws/install/my_robot_interfaces/share/my_robot_interfaces/cmake/my_robot_interfaces__rosidl_typesupport_introspection_cExport.cmake
[1.639s] -- Up-to-date: /home/vaishnavi/eyrc23_hb_1520/hb_task_2_ws/install/my_robot_interfaces/share/my_robot_interfaces/cmake/my_robot_interfaces__rosidl_typesupport_introspection_cExport-noconfig.cmake
[1.640s] -- Up-to-date: /home/vaishnavi/eyrc23_hb_1520/hb_task_2_ws/install/my_robot_interfaces/share/my_robot_interfaces/cmake/my_robot_interfaces__rosidl_typesupport_cExport.cmake
[1.640s] -- Up-to-date: /home/vaishnavi/eyrc23_hb_1520/hb_task_2_ws/install/my_robot_interfaces/share/my_robot_interfaces/cmake/my_robot_interfaces__rosidl_typesupport_cExport-noconfig.cmake
[1.640s] -- Up-to-date: /home/vaishnavi/eyrc23_hb_1520/hb_task_2_ws/install/my_robot_interfaces/share/my_robot_interfaces/cmake/export_my_robot_interfaces__rosidl_generator_cppExport.cmake
[1.640s] -- Up-to-date: /home/vaishnavi/eyrc23_hb_1520/hb_task_2_ws/install/my_robot_interfaces/share/my_robot_interfaces/cmake/export_my_robot_interfaces__rosidl_typesupport_fastrtps_cppExport.cmake
[1.640s] -- Up-to-date: /home/vaishnavi/eyrc23_hb_1520/hb_task_2_ws/install/my_robot_interfaces/share/my_robot_interfaces/cmake/export_my_robot_interfaces__rosidl_typesupport_fastrtps_cppExport-noconfig.cmake
[1.640s] -- Up-to-date: /home/vaishnavi/eyrc23_hb_1520/hb_task_2_ws/install/my_robot_interfaces/share/my_robot_interfaces/cmake/my_robot_interfaces__rosidl_typesupport_introspection_cppExport.cmake
[1.640s] -- Up-to-date: /home/vaishnavi/eyrc23_hb_1520/hb_task_2_ws/install/my_robot_interfaces/share/my_robot_interfaces/cmake/my_robot_interfaces__rosidl_typesupport_introspection_cppExport-noconfig.cmake
[1.640s] -- Up-to-date: /home/vaishnavi/eyrc23_hb_1520/hb_task_2_ws/install/my_robot_interfaces/share/my_robot_interfaces/cmake/my_robot_interfaces__rosidl_typesupport_cppExport.cmake
[1.641s] -- Up-to-date: /home/vaishnavi/eyrc23_hb_1520/hb_task_2_ws/install/my_robot_interfaces/share/my_robot_interfaces/cmake/my_robot_interfaces__rosidl_typesupport_cppExport-noconfig.cmake
[1.641s] -- Up-to-date: /home/vaishnavi/eyrc23_hb_1520/hb_task_2_ws/install/my_robot_interfaces/share/my_robot_interfaces/cmake/export_my_robot_interfaces__rosidl_generator_pyExport.cmake
[1.641s] -- Up-to-date: /home/vaishnavi/eyrc23_hb_1520/hb_task_2_ws/install/my_robot_interfaces/share/my_robot_interfaces/cmake/export_my_robot_interfaces__rosidl_generator_pyExport-noconfig.cmake
[1.641s] -- Up-to-date: /home/vaishnavi/eyrc23_hb_1520/hb_task_2_ws/install/my_robot_interfaces/share/my_robot_interfaces/cmake/rosidl_cmake-extras.cmake
[1.641s] -- Up-to-date: /home/vaishnavi/eyrc23_hb_1520/hb_task_2_ws/install/my_robot_interfaces/share/my_robot_interfaces/cmake/ament_cmake_export_include_directories-extras.cmake
[1.641s] -- Up-to-date: /home/vaishnavi/eyrc23_hb_1520/hb_task_2_ws/install/my_robot_interfaces/share/my_robot_interfaces/cmake/ament_cmake_export_libraries-extras.cmake
[1.641s] -- Up-to-date: /home/vaishnavi/eyrc23_hb_1520/hb_task_2_ws/install/my_robot_interfaces/share/my_robot_interfaces/cmake/ament_cmake_export_targets-extras.cmake
[1.641s] -- Up-to-date: /home/vaishnavi/eyrc23_hb_1520/hb_task_2_ws/install/my_robot_interfaces/share/my_robot_interfaces/cmake/rosidl_cmake_export_typesupport_targets-extras.cmake
[1.641s] -- Up-to-date: /home/vaishnavi/eyrc23_hb_1520/hb_task_2_ws/install/my_robot_interfaces/share/my_robot_interfaces/cmake/ament_cmake_export_dependencies-extras.cmake
[1.642s] -- Up-to-date: /home/vaishnavi/eyrc23_hb_1520/hb_task_2_ws/install/my_robot_interfaces/share/my_robot_interfaces/cmake/rosidl_cmake_export_typesupport_libraries-extras.cmake
[1.642s] -- Up-to-date: /home/vaishnavi/eyrc23_hb_1520/hb_task_2_ws/install/my_robot_interfaces/share/my_robot_interfaces/cmake/my_robot_interfacesConfig.cmake
[1.642s] -- Up-to-date: /home/vaishnavi/eyrc23_hb_1520/hb_task_2_ws/install/my_robot_interfaces/share/my_robot_interfaces/cmake/my_robot_interfacesConfig-version.cmake
[1.642s] -- Up-to-date: /home/vaishnavi/eyrc23_hb_1520/hb_task_2_ws/install/my_robot_interfaces/share/my_robot_interfaces/package.xml
[1.861s] Invoked command in '/home/vaishnavi/eyrc23_hb_1520/hb_task_2_ws/build/my_robot_interfaces' returned '0': CMAKE_PREFIX_PATH=${CMAKE_PREFIX_PATH}:/home/vaishnavi/eyrc23_hb_1520/hb_task_2_ws/install/hb_task2a:/home/vaishnavi/eyrc23_hb_1520/hb_task_2_ws/install/hb_task2b:/opt/ros/humble /usr/bin/cmake --install /home/vaishnavi/eyrc23_hb_1520/hb_task_2_ws/build/my_robot_interfaces
