[0.780s] Invoking command in '/home/g10/eyrc_hb/hb_task1b_ws/src/hb_task_1b': PYTHONPATH=/home/g10/eyrc_hb/hb_task1b_ws/build/hb_task_1b/prefix_override:/home/g10/eyrc_hb/hb_task1b_ws/install/hb_task_1b/lib/python3.10/site-packages:${PYTHONPATH} /usr/bin/python3 setup.py egg_info --egg-base ../../build/hb_task_1b build --build-base /home/g10/eyrc_hb/hb_task1b_ws/build/hb_task_1b/build install --record /home/g10/eyrc_hb/hb_task1b_ws/build/hb_task_1b/install.log --single-version-externally-managed
[1.037s] running egg_info
[1.038s] writing ../../build/hb_task_1b/hb_task_1b.egg-info/PKG-INFO
[1.038s] writing dependency_links to ../../build/hb_task_1b/hb_task_1b.egg-info/dependency_links.txt
[1.039s] writing entry points to ../../build/hb_task_1b/hb_task_1b.egg-info/entry_points.txt
[1.039s] writing requirements to ../../build/hb_task_1b/hb_task_1b.egg-info/requires.txt
[1.039s] writing top-level names to ../../build/hb_task_1b/hb_task_1b.egg-info/top_level.txt
[1.040s] reading manifest file '../../build/hb_task_1b/hb_task_1b.egg-info/SOURCES.txt'
[1.041s] writing manifest file '../../build/hb_task_1b/hb_task_1b.egg-info/SOURCES.txt'
[1.041s] running build
[1.041s] running build_py
[1.042s] running install
[1.042s] running install_lib
[1.043s] running install_data
[1.043s] copying package.xml -> /home/g10/eyrc_hb/hb_task1b_ws/install/hb_task_1b/share/hb_task_1b
[1.043s] creating /home/g10/eyrc_hb/hb_task1b_ws/install/hb_task_1b/share/hb_task_1b/launch
[1.043s] creating /home/g10/eyrc_hb/hb_task1b_ws/install/hb_task_1b/share/hb_task_1b/urdf
[1.043s] creating /home/g10/eyrc_hb/hb_task1b_ws/install/hb_task_1b/share/hb_task_1b/meshes
[1.044s] creating /home/g10/eyrc_hb/hb_task1b_ws/install/hb_task_1b/share/hb_task_1b/config
[1.044s] creating /home/g10/eyrc_hb/hb_task1b_ws/install/hb_task_1b/share/hb_task_1b/worlds
[1.044s] running install_egg_info
[1.045s] removing '/home/g10/eyrc_hb/hb_task1b_ws/install/hb_task_1b/lib/python3.10/site-packages/hb_task_1b-0.0.0-py3.10.egg-info' (and everything under it)
[1.046s] Copying ../../build/hb_task_1b/hb_task_1b.egg-info to /home/g10/eyrc_hb/hb_task1b_ws/install/hb_task_1b/lib/python3.10/site-packages/hb_task_1b-0.0.0-py3.10.egg-info
[1.046s] running install_scripts
[1.067s] writing list of installed files to '/home/g10/eyrc_hb/hb_task1b_ws/build/hb_task_1b/install.log'
[1.090s] Invoked command in '/home/g10/eyrc_hb/hb_task1b_ws/src/hb_task_1b' returned '0': PYTHONPATH=/home/g10/eyrc_hb/hb_task1b_ws/build/hb_task_1b/prefix_override:/home/g10/eyrc_hb/hb_task1b_ws/install/hb_task_1b/lib/python3.10/site-packages:${PYTHONPATH} /usr/bin/python3 setup.py egg_info --egg-base ../../build/hb_task_1b build --build-base /home/g10/eyrc_hb/hb_task1b_ws/build/hb_task_1b/build install --record /home/g10/eyrc_hb/hb_task1b_ws/build/hb_task_1b/install.log --single-version-externally-managed
