[1.638s] Invoking command in '/home/vaishnavi/eyrc23_hb_1520/hb_task_2_ws/src/eYRC-2023_Hologlyph_Bots/hb_task2a': LD_LIBRARY_PATH=/home/vaishnavi/eyrc23_hb_1520/hb_task_2_ws/install/my_robot_interfaces/lib:/usr/lib/x86_64-linux-gnu/gazebo-11/plugins:/opt/ros/humble/opt/rviz_ogre_vendor/lib:/opt/ros/humble/lib/x86_64-linux-gnu:/opt/ros/humble/lib:/usr/share/gazebo-11/../../lib/x86_64-linux-gnu/gazebo-11/plugins PYTHONPATH=/home/vaishnavi/eyrc23_hb_1520/hb_task_2_ws/build/hb_task2a/prefix_override:/home/vaishnavi/eyrc23_hb_1520/hb_task_2_ws/install/hb_task2a/lib/python3.10/site-packages:${PYTHONPATH} /usr/bin/python3 setup.py egg_info --egg-base ../../../build/hb_task2a build --build-base /home/vaishnavi/eyrc23_hb_1520/hb_task_2_ws/build/hb_task2a/build install --record /home/vaishnavi/eyrc23_hb_1520/hb_task_2_ws/build/hb_task2a/install.log --single-version-externally-managed
[2.099s] running egg_info
[2.100s] writing ../../../build/hb_task2a/hb_task2a.egg-info/PKG-INFO
[2.100s] writing dependency_links to ../../../build/hb_task2a/hb_task2a.egg-info/dependency_links.txt
[2.101s] writing entry points to ../../../build/hb_task2a/hb_task2a.egg-info/entry_points.txt
[2.101s] writing requirements to ../../../build/hb_task2a/hb_task2a.egg-info/requires.txt
[2.101s] writing top-level names to ../../../build/hb_task2a/hb_task2a.egg-info/top_level.txt
[2.104s] reading manifest file '../../../build/hb_task2a/hb_task2a.egg-info/SOURCES.txt'
[2.105s] writing manifest file '../../../build/hb_task2a/hb_task2a.egg-info/SOURCES.txt'
[2.105s] running build
[2.105s] running build_py
[2.105s] copying hb_task2a/controller.py -> /home/vaishnavi/eyrc23_hb_1520/hb_task_2_ws/build/hb_task2a/build/lib/hb_task2a
[2.106s] copying hb_task2a/feedback.py -> /home/vaishnavi/eyrc23_hb_1520/hb_task_2_ws/build/hb_task2a/build/lib/hb_task2a
[2.106s] running install
[2.106s] running install_lib
[2.108s] copying /home/vaishnavi/eyrc23_hb_1520/hb_task_2_ws/build/hb_task2a/build/lib/hb_task2a/controller.py -> /home/vaishnavi/eyrc23_hb_1520/hb_task_2_ws/install/hb_task2a/lib/python3.10/site-packages/hb_task2a
[2.108s] copying /home/vaishnavi/eyrc23_hb_1520/hb_task_2_ws/build/hb_task2a/build/lib/hb_task2a/feedback.py -> /home/vaishnavi/eyrc23_hb_1520/hb_task_2_ws/install/hb_task2a/lib/python3.10/site-packages/hb_task2a
[2.109s] byte-compiling /home/vaishnavi/eyrc23_hb_1520/hb_task_2_ws/install/hb_task2a/lib/python3.10/site-packages/hb_task2a/controller.py to controller.cpython-310.pyc
[2.112s] byte-compiling /home/vaishnavi/eyrc23_hb_1520/hb_task_2_ws/install/hb_task2a/lib/python3.10/site-packages/hb_task2a/feedback.py to feedback.cpython-310.pyc
[2.114s] running install_data
[2.116s] running install_egg_info
[2.120s] removing '/home/vaishnavi/eyrc23_hb_1520/hb_task_2_ws/install/hb_task2a/lib/python3.10/site-packages/hb_task2a-0.0.0-py3.10.egg-info' (and everything under it)
[2.120s] Copying ../../../build/hb_task2a/hb_task2a.egg-info to /home/vaishnavi/eyrc23_hb_1520/hb_task_2_ws/install/hb_task2a/lib/python3.10/site-packages/hb_task2a-0.0.0-py3.10.egg-info
[2.121s] running install_scripts
[2.158s] Installing controller script to /home/vaishnavi/eyrc23_hb_1520/hb_task_2_ws/install/hb_task2a/lib/hb_task2a
[2.158s] Installing feedback script to /home/vaishnavi/eyrc23_hb_1520/hb_task_2_ws/install/hb_task2a/lib/hb_task2a
[2.158s] Installing service_node script to /home/vaishnavi/eyrc23_hb_1520/hb_task_2_ws/install/hb_task2a/lib/hb_task2a
[2.159s] writing list of installed files to '/home/vaishnavi/eyrc23_hb_1520/hb_task_2_ws/build/hb_task2a/install.log'
[2.216s] Invoked command in '/home/vaishnavi/eyrc23_hb_1520/hb_task_2_ws/src/eYRC-2023_Hologlyph_Bots/hb_task2a' returned '0': LD_LIBRARY_PATH=/home/vaishnavi/eyrc23_hb_1520/hb_task_2_ws/install/my_robot_interfaces/lib:/usr/lib/x86_64-linux-gnu/gazebo-11/plugins:/opt/ros/humble/opt/rviz_ogre_vendor/lib:/opt/ros/humble/lib/x86_64-linux-gnu:/opt/ros/humble/lib:/usr/share/gazebo-11/../../lib/x86_64-linux-gnu/gazebo-11/plugins PYTHONPATH=/home/vaishnavi/eyrc23_hb_1520/hb_task_2_ws/build/hb_task2a/prefix_override:/home/vaishnavi/eyrc23_hb_1520/hb_task_2_ws/install/hb_task2a/lib/python3.10/site-packages:${PYTHONPATH} /usr/bin/python3 setup.py egg_info --egg-base ../../../build/hb_task2a build --build-base /home/vaishnavi/eyrc23_hb_1520/hb_task_2_ws/build/hb_task2a/build install --record /home/vaishnavi/eyrc23_hb_1520/hb_task_2_ws/build/hb_task2a/install.log --single-version-externally-managed
