[0.502s] Invoking command in '/home/vaishnavi/eyrc23_hb_1520/hb_task_2_ws/build/hb_bot': CMAKE_PREFIX_PATH=${CMAKE_PREFIX_PATH}:/home/vaishnavi/eyrc23_hb_1520/hb_task_2_ws/install/hb_task2a:/home/vaishnavi/eyrc23_hb_1520/hb_task_2_ws/install/hb_task2b:/opt/ros/humble /usr/bin/cmake --build /home/vaishnavi/eyrc23_hb_1520/hb_task_2_ws/build/hb_bot -- -j8 -l8
[1.233s] Invoked command in '/home/vaishnavi/eyrc23_hb_1520/hb_task_2_ws/build/hb_bot' returned '0': CMAKE_PREFIX_PATH=${CMAKE_PREFIX_PATH}:/home/vaishnavi/eyrc23_hb_1520/hb_task_2_ws/install/hb_task2a:/home/vaishnavi/eyrc23_hb_1520/hb_task_2_ws/install/hb_task2b:/opt/ros/humble /usr/bin/cmake --build /home/vaishnavi/eyrc23_hb_1520/hb_task_2_ws/build/hb_bot -- -j8 -l8
[1.302s] Invoking command in '/home/vaishnavi/eyrc23_hb_1520/hb_task_2_ws/build/hb_bot': CMAKE_PREFIX_PATH=${CMAKE_PREFIX_PATH}:/home/vaishnavi/eyrc23_hb_1520/hb_task_2_ws/install/hb_task2a:/home/vaishnavi/eyrc23_hb_1520/hb_task_2_ws/install/hb_task2b:/opt/ros/humble /usr/bin/cmake --install /home/vaishnavi/eyrc23_hb_1520/hb_task_2_ws/build/hb_bot
[1.332s] -- Install configuration: ""
[1.333s] -- Up-to-date: /home/vaishnavi/eyrc23_hb_1520/hb_task_2_ws/install/hb_bot/share/hb_bot//launch
[1.334s] -- Up-to-date: /home/vaishnavi/eyrc23_hb_1520/hb_task_2_ws/install/hb_bot/share/hb_bot//launch/multi_bot_spawn.launch.py
[1.335s] -- Up-to-date: /home/vaishnavi/eyrc23_hb_1520/hb_task_2_ws/install/hb_bot/share/hb_bot//launch/Spawn_bot.launch.py
[1.335s] -- Up-to-date: /home/vaishnavi/eyrc23_hb_1520/hb_task_2_ws/install/hb_bot/share/hb_bot//meshes
[1.335s] -- Up-to-date: /home/vaishnavi/eyrc23_hb_1520/hb_task_2_ws/install/hb_bot/share/hb_bot//meshes/bot_2.dae
[1.335s] -- Up-to-date: /home/vaishnavi/eyrc23_hb_1520/hb_task_2_ws/install/hb_bot/share/hb_bot//meshes/bot_1.jpg
[1.335s] -- Up-to-date: /home/vaishnavi/eyrc23_hb_1520/hb_task_2_ws/install/hb_bot/share/hb_bot//meshes/bot_1.dae
[1.336s] -- Up-to-date: /home/vaishnavi/eyrc23_hb_1520/hb_task_2_ws/install/hb_bot/share/hb_bot//meshes/bot_3.jpg
[1.336s] -- Up-to-date: /home/vaishnavi/eyrc23_hb_1520/hb_task_2_ws/install/hb_bot/share/hb_bot//meshes/bot_2.jpg
[1.336s] -- Up-to-date: /home/vaishnavi/eyrc23_hb_1520/hb_task_2_ws/install/hb_bot/share/hb_bot//meshes/wheel.stl
[1.336s] -- Up-to-date: /home/vaishnavi/eyrc23_hb_1520/hb_task_2_ws/install/hb_bot/share/hb_bot//meshes/bot_3.jpg.001.jpg
[1.336s] -- Up-to-date: /home/vaishnavi/eyrc23_hb_1520/hb_task_2_ws/install/hb_bot/share/hb_bot//meshes/bot_3.dae
[1.337s] -- Up-to-date: /home/vaishnavi/eyrc23_hb_1520/hb_task_2_ws/install/hb_bot/share/hb_bot//meshes/bot_1.jpg.001.jpg
[1.337s] -- Up-to-date: /home/vaishnavi/eyrc23_hb_1520/hb_task_2_ws/install/hb_bot/share/hb_bot//meshes/bot_2.jpg.001.jpg
[1.337s] -- Up-to-date: /home/vaishnavi/eyrc23_hb_1520/hb_task_2_ws/install/hb_bot/share/hb_bot//urdf
[1.337s] -- Up-to-date: /home/vaishnavi/eyrc23_hb_1520/hb_task_2_ws/install/hb_bot/share/hb_bot//urdf/hb_bot_1.urdf.xacro
[1.337s] -- Up-to-date: /home/vaishnavi/eyrc23_hb_1520/hb_task_2_ws/install/hb_bot/share/hb_bot//urdf/materials.xacro
[1.338s] -- Up-to-date: /home/vaishnavi/eyrc23_hb_1520/hb_task_2_ws/install/hb_bot/share/hb_bot//urdf/hb_bot_3.urdf.xacro
[1.338s] -- Up-to-date: /home/vaishnavi/eyrc23_hb_1520/hb_task_2_ws/install/hb_bot/share/hb_bot//urdf/hb_bot_2.urdf.xacro
[1.338s] -- Up-to-date: /home/vaishnavi/eyrc23_hb_1520/hb_task_2_ws/install/hb_bot/share/ament_index/resource_index/package_run_dependencies/hb_bot
[1.338s] -- Up-to-date: /home/vaishnavi/eyrc23_hb_1520/hb_task_2_ws/install/hb_bot/share/ament_index/resource_index/parent_prefix_path/hb_bot
[1.338s] -- Up-to-date: /home/vaishnavi/eyrc23_hb_1520/hb_task_2_ws/install/hb_bot/share/hb_bot/environment/ament_prefix_path.sh
[1.339s] -- Up-to-date: /home/vaishnavi/eyrc23_hb_1520/hb_task_2_ws/install/hb_bot/share/hb_bot/environment/ament_prefix_path.dsv
[1.339s] -- Up-to-date: /home/vaishnavi/eyrc23_hb_1520/hb_task_2_ws/install/hb_bot/share/hb_bot/environment/path.sh
[1.339s] -- Up-to-date: /home/vaishnavi/eyrc23_hb_1520/hb_task_2_ws/install/hb_bot/share/hb_bot/environment/path.dsv
[1.339s] -- Up-to-date: /home/vaishnavi/eyrc23_hb_1520/hb_task_2_ws/install/hb_bot/share/hb_bot/local_setup.bash
[1.339s] -- Up-to-date: /home/vaishnavi/eyrc23_hb_1520/hb_task_2_ws/install/hb_bot/share/hb_bot/local_setup.sh
[1.339s] -- Up-to-date: /home/vaishnavi/eyrc23_hb_1520/hb_task_2_ws/install/hb_bot/share/hb_bot/local_setup.zsh
[1.339s] -- Up-to-date: /home/vaishnavi/eyrc23_hb_1520/hb_task_2_ws/install/hb_bot/share/hb_bot/local_setup.dsv
[1.339s] -- Installing: /home/vaishnavi/eyrc23_hb_1520/hb_task_2_ws/install/hb_bot/share/hb_bot/package.dsv
[1.340s] -- Up-to-date: /home/vaishnavi/eyrc23_hb_1520/hb_task_2_ws/install/hb_bot/share/ament_index/resource_index/packages/hb_bot
[1.340s] -- Up-to-date: /home/vaishnavi/eyrc23_hb_1520/hb_task_2_ws/install/hb_bot/share/hb_bot/cmake/hb_botConfig.cmake
[1.340s] -- Up-to-date: /home/vaishnavi/eyrc23_hb_1520/hb_task_2_ws/install/hb_bot/share/hb_bot/cmake/hb_botConfig-version.cmake
[1.340s] -- Up-to-date: /home/vaishnavi/eyrc23_hb_1520/hb_task_2_ws/install/hb_bot/share/hb_bot/package.xml
[1.342s] Invoked command in '/home/vaishnavi/eyrc23_hb_1520/hb_task_2_ws/build/hb_bot' returned '0': CMAKE_PREFIX_PATH=${CMAKE_PREFIX_PATH}:/home/vaishnavi/eyrc23_hb_1520/hb_task_2_ws/install/hb_task2a:/home/vaishnavi/eyrc23_hb_1520/hb_task_2_ws/install/hb_task2b:/opt/ros/humble /usr/bin/cmake --install /home/vaishnavi/eyrc23_hb_1520/hb_task_2_ws/build/hb_bot
