[1.879s] DEBUG:colcon:Command line arguments: ['/usr/bin/colcon', 'build']
[1.879s] DEBUG:colcon:Parsed command line arguments: Namespace(log_base=None, log_level=None, verb_name='build', build_base='build', install_base='install', merge_install=False, symlink_install=False, test_result_base=None, continue_on_error=False, executor='parallel', parallel_workers=8, event_handlers=None, ignore_user_meta=False, metas=['./colcon.meta'], base_paths=['.'], packages_ignore=None, packages_ignore_regex=None, paths=None, packages_up_to=None, packages_up_to_regex=None, packages_above=None, packages_above_and_dependencies=None, packages_above_depth=None, packages_select_by_dep=None, packages_skip_by_dep=None, packages_skip_up_to=None, packages_select_build_failed=False, packages_skip_build_finished=False, packages_select_test_failures=False, packages_skip_test_passed=False, packages_select=None, packages_skip=None, packages_select_regex=None, packages_skip_regex=None, packages_start=None, packages_end=None, allow_overriding=[], cmake_args=None, cmake_target=None, cmake_target_skip_unavailable=False, cmake_clean_cache=False, cmake_clean_first=False, cmake_force_configure=False, ament_cmake_args=None, catkin_cmake_args=None, catkin_skip_building_tests=False, verb_parser=<colcon_defaults.argument_parser.defaults.DefaultArgumentsDecorator object at 0x7fb91fbdc220>, verb_extension=<colcon_core.verb.build.BuildVerb object at 0x7fb91fbdd060>, main=<bound method BuildVerb.main of <colcon_core.verb.build.BuildVerb object at 0x7fb91fbdd060>>)
[1.960s] Level 1:colcon.colcon_core.package_discovery:discover_packages(colcon_meta) check parameters
[1.960s] Level 1:colcon.colcon_core.package_discovery:discover_packages(recursive) check parameters
[1.960s] Level 1:colcon.colcon_core.package_discovery:discover_packages(ignore) check parameters
[1.960s] Level 1:colcon.colcon_core.package_discovery:discover_packages(path) check parameters
[1.960s] Level 1:colcon.colcon_core.package_discovery:discover_packages(colcon_meta) discover
[1.960s] Level 1:colcon.colcon_core.package_discovery:discover_packages(recursive) discover
[1.960s] INFO:colcon.colcon_core.package_discovery:Crawling recursively for packages in '/home/vaishnavi/eyrc23_hb_1520/hb_task_2_ws'
[1.960s] Level 1:colcon.colcon_core.package_identification:_identify(.) by extensions ['ignore', 'ignore_ament_install']
[1.961s] Level 1:colcon.colcon_core.package_identification:_identify(.) by extension 'ignore'
[1.961s] Level 1:colcon.colcon_core.package_identification:_identify(.) by extension 'ignore_ament_install'
[1.961s] Level 1:colcon.colcon_core.package_identification:_identify(.) by extensions ['colcon_pkg']
[1.961s] Level 1:colcon.colcon_core.package_identification:_identify(.) by extension 'colcon_pkg'
[1.961s] Level 1:colcon.colcon_core.package_identification:_identify(.) by extensions ['colcon_meta']
[1.961s] Level 1:colcon.colcon_core.package_identification:_identify(.) by extension 'colcon_meta'
[1.961s] Level 1:colcon.colcon_core.package_identification:_identify(.) by extensions ['ros']
[1.961s] Level 1:colcon.colcon_core.package_identification:_identify(.) by extension 'ros'
[1.980s] Level 1:colcon.colcon_core.package_identification:_identify(.) by extensions ['cmake', 'python']
[1.980s] Level 1:colcon.colcon_core.package_identification:_identify(.) by extension 'cmake'
[1.980s] Level 1:colcon.colcon_core.package_identification:_identify(.) by extension 'python'
[1.980s] Level 1:colcon.colcon_core.package_identification:_identify(.) by extensions ['python_setup_py']
[1.981s] Level 1:colcon.colcon_core.package_identification:_identify(.) by extension 'python_setup_py'
[1.981s] Level 1:colcon.colcon_core.package_identification:_identify(build) by extensions ['ignore', 'ignore_ament_install']
[1.981s] Level 1:colcon.colcon_core.package_identification:_identify(build) by extension 'ignore'
[1.981s] Level 1:colcon.colcon_core.package_identification:_identify(build) ignored
[1.981s] Level 1:colcon.colcon_core.package_identification:_identify(install) by extensions ['ignore', 'ignore_ament_install']
[1.981s] Level 1:colcon.colcon_core.package_identification:_identify(install) by extension 'ignore'
[1.981s] Level 1:colcon.colcon_core.package_identification:_identify(install) ignored
[1.981s] Level 1:colcon.colcon_core.package_identification:_identify(log) by extensions ['ignore', 'ignore_ament_install']
[1.982s] Level 1:colcon.colcon_core.package_identification:_identify(log) by extension 'ignore'
[1.982s] Level 1:colcon.colcon_core.package_identification:_identify(log) ignored
[1.982s] Level 1:colcon.colcon_core.package_identification:_identify(src) by extensions ['ignore', 'ignore_ament_install']
[1.982s] Level 1:colcon.colcon_core.package_identification:_identify(src) by extension 'ignore'
[1.982s] Level 1:colcon.colcon_core.package_identification:_identify(src) by extension 'ignore_ament_install'
[1.982s] Level 1:colcon.colcon_core.package_identification:_identify(src) by extensions ['colcon_pkg']
[1.982s] Level 1:colcon.colcon_core.package_identification:_identify(src) by extension 'colcon_pkg'
[1.982s] Level 1:colcon.colcon_core.package_identification:_identify(src) by extensions ['colcon_meta']
[1.982s] Level 1:colcon.colcon_core.package_identification:_identify(src) by extension 'colcon_meta'
[1.982s] Level 1:colcon.colcon_core.package_identification:_identify(src) by extensions ['ros']
[1.982s] Level 1:colcon.colcon_core.package_identification:_identify(src) by extension 'ros'
[1.983s] Level 1:colcon.colcon_core.package_identification:_identify(src) by extensions ['cmake', 'python']
[1.983s] Level 1:colcon.colcon_core.package_identification:_identify(src) by extension 'cmake'
[1.983s] Level 1:colcon.colcon_core.package_identification:_identify(src) by extension 'python'
[1.983s] Level 1:colcon.colcon_core.package_identification:_identify(src) by extensions ['python_setup_py']
[1.983s] Level 1:colcon.colcon_core.package_identification:_identify(src) by extension 'python_setup_py'
[1.983s] Level 1:colcon.colcon_core.package_identification:_identify(src/eYRC-2023_Hologlyph_Bots) by extensions ['ignore', 'ignore_ament_install']
[1.983s] Level 1:colcon.colcon_core.package_identification:_identify(src/eYRC-2023_Hologlyph_Bots) by extension 'ignore'
[1.983s] Level 1:colcon.colcon_core.package_identification:_identify(src/eYRC-2023_Hologlyph_Bots) by extension 'ignore_ament_install'
[1.983s] Level 1:colcon.colcon_core.package_identification:_identify(src/eYRC-2023_Hologlyph_Bots) by extensions ['colcon_pkg']
[1.983s] Level 1:colcon.colcon_core.package_identification:_identify(src/eYRC-2023_Hologlyph_Bots) by extension 'colcon_pkg'
[1.983s] Level 1:colcon.colcon_core.package_identification:_identify(src/eYRC-2023_Hologlyph_Bots) by extensions ['colcon_meta']
[1.983s] Level 1:colcon.colcon_core.package_identification:_identify(src/eYRC-2023_Hologlyph_Bots) by extension 'colcon_meta'
[1.983s] Level 1:colcon.colcon_core.package_identification:_identify(src/eYRC-2023_Hologlyph_Bots) by extensions ['ros']
[1.984s] Level 1:colcon.colcon_core.package_identification:_identify(src/eYRC-2023_Hologlyph_Bots) by extension 'ros'
[1.984s] Level 1:colcon.colcon_core.package_identification:_identify(src/eYRC-2023_Hologlyph_Bots) by extensions ['cmake', 'python']
[1.984s] Level 1:colcon.colcon_core.package_identification:_identify(src/eYRC-2023_Hologlyph_Bots) by extension 'cmake'
[1.984s] Level 1:colcon.colcon_core.package_identification:_identify(src/eYRC-2023_Hologlyph_Bots) by extension 'python'
[1.984s] Level 1:colcon.colcon_core.package_identification:_identify(src/eYRC-2023_Hologlyph_Bots) by extensions ['python_setup_py']
[1.984s] Level 1:colcon.colcon_core.package_identification:_identify(src/eYRC-2023_Hologlyph_Bots) by extension 'python_setup_py'
[1.984s] Level 1:colcon.colcon_core.package_identification:_identify(src/eYRC-2023_Hologlyph_Bots/hb_bot) by extensions ['ignore', 'ignore_ament_install']
[1.984s] Level 1:colcon.colcon_core.package_identification:_identify(src/eYRC-2023_Hologlyph_Bots/hb_bot) by extension 'ignore'
[1.984s] Level 1:colcon.colcon_core.package_identification:_identify(src/eYRC-2023_Hologlyph_Bots/hb_bot) by extension 'ignore_ament_install'
[1.984s] Level 1:colcon.colcon_core.package_identification:_identify(src/eYRC-2023_Hologlyph_Bots/hb_bot) by extensions ['colcon_pkg']
[1.984s] Level 1:colcon.colcon_core.package_identification:_identify(src/eYRC-2023_Hologlyph_Bots/hb_bot) by extension 'colcon_pkg'
[1.984s] Level 1:colcon.colcon_core.package_identification:_identify(src/eYRC-2023_Hologlyph_Bots/hb_bot) by extensions ['colcon_meta']
[1.985s] Level 1:colcon.colcon_core.package_identification:_identify(src/eYRC-2023_Hologlyph_Bots/hb_bot) by extension 'colcon_meta'
[1.985s] Level 1:colcon.colcon_core.package_identification:_identify(src/eYRC-2023_Hologlyph_Bots/hb_bot) by extensions ['ros']
[1.985s] Level 1:colcon.colcon_core.package_identification:_identify(src/eYRC-2023_Hologlyph_Bots/hb_bot) by extension 'ros'
[1.989s] DEBUG:colcon.colcon_core.package_identification:Package 'src/eYRC-2023_Hologlyph_Bots/hb_bot' with type 'ros.ament_cmake' and name 'hb_bot'
[1.989s] Level 1:colcon.colcon_core.package_identification:_identify(src/eYRC-2023_Hologlyph_Bots/hb_task2a) by extensions ['ignore', 'ignore_ament_install']
[1.990s] Level 1:colcon.colcon_core.package_identification:_identify(src/eYRC-2023_Hologlyph_Bots/hb_task2a) by extension 'ignore'
[1.990s] Level 1:colcon.colcon_core.package_identification:_identify(src/eYRC-2023_Hologlyph_Bots/hb_task2a) by extension 'ignore_ament_install'
[1.990s] Level 1:colcon.colcon_core.package_identification:_identify(src/eYRC-2023_Hologlyph_Bots/hb_task2a) by extensions ['colcon_pkg']
[1.990s] Level 1:colcon.colcon_core.package_identification:_identify(src/eYRC-2023_Hologlyph_Bots/hb_task2a) by extension 'colcon_pkg'
[1.990s] Level 1:colcon.colcon_core.package_identification:_identify(src/eYRC-2023_Hologlyph_Bots/hb_task2a) by extensions ['colcon_meta']
[1.990s] Level 1:colcon.colcon_core.package_identification:_identify(src/eYRC-2023_Hologlyph_Bots/hb_task2a) by extension 'colcon_meta'
[1.990s] Level 1:colcon.colcon_core.package_identification:_identify(src/eYRC-2023_Hologlyph_Bots/hb_task2a) by extensions ['ros']
[1.990s] Level 1:colcon.colcon_core.package_identification:_identify(src/eYRC-2023_Hologlyph_Bots/hb_task2a) by extension 'ros'
[1.992s] DEBUG:colcon.colcon_core.package_identification:Package 'src/eYRC-2023_Hologlyph_Bots/hb_task2a' with type 'ros.ament_python' and name 'hb_task2a'
[1.993s] Level 1:colcon.colcon_core.package_identification:_identify(src/eYRC-2023_Hologlyph_Bots/hb_task2b) by extensions ['ignore', 'ignore_ament_install']
[1.993s] Level 1:colcon.colcon_core.package_identification:_identify(src/eYRC-2023_Hologlyph_Bots/hb_task2b) by extension 'ignore'
[1.993s] Level 1:colcon.colcon_core.package_identification:_identify(src/eYRC-2023_Hologlyph_Bots/hb_task2b) by extension 'ignore_ament_install'
[1.993s] Level 1:colcon.colcon_core.package_identification:_identify(src/eYRC-2023_Hologlyph_Bots/hb_task2b) by extensions ['colcon_pkg']
[1.993s] Level 1:colcon.colcon_core.package_identification:_identify(src/eYRC-2023_Hologlyph_Bots/hb_task2b) by extension 'colcon_pkg'
[1.993s] Level 1:colcon.colcon_core.package_identification:_identify(src/eYRC-2023_Hologlyph_Bots/hb_task2b) by extensions ['colcon_meta']
[1.993s] Level 1:colcon.colcon_core.package_identification:_identify(src/eYRC-2023_Hologlyph_Bots/hb_task2b) by extension 'colcon_meta'
[1.993s] Level 1:colcon.colcon_core.package_identification:_identify(src/eYRC-2023_Hologlyph_Bots/hb_task2b) by extensions ['ros']
[1.993s] Level 1:colcon.colcon_core.package_identification:_identify(src/eYRC-2023_Hologlyph_Bots/hb_task2b) by extension 'ros'
[1.994s] DEBUG:colcon.colcon_core.package_identification:Package 'src/eYRC-2023_Hologlyph_Bots/hb_task2b' with type 'ros.ament_python' and name 'hb_task2b'
[1.995s] Level 1:colcon.colcon_core.package_identification:_identify(src/eYRC-2023_Hologlyph_Bots/hb_world) by extensions ['ignore', 'ignore_ament_install']
[1.995s] Level 1:colcon.colcon_core.package_identification:_identify(src/eYRC-2023_Hologlyph_Bots/hb_world) by extension 'ignore'
[1.995s] Level 1:colcon.colcon_core.package_identification:_identify(src/eYRC-2023_Hologlyph_Bots/hb_world) by extension 'ignore_ament_install'
[1.995s] Level 1:colcon.colcon_core.package_identification:_identify(src/eYRC-2023_Hologlyph_Bots/hb_world) by extensions ['colcon_pkg']
[1.995s] Level 1:colcon.colcon_core.package_identification:_identify(src/eYRC-2023_Hologlyph_Bots/hb_world) by extension 'colcon_pkg'
[1.995s] Level 1:colcon.colcon_core.package_identification:_identify(src/eYRC-2023_Hologlyph_Bots/hb_world) by extensions ['colcon_meta']
[1.995s] Level 1:colcon.colcon_core.package_identification:_identify(src/eYRC-2023_Hologlyph_Bots/hb_world) by extension 'colcon_meta'
[1.995s] Level 1:colcon.colcon_core.package_identification:_identify(src/eYRC-2023_Hologlyph_Bots/hb_world) by extensions ['ros']
[1.995s] Level 1:colcon.colcon_core.package_identification:_identify(src/eYRC-2023_Hologlyph_Bots/hb_world) by extension 'ros'
[1.996s] DEBUG:colcon.colcon_core.package_identification:Package 'src/eYRC-2023_Hologlyph_Bots/hb_world' with type 'ros.ament_cmake' and name 'hb_world'
[1.996s] Level 1:colcon.colcon_core.package_identification:_identify(src/eYRC-2023_Hologlyph_Bots/my_robot_interfaces) by extensions ['ignore', 'ignore_ament_install']
[1.997s] Level 1:colcon.colcon_core.package_identification:_identify(src/eYRC-2023_Hologlyph_Bots/my_robot_interfaces) by extension 'ignore'
[1.997s] Level 1:colcon.colcon_core.package_identification:_identify(src/eYRC-2023_Hologlyph_Bots/my_robot_interfaces) by extension 'ignore_ament_install'
[1.997s] Level 1:colcon.colcon_core.package_identification:_identify(src/eYRC-2023_Hologlyph_Bots/my_robot_interfaces) by extensions ['colcon_pkg']
[1.997s] Level 1:colcon.colcon_core.package_identification:_identify(src/eYRC-2023_Hologlyph_Bots/my_robot_interfaces) by extension 'colcon_pkg'
[1.997s] Level 1:colcon.colcon_core.package_identification:_identify(src/eYRC-2023_Hologlyph_Bots/my_robot_interfaces) by extensions ['colcon_meta']
[1.997s] Level 1:colcon.colcon_core.package_identification:_identify(src/eYRC-2023_Hologlyph_Bots/my_robot_interfaces) by extension 'colcon_meta'
[1.997s] Level 1:colcon.colcon_core.package_identification:_identify(src/eYRC-2023_Hologlyph_Bots/my_robot_interfaces) by extensions ['ros']
[1.997s] Level 1:colcon.colcon_core.package_identification:_identify(src/eYRC-2023_Hologlyph_Bots/my_robot_interfaces) by extension 'ros'
[1.998s] DEBUG:colcon.colcon_core.package_identification:Package 'src/eYRC-2023_Hologlyph_Bots/my_robot_interfaces' with type 'ros.ament_cmake' and name 'my_robot_interfaces'
[1.998s] Level 1:colcon.colcon_core.package_discovery:discover_packages(recursive) using defaults
[1.998s] Level 1:colcon.colcon_core.package_discovery:discover_packages(ignore) discover
[1.998s] Level 1:colcon.colcon_core.package_discovery:discover_packages(ignore) using defaults
[1.998s] Level 1:colcon.colcon_core.package_discovery:discover_packages(path) discover
[1.998s] Level 1:colcon.colcon_core.package_discovery:discover_packages(path) using defaults
[2.170s] Level 1:colcon.colcon_core.package_discovery:discover_packages(prefix_path) check parameters
[2.170s] Level 1:colcon.colcon_core.package_discovery:discover_packages(prefix_path) discover
[2.227s] DEBUG:colcon.colcon_installed_package_information.package_discovery:Found 5 installed packages in /home/vaishnavi/eyrc23_hb_1520/hb_task_2_ws/install
[2.273s] DEBUG:colcon.colcon_installed_package_information.package_discovery:Found 282 installed packages in /opt/ros/humble
[2.276s] Level 1:colcon.colcon_core.package_discovery:discover_packages(prefix_path) using defaults
[2.435s] Level 5:colcon.colcon_core.verb:set package 'hb_bot' build argument 'cmake_args' from command line to 'None'
[2.435s] Level 5:colcon.colcon_core.verb:set package 'hb_bot' build argument 'cmake_target' from command line to 'None'
[2.435s] Level 5:colcon.colcon_core.verb:set package 'hb_bot' build argument 'cmake_target_skip_unavailable' from command line to 'False'
[2.435s] Level 5:colcon.colcon_core.verb:set package 'hb_bot' build argument 'cmake_clean_cache' from command line to 'False'
[2.435s] Level 5:colcon.colcon_core.verb:set package 'hb_bot' build argument 'cmake_clean_first' from command line to 'False'
[2.435s] Level 5:colcon.colcon_core.verb:set package 'hb_bot' build argument 'cmake_force_configure' from command line to 'False'
[2.435s] Level 5:colcon.colcon_core.verb:set package 'hb_bot' build argument 'ament_cmake_args' from command line to 'None'
[2.436s] Level 5:colcon.colcon_core.verb:set package 'hb_bot' build argument 'catkin_cmake_args' from command line to 'None'
[2.436s] Level 5:colcon.colcon_core.verb:set package 'hb_bot' build argument 'catkin_skip_building_tests' from command line to 'False'
[2.436s] DEBUG:colcon.colcon_core.verb:Building package 'hb_bot' with the following arguments: {'ament_cmake_args': None, 'build_base': '/home/vaishnavi/eyrc23_hb_1520/hb_task_2_ws/build/hb_bot', 'catkin_cmake_args': None, 'catkin_skip_building_tests': False, 'cmake_args': None, 'cmake_clean_cache': False, 'cmake_clean_first': False, 'cmake_force_configure': False, 'cmake_target': None, 'cmake_target_skip_unavailable': False, 'install_base': '/home/vaishnavi/eyrc23_hb_1520/hb_task_2_ws/install/hb_bot', 'merge_install': False, 'path': '/home/vaishnavi/eyrc23_hb_1520/hb_task_2_ws/src/eYRC-2023_Hologlyph_Bots/hb_bot', 'symlink_install': False, 'test_result_base': None}
[2.464s] Level 5:colcon.colcon_core.verb:set package 'hb_task2b' build argument 'cmake_args' from command line to 'None'
[2.464s] Level 5:colcon.colcon_core.verb:set package 'hb_task2b' build argument 'cmake_target' from command line to 'None'
[2.464s] Level 5:colcon.colcon_core.verb:set package 'hb_task2b' build argument 'cmake_target_skip_unavailable' from command line to 'False'
[2.464s] Level 5:colcon.colcon_core.verb:set package 'hb_task2b' build argument 'cmake_clean_cache' from command line to 'False'
[2.464s] Level 5:colcon.colcon_core.verb:set package 'hb_task2b' build argument 'cmake_clean_first' from command line to 'False'
[2.464s] Level 5:colcon.colcon_core.verb:set package 'hb_task2b' build argument 'cmake_force_configure' from command line to 'False'
[2.464s] Level 5:colcon.colcon_core.verb:set package 'hb_task2b' build argument 'ament_cmake_args' from command line to 'None'
[2.464s] Level 5:colcon.colcon_core.verb:set package 'hb_task2b' build argument 'catkin_cmake_args' from command line to 'None'
[2.464s] Level 5:colcon.colcon_core.verb:set package 'hb_task2b' build argument 'catkin_skip_building_tests' from command line to 'False'
[2.464s] DEBUG:colcon.colcon_core.verb:Building package 'hb_task2b' with the following arguments: {'ament_cmake_args': None, 'build_base': '/home/vaishnavi/eyrc23_hb_1520/hb_task_2_ws/build/hb_task2b', 'catkin_cmake_args': None, 'catkin_skip_building_tests': False, 'cmake_args': None, 'cmake_clean_cache': False, 'cmake_clean_first': False, 'cmake_force_configure': False, 'cmake_target': None, 'cmake_target_skip_unavailable': False, 'install_base': '/home/vaishnavi/eyrc23_hb_1520/hb_task_2_ws/install/hb_task2b', 'merge_install': False, 'path': '/home/vaishnavi/eyrc23_hb_1520/hb_task_2_ws/src/eYRC-2023_Hologlyph_Bots/hb_task2b', 'symlink_install': False, 'test_result_base': None}
[2.492s] Level 5:colcon.colcon_core.verb:set package 'hb_world' build argument 'cmake_args' from command line to 'None'
[2.492s] Level 5:colcon.colcon_core.verb:set package 'hb_world' build argument 'cmake_target' from command line to 'None'
[2.492s] Level 5:colcon.colcon_core.verb:set package 'hb_world' build argument 'cmake_target_skip_unavailable' from command line to 'False'
[2.492s] Level 5:colcon.colcon_core.verb:set package 'hb_world' build argument 'cmake_clean_cache' from command line to 'False'
[2.492s] Level 5:colcon.colcon_core.verb:set package 'hb_world' build argument 'cmake_clean_first' from command line to 'False'
[2.492s] Level 5:colcon.colcon_core.verb:set package 'hb_world' build argument 'cmake_force_configure' from command line to 'False'
[2.492s] Level 5:colcon.colcon_core.verb:set package 'hb_world' build argument 'ament_cmake_args' from command line to 'None'
[2.492s] Level 5:colcon.colcon_core.verb:set package 'hb_world' build argument 'catkin_cmake_args' from command line to 'None'
[2.493s] Level 5:colcon.colcon_core.verb:set package 'hb_world' build argument 'catkin_skip_building_tests' from command line to 'False'
[2.493s] DEBUG:colcon.colcon_core.verb:Building package 'hb_world' with the following arguments: {'ament_cmake_args': None, 'build_base': '/home/vaishnavi/eyrc23_hb_1520/hb_task_2_ws/build/hb_world', 'catkin_cmake_args': None, 'catkin_skip_building_tests': False, 'cmake_args': None, 'cmake_clean_cache': False, 'cmake_clean_first': False, 'cmake_force_configure': False, 'cmake_target': None, 'cmake_target_skip_unavailable': False, 'install_base': '/home/vaishnavi/eyrc23_hb_1520/hb_task_2_ws/install/hb_world', 'merge_install': False, 'path': '/home/vaishnavi/eyrc23_hb_1520/hb_task_2_ws/src/eYRC-2023_Hologlyph_Bots/hb_world', 'symlink_install': False, 'test_result_base': None}
[2.520s] Level 5:colcon.colcon_core.verb:set package 'my_robot_interfaces' build argument 'cmake_args' from command line to 'None'
[2.520s] Level 5:colcon.colcon_core.verb:set package 'my_robot_interfaces' build argument 'cmake_target' from command line to 'None'
[2.520s] Level 5:colcon.colcon_core.verb:set package 'my_robot_interfaces' build argument 'cmake_target_skip_unavailable' from command line to 'False'
[2.520s] Level 5:colcon.colcon_core.verb:set package 'my_robot_interfaces' build argument 'cmake_clean_cache' from command line to 'False'
[2.520s] Level 5:colcon.colcon_core.verb:set package 'my_robot_interfaces' build argument 'cmake_clean_first' from command line to 'False'
[2.520s] Level 5:colcon.colcon_core.verb:set package 'my_robot_interfaces' build argument 'cmake_force_configure' from command line to 'False'
[2.520s] Level 5:colcon.colcon_core.verb:set package 'my_robot_interfaces' build argument 'ament_cmake_args' from command line to 'None'
[2.521s] Level 5:colcon.colcon_core.verb:set package 'my_robot_interfaces' build argument 'catkin_cmake_args' from command line to 'None'
[2.521s] Level 5:colcon.colcon_core.verb:set package 'my_robot_interfaces' build argument 'catkin_skip_building_tests' from command line to 'False'
[2.521s] DEBUG:colcon.colcon_core.verb:Building package 'my_robot_interfaces' with the following arguments: {'ament_cmake_args': None, 'build_base': '/home/vaishnavi/eyrc23_hb_1520/hb_task_2_ws/build/my_robot_interfaces', 'catkin_cmake_args': None, 'catkin_skip_building_tests': False, 'cmake_args': None, 'cmake_clean_cache': False, 'cmake_clean_first': False, 'cmake_force_configure': False, 'cmake_target': None, 'cmake_target_skip_unavailable': False, 'install_base': '/home/vaishnavi/eyrc23_hb_1520/hb_task_2_ws/install/my_robot_interfaces', 'merge_install': False, 'path': '/home/vaishnavi/eyrc23_hb_1520/hb_task_2_ws/src/eYRC-2023_Hologlyph_Bots/my_robot_interfaces', 'symlink_install': False, 'test_result_base': None}
[2.548s] Level 5:colcon.colcon_core.verb:set package 'hb_task2a' build argument 'cmake_args' from command line to 'None'
[2.548s] Level 5:colcon.colcon_core.verb:set package 'hb_task2a' build argument 'cmake_target' from command line to 'None'
[2.548s] Level 5:colcon.colcon_core.verb:set package 'hb_task2a' build argument 'cmake_target_skip_unavailable' from command line to 'False'
[2.548s] Level 5:colcon.colcon_core.verb:set package 'hb_task2a' build argument 'cmake_clean_cache' from command line to 'False'
[2.548s] Level 5:colcon.colcon_core.verb:set package 'hb_task2a' build argument 'cmake_clean_first' from command line to 'False'
[2.548s] Level 5:colcon.colcon_core.verb:set package 'hb_task2a' build argument 'cmake_force_configure' from command line to 'False'
[2.548s] Level 5:colcon.colcon_core.verb:set package 'hb_task2a' build argument 'ament_cmake_args' from command line to 'None'
[2.549s] Level 5:colcon.colcon_core.verb:set package 'hb_task2a' build argument 'catkin_cmake_args' from command line to 'None'
[2.549s] Level 5:colcon.colcon_core.verb:set package 'hb_task2a' build argument 'catkin_skip_building_tests' from command line to 'False'
[2.549s] DEBUG:colcon.colcon_core.verb:Building package 'hb_task2a' with the following arguments: {'ament_cmake_args': None, 'build_base': '/home/vaishnavi/eyrc23_hb_1520/hb_task_2_ws/build/hb_task2a', 'catkin_cmake_args': None, 'catkin_skip_building_tests': False, 'cmake_args': None, 'cmake_clean_cache': False, 'cmake_clean_first': False, 'cmake_force_configure': False, 'cmake_target': None, 'cmake_target_skip_unavailable': False, 'install_base': '/home/vaishnavi/eyrc23_hb_1520/hb_task_2_ws/install/hb_task2a', 'merge_install': False, 'path': '/home/vaishnavi/eyrc23_hb_1520/hb_task_2_ws/src/eYRC-2023_Hologlyph_Bots/hb_task2a', 'symlink_install': False, 'test_result_base': None}
[2.576s] INFO:colcon.colcon_core.executor:Executing jobs using 'parallel' executor
[2.604s] DEBUG:colcon.colcon_parallel_executor.executor.parallel:run_until_complete
[2.605s] INFO:colcon.colcon_ros.task.ament_cmake.build:Building ROS package in '/home/vaishnavi/eyrc23_hb_1520/hb_task_2_ws/src/eYRC-2023_Hologlyph_Bots/my_robot_interfaces' with build type 'ament_cmake'
[2.605s] INFO:colcon.colcon_cmake.task.cmake.build:Building CMake package in '/home/vaishnavi/eyrc23_hb_1520/hb_task_2_ws/src/eYRC-2023_Hologlyph_Bots/my_robot_interfaces'
[2.644s] INFO:colcon.colcon_core.plugin_system:Skipping extension 'colcon_core.shell.bat': Not used on non-Windows systems
[2.644s] INFO:colcon.colcon_core.shell:Skip shell extension 'powershell' for command environment: Not usable outside of PowerShell
[2.644s] DEBUG:colcon.colcon_core.shell:Skip shell extension 'dsv' for command environment
[2.749s] INFO:colcon.colcon_ros.task.ament_cmake.build:Building ROS package in '/home/vaishnavi/eyrc23_hb_1520/hb_task_2_ws/src/eYRC-2023_Hologlyph_Bots/hb_bot' with build type 'ament_cmake'
[2.749s] INFO:colcon.colcon_cmake.task.cmake.build:Building CMake package in '/home/vaishnavi/eyrc23_hb_1520/hb_task_2_ws/src/eYRC-2023_Hologlyph_Bots/hb_bot'
[2.789s] INFO:colcon.colcon_core.shell:Skip shell extension 'powershell' for command environment: Not usable outside of PowerShell
[2.789s] DEBUG:colcon.colcon_core.shell:Skip shell extension 'dsv' for command environment
[2.892s] INFO:colcon.colcon_ros.task.ament_python.build:Building ROS package in '/home/vaishnavi/eyrc23_hb_1520/hb_task_2_ws/src/eYRC-2023_Hologlyph_Bots/hb_task2b' with build type 'ament_python'
[2.892s] Level 1:colcon.colcon_core.shell:create_environment_hook('hb_task2b', 'ament_prefix_path')
[2.932s] INFO:colcon.colcon_core.shell:Creating environment hook '/home/vaishnavi/eyrc23_hb_1520/hb_task_2_ws/install/hb_task2b/share/hb_task2b/hook/ament_prefix_path.ps1'
[2.933s] INFO:colcon.colcon_core.shell:Creating environment descriptor '/home/vaishnavi/eyrc23_hb_1520/hb_task_2_ws/install/hb_task2b/share/hb_task2b/hook/ament_prefix_path.dsv'
[2.934s] INFO:colcon.colcon_core.shell:Creating environment hook '/home/vaishnavi/eyrc23_hb_1520/hb_task_2_ws/install/hb_task2b/share/hb_task2b/hook/ament_prefix_path.sh'
[2.967s] INFO:colcon.colcon_core.shell:Skip shell extension 'powershell' for command environment: Not usable outside of PowerShell
[2.967s] DEBUG:colcon.colcon_core.shell:Skip shell extension 'dsv' for command environment
[3.058s] INFO:colcon.colcon_ros.task.ament_cmake.build:Building ROS package in '/home/vaishnavi/eyrc23_hb_1520/hb_task_2_ws/src/eYRC-2023_Hologlyph_Bots/hb_world' with build type 'ament_cmake'
[3.059s] INFO:colcon.colcon_cmake.task.cmake.build:Building CMake package in '/home/vaishnavi/eyrc23_hb_1520/hb_task_2_ws/src/eYRC-2023_Hologlyph_Bots/hb_world'
[3.091s] INFO:colcon.colcon_core.shell:Skip shell extension 'powershell' for command environment: Not usable outside of PowerShell
[3.091s] DEBUG:colcon.colcon_core.shell:Skip shell extension 'dsv' for command environment
[3.201s] DEBUG:colcon.colcon_core.event_handler.log_command:Invoking command in '/home/vaishnavi/eyrc23_hb_1520/hb_task_2_ws/build/my_robot_interfaces': CMAKE_PREFIX_PATH=${CMAKE_PREFIX_PATH}:/home/vaishnavi/eyrc23_hb_1520/hb_task_2_ws/install/hb_task2a:/home/vaishnavi/eyrc23_hb_1520/hb_task_2_ws/install/hb_task2b:/opt/ros/humble /usr/bin/cmake --build /home/vaishnavi/eyrc23_hb_1520/hb_task_2_ws/build/my_robot_interfaces -- -j8 -l8
[3.205s] DEBUG:colcon.colcon_core.event_handler.log_command:Invoking command in '/home/vaishnavi/eyrc23_hb_1520/hb_task_2_ws/build/hb_bot': CMAKE_PREFIX_PATH=${CMAKE_PREFIX_PATH}:/home/vaishnavi/eyrc23_hb_1520/hb_task_2_ws/install/hb_task2a:/home/vaishnavi/eyrc23_hb_1520/hb_task_2_ws/install/hb_task2b:/opt/ros/humble /usr/bin/cmake --build /home/vaishnavi/eyrc23_hb_1520/hb_task_2_ws/build/hb_bot -- -j8 -l8
[3.790s] INFO:colcon.colcon_core.task.python.build:Building Python package in '/home/vaishnavi/eyrc23_hb_1520/hb_task_2_ws/src/eYRC-2023_Hologlyph_Bots/hb_task2b'
[3.820s] INFO:colcon.colcon_core.shell:Skip shell extension 'powershell' for command environment: Not usable outside of PowerShell
[3.820s] DEBUG:colcon.colcon_core.shell:Skip shell extension 'dsv' for command environment
[3.927s] DEBUG:colcon.colcon_core.event_handler.log_command:Invoked command in '/home/vaishnavi/eyrc23_hb_1520/hb_task_2_ws/build/hb_bot' returned '0': CMAKE_PREFIX_PATH=${CMAKE_PREFIX_PATH}:/home/vaishnavi/eyrc23_hb_1520/hb_task_2_ws/install/hb_task2a:/home/vaishnavi/eyrc23_hb_1520/hb_task_2_ws/install/hb_task2b:/opt/ros/humble /usr/bin/cmake --build /home/vaishnavi/eyrc23_hb_1520/hb_task_2_ws/build/hb_bot -- -j8 -l8
[3.935s] DEBUG:colcon.colcon_core.event_handler.log_command:Invoking command in '/home/vaishnavi/eyrc23_hb_1520/hb_task_2_ws/build/hb_world': CMAKE_PREFIX_PATH=${CMAKE_PREFIX_PATH}:/home/vaishnavi/eyrc23_hb_1520/hb_task_2_ws/install/hb_task2a:/home/vaishnavi/eyrc23_hb_1520/hb_task_2_ws/install/hb_task2b:/opt/ros/humble /usr/bin/cmake --build /home/vaishnavi/eyrc23_hb_1520/hb_task_2_ws/build/hb_world -- -j8 -l8
[3.939s] DEBUG:colcon.colcon_core.event_handler.log_command:Invoked command in '/home/vaishnavi/eyrc23_hb_1520/hb_task_2_ws/build/my_robot_interfaces' returned '0': CMAKE_PREFIX_PATH=${CMAKE_PREFIX_PATH}:/home/vaishnavi/eyrc23_hb_1520/hb_task_2_ws/install/hb_task2a:/home/vaishnavi/eyrc23_hb_1520/hb_task_2_ws/install/hb_task2b:/opt/ros/humble /usr/bin/cmake --build /home/vaishnavi/eyrc23_hb_1520/hb_task_2_ws/build/my_robot_interfaces -- -j8 -l8
[3.991s] DEBUG:colcon.colcon_core.event_handler.log_command:Invoking command in '/home/vaishnavi/eyrc23_hb_1520/hb_task_2_ws/build/hb_bot': CMAKE_PREFIX_PATH=${CMAKE_PREFIX_PATH}:/home/vaishnavi/eyrc23_hb_1520/hb_task_2_ws/install/hb_task2a:/home/vaishnavi/eyrc23_hb_1520/hb_task_2_ws/install/hb_task2b:/opt/ros/humble /usr/bin/cmake --install /home/vaishnavi/eyrc23_hb_1520/hb_task_2_ws/build/hb_bot
[4.014s] Level 1:colcon.colcon_core.environment:create_environment_scripts_only(hb_bot)
[4.015s] DEBUG:colcon.colcon_core.event_handler.log_command:Invoked command in '/home/vaishnavi/eyrc23_hb_1520/hb_task_2_ws/build/hb_bot' returned '0': CMAKE_PREFIX_PATH=${CMAKE_PREFIX_PATH}:/home/vaishnavi/eyrc23_hb_1520/hb_task_2_ws/install/hb_task2a:/home/vaishnavi/eyrc23_hb_1520/hb_task_2_ws/install/hb_task2b:/opt/ros/humble /usr/bin/cmake --install /home/vaishnavi/eyrc23_hb_1520/hb_task_2_ws/build/hb_bot
[4.054s] Level 1:colcon.colcon_core.environment:checking '/home/vaishnavi/eyrc23_hb_1520/hb_task_2_ws/install/hb_bot' for CMake module files
[4.056s] Level 1:colcon.colcon_core.environment:checking '/home/vaishnavi/eyrc23_hb_1520/hb_task_2_ws/install/hb_bot' for CMake config files
[4.056s] Level 1:colcon.colcon_core.shell:create_environment_hook('hb_bot', 'cmake_prefix_path')
[4.092s] INFO:colcon.colcon_core.shell:Creating environment hook '/home/vaishnavi/eyrc23_hb_1520/hb_task_2_ws/install/hb_bot/share/hb_bot/hook/cmake_prefix_path.ps1'
[4.093s] INFO:colcon.colcon_core.shell:Creating environment descriptor '/home/vaishnavi/eyrc23_hb_1520/hb_task_2_ws/install/hb_bot/share/hb_bot/hook/cmake_prefix_path.dsv'
[4.093s] INFO:colcon.colcon_core.shell:Creating environment hook '/home/vaishnavi/eyrc23_hb_1520/hb_task_2_ws/install/hb_bot/share/hb_bot/hook/cmake_prefix_path.sh'
[4.094s] Level 1:colcon.colcon_core.environment:checking '/home/vaishnavi/eyrc23_hb_1520/hb_task_2_ws/install/hb_bot/bin'
[4.094s] Level 1:colcon.colcon_core.environment:checking '/home/vaishnavi/eyrc23_hb_1520/hb_task_2_ws/install/hb_bot/lib/pkgconfig/hb_bot.pc'
[4.095s] Level 1:colcon.colcon_core.environment:checking '/home/vaishnavi/eyrc23_hb_1520/hb_task_2_ws/install/hb_bot/lib/python3.10/site-packages'
[4.095s] Level 1:colcon.colcon_core.environment:checking '/home/vaishnavi/eyrc23_hb_1520/hb_task_2_ws/install/hb_bot/bin'
[4.126s] INFO:colcon.colcon_core.shell:Creating package script '/home/vaishnavi/eyrc23_hb_1520/hb_task_2_ws/install/hb_bot/share/hb_bot/package.ps1'
[4.127s] INFO:colcon.colcon_core.shell:Creating package descriptor '/home/vaishnavi/eyrc23_hb_1520/hb_task_2_ws/install/hb_bot/share/hb_bot/package.dsv'
[4.128s] INFO:colcon.colcon_core.shell:Creating package script '/home/vaishnavi/eyrc23_hb_1520/hb_task_2_ws/install/hb_bot/share/hb_bot/package.sh'
[4.129s] INFO:colcon.colcon_core.shell:Creating package script '/home/vaishnavi/eyrc23_hb_1520/hb_task_2_ws/install/hb_bot/share/hb_bot/package.bash'
[4.130s] INFO:colcon.colcon_core.shell:Creating package script '/home/vaishnavi/eyrc23_hb_1520/hb_task_2_ws/install/hb_bot/share/hb_bot/package.zsh'
[4.131s] Level 1:colcon.colcon_core.environment:create_file_with_runtime_dependencies(/home/vaishnavi/eyrc23_hb_1520/hb_task_2_ws/install/hb_bot/share/colcon-core/packages/hb_bot)
[4.136s] DEBUG:colcon.colcon_core.event_handler.log_command:Invoking command in '/home/vaishnavi/eyrc23_hb_1520/hb_task_2_ws/build/my_robot_interfaces': CMAKE_PREFIX_PATH=${CMAKE_PREFIX_PATH}:/home/vaishnavi/eyrc23_hb_1520/hb_task_2_ws/install/hb_task2a:/home/vaishnavi/eyrc23_hb_1520/hb_task_2_ws/install/hb_task2b:/opt/ros/humble /usr/bin/cmake --install /home/vaishnavi/eyrc23_hb_1520/hb_task_2_ws/build/my_robot_interfaces
[4.138s] DEBUG:colcon.colcon_core.event_handler.log_command:Invoked command in '/home/vaishnavi/eyrc23_hb_1520/hb_task_2_ws/build/hb_world' returned '0': CMAKE_PREFIX_PATH=${CMAKE_PREFIX_PATH}:/home/vaishnavi/eyrc23_hb_1520/hb_task_2_ws/install/hb_task2a:/home/vaishnavi/eyrc23_hb_1520/hb_task_2_ws/install/hb_task2b:/opt/ros/humble /usr/bin/cmake --build /home/vaishnavi/eyrc23_hb_1520/hb_task_2_ws/build/hb_world -- -j8 -l8
[4.228s] Level 1:colcon.colcon_core.environment:create_environment_scripts_only(hb_bot)
[4.271s] Level 1:colcon.colcon_core.environment:checking '/home/vaishnavi/eyrc23_hb_1520/hb_task_2_ws/install/hb_bot' for CMake module files
[4.272s] Level 1:colcon.colcon_core.environment:checking '/home/vaishnavi/eyrc23_hb_1520/hb_task_2_ws/install/hb_bot' for CMake config files
[4.272s] Level 1:colcon.colcon_core.shell:create_environment_hook('hb_bot', 'cmake_prefix_path')
[4.301s] INFO:colcon.colcon_core.shell:Creating environment hook '/home/vaishnavi/eyrc23_hb_1520/hb_task_2_ws/install/hb_bot/share/hb_bot/hook/cmake_prefix_path.ps1'
[4.301s] INFO:colcon.colcon_core.shell:Creating environment descriptor '/home/vaishnavi/eyrc23_hb_1520/hb_task_2_ws/install/hb_bot/share/hb_bot/hook/cmake_prefix_path.dsv'
[4.302s] INFO:colcon.colcon_core.shell:Creating environment hook '/home/vaishnavi/eyrc23_hb_1520/hb_task_2_ws/install/hb_bot/share/hb_bot/hook/cmake_prefix_path.sh'
[4.303s] Level 1:colcon.colcon_core.environment:checking '/home/vaishnavi/eyrc23_hb_1520/hb_task_2_ws/install/hb_bot/bin'
[4.303s] Level 1:colcon.colcon_core.environment:checking '/home/vaishnavi/eyrc23_hb_1520/hb_task_2_ws/install/hb_bot/lib/pkgconfig/hb_bot.pc'
[4.303s] Level 1:colcon.colcon_core.environment:checking '/home/vaishnavi/eyrc23_hb_1520/hb_task_2_ws/install/hb_bot/lib/python3.10/site-packages'
[4.303s] Level 1:colcon.colcon_core.environment:checking '/home/vaishnavi/eyrc23_hb_1520/hb_task_2_ws/install/hb_bot/bin'
[4.331s] INFO:colcon.colcon_core.shell:Creating package script '/home/vaishnavi/eyrc23_hb_1520/hb_task_2_ws/install/hb_bot/share/hb_bot/package.ps1'
[4.332s] INFO:colcon.colcon_core.shell:Creating package descriptor '/home/vaishnavi/eyrc23_hb_1520/hb_task_2_ws/install/hb_bot/share/hb_bot/package.dsv'
[4.333s] INFO:colcon.colcon_core.shell:Creating package script '/home/vaishnavi/eyrc23_hb_1520/hb_task_2_ws/install/hb_bot/share/hb_bot/package.sh'
[4.334s] INFO:colcon.colcon_core.shell:Creating package script '/home/vaishnavi/eyrc23_hb_1520/hb_task_2_ws/install/hb_bot/share/hb_bot/package.bash'
[4.334s] INFO:colcon.colcon_core.shell:Creating package script '/home/vaishnavi/eyrc23_hb_1520/hb_task_2_ws/install/hb_bot/share/hb_bot/package.zsh'
[4.335s] Level 1:colcon.colcon_core.environment:create_file_with_runtime_dependencies(/home/vaishnavi/eyrc23_hb_1520/hb_task_2_ws/install/hb_bot/share/colcon-core/packages/hb_bot)
[4.338s] Level 1:colcon.colcon_core.environment:create_environment_scripts_only(my_robot_interfaces)
[4.339s] DEBUG:colcon.colcon_core.event_handler.log_command:Invoking command in '/home/vaishnavi/eyrc23_hb_1520/hb_task_2_ws/build/hb_world': CMAKE_PREFIX_PATH=${CMAKE_PREFIX_PATH}:/home/vaishnavi/eyrc23_hb_1520/hb_task_2_ws/install/hb_task2a:/home/vaishnavi/eyrc23_hb_1520/hb_task_2_ws/install/hb_task2b:/opt/ros/humble /usr/bin/cmake --install /home/vaishnavi/eyrc23_hb_1520/hb_task_2_ws/build/hb_world
[4.340s] DEBUG:colcon.colcon_core.event_handler.log_command:Invoked command in '/home/vaishnavi/eyrc23_hb_1520/hb_task_2_ws/build/my_robot_interfaces' returned '0': CMAKE_PREFIX_PATH=${CMAKE_PREFIX_PATH}:/home/vaishnavi/eyrc23_hb_1520/hb_task_2_ws/install/hb_task2a:/home/vaishnavi/eyrc23_hb_1520/hb_task_2_ws/install/hb_task2b:/opt/ros/humble /usr/bin/cmake --install /home/vaishnavi/eyrc23_hb_1520/hb_task_2_ws/build/my_robot_interfaces
[4.380s] Level 1:colcon.colcon_core.environment:checking '/home/vaishnavi/eyrc23_hb_1520/hb_task_2_ws/install/my_robot_interfaces' for CMake module files
[4.382s] Level 1:colcon.colcon_core.environment:checking '/home/vaishnavi/eyrc23_hb_1520/hb_task_2_ws/install/my_robot_interfaces' for CMake config files
[4.382s] Level 1:colcon.colcon_core.shell:create_environment_hook('my_robot_interfaces', 'cmake_prefix_path')
[4.411s] INFO:colcon.colcon_core.shell:Creating environment hook '/home/vaishnavi/eyrc23_hb_1520/hb_task_2_ws/install/my_robot_interfaces/share/my_robot_interfaces/hook/cmake_prefix_path.ps1'
[4.412s] INFO:colcon.colcon_core.shell:Creating environment descriptor '/home/vaishnavi/eyrc23_hb_1520/hb_task_2_ws/install/my_robot_interfaces/share/my_robot_interfaces/hook/cmake_prefix_path.dsv'
[4.413s] INFO:colcon.colcon_core.shell:Creating environment hook '/home/vaishnavi/eyrc23_hb_1520/hb_task_2_ws/install/my_robot_interfaces/share/my_robot_interfaces/hook/cmake_prefix_path.sh'
[4.413s] Level 1:colcon.colcon_core.environment:checking '/home/vaishnavi/eyrc23_hb_1520/hb_task_2_ws/install/my_robot_interfaces/lib'
[4.414s] Level 1:colcon.colcon_core.shell:create_environment_hook('my_robot_interfaces', 'ld_library_path_lib')
[4.446s] INFO:colcon.colcon_core.shell:Creating environment hook '/home/vaishnavi/eyrc23_hb_1520/hb_task_2_ws/install/my_robot_interfaces/share/my_robot_interfaces/hook/ld_library_path_lib.ps1'
[4.447s] INFO:colcon.colcon_core.shell:Creating environment descriptor '/home/vaishnavi/eyrc23_hb_1520/hb_task_2_ws/install/my_robot_interfaces/share/my_robot_interfaces/hook/ld_library_path_lib.dsv'
[4.448s] INFO:colcon.colcon_core.shell:Creating environment hook '/home/vaishnavi/eyrc23_hb_1520/hb_task_2_ws/install/my_robot_interfaces/share/my_robot_interfaces/hook/ld_library_path_lib.sh'
[4.449s] Level 1:colcon.colcon_core.environment:checking '/home/vaishnavi/eyrc23_hb_1520/hb_task_2_ws/install/my_robot_interfaces/bin'
[4.449s] Level 1:colcon.colcon_core.environment:checking '/home/vaishnavi/eyrc23_hb_1520/hb_task_2_ws/install/my_robot_interfaces/lib/pkgconfig/my_robot_interfaces.pc'
[4.449s] Level 1:colcon.colcon_core.environment:checking '/home/vaishnavi/eyrc23_hb_1520/hb_task_2_ws/install/my_robot_interfaces/lib/python3.10/site-packages'
[4.450s] Level 1:colcon.colcon_core.environment:checking '/home/vaishnavi/eyrc23_hb_1520/hb_task_2_ws/install/my_robot_interfaces/bin'
[4.484s] INFO:colcon.colcon_core.shell:Creating package script '/home/vaishnavi/eyrc23_hb_1520/hb_task_2_ws/install/my_robot_interfaces/share/my_robot_interfaces/package.ps1'
[4.485s] INFO:colcon.colcon_core.shell:Creating package descriptor '/home/vaishnavi/eyrc23_hb_1520/hb_task_2_ws/install/my_robot_interfaces/share/my_robot_interfaces/package.dsv'
[4.486s] INFO:colcon.colcon_core.shell:Creating package script '/home/vaishnavi/eyrc23_hb_1520/hb_task_2_ws/install/my_robot_interfaces/share/my_robot_interfaces/package.sh'
[4.487s] INFO:colcon.colcon_core.shell:Creating package script '/home/vaishnavi/eyrc23_hb_1520/hb_task_2_ws/install/my_robot_interfaces/share/my_robot_interfaces/package.bash'
[4.487s] INFO:colcon.colcon_core.shell:Creating package script '/home/vaishnavi/eyrc23_hb_1520/hb_task_2_ws/install/my_robot_interfaces/share/my_robot_interfaces/package.zsh'
[4.487s] Level 1:colcon.colcon_core.environment:create_file_with_runtime_dependencies(/home/vaishnavi/eyrc23_hb_1520/hb_task_2_ws/install/my_robot_interfaces/share/colcon-core/packages/my_robot_interfaces)
[4.490s] Level 1:colcon.colcon_core.environment:create_environment_scripts_only(hb_world)
[4.491s] DEBUG:colcon.colcon_core.event_handler.log_command:Invoked command in '/home/vaishnavi/eyrc23_hb_1520/hb_task_2_ws/build/hb_world' returned '0': CMAKE_PREFIX_PATH=${CMAKE_PREFIX_PATH}:/home/vaishnavi/eyrc23_hb_1520/hb_task_2_ws/install/hb_task2a:/home/vaishnavi/eyrc23_hb_1520/hb_task_2_ws/install/hb_task2b:/opt/ros/humble /usr/bin/cmake --install /home/vaishnavi/eyrc23_hb_1520/hb_task_2_ws/build/hb_world
[4.522s] Level 1:colcon.colcon_core.environment:checking '/home/vaishnavi/eyrc23_hb_1520/hb_task_2_ws/install/hb_world' for CMake module files
[4.523s] Level 1:colcon.colcon_core.environment:checking '/home/vaishnavi/eyrc23_hb_1520/hb_task_2_ws/install/hb_world' for CMake config files
[4.523s] Level 1:colcon.colcon_core.shell:create_environment_hook('hb_world', 'cmake_prefix_path')
[4.555s] INFO:colcon.colcon_core.shell:Creating environment hook '/home/vaishnavi/eyrc23_hb_1520/hb_task_2_ws/install/hb_world/share/hb_world/hook/cmake_prefix_path.ps1'
[4.557s] INFO:colcon.colcon_core.shell:Creating environment descriptor '/home/vaishnavi/eyrc23_hb_1520/hb_task_2_ws/install/hb_world/share/hb_world/hook/cmake_prefix_path.dsv'
[4.558s] INFO:colcon.colcon_core.shell:Creating environment hook '/home/vaishnavi/eyrc23_hb_1520/hb_task_2_ws/install/hb_world/share/hb_world/hook/cmake_prefix_path.sh'
[4.560s] Level 1:colcon.colcon_core.environment:checking '/home/vaishnavi/eyrc23_hb_1520/hb_task_2_ws/install/hb_world/bin'
[4.560s] Level 1:colcon.colcon_core.environment:checking '/home/vaishnavi/eyrc23_hb_1520/hb_task_2_ws/install/hb_world/lib/pkgconfig/hb_world.pc'
[4.560s] Level 1:colcon.colcon_core.environment:checking '/home/vaishnavi/eyrc23_hb_1520/hb_task_2_ws/install/hb_world/lib/python3.10/site-packages'
[4.561s] Level 1:colcon.colcon_core.environment:checking '/home/vaishnavi/eyrc23_hb_1520/hb_task_2_ws/install/hb_world/bin'
[4.592s] INFO:colcon.colcon_core.shell:Creating package script '/home/vaishnavi/eyrc23_hb_1520/hb_task_2_ws/install/hb_world/share/hb_world/package.ps1'
[4.593s] INFO:colcon.colcon_core.shell:Creating package descriptor '/home/vaishnavi/eyrc23_hb_1520/hb_task_2_ws/install/hb_world/share/hb_world/package.dsv'
[4.594s] INFO:colcon.colcon_core.shell:Creating package script '/home/vaishnavi/eyrc23_hb_1520/hb_task_2_ws/install/hb_world/share/hb_world/package.sh'
[4.594s] INFO:colcon.colcon_core.shell:Creating package script '/home/vaishnavi/eyrc23_hb_1520/hb_task_2_ws/install/hb_world/share/hb_world/package.bash'
[4.595s] INFO:colcon.colcon_core.shell:Creating package script '/home/vaishnavi/eyrc23_hb_1520/hb_task_2_ws/install/hb_world/share/hb_world/package.zsh'
[4.595s] Level 1:colcon.colcon_core.environment:create_file_with_runtime_dependencies(/home/vaishnavi/eyrc23_hb_1520/hb_task_2_ws/install/hb_world/share/colcon-core/packages/hb_world)
[4.669s] Level 1:colcon.colcon_core.environment:create_environment_scripts_only(hb_world)
[4.708s] Level 1:colcon.colcon_core.environment:checking '/home/vaishnavi/eyrc23_hb_1520/hb_task_2_ws/install/hb_world' for CMake module files
[4.708s] Level 1:colcon.colcon_core.environment:checking '/home/vaishnavi/eyrc23_hb_1520/hb_task_2_ws/install/hb_world' for CMake config files
[4.709s] Level 1:colcon.colcon_core.shell:create_environment_hook('hb_world', 'cmake_prefix_path')
[4.742s] INFO:colcon.colcon_core.shell:Creating environment hook '/home/vaishnavi/eyrc23_hb_1520/hb_task_2_ws/install/hb_world/share/hb_world/hook/cmake_prefix_path.ps1'
[4.743s] INFO:colcon.colcon_core.shell:Creating environment descriptor '/home/vaishnavi/eyrc23_hb_1520/hb_task_2_ws/install/hb_world/share/hb_world/hook/cmake_prefix_path.dsv'
[4.743s] INFO:colcon.colcon_core.shell:Creating environment hook '/home/vaishnavi/eyrc23_hb_1520/hb_task_2_ws/install/hb_world/share/hb_world/hook/cmake_prefix_path.sh'
[4.744s] Level 1:colcon.colcon_core.environment:checking '/home/vaishnavi/eyrc23_hb_1520/hb_task_2_ws/install/hb_world/bin'
[4.744s] Level 1:colcon.colcon_core.environment:checking '/home/vaishnavi/eyrc23_hb_1520/hb_task_2_ws/install/hb_world/lib/pkgconfig/hb_world.pc'
[4.745s] Level 1:colcon.colcon_core.environment:checking '/home/vaishnavi/eyrc23_hb_1520/hb_task_2_ws/install/hb_world/lib/python3.10/site-packages'
[4.745s] Level 1:colcon.colcon_core.environment:checking '/home/vaishnavi/eyrc23_hb_1520/hb_task_2_ws/install/hb_world/bin'
[4.778s] INFO:colcon.colcon_core.shell:Creating package script '/home/vaishnavi/eyrc23_hb_1520/hb_task_2_ws/install/hb_world/share/hb_world/package.ps1'
[4.779s] INFO:colcon.colcon_core.shell:Creating package descriptor '/home/vaishnavi/eyrc23_hb_1520/hb_task_2_ws/install/hb_world/share/hb_world/package.dsv'
[4.780s] INFO:colcon.colcon_core.shell:Creating package script '/home/vaishnavi/eyrc23_hb_1520/hb_task_2_ws/install/hb_world/share/hb_world/package.sh'
[4.780s] INFO:colcon.colcon_core.shell:Creating package script '/home/vaishnavi/eyrc23_hb_1520/hb_task_2_ws/install/hb_world/share/hb_world/package.bash'
[4.781s] INFO:colcon.colcon_core.shell:Creating package script '/home/vaishnavi/eyrc23_hb_1520/hb_task_2_ws/install/hb_world/share/hb_world/package.zsh'
[4.781s] Level 1:colcon.colcon_core.environment:create_file_with_runtime_dependencies(/home/vaishnavi/eyrc23_hb_1520/hb_task_2_ws/install/hb_world/share/colcon-core/packages/hb_world)
[4.788s] DEBUG:colcon.colcon_core.event_handler.log_command:Invoking command in '/home/vaishnavi/eyrc23_hb_1520/hb_task_2_ws/src/eYRC-2023_Hologlyph_Bots/hb_task2b': PYTHONPATH=/home/vaishnavi/eyrc23_hb_1520/hb_task_2_ws/build/hb_task2b/prefix_override:/home/vaishnavi/eyrc23_hb_1520/hb_task_2_ws/install/hb_task2b/lib/python3.10/site-packages:${PYTHONPATH} /usr/bin/python3 setup.py egg_info --egg-base ../../../build/hb_task2b build --build-base /home/vaishnavi/eyrc23_hb_1520/hb_task_2_ws/build/hb_task2b/build install --record /home/vaishnavi/eyrc23_hb_1520/hb_task_2_ws/build/hb_task2b/install.log --single-version-externally-managed
[4.826s] Level 1:colcon.colcon_core.environment:create_environment_scripts_only(my_robot_interfaces)
[4.864s] Level 1:colcon.colcon_core.environment:checking '/home/vaishnavi/eyrc23_hb_1520/hb_task_2_ws/install/my_robot_interfaces' for CMake module files
[4.865s] Level 1:colcon.colcon_core.environment:checking '/home/vaishnavi/eyrc23_hb_1520/hb_task_2_ws/install/my_robot_interfaces' for CMake config files
[4.866s] Level 1:colcon.colcon_core.shell:create_environment_hook('my_robot_interfaces', 'cmake_prefix_path')
[4.898s] INFO:colcon.colcon_core.shell:Creating environment hook '/home/vaishnavi/eyrc23_hb_1520/hb_task_2_ws/install/my_robot_interfaces/share/my_robot_interfaces/hook/cmake_prefix_path.ps1'
[4.899s] INFO:colcon.colcon_core.shell:Creating environment descriptor '/home/vaishnavi/eyrc23_hb_1520/hb_task_2_ws/install/my_robot_interfaces/share/my_robot_interfaces/hook/cmake_prefix_path.dsv'
[4.899s] INFO:colcon.colcon_core.shell:Creating environment hook '/home/vaishnavi/eyrc23_hb_1520/hb_task_2_ws/install/my_robot_interfaces/share/my_robot_interfaces/hook/cmake_prefix_path.sh'
[4.900s] Level 1:colcon.colcon_core.environment:checking '/home/vaishnavi/eyrc23_hb_1520/hb_task_2_ws/install/my_robot_interfaces/lib'
[4.900s] Level 1:colcon.colcon_core.shell:create_environment_hook('my_robot_interfaces', 'ld_library_path_lib')
[4.930s] INFO:colcon.colcon_core.shell:Creating environment hook '/home/vaishnavi/eyrc23_hb_1520/hb_task_2_ws/install/my_robot_interfaces/share/my_robot_interfaces/hook/ld_library_path_lib.ps1'
[4.931s] INFO:colcon.colcon_core.shell:Creating environment descriptor '/home/vaishnavi/eyrc23_hb_1520/hb_task_2_ws/install/my_robot_interfaces/share/my_robot_interfaces/hook/ld_library_path_lib.dsv'
[4.931s] INFO:colcon.colcon_core.shell:Creating environment hook '/home/vaishnavi/eyrc23_hb_1520/hb_task_2_ws/install/my_robot_interfaces/share/my_robot_interfaces/hook/ld_library_path_lib.sh'
[4.932s] Level 1:colcon.colcon_core.environment:checking '/home/vaishnavi/eyrc23_hb_1520/hb_task_2_ws/install/my_robot_interfaces/bin'
[4.932s] Level 1:colcon.colcon_core.environment:checking '/home/vaishnavi/eyrc23_hb_1520/hb_task_2_ws/install/my_robot_interfaces/lib/pkgconfig/my_robot_interfaces.pc'
[4.932s] Level 1:colcon.colcon_core.environment:checking '/home/vaishnavi/eyrc23_hb_1520/hb_task_2_ws/install/my_robot_interfaces/lib/python3.10/site-packages'
[4.932s] Level 1:colcon.colcon_core.environment:checking '/home/vaishnavi/eyrc23_hb_1520/hb_task_2_ws/install/my_robot_interfaces/bin'
[4.988s] INFO:colcon.colcon_core.shell:Creating package script '/home/vaishnavi/eyrc23_hb_1520/hb_task_2_ws/install/my_robot_interfaces/share/my_robot_interfaces/package.ps1'
[4.989s] INFO:colcon.colcon_core.shell:Creating package descriptor '/home/vaishnavi/eyrc23_hb_1520/hb_task_2_ws/install/my_robot_interfaces/share/my_robot_interfaces/package.dsv'
[4.990s] INFO:colcon.colcon_core.shell:Creating package script '/home/vaishnavi/eyrc23_hb_1520/hb_task_2_ws/install/my_robot_interfaces/share/my_robot_interfaces/package.sh'
[4.991s] INFO:colcon.colcon_core.shell:Creating package script '/home/vaishnavi/eyrc23_hb_1520/hb_task_2_ws/install/my_robot_interfaces/share/my_robot_interfaces/package.bash'
[4.991s] INFO:colcon.colcon_core.shell:Creating package script '/home/vaishnavi/eyrc23_hb_1520/hb_task_2_ws/install/my_robot_interfaces/share/my_robot_interfaces/package.zsh'
[4.992s] Level 1:colcon.colcon_core.environment:create_file_with_runtime_dependencies(/home/vaishnavi/eyrc23_hb_1520/hb_task_2_ws/install/my_robot_interfaces/share/colcon-core/packages/my_robot_interfaces)
[4.993s] INFO:colcon.colcon_ros.task.ament_python.build:Building ROS package in '/home/vaishnavi/eyrc23_hb_1520/hb_task_2_ws/src/eYRC-2023_Hologlyph_Bots/hb_task2a' with build type 'ament_python'
[4.993s] Level 1:colcon.colcon_core.shell:create_environment_hook('hb_task2a', 'ament_prefix_path')
[5.030s] INFO:colcon.colcon_core.shell:Creating environment hook '/home/vaishnavi/eyrc23_hb_1520/hb_task_2_ws/install/hb_task2a/share/hb_task2a/hook/ament_prefix_path.ps1'
[5.031s] INFO:colcon.colcon_core.shell:Creating environment descriptor '/home/vaishnavi/eyrc23_hb_1520/hb_task_2_ws/install/hb_task2a/share/hb_task2a/hook/ament_prefix_path.dsv'
[5.032s] INFO:colcon.colcon_core.shell:Creating environment hook '/home/vaishnavi/eyrc23_hb_1520/hb_task_2_ws/install/hb_task2a/share/hb_task2a/hook/ament_prefix_path.sh'
[5.076s] INFO:colcon.colcon_core.shell:Skip shell extension 'powershell' for command environment: Not usable outside of PowerShell
[5.076s] DEBUG:colcon.colcon_core.shell:Skip shell extension 'dsv' for command environment
[5.702s] INFO:colcon.colcon_core.task.python.build:Building Python package in '/home/vaishnavi/eyrc23_hb_1520/hb_task_2_ws/src/eYRC-2023_Hologlyph_Bots/hb_task2a'
[5.733s] INFO:colcon.colcon_core.shell:Skip shell extension 'powershell' for command environment: Not usable outside of PowerShell
[5.733s] DEBUG:colcon.colcon_core.shell:Skip shell extension 'dsv' for command environment
[5.828s] DEBUG:colcon.colcon_core.event_handler.log_command:Invoked command in '/home/vaishnavi/eyrc23_hb_1520/hb_task_2_ws/src/eYRC-2023_Hologlyph_Bots/hb_task2b' returned '0': PYTHONPATH=/home/vaishnavi/eyrc23_hb_1520/hb_task_2_ws/build/hb_task2b/prefix_override:/home/vaishnavi/eyrc23_hb_1520/hb_task_2_ws/install/hb_task2b/lib/python3.10/site-packages:${PYTHONPATH} /usr/bin/python3 setup.py egg_info --egg-base ../../../build/hb_task2b build --build-base /home/vaishnavi/eyrc23_hb_1520/hb_task_2_ws/build/hb_task2b/build install --record /home/vaishnavi/eyrc23_hb_1520/hb_task_2_ws/build/hb_task2b/install.log --single-version-externally-managed
[5.857s] Level 1:colcon.colcon_core.environment:checking '/home/vaishnavi/eyrc23_hb_1520/hb_task_2_ws/install/hb_task2b' for CMake module files
[5.858s] Level 1:colcon.colcon_core.environment:checking '/home/vaishnavi/eyrc23_hb_1520/hb_task_2_ws/install/hb_task2b' for CMake config files
[5.860s] Level 1:colcon.colcon_core.environment:checking '/home/vaishnavi/eyrc23_hb_1520/hb_task_2_ws/install/hb_task2b/lib'
[5.860s] Level 1:colcon.colcon_core.environment:checking '/home/vaishnavi/eyrc23_hb_1520/hb_task_2_ws/install/hb_task2b/bin'
[5.860s] Level 1:colcon.colcon_core.environment:checking '/home/vaishnavi/eyrc23_hb_1520/hb_task_2_ws/install/hb_task2b/lib/pkgconfig/hb_task2b.pc'
[5.860s] Level 1:colcon.colcon_core.environment:checking '/home/vaishnavi/eyrc23_hb_1520/hb_task_2_ws/install/hb_task2b/lib/python3.10/site-packages'
[5.861s] Level 1:colcon.colcon_core.shell:create_environment_hook('hb_task2b', 'pythonpath')
[5.893s] INFO:colcon.colcon_core.shell:Creating environment hook '/home/vaishnavi/eyrc23_hb_1520/hb_task_2_ws/install/hb_task2b/share/hb_task2b/hook/pythonpath.ps1'
[5.894s] INFO:colcon.colcon_core.shell:Creating environment descriptor '/home/vaishnavi/eyrc23_hb_1520/hb_task_2_ws/install/hb_task2b/share/hb_task2b/hook/pythonpath.dsv'
[5.895s] INFO:colcon.colcon_core.shell:Creating environment hook '/home/vaishnavi/eyrc23_hb_1520/hb_task_2_ws/install/hb_task2b/share/hb_task2b/hook/pythonpath.sh'
[5.896s] Level 1:colcon.colcon_core.environment:checking '/home/vaishnavi/eyrc23_hb_1520/hb_task_2_ws/install/hb_task2b/bin'
[5.896s] Level 1:colcon.colcon_core.environment:create_environment_scripts_only(hb_task2b)
[5.926s] INFO:colcon.colcon_core.shell:Creating package script '/home/vaishnavi/eyrc23_hb_1520/hb_task_2_ws/install/hb_task2b/share/hb_task2b/package.ps1'
[5.927s] INFO:colcon.colcon_core.shell:Creating package descriptor '/home/vaishnavi/eyrc23_hb_1520/hb_task_2_ws/install/hb_task2b/share/hb_task2b/package.dsv'
[5.928s] INFO:colcon.colcon_core.shell:Creating package script '/home/vaishnavi/eyrc23_hb_1520/hb_task_2_ws/install/hb_task2b/share/hb_task2b/package.sh'
[5.928s] INFO:colcon.colcon_core.shell:Creating package script '/home/vaishnavi/eyrc23_hb_1520/hb_task_2_ws/install/hb_task2b/share/hb_task2b/package.bash'
[5.929s] INFO:colcon.colcon_core.shell:Creating package script '/home/vaishnavi/eyrc23_hb_1520/hb_task_2_ws/install/hb_task2b/share/hb_task2b/package.zsh'
[5.929s] Level 1:colcon.colcon_core.environment:create_file_with_runtime_dependencies(/home/vaishnavi/eyrc23_hb_1520/hb_task_2_ws/install/hb_task2b/share/colcon-core/packages/hb_task2b)
[6.683s] DEBUG:colcon.colcon_core.event_handler.log_command:Invoking command in '/home/vaishnavi/eyrc23_hb_1520/hb_task_2_ws/src/eYRC-2023_Hologlyph_Bots/hb_task2a': LD_LIBRARY_PATH=/home/vaishnavi/eyrc23_hb_1520/hb_task_2_ws/install/my_robot_interfaces/lib:/usr/lib/x86_64-linux-gnu/gazebo-11/plugins:/opt/ros/humble/opt/rviz_ogre_vendor/lib:/opt/ros/humble/lib/x86_64-linux-gnu:/opt/ros/humble/lib:/usr/share/gazebo-11/../../lib/x86_64-linux-gnu/gazebo-11/plugins PYTHONPATH=/home/vaishnavi/eyrc23_hb_1520/hb_task_2_ws/build/hb_task2a/prefix_override:/home/vaishnavi/eyrc23_hb_1520/hb_task_2_ws/install/hb_task2a/lib/python3.10/site-packages:${PYTHONPATH} /usr/bin/python3 setup.py egg_info --egg-base ../../../build/hb_task2a build --build-base /home/vaishnavi/eyrc23_hb_1520/hb_task_2_ws/build/hb_task2a/build install --record /home/vaishnavi/eyrc23_hb_1520/hb_task_2_ws/build/hb_task2a/install.log --single-version-externally-managed
[7.257s] DEBUG:colcon.colcon_core.event_handler.log_command:Invoked command in '/home/vaishnavi/eyrc23_hb_1520/hb_task_2_ws/src/eYRC-2023_Hologlyph_Bots/hb_task2a' returned '0': LD_LIBRARY_PATH=/home/vaishnavi/eyrc23_hb_1520/hb_task_2_ws/install/my_robot_interfaces/lib:/usr/lib/x86_64-linux-gnu/gazebo-11/plugins:/opt/ros/humble/opt/rviz_ogre_vendor/lib:/opt/ros/humble/lib/x86_64-linux-gnu:/opt/ros/humble/lib:/usr/share/gazebo-11/../../lib/x86_64-linux-gnu/gazebo-11/plugins PYTHONPATH=/home/vaishnavi/eyrc23_hb_1520/hb_task_2_ws/build/hb_task2a/prefix_override:/home/vaishnavi/eyrc23_hb_1520/hb_task_2_ws/install/hb_task2a/lib/python3.10/site-packages:${PYTHONPATH} /usr/bin/python3 setup.py egg_info --egg-base ../../../build/hb_task2a build --build-base /home/vaishnavi/eyrc23_hb_1520/hb_task_2_ws/build/hb_task2a/build install --record /home/vaishnavi/eyrc23_hb_1520/hb_task_2_ws/build/hb_task2a/install.log --single-version-externally-managed
[7.290s] Level 1:colcon.colcon_core.environment:checking '/home/vaishnavi/eyrc23_hb_1520/hb_task_2_ws/install/hb_task2a' for CMake module files
[7.291s] Level 1:colcon.colcon_core.environment:checking '/home/vaishnavi/eyrc23_hb_1520/hb_task_2_ws/install/hb_task2a' for CMake config files
[7.292s] Level 1:colcon.colcon_core.environment:checking '/home/vaishnavi/eyrc23_hb_1520/hb_task_2_ws/install/hb_task2a/lib'
[7.292s] Level 1:colcon.colcon_core.environment:checking '/home/vaishnavi/eyrc23_hb_1520/hb_task_2_ws/install/hb_task2a/bin'
[7.292s] Level 1:colcon.colcon_core.environment:checking '/home/vaishnavi/eyrc23_hb_1520/hb_task_2_ws/install/hb_task2a/lib/pkgconfig/hb_task2a.pc'
[7.292s] Level 1:colcon.colcon_core.environment:checking '/home/vaishnavi/eyrc23_hb_1520/hb_task_2_ws/install/hb_task2a/lib/python3.10/site-packages'
[7.293s] Level 1:colcon.colcon_core.shell:create_environment_hook('hb_task2a', 'pythonpath')
[7.322s] INFO:colcon.colcon_core.shell:Creating environment hook '/home/vaishnavi/eyrc23_hb_1520/hb_task_2_ws/install/hb_task2a/share/hb_task2a/hook/pythonpath.ps1'
[7.323s] INFO:colcon.colcon_core.shell:Creating environment descriptor '/home/vaishnavi/eyrc23_hb_1520/hb_task_2_ws/install/hb_task2a/share/hb_task2a/hook/pythonpath.dsv'
[7.323s] INFO:colcon.colcon_core.shell:Creating environment hook '/home/vaishnavi/eyrc23_hb_1520/hb_task_2_ws/install/hb_task2a/share/hb_task2a/hook/pythonpath.sh'
[7.324s] Level 1:colcon.colcon_core.environment:checking '/home/vaishnavi/eyrc23_hb_1520/hb_task_2_ws/install/hb_task2a/bin'
[7.324s] Level 1:colcon.colcon_core.environment:create_environment_scripts_only(hb_task2a)
[7.352s] INFO:colcon.colcon_core.shell:Creating package script '/home/vaishnavi/eyrc23_hb_1520/hb_task_2_ws/install/hb_task2a/share/hb_task2a/package.ps1'
[7.353s] INFO:colcon.colcon_core.shell:Creating package descriptor '/home/vaishnavi/eyrc23_hb_1520/hb_task_2_ws/install/hb_task2a/share/hb_task2a/package.dsv'
[7.353s] INFO:colcon.colcon_core.shell:Creating package script '/home/vaishnavi/eyrc23_hb_1520/hb_task_2_ws/install/hb_task2a/share/hb_task2a/package.sh'
[7.354s] INFO:colcon.colcon_core.shell:Creating package script '/home/vaishnavi/eyrc23_hb_1520/hb_task_2_ws/install/hb_task2a/share/hb_task2a/package.bash'
[7.354s] INFO:colcon.colcon_core.shell:Creating package script '/home/vaishnavi/eyrc23_hb_1520/hb_task_2_ws/install/hb_task2a/share/hb_task2a/package.zsh'
[7.355s] Level 1:colcon.colcon_core.environment:create_file_with_runtime_dependencies(/home/vaishnavi/eyrc23_hb_1520/hb_task_2_ws/install/hb_task2a/share/colcon-core/packages/hb_task2a)
[7.355s] DEBUG:colcon.colcon_parallel_executor.executor.parallel:closing loop
[7.355s] DEBUG:colcon.colcon_parallel_executor.executor.parallel:loop closed
[7.356s] DEBUG:colcon.colcon_parallel_executor.executor.parallel:run_until_complete finished with '0'
[7.356s] DEBUG:colcon.colcon_core.event_reactor:joining thread
[7.396s] INFO:colcon.colcon_core.plugin_system:Skipping extension 'colcon_notification.desktop_notification.terminal_notifier': Not used on non-Darwin systems
[7.396s] INFO:colcon.colcon_core.plugin_system:Skipping extension 'colcon_notification.desktop_notification.win32': Not used on non-Windows systems
[7.396s] INFO:colcon.colcon_notification.desktop_notification:Sending desktop notification using 'notify2'
[7.420s] DEBUG:colcon.colcon_core.event_reactor:joined thread
[7.454s] INFO:colcon.colcon_core.shell:Creating prefix script '/home/vaishnavi/eyrc23_hb_1520/hb_task_2_ws/install/local_setup.ps1'
[7.457s] INFO:colcon.colcon_core.shell:Creating prefix util module '/home/vaishnavi/eyrc23_hb_1520/hb_task_2_ws/install/_local_setup_util_ps1.py'
[7.460s] INFO:colcon.colcon_core.shell:Creating prefix chain script '/home/vaishnavi/eyrc23_hb_1520/hb_task_2_ws/install/setup.ps1'
[7.496s] INFO:colcon.colcon_core.shell:Creating prefix script '/home/vaishnavi/eyrc23_hb_1520/hb_task_2_ws/install/local_setup.sh'
[7.497s] INFO:colcon.colcon_core.shell:Creating prefix util module '/home/vaishnavi/eyrc23_hb_1520/hb_task_2_ws/install/_local_setup_util_sh.py'
[7.498s] INFO:colcon.colcon_core.shell:Creating prefix chain script '/home/vaishnavi/eyrc23_hb_1520/hb_task_2_ws/install/setup.sh'
[7.532s] INFO:colcon.colcon_core.shell:Creating prefix script '/home/vaishnavi/eyrc23_hb_1520/hb_task_2_ws/install/local_setup.bash'
[7.533s] INFO:colcon.colcon_core.shell:Creating prefix chain script '/home/vaishnavi/eyrc23_hb_1520/hb_task_2_ws/install/setup.bash'
[7.566s] INFO:colcon.colcon_core.shell:Creating prefix script '/home/vaishnavi/eyrc23_hb_1520/hb_task_2_ws/install/local_setup.zsh'
[7.568s] INFO:colcon.colcon_core.shell:Creating prefix chain script '/home/vaishnavi/eyrc23_hb_1520/hb_task_2_ws/install/setup.zsh'
