running develop
running egg_info
creating hb_task2a.egg-info
writing hb_task2a.egg-info/PKG-INFO
writing dependency_links to hb_task2a.egg-info/dependency_links.txt
writing entry points to hb_task2a.egg-info/entry_points.txt
writing requirements to hb_task2a.egg-info/requires.txt
writing top-level names to hb_task2a.egg-info/top_level.txt
writing manifest file 'hb_task2a.egg-info/SOURCES.txt'
reading manifest file 'hb_task2a.egg-info/SOURCES.txt'
writing manifest file 'hb_task2a.egg-info/SOURCES.txt'
running build_ext
Creating /home/vaishnavi/eyrc23_hb_1520/hb_task_2_ws/install/hb_task2a/lib/python3.10/site-packages/hb-task2a.egg-link (link to .)
Installing controller script to /home/vaishnavi/eyrc23_hb_1520/hb_task_2_ws/install/hb_task2a/lib/hb_task2a
Installing feedback script to /home/vaishnavi/eyrc23_hb_1520/hb_task_2_ws/install/hb_task2a/lib/hb_task2a
Installing service_node script to /home/vaishnavi/eyrc23_hb_1520/hb_task_2_ws/install/hb_task2a/lib/hb_task2a

Installed /home/vaishnavi/eyrc23_hb_1520/hb_task_2_ws/build/hb_task2a
running install_data
creating /home/vaishnavi/eyrc23_hb_1520/hb_task_2_ws/install/hb_task2a/share/ament_index
creating /home/vaishnavi/eyrc23_hb_1520/hb_task_2_ws/install/hb_task2a/share/ament_index/resource_index
creating /home/vaishnavi/eyrc23_hb_1520/hb_task_2_ws/install/hb_task2a/share/ament_index/resource_index/packages
copying resource/hb_task2a -> /home/vaishnavi/eyrc23_hb_1520/hb_task_2_ws/install/hb_task2a/share/ament_index/resource_index/packages
copying package.xml -> /home/vaishnavi/eyrc23_hb_1520/hb_task_2_ws/install/hb_task2a/share/hb_task2a
creating /home/vaishnavi/eyrc23_hb_1520/hb_task_2_ws/install/hb_task2a/share/hb_task2a/launch
copying launch/task2a.launch.py -> /home/vaishnavi/eyrc23_hb_1520/hb_task_2_ws/install/hb_task2a/share/hb_task2a/launch
creating /home/vaishnavi/eyrc23_hb_1520/hb_task_2_ws/install/hb_task2a/share/hb_task2a/scripts
