[0.816s] Invoking command in '/home/vaishnavi/eyrc23_hb_1520/hb_task_2_ws/build/hb_task2a': AMENT_PREFIX_PATH=/home/vaishnavi/eyrc23_hb_1520/hb_task_2_ws/install/my_robot_interfaces:${AMENT_PREFIX_PATH} CMAKE_PREFIX_PATH=/home/vaishnavi/eyrc23_hb_1520/hb_task_2_ws/install/my_robot_interfaces LD_LIBRARY_PATH=/home/vaishnavi/eyrc23_hb_1520/hb_task_2_ws/install/my_robot_interfaces/lib:/usr/lib/x86_64-linux-gnu/gazebo-11/plugins:/opt/ros/humble/opt/rviz_ogre_vendor/lib:/opt/ros/humble/lib/x86_64-linux-gnu:/opt/ros/humble/lib:/usr/share/gazebo-11/../../lib/x86_64-linux-gnu/gazebo-11/plugins PYTHONPATH=/home/vaishnavi/eyrc23_hb_1520/hb_task_2_ws/build/hb_task2a/prefix_override:/home/vaishnavi/eyrc23_hb_1520/hb_task_2_ws/install/hb_task2a/lib/python3.10/site-packages:/home/vaishnavi/eyrc23_hb_1520/hb_task_2_ws/install/my_robot_interfaces/local/lib/python3.10/dist-packages:${PYTHONPATH} /usr/bin/python3 setup.py develop --editable --build-directory /home/vaishnavi/eyrc23_hb_1520/hb_task_2_ws/build/hb_task2a/build --no-deps install_data
[1.077s] running develop
[1.247s] running egg_info
[1.248s] creating hb_task2a.egg-info
[1.248s] writing hb_task2a.egg-info/PKG-INFO
[1.248s] writing dependency_links to hb_task2a.egg-info/dependency_links.txt
[1.248s] writing entry points to hb_task2a.egg-info/entry_points.txt
[1.248s] writing requirements to hb_task2a.egg-info/requires.txt
[1.248s] writing top-level names to hb_task2a.egg-info/top_level.txt
[1.249s] writing manifest file 'hb_task2a.egg-info/SOURCES.txt'
[1.250s] reading manifest file 'hb_task2a.egg-info/SOURCES.txt'
[1.251s] writing manifest file 'hb_task2a.egg-info/SOURCES.txt'
[1.253s] running build_ext
[1.253s] Creating /home/vaishnavi/eyrc23_hb_1520/hb_task_2_ws/install/hb_task2a/lib/python3.10/site-packages/hb-task2a.egg-link (link to .)
[1.254s] Installing controller script to /home/vaishnavi/eyrc23_hb_1520/hb_task_2_ws/install/hb_task2a/lib/hb_task2a
[1.254s] Installing feedback script to /home/vaishnavi/eyrc23_hb_1520/hb_task_2_ws/install/hb_task2a/lib/hb_task2a
[1.254s] Installing service_node script to /home/vaishnavi/eyrc23_hb_1520/hb_task_2_ws/install/hb_task2a/lib/hb_task2a
[1.255s] 
[1.255s] Installed /home/vaishnavi/eyrc23_hb_1520/hb_task_2_ws/build/hb_task2a
[1.255s] running install_data
[1.256s] creating /home/vaishnavi/eyrc23_hb_1520/hb_task_2_ws/install/hb_task2a/share/ament_index
[1.256s] creating /home/vaishnavi/eyrc23_hb_1520/hb_task_2_ws/install/hb_task2a/share/ament_index/resource_index
[1.256s] creating /home/vaishnavi/eyrc23_hb_1520/hb_task_2_ws/install/hb_task2a/share/ament_index/resource_index/packages
[1.256s] copying resource/hb_task2a -> /home/vaishnavi/eyrc23_hb_1520/hb_task_2_ws/install/hb_task2a/share/ament_index/resource_index/packages
[1.256s] copying package.xml -> /home/vaishnavi/eyrc23_hb_1520/hb_task_2_ws/install/hb_task2a/share/hb_task2a
[1.257s] creating /home/vaishnavi/eyrc23_hb_1520/hb_task_2_ws/install/hb_task2a/share/hb_task2a/launch
[1.257s] copying launch/task2a.launch.py -> /home/vaishnavi/eyrc23_hb_1520/hb_task_2_ws/install/hb_task2a/share/hb_task2a/launch
[1.257s] creating /home/vaishnavi/eyrc23_hb_1520/hb_task_2_ws/install/hb_task2a/share/hb_task2a/scripts
[1.288s] Invoked command in '/home/vaishnavi/eyrc23_hb_1520/hb_task_2_ws/build/hb_task2a' returned '0': AMENT_PREFIX_PATH=/home/vaishnavi/eyrc23_hb_1520/hb_task_2_ws/install/my_robot_interfaces:${AMENT_PREFIX_PATH} CMAKE_PREFIX_PATH=/home/vaishnavi/eyrc23_hb_1520/hb_task_2_ws/install/my_robot_interfaces LD_LIBRARY_PATH=/home/vaishnavi/eyrc23_hb_1520/hb_task_2_ws/install/my_robot_interfaces/lib:/usr/lib/x86_64-linux-gnu/gazebo-11/plugins:/opt/ros/humble/opt/rviz_ogre_vendor/lib:/opt/ros/humble/lib/x86_64-linux-gnu:/opt/ros/humble/lib:/usr/share/gazebo-11/../../lib/x86_64-linux-gnu/gazebo-11/plugins PYTHONPATH=/home/vaishnavi/eyrc23_hb_1520/hb_task_2_ws/build/hb_task2a/prefix_override:/home/vaishnavi/eyrc23_hb_1520/hb_task_2_ws/install/hb_task2a/lib/python3.10/site-packages:/home/vaishnavi/eyrc23_hb_1520/hb_task_2_ws/install/my_robot_interfaces/local/lib/python3.10/dist-packages:${PYTHONPATH} /usr/bin/python3 setup.py develop --editable --build-directory /home/vaishnavi/eyrc23_hb_1520/hb_task_2_ws/build/hb_task2a/build --no-deps install_data
