running egg_info
creating ../../../build/hb_task2a/hb_task2a.egg-info
writing ../../../build/hb_task2a/hb_task2a.egg-info/PKG-INFO
writing dependency_links to ../../../build/hb_task2a/hb_task2a.egg-info/dependency_links.txt
writing entry points to ../../../build/hb_task2a/hb_task2a.egg-info/entry_points.txt
writing requirements to ../../../build/hb_task2a/hb_task2a.egg-info/requires.txt
writing top-level names to ../../../build/hb_task2a/hb_task2a.egg-info/top_level.txt
writing manifest file '../../../build/hb_task2a/hb_task2a.egg-info/SOURCES.txt'
reading manifest file '../../../build/hb_task2a/hb_task2a.egg-info/SOURCES.txt'
writing manifest file '../../../build/hb_task2a/hb_task2a.egg-info/SOURCES.txt'
running build
running build_py
creating /home/vaishnavi/eyrc23_hb_1520/hb_task_2_ws/build/hb_task2a/build
creating /home/vaishnavi/eyrc23_hb_1520/hb_task_2_ws/build/hb_task2a/build/lib
creating /home/vaishnavi/eyrc23_hb_1520/hb_task_2_ws/build/hb_task2a/build/lib/hb_task2a
copying hb_task2a/service_node.py -> /home/vaishnavi/eyrc23_hb_1520/hb_task_2_ws/build/hb_task2a/build/lib/hb_task2a
copying hb_task2a/controller.py -> /home/vaishnavi/eyrc23_hb_1520/hb_task_2_ws/build/hb_task2a/build/lib/hb_task2a
copying hb_task2a/__init__.py -> /home/vaishnavi/eyrc23_hb_1520/hb_task_2_ws/build/hb_task2a/build/lib/hb_task2a
copying hb_task2a/feedback.py -> /home/vaishnavi/eyrc23_hb_1520/hb_task_2_ws/build/hb_task2a/build/lib/hb_task2a
running install
running install_lib
creating /home/vaishnavi/eyrc23_hb_1520/hb_task_2_ws/install/hb_task2a/lib/python3.10/site-packages/hb_task2a
copying /home/vaishnavi/eyrc23_hb_1520/hb_task_2_ws/build/hb_task2a/build/lib/hb_task2a/service_node.py -> /home/vaishnavi/eyrc23_hb_1520/hb_task_2_ws/install/hb_task2a/lib/python3.10/site-packages/hb_task2a
copying /home/vaishnavi/eyrc23_hb_1520/hb_task_2_ws/build/hb_task2a/build/lib/hb_task2a/controller.py -> /home/vaishnavi/eyrc23_hb_1520/hb_task_2_ws/install/hb_task2a/lib/python3.10/site-packages/hb_task2a
copying /home/vaishnavi/eyrc23_hb_1520/hb_task_2_ws/build/hb_task2a/build/lib/hb_task2a/__init__.py -> /home/vaishnavi/eyrc23_hb_1520/hb_task_2_ws/install/hb_task2a/lib/python3.10/site-packages/hb_task2a
copying /home/vaishnavi/eyrc23_hb_1520/hb_task_2_ws/build/hb_task2a/build/lib/hb_task2a/feedback.py -> /home/vaishnavi/eyrc23_hb_1520/hb_task_2_ws/install/hb_task2a/lib/python3.10/site-packages/hb_task2a
byte-compiling /home/vaishnavi/eyrc23_hb_1520/hb_task_2_ws/install/hb_task2a/lib/python3.10/site-packages/hb_task2a/service_node.py to service_node.cpython-310.pyc
byte-compiling /home/vaishnavi/eyrc23_hb_1520/hb_task_2_ws/install/hb_task2a/lib/python3.10/site-packages/hb_task2a/controller.py to controller.cpython-310.pyc
byte-compiling /home/vaishnavi/eyrc23_hb_1520/hb_task_2_ws/install/hb_task2a/lib/python3.10/site-packages/hb_task2a/__init__.py to __init__.cpython-310.pyc
byte-compiling /home/vaishnavi/eyrc23_hb_1520/hb_task_2_ws/install/hb_task2a/lib/python3.10/site-packages/hb_task2a/feedback.py to feedback.cpython-310.pyc
running install_data
creating /home/vaishnavi/eyrc23_hb_1520/hb_task_2_ws/install/hb_task2a/share/ament_index
creating /home/vaishnavi/eyrc23_hb_1520/hb_task_2_ws/install/hb_task2a/share/ament_index/resource_index
creating /home/vaishnavi/eyrc23_hb_1520/hb_task_2_ws/install/hb_task2a/share/ament_index/resource_index/packages
copying resource/hb_task2a -> /home/vaishnavi/eyrc23_hb_1520/hb_task_2_ws/install/hb_task2a/share/ament_index/resource_index/packages
copying package.xml -> /home/vaishnavi/eyrc23_hb_1520/hb_task_2_ws/install/hb_task2a/share/hb_task2a
creating /home/vaishnavi/eyrc23_hb_1520/hb_task_2_ws/install/hb_task2a/share/hb_task2a/launch
copying launch/task2a.launch.py -> /home/vaishnavi/eyrc23_hb_1520/hb_task_2_ws/install/hb_task2a/share/hb_task2a/launch
creating /home/vaishnavi/eyrc23_hb_1520/hb_task_2_ws/install/hb_task2a/share/hb_task2a/scripts
running install_egg_info
Copying ../../../build/hb_task2a/hb_task2a.egg-info to /home/vaishnavi/eyrc23_hb_1520/hb_task_2_ws/install/hb_task2a/lib/python3.10/site-packages/hb_task2a-0.0.0-py3.10.egg-info
running install_scripts
Installing controller script to /home/vaishnavi/eyrc23_hb_1520/hb_task_2_ws/install/hb_task2a/lib/hb_task2a
Installing feedback script to /home/vaishnavi/eyrc23_hb_1520/hb_task_2_ws/install/hb_task2a/lib/hb_task2a
Installing service_node script to /home/vaishnavi/eyrc23_hb_1520/hb_task_2_ws/install/hb_task2a/lib/hb_task2a
writing list of installed files to '/home/vaishnavi/eyrc23_hb_1520/hb_task_2_ws/build/hb_task2a/install.log'
