[1.465s] Invoking command in '/home/vaishnavi/eyrc23_hb_1520/hb_task_2_ws/src/eYRC-2023_Hologlyph_Bots/hb_task2a': LD_LIBRARY_PATH=/home/vaishnavi/eyrc23_hb_1520/hb_task_2_ws/install/my_robot_interfaces/lib:/usr/lib/x86_64-linux-gnu/gazebo-11/plugins:/opt/ros/humble/opt/rviz_ogre_vendor/lib:/opt/ros/humble/lib/x86_64-linux-gnu:/opt/ros/humble/lib:/usr/share/gazebo-11/../../lib/x86_64-linux-gnu/gazebo-11/plugins PYTHONPATH=/home/vaishnavi/eyrc23_hb_1520/hb_task_2_ws/build/hb_task2a/prefix_override:/home/vaishnavi/eyrc23_hb_1520/hb_task_2_ws/install/hb_task2a/lib/python3.10/site-packages:${PYTHONPATH} /usr/bin/python3 setup.py egg_info --egg-base ../../../build/hb_task2a build --build-base /home/vaishnavi/eyrc23_hb_1520/hb_task_2_ws/build/hb_task2a/build install --record /home/vaishnavi/eyrc23_hb_1520/hb_task_2_ws/build/hb_task2a/install.log --single-version-externally-managed
[2.015s] running egg_info
[2.016s] creating ../../../build/hb_task2a/hb_task2a.egg-info
[2.017s] writing ../../../build/hb_task2a/hb_task2a.egg-info/PKG-INFO
[2.017s] writing dependency_links to ../../../build/hb_task2a/hb_task2a.egg-info/dependency_links.txt
[2.018s] writing entry points to ../../../build/hb_task2a/hb_task2a.egg-info/entry_points.txt
[2.018s] writing requirements to ../../../build/hb_task2a/hb_task2a.egg-info/requires.txt
[2.018s] writing top-level names to ../../../build/hb_task2a/hb_task2a.egg-info/top_level.txt
[2.018s] writing manifest file '../../../build/hb_task2a/hb_task2a.egg-info/SOURCES.txt'
[2.021s] reading manifest file '../../../build/hb_task2a/hb_task2a.egg-info/SOURCES.txt'
[2.022s] writing manifest file '../../../build/hb_task2a/hb_task2a.egg-info/SOURCES.txt'
[2.022s] running build
[2.023s] running build_py
[2.023s] creating /home/vaishnavi/eyrc23_hb_1520/hb_task_2_ws/build/hb_task2a/build
[2.023s] creating /home/vaishnavi/eyrc23_hb_1520/hb_task_2_ws/build/hb_task2a/build/lib
[2.023s] creating /home/vaishnavi/eyrc23_hb_1520/hb_task_2_ws/build/hb_task2a/build/lib/hb_task2a
[2.023s] copying hb_task2a/service_node.py -> /home/vaishnavi/eyrc23_hb_1520/hb_task_2_ws/build/hb_task2a/build/lib/hb_task2a
[2.023s] copying hb_task2a/controller.py -> /home/vaishnavi/eyrc23_hb_1520/hb_task_2_ws/build/hb_task2a/build/lib/hb_task2a
[2.023s] copying hb_task2a/__init__.py -> /home/vaishnavi/eyrc23_hb_1520/hb_task_2_ws/build/hb_task2a/build/lib/hb_task2a
[2.023s] copying hb_task2a/feedback.py -> /home/vaishnavi/eyrc23_hb_1520/hb_task_2_ws/build/hb_task2a/build/lib/hb_task2a
[2.024s] running install
[2.024s] running install_lib
[2.026s] creating /home/vaishnavi/eyrc23_hb_1520/hb_task_2_ws/install/hb_task2a/lib/python3.10/site-packages/hb_task2a
[2.026s] copying /home/vaishnavi/eyrc23_hb_1520/hb_task_2_ws/build/hb_task2a/build/lib/hb_task2a/service_node.py -> /home/vaishnavi/eyrc23_hb_1520/hb_task_2_ws/install/hb_task2a/lib/python3.10/site-packages/hb_task2a
[2.026s] copying /home/vaishnavi/eyrc23_hb_1520/hb_task_2_ws/build/hb_task2a/build/lib/hb_task2a/controller.py -> /home/vaishnavi/eyrc23_hb_1520/hb_task_2_ws/install/hb_task2a/lib/python3.10/site-packages/hb_task2a
[2.026s] copying /home/vaishnavi/eyrc23_hb_1520/hb_task_2_ws/build/hb_task2a/build/lib/hb_task2a/__init__.py -> /home/vaishnavi/eyrc23_hb_1520/hb_task_2_ws/install/hb_task2a/lib/python3.10/site-packages/hb_task2a
[2.026s] copying /home/vaishnavi/eyrc23_hb_1520/hb_task_2_ws/build/hb_task2a/build/lib/hb_task2a/feedback.py -> /home/vaishnavi/eyrc23_hb_1520/hb_task_2_ws/install/hb_task2a/lib/python3.10/site-packages/hb_task2a
[2.027s] byte-compiling /home/vaishnavi/eyrc23_hb_1520/hb_task_2_ws/install/hb_task2a/lib/python3.10/site-packages/hb_task2a/service_node.py to service_node.cpython-310.pyc
[2.030s] byte-compiling /home/vaishnavi/eyrc23_hb_1520/hb_task_2_ws/install/hb_task2a/lib/python3.10/site-packages/hb_task2a/controller.py to controller.cpython-310.pyc
[2.032s] byte-compiling /home/vaishnavi/eyrc23_hb_1520/hb_task_2_ws/install/hb_task2a/lib/python3.10/site-packages/hb_task2a/__init__.py to __init__.cpython-310.pyc
[2.032s] byte-compiling /home/vaishnavi/eyrc23_hb_1520/hb_task_2_ws/install/hb_task2a/lib/python3.10/site-packages/hb_task2a/feedback.py to feedback.cpython-310.pyc
[2.034s] running install_data
[2.035s] creating /home/vaishnavi/eyrc23_hb_1520/hb_task_2_ws/install/hb_task2a/share/ament_index
[2.035s] creating /home/vaishnavi/eyrc23_hb_1520/hb_task_2_ws/install/hb_task2a/share/ament_index/resource_index
[2.035s] creating /home/vaishnavi/eyrc23_hb_1520/hb_task_2_ws/install/hb_task2a/share/ament_index/resource_index/packages
[2.035s] copying resource/hb_task2a -> /home/vaishnavi/eyrc23_hb_1520/hb_task_2_ws/install/hb_task2a/share/ament_index/resource_index/packages
[2.036s] copying package.xml -> /home/vaishnavi/eyrc23_hb_1520/hb_task_2_ws/install/hb_task2a/share/hb_task2a
[2.036s] creating /home/vaishnavi/eyrc23_hb_1520/hb_task_2_ws/install/hb_task2a/share/hb_task2a/launch
[2.036s] copying launch/task2a.launch.py -> /home/vaishnavi/eyrc23_hb_1520/hb_task_2_ws/install/hb_task2a/share/hb_task2a/launch
[2.036s] creating /home/vaishnavi/eyrc23_hb_1520/hb_task_2_ws/install/hb_task2a/share/hb_task2a/scripts
[2.036s] running install_egg_info
[2.038s] Copying ../../../build/hb_task2a/hb_task2a.egg-info to /home/vaishnavi/eyrc23_hb_1520/hb_task_2_ws/install/hb_task2a/lib/python3.10/site-packages/hb_task2a-0.0.0-py3.10.egg-info
[2.040s] running install_scripts
[2.089s] Installing controller script to /home/vaishnavi/eyrc23_hb_1520/hb_task_2_ws/install/hb_task2a/lib/hb_task2a
[2.089s] Installing feedback script to /home/vaishnavi/eyrc23_hb_1520/hb_task_2_ws/install/hb_task2a/lib/hb_task2a
[2.089s] Installing service_node script to /home/vaishnavi/eyrc23_hb_1520/hb_task_2_ws/install/hb_task2a/lib/hb_task2a
[2.089s] writing list of installed files to '/home/vaishnavi/eyrc23_hb_1520/hb_task_2_ws/build/hb_task2a/install.log'
[2.140s] Invoked command in '/home/vaishnavi/eyrc23_hb_1520/hb_task_2_ws/src/eYRC-2023_Hologlyph_Bots/hb_task2a' returned '0': LD_LIBRARY_PATH=/home/vaishnavi/eyrc23_hb_1520/hb_task_2_ws/install/my_robot_interfaces/lib:/usr/lib/x86_64-linux-gnu/gazebo-11/plugins:/opt/ros/humble/opt/rviz_ogre_vendor/lib:/opt/ros/humble/lib/x86_64-linux-gnu:/opt/ros/humble/lib:/usr/share/gazebo-11/../../lib/x86_64-linux-gnu/gazebo-11/plugins PYTHONPATH=/home/vaishnavi/eyrc23_hb_1520/hb_task_2_ws/build/hb_task2a/prefix_override:/home/vaishnavi/eyrc23_hb_1520/hb_task_2_ws/install/hb_task2a/lib/python3.10/site-packages:${PYTHONPATH} /usr/bin/python3 setup.py egg_info --egg-base ../../../build/hb_task2a build --build-base /home/vaishnavi/eyrc23_hb_1520/hb_task_2_ws/build/hb_task2a/build install --record /home/vaishnavi/eyrc23_hb_1520/hb_task_2_ws/build/hb_task2a/install.log --single-version-externally-managed
