[0.078s] Invoking command in '/home/g10/eyrc_hb/hb_task1b_ws/build/my_robot_interfaces': CMAKE_PREFIX_PATH=${CMAKE_PREFIX_PATH}:/home/g10/eyrc_hb/hb_task1a_ws/install/hb_task_1a:/opt/ros/humble /usr/bin/cmake /home/g10/eyrc_hb/hb_task1b_ws/src/my_robot_interfaces -DAMENT_CMAKE_SYMLINK_INSTALL=1 -DCMAKE_INSTALL_PREFIX=/home/g10/eyrc_hb/hb_task1b_ws/install/my_robot_interfaces
[0.170s] -- The C compiler identification is GNU 11.4.0
[0.252s] -- The CXX compiler identification is GNU 11.4.0
[0.263s] -- Detecting C compiler ABI info
[0.338s] -- Detecting C compiler ABI info - done
[0.347s] -- Check for working C compiler: /usr/bin/cc - skipped
[0.348s] -- Detecting C compile features
[0.349s] -- Detecting C compile features - done
[0.353s] -- Detecting CXX compiler ABI info
[0.439s] -- Detecting CXX compiler ABI info - done
[0.449s] -- Check for working CXX compiler: /usr/bin/c++ - skipped
[0.449s] -- Detecting CXX compile features
[0.450s] -- Detecting CXX compile features - done
[0.455s] -- Found ament_cmake: 1.3.5 (/opt/ros/humble/share/ament_cmake/cmake)
[0.659s] -- Found Python3: /usr/bin/python3.10 (found version "3.10.12") found components: Interpreter 
[0.741s] -- Override CMake install command with custom implementation using symlinks instead of copying resources
[0.778s] -- Found rosidl_default_generators: 1.2.0 (/opt/ros/humble/share/rosidl_default_generators/cmake)
[0.783s] -- Using all available rosidl_typesupport_c: rosidl_typesupport_fastrtps_c;rosidl_typesupport_introspection_c
[0.791s] -- Found rosidl_adapter: 3.1.5 (/opt/ros/humble/share/rosidl_adapter/cmake)
[0.846s] -- Using all available rosidl_typesupport_cpp: rosidl_typesupport_fastrtps_cpp;rosidl_typesupport_introspection_cpp
[1.193s] -- Found ament_cmake_ros: 0.10.0 (/opt/ros/humble/share/ament_cmake_ros/cmake)
[1.463s] -- Using all available rosidl_typesupport_c: rosidl_typesupport_fastrtps_c;rosidl_typesupport_introspection_c
[1.819s] -- Using all available rosidl_typesupport_cpp: rosidl_typesupport_fastrtps_cpp;rosidl_typesupport_introspection_cpp
[1.845s] -- Found PythonInterp: /usr/bin/python3 (found suitable version "3.10.12", minimum required is "3.6") 
[1.847s] -- Found python_cmake_module: 0.10.0 (/opt/ros/humble/share/python_cmake_module/cmake)
[1.876s] -- Found PythonLibs: /usr/lib/x86_64-linux-gnu/libpython3.10.so (found suitable version "3.10.12", minimum required is "3.5") 
[1.877s] -- Using PYTHON_EXECUTABLE: /usr/bin/python3
[1.877s] -- Using PYTHON_INCLUDE_DIRS: /usr/include/python3.10
[1.877s] -- Using PYTHON_LIBRARIES: /usr/lib/x86_64-linux-gnu/libpython3.10.so
[1.906s] -- Found PythonExtra: .so  
[1.963s] -- Configuring done
[1.993s] -- Generating done
[1.995s] -- Build files have been written to: /home/g10/eyrc_hb/hb_task1b_ws/build/my_robot_interfaces
[2.005s] Invoked command in '/home/g10/eyrc_hb/hb_task1b_ws/build/my_robot_interfaces' returned '0': CMAKE_PREFIX_PATH=${CMAKE_PREFIX_PATH}:/home/g10/eyrc_hb/hb_task1a_ws/install/hb_task_1a:/opt/ros/humble /usr/bin/cmake /home/g10/eyrc_hb/hb_task1b_ws/src/my_robot_interfaces -DAMENT_CMAKE_SYMLINK_INSTALL=1 -DCMAKE_INSTALL_PREFIX=/home/g10/eyrc_hb/hb_task1b_ws/install/my_robot_interfaces
[2.006s] Invoking command in '/home/g10/eyrc_hb/hb_task1b_ws/build/my_robot_interfaces': CMAKE_PREFIX_PATH=${CMAKE_PREFIX_PATH}:/home/g10/eyrc_hb/hb_task1a_ws/install/hb_task_1a:/opt/ros/humble /usr/bin/cmake --build /home/g10/eyrc_hb/hb_task1b_ws/build/my_robot_interfaces -- -j20 -l20
[2.050s] [  3%] [34m[1mGenerating C code for ROS interfaces[0m
[2.062s] [  6%] [34m[1mGenerating C++ code for ROS interfaces[0m
[2.072s] [  6%] Built target ament_cmake_python_symlink_my_robot_interfaces
[2.347s] [  6%] Built target my_robot_interfaces__cpp
[2.348s] running egg_info
[2.349s] creating my_robot_interfaces.egg-info
[2.349s] writing my_robot_interfaces.egg-info/PKG-INFO
[2.349s] writing dependency_links to my_robot_interfaces.egg-info/dependency_links.txt
[2.349s] writing top-level names to my_robot_interfaces.egg-info/top_level.txt
[2.350s] writing manifest file 'my_robot_interfaces.egg-info/SOURCES.txt'
[2.351s] [  9%] [32mBuilding C object CMakeFiles/my_robot_interfaces__rosidl_generator_c.dir/rosidl_generator_c/my_robot_interfaces/srv/detail/next_goal__functions.c.o[0m
[2.352s] reading manifest file 'my_robot_interfaces.egg-info/SOURCES.txt'
[2.352s] writing manifest file 'my_robot_interfaces.egg-info/SOURCES.txt'
[2.358s] [ 12%] [34m[1mGenerating C++ introspection for ROS interfaces[0m
[2.358s] [ 16%] [34m[1mGenerating C++ type support dispatch for ROS interfaces[0m
[2.359s] [ 19%] [34m[1mGenerating C++ type support for eProsima Fast-RTPS[0m
[2.379s] [ 19%] Built target ament_cmake_python_build_my_robot_interfaces_egg
[2.427s] [ 22%] [32m[1mLinking C shared library libmy_robot_interfaces__rosidl_generator_c.so[0m
[2.465s] [ 22%] Built target my_robot_interfaces__rosidl_generator_c
[2.474s] [ 25%] [34m[1mGenerating C type support for eProsima Fast-RTPS[0m
[2.474s] [ 29%] [34m[1mGenerating C introspection for ROS interfaces[0m
[2.475s] [ 32%] [34m[1mGenerating C type support dispatch for ROS interfaces[0m
[2.600s] [ 35%] [32mBuilding CXX object CMakeFiles/my_robot_interfaces__rosidl_typesupport_cpp.dir/rosidl_typesupport_cpp/my_robot_interfaces/srv/next_goal__type_support.cpp.o[0m
[2.622s] [ 38%] [32mBuilding CXX object CMakeFiles/my_robot_interfaces__rosidl_typesupport_introspection_cpp.dir/rosidl_typesupport_introspection_cpp/my_robot_interfaces/srv/detail/next_goal__type_support.cpp.o[0m
[2.634s] [ 41%] [32mBuilding CXX object CMakeFiles/my_robot_interfaces__rosidl_typesupport_fastrtps_cpp.dir/rosidl_typesupport_fastrtps_cpp/my_robot_interfaces/srv/detail/dds_fastrtps/next_goal__type_support.cpp.o[0m
[2.724s] [ 45%] [32mBuilding CXX object CMakeFiles/my_robot_interfaces__rosidl_typesupport_c.dir/rosidl_typesupport_c/my_robot_interfaces/srv/next_goal__type_support.cpp.o[0m
[2.749s] [ 48%] [32mBuilding C object CMakeFiles/my_robot_interfaces__rosidl_typesupport_introspection_c.dir/rosidl_typesupport_introspection_c/my_robot_interfaces/srv/detail/next_goal__type_support.c.o[0m
[2.751s] [ 51%] [32mBuilding CXX object CMakeFiles/my_robot_interfaces__rosidl_typesupport_fastrtps_c.dir/rosidl_typesupport_fastrtps_c/my_robot_interfaces/srv/detail/next_goal__type_support_c.cpp.o[0m
[2.757s] [ 54%] [32m[1mLinking CXX shared library libmy_robot_interfaces__rosidl_typesupport_c.so[0m
[2.786s] [ 58%] [32m[1mLinking C shared library libmy_robot_interfaces__rosidl_typesupport_introspection_c.so[0m
[2.798s] [ 58%] Built target my_robot_interfaces__rosidl_typesupport_c
[2.815s] [ 58%] Built target my_robot_interfaces__rosidl_typesupport_introspection_c
[2.883s] [ 61%] [32m[1mLinking CXX shared library libmy_robot_interfaces__rosidl_typesupport_cpp.so[0m
[2.924s] [ 61%] Built target my_robot_interfaces__rosidl_typesupport_cpp
[2.999s] [ 64%] [32m[1mLinking CXX shared library libmy_robot_interfaces__rosidl_typesupport_introspection_cpp.so[0m
[3.031s] [ 67%] [32m[1mLinking CXX shared library libmy_robot_interfaces__rosidl_typesupport_fastrtps_cpp.so[0m
[3.041s] [ 67%] Built target my_robot_interfaces__rosidl_typesupport_introspection_cpp
[3.071s] [ 70%] [32m[1mLinking CXX shared library libmy_robot_interfaces__rosidl_typesupport_fastrtps_c.so[0m
[3.118s] [ 70%] Built target my_robot_interfaces__rosidl_typesupport_fastrtps_cpp
[3.170s] [ 70%] Built target my_robot_interfaces__rosidl_typesupport_fastrtps_c
[3.194s] [ 70%] Built target my_robot_interfaces
[3.217s] [ 74%] [34m[1mGenerating Python code for ROS interfaces[0m
[3.597s] [ 74%] Built target my_robot_interfaces__py
[3.617s] [ 77%] [32mBuilding C object CMakeFiles/my_robot_interfaces__rosidl_generator_py.dir/rosidl_generator_py/my_robot_interfaces/srv/_next_goal_s.c.o[0m
[3.775s] [ 80%] [32m[1mLinking C shared library rosidl_generator_py/my_robot_interfaces/libmy_robot_interfaces__rosidl_generator_py.so[0m
[3.834s] [ 80%] Built target my_robot_interfaces__rosidl_generator_py
[3.861s] [ 83%] [32mBuilding C object CMakeFiles/my_robot_interfaces__rosidl_typesupport_fastrtps_c__pyext.dir/rosidl_generator_py/my_robot_interfaces/_my_robot_interfaces_s.ep.rosidl_typesupport_fastrtps_c.c.o[0m
[3.862s] [ 87%] [32mBuilding C object CMakeFiles/my_robot_interfaces__rosidl_typesupport_introspection_c__pyext.dir/rosidl_generator_py/my_robot_interfaces/_my_robot_interfaces_s.ep.rosidl_typesupport_introspection_c.c.o[0m
[3.862s] [ 90%] [32mBuilding C object CMakeFiles/my_robot_interfaces__rosidl_typesupport_c__pyext.dir/rosidl_generator_py/my_robot_interfaces/_my_robot_interfaces_s.ep.rosidl_typesupport_c.c.o[0m
[3.957s] [ 96%] [32m[1mLinking C shared library rosidl_generator_py/my_robot_interfaces/my_robot_interfaces_s__rosidl_typesupport_c.cpython-310-x86_64-linux-gnu.so[0m
[3.957s] [ 96%] [32m[1mLinking C shared library rosidl_generator_py/my_robot_interfaces/my_robot_interfaces_s__rosidl_typesupport_introspection_c.cpython-310-x86_64-linux-gnu.so[0m
[3.957s] [100%] [32m[1mLinking C shared library rosidl_generator_py/my_robot_interfaces/my_robot_interfaces_s__rosidl_typesupport_fastrtps_c.cpython-310-x86_64-linux-gnu.so[0m
[3.990s] [100%] Built target my_robot_interfaces__rosidl_typesupport_c__pyext
[3.990s] [100%] Built target my_robot_interfaces__rosidl_typesupport_introspection_c__pyext
[3.991s] [100%] Built target my_robot_interfaces__rosidl_typesupport_fastrtps_c__pyext
[4.003s] Invoked command in '/home/g10/eyrc_hb/hb_task1b_ws/build/my_robot_interfaces' returned '0': CMAKE_PREFIX_PATH=${CMAKE_PREFIX_PATH}:/home/g10/eyrc_hb/hb_task1a_ws/install/hb_task_1a:/opt/ros/humble /usr/bin/cmake --build /home/g10/eyrc_hb/hb_task1b_ws/build/my_robot_interfaces -- -j20 -l20
[4.091s] Invoking command in '/home/g10/eyrc_hb/hb_task1b_ws/build/my_robot_interfaces': CMAKE_PREFIX_PATH=${CMAKE_PREFIX_PATH}:/home/g10/eyrc_hb/hb_task1a_ws/install/hb_task_1a:/opt/ros/humble /usr/bin/cmake --install /home/g10/eyrc_hb/hb_task1b_ws/build/my_robot_interfaces
[4.103s] -- Install configuration: ""
[4.104s] -- Execute custom install script
[4.105s] -- Symlinking: /home/g10/eyrc_hb/hb_task1b_ws/install/my_robot_interfaces/share/ament_index/resource_index/rosidl_interfaces/my_robot_interfaces
[4.115s] -- Symlinking: /home/g10/eyrc_hb/hb_task1b_ws/install/my_robot_interfaces/include/my_robot_interfaces/my_robot_interfaces/msg/rosidl_generator_c__visibility_control.h
[4.128s] -- Symlinking: /home/g10/eyrc_hb/hb_task1b_ws/install/my_robot_interfaces/include/my_robot_interfaces/my_robot_interfaces/srv/detail/next_goal__functions.h
[4.141s] -- Symlinking: /home/g10/eyrc_hb/hb_task1b_ws/install/my_robot_interfaces/include/my_robot_interfaces/my_robot_interfaces/srv/detail/next_goal__struct.h
[4.153s] -- Symlinking: /home/g10/eyrc_hb/hb_task1b_ws/install/my_robot_interfaces/include/my_robot_interfaces/my_robot_interfaces/srv/detail/next_goal__type_support.h
[4.169s] -- Symlinking: /home/g10/eyrc_hb/hb_task1b_ws/install/my_robot_interfaces/include/my_robot_interfaces/my_robot_interfaces/srv/next_goal.h
[4.179s] -- Symlinking: /home/g10/eyrc_hb/hb_task1b_ws/install/my_robot_interfaces/share/my_robot_interfaces/environment/library_path.sh
[4.191s] -- Symlinking: /home/g10/eyrc_hb/hb_task1b_ws/install/my_robot_interfaces/share/my_robot_interfaces/environment/library_path.dsv
[4.205s] -- Symlinking: /home/g10/eyrc_hb/hb_task1b_ws/install/my_robot_interfaces/include/my_robot_interfaces/my_robot_interfaces/msg/rosidl_typesupport_fastrtps_c__visibility_control.h
[4.215s] -- Symlinking: /home/g10/eyrc_hb/hb_task1b_ws/install/my_robot_interfaces/include/my_robot_interfaces/my_robot_interfaces/srv/detail/next_goal__rosidl_typesupport_fastrtps_c.h
[4.229s] -- Symlinking: /home/g10/eyrc_hb/hb_task1b_ws/install/my_robot_interfaces/include/my_robot_interfaces/my_robot_interfaces/msg/rosidl_typesupport_introspection_c__visibility_control.h
[4.242s] -- Symlinking: /home/g10/eyrc_hb/hb_task1b_ws/install/my_robot_interfaces/include/my_robot_interfaces/my_robot_interfaces/srv/detail/next_goal__rosidl_typesupport_introspection_c.h
[4.253s] -- Symlinking: /home/g10/eyrc_hb/hb_task1b_ws/install/my_robot_interfaces/include/my_robot_interfaces/my_robot_interfaces/srv/detail/next_goal__builder.hpp
[4.263s] -- Symlinking: /home/g10/eyrc_hb/hb_task1b_ws/install/my_robot_interfaces/include/my_robot_interfaces/my_robot_interfaces/srv/detail/next_goal__struct.hpp
[4.273s] -- Symlinking: /home/g10/eyrc_hb/hb_task1b_ws/install/my_robot_interfaces/include/my_robot_interfaces/my_robot_interfaces/srv/detail/next_goal__traits.hpp
[4.283s] -- Symlinking: /home/g10/eyrc_hb/hb_task1b_ws/install/my_robot_interfaces/include/my_robot_interfaces/my_robot_interfaces/srv/next_goal.hpp
[4.293s] -- Symlinking: /home/g10/eyrc_hb/hb_task1b_ws/install/my_robot_interfaces/include/my_robot_interfaces/my_robot_interfaces/msg/rosidl_typesupport_fastrtps_cpp__visibility_control.h
[4.304s] -- Symlinking: /home/g10/eyrc_hb/hb_task1b_ws/install/my_robot_interfaces/include/my_robot_interfaces/my_robot_interfaces/srv/detail/next_goal__rosidl_typesupport_fastrtps_cpp.hpp
[4.313s] -- Symlinking: /home/g10/eyrc_hb/hb_task1b_ws/install/my_robot_interfaces/include/my_robot_interfaces/my_robot_interfaces/srv/detail/next_goal__rosidl_typesupport_introspection_cpp.hpp
[4.323s] -- Symlinking: /home/g10/eyrc_hb/hb_task1b_ws/install/my_robot_interfaces/share/my_robot_interfaces/environment/pythonpath.sh
[4.333s] -- Symlinking: /home/g10/eyrc_hb/hb_task1b_ws/install/my_robot_interfaces/share/my_robot_interfaces/environment/pythonpath.dsv
[4.343s] -- Symlinking: /home/g10/eyrc_hb/hb_task1b_ws/install/my_robot_interfaces/local/lib/python3.10/dist-packages/my_robot_interfaces-0.0.0-py3.10.egg-info/PKG-INFO
[4.354s] -- Symlinking: /home/g10/eyrc_hb/hb_task1b_ws/install/my_robot_interfaces/local/lib/python3.10/dist-packages/my_robot_interfaces-0.0.0-py3.10.egg-info/SOURCES.txt
[4.364s] -- Symlinking: /home/g10/eyrc_hb/hb_task1b_ws/install/my_robot_interfaces/local/lib/python3.10/dist-packages/my_robot_interfaces-0.0.0-py3.10.egg-info/dependency_links.txt
[4.374s] -- Symlinking: /home/g10/eyrc_hb/hb_task1b_ws/install/my_robot_interfaces/local/lib/python3.10/dist-packages/my_robot_interfaces-0.0.0-py3.10.egg-info/top_level.txt
[4.385s] -- Symlinking: /home/g10/eyrc_hb/hb_task1b_ws/install/my_robot_interfaces/local/lib/python3.10/dist-packages/my_robot_interfaces/__init__.py
[4.400s] -- Symlinking: /home/g10/eyrc_hb/hb_task1b_ws/install/my_robot_interfaces/local/lib/python3.10/dist-packages/my_robot_interfaces/_my_robot_interfaces_s.ep.rosidl_typesupport_c.c
[4.411s] -- Symlinking: /home/g10/eyrc_hb/hb_task1b_ws/install/my_robot_interfaces/local/lib/python3.10/dist-packages/my_robot_interfaces/_my_robot_interfaces_s.ep.rosidl_typesupport_fastrtps_c.c
[4.423s] -- Symlinking: /home/g10/eyrc_hb/hb_task1b_ws/install/my_robot_interfaces/local/lib/python3.10/dist-packages/my_robot_interfaces/_my_robot_interfaces_s.ep.rosidl_typesupport_introspection_c.c
[4.437s] -- Symlinking: /home/g10/eyrc_hb/hb_task1b_ws/install/my_robot_interfaces/local/lib/python3.10/dist-packages/my_robot_interfaces/libmy_robot_interfaces__rosidl_generator_py.so
[4.448s] -- Symlinking: /home/g10/eyrc_hb/hb_task1b_ws/install/my_robot_interfaces/local/lib/python3.10/dist-packages/my_robot_interfaces/my_robot_interfaces_s__rosidl_typesupport_c.cpython-310-x86_64-linux-gnu.so
[4.463s] -- Symlinking: /home/g10/eyrc_hb/hb_task1b_ws/install/my_robot_interfaces/local/lib/python3.10/dist-packages/my_robot_interfaces/my_robot_interfaces_s__rosidl_typesupport_fastrtps_c.cpython-310-x86_64-linux-gnu.so
[4.475s] -- Symlinking: /home/g10/eyrc_hb/hb_task1b_ws/install/my_robot_interfaces/local/lib/python3.10/dist-packages/my_robot_interfaces/my_robot_interfaces_s__rosidl_typesupport_introspection_c.cpython-310-x86_64-linux-gnu.so
[4.485s] -- Symlinking: /home/g10/eyrc_hb/hb_task1b_ws/install/my_robot_interfaces/local/lib/python3.10/dist-packages/my_robot_interfaces/srv/__init__.py
[4.499s] -- Symlinking: /home/g10/eyrc_hb/hb_task1b_ws/install/my_robot_interfaces/local/lib/python3.10/dist-packages/my_robot_interfaces/srv/_next_goal.py
[4.510s] -- Symlinking: /home/g10/eyrc_hb/hb_task1b_ws/install/my_robot_interfaces/local/lib/python3.10/dist-packages/my_robot_interfaces/srv/_next_goal_s.c
[4.521s] -- Up-to-date symlink: /home/g10/eyrc_hb/hb_task1b_ws/install/my_robot_interfaces/local/lib/python3.10/dist-packages/my_robot_interfaces/my_robot_interfaces_s__rosidl_typesupport_fastrtps_c.cpython-310-x86_64-linux-gnu.so
[4.521s] -- Up-to-date symlink: /home/g10/eyrc_hb/hb_task1b_ws/install/my_robot_interfaces/local/lib/python3.10/dist-packages/my_robot_interfaces/my_robot_interfaces_s__rosidl_typesupport_introspection_c.cpython-310-x86_64-linux-gnu.so
[4.521s] -- Up-to-date symlink: /home/g10/eyrc_hb/hb_task1b_ws/install/my_robot_interfaces/local/lib/python3.10/dist-packages/my_robot_interfaces/my_robot_interfaces_s__rosidl_typesupport_c.cpython-310-x86_64-linux-gnu.so
[4.522s] -- Symlinking: /home/g10/eyrc_hb/hb_task1b_ws/install/my_robot_interfaces/share/my_robot_interfaces/srv/NextGoal.idl
[4.537s] -- Symlinking: /home/g10/eyrc_hb/hb_task1b_ws/install/my_robot_interfaces/share/my_robot_interfaces/srv/NextGoal.srv
[4.546s] -- Symlinking: /home/g10/eyrc_hb/hb_task1b_ws/install/my_robot_interfaces/share/my_robot_interfaces/srv/NextGoal_Request.msg
[4.557s] -- Symlinking: /home/g10/eyrc_hb/hb_task1b_ws/install/my_robot_interfaces/share/my_robot_interfaces/srv/NextGoal_Response.msg
[4.567s] -- Symlinking: /home/g10/eyrc_hb/hb_task1b_ws/install/my_robot_interfaces/share/ament_index/resource_index/package_run_dependencies/my_robot_interfaces
[4.577s] -- Symlinking: /home/g10/eyrc_hb/hb_task1b_ws/install/my_robot_interfaces/share/ament_index/resource_index/parent_prefix_path/my_robot_interfaces
[4.586s] -- Symlinking: /home/g10/eyrc_hb/hb_task1b_ws/install/my_robot_interfaces/share/my_robot_interfaces/environment/ament_prefix_path.sh
[4.596s] -- Symlinking: /home/g10/eyrc_hb/hb_task1b_ws/install/my_robot_interfaces/share/my_robot_interfaces/environment/ament_prefix_path.dsv
[4.606s] -- Symlinking: /home/g10/eyrc_hb/hb_task1b_ws/install/my_robot_interfaces/share/my_robot_interfaces/environment/path.sh
[4.616s] -- Symlinking: /home/g10/eyrc_hb/hb_task1b_ws/install/my_robot_interfaces/share/my_robot_interfaces/environment/path.dsv
[4.626s] -- Symlinking: /home/g10/eyrc_hb/hb_task1b_ws/install/my_robot_interfaces/share/my_robot_interfaces/local_setup.bash
[4.636s] -- Symlinking: /home/g10/eyrc_hb/hb_task1b_ws/install/my_robot_interfaces/share/my_robot_interfaces/local_setup.sh
[4.647s] -- Symlinking: /home/g10/eyrc_hb/hb_task1b_ws/install/my_robot_interfaces/share/my_robot_interfaces/local_setup.zsh
[4.658s] -- Symlinking: /home/g10/eyrc_hb/hb_task1b_ws/install/my_robot_interfaces/share/my_robot_interfaces/local_setup.dsv
[4.671s] -- Symlinking: /home/g10/eyrc_hb/hb_task1b_ws/install/my_robot_interfaces/share/my_robot_interfaces/package.dsv
[4.681s] -- Symlinking: /home/g10/eyrc_hb/hb_task1b_ws/install/my_robot_interfaces/share/ament_index/resource_index/packages/my_robot_interfaces
[4.693s] -- Symlinking: /home/g10/eyrc_hb/hb_task1b_ws/install/my_robot_interfaces/share/my_robot_interfaces/cmake/rosidl_cmake-extras.cmake
[4.707s] -- Symlinking: /home/g10/eyrc_hb/hb_task1b_ws/install/my_robot_interfaces/share/my_robot_interfaces/cmake/ament_cmake_export_include_directories-extras.cmake
[4.716s] -- Symlinking: /home/g10/eyrc_hb/hb_task1b_ws/install/my_robot_interfaces/share/my_robot_interfaces/cmake/ament_cmake_export_libraries-extras.cmake
[4.728s] -- Symlinking: /home/g10/eyrc_hb/hb_task1b_ws/install/my_robot_interfaces/share/my_robot_interfaces/cmake/ament_cmake_export_targets-extras.cmake
[4.740s] -- Symlinking: /home/g10/eyrc_hb/hb_task1b_ws/install/my_robot_interfaces/share/my_robot_interfaces/cmake/rosidl_cmake_export_typesupport_targets-extras.cmake
[4.751s] -- Symlinking: /home/g10/eyrc_hb/hb_task1b_ws/install/my_robot_interfaces/share/my_robot_interfaces/cmake/ament_cmake_export_dependencies-extras.cmake
[4.768s] -- Symlinking: /home/g10/eyrc_hb/hb_task1b_ws/install/my_robot_interfaces/share/my_robot_interfaces/cmake/rosidl_cmake_export_typesupport_libraries-extras.cmake
[4.778s] -- Symlinking: /home/g10/eyrc_hb/hb_task1b_ws/install/my_robot_interfaces/share/my_robot_interfaces/cmake/my_robot_interfacesConfig.cmake
[4.790s] -- Symlinking: /home/g10/eyrc_hb/hb_task1b_ws/install/my_robot_interfaces/share/my_robot_interfaces/cmake/my_robot_interfacesConfig-version.cmake
[4.804s] -- Symlinking: /home/g10/eyrc_hb/hb_task1b_ws/install/my_robot_interfaces/share/my_robot_interfaces/package.xml
[4.814s] -- Installing: /home/g10/eyrc_hb/hb_task1b_ws/install/my_robot_interfaces/lib/libmy_robot_interfaces__rosidl_generator_c.so
[4.814s] -- Set runtime path of "/home/g10/eyrc_hb/hb_task1b_ws/install/my_robot_interfaces/lib/libmy_robot_interfaces__rosidl_generator_c.so" to ""
[4.815s] -- Installing: /home/g10/eyrc_hb/hb_task1b_ws/install/my_robot_interfaces/lib/libmy_robot_interfaces__rosidl_typesupport_fastrtps_c.so
[4.815s] -- Set runtime path of "/home/g10/eyrc_hb/hb_task1b_ws/install/my_robot_interfaces/lib/libmy_robot_interfaces__rosidl_typesupport_fastrtps_c.so" to ""
[4.815s] -- Installing: /home/g10/eyrc_hb/hb_task1b_ws/install/my_robot_interfaces/lib/libmy_robot_interfaces__rosidl_typesupport_introspection_c.so
[4.815s] -- Set runtime path of "/home/g10/eyrc_hb/hb_task1b_ws/install/my_robot_interfaces/lib/libmy_robot_interfaces__rosidl_typesupport_introspection_c.so" to ""
[4.815s] -- Installing: /home/g10/eyrc_hb/hb_task1b_ws/install/my_robot_interfaces/lib/libmy_robot_interfaces__rosidl_typesupport_c.so
[4.816s] -- Set runtime path of "/home/g10/eyrc_hb/hb_task1b_ws/install/my_robot_interfaces/lib/libmy_robot_interfaces__rosidl_typesupport_c.so" to ""
[4.816s] -- Installing: /home/g10/eyrc_hb/hb_task1b_ws/install/my_robot_interfaces/lib/libmy_robot_interfaces__rosidl_typesupport_fastrtps_cpp.so
[4.817s] -- Set runtime path of "/home/g10/eyrc_hb/hb_task1b_ws/install/my_robot_interfaces/lib/libmy_robot_interfaces__rosidl_typesupport_fastrtps_cpp.so" to ""
[4.817s] -- Installing: /home/g10/eyrc_hb/hb_task1b_ws/install/my_robot_interfaces/lib/libmy_robot_interfaces__rosidl_typesupport_introspection_cpp.so
[4.817s] -- Set runtime path of "/home/g10/eyrc_hb/hb_task1b_ws/install/my_robot_interfaces/lib/libmy_robot_interfaces__rosidl_typesupport_introspection_cpp.so" to ""
[4.817s] -- Installing: /home/g10/eyrc_hb/hb_task1b_ws/install/my_robot_interfaces/lib/libmy_robot_interfaces__rosidl_typesupport_cpp.so
[4.817s] -- Set runtime path of "/home/g10/eyrc_hb/hb_task1b_ws/install/my_robot_interfaces/lib/libmy_robot_interfaces__rosidl_typesupport_cpp.so" to ""
[4.869s] Listing '/home/g10/eyrc_hb/hb_task1b_ws/install/my_robot_interfaces/local/lib/python3.10/dist-packages/my_robot_interfaces'...
[4.869s] Compiling '/home/g10/eyrc_hb/hb_task1b_ws/install/my_robot_interfaces/local/lib/python3.10/dist-packages/my_robot_interfaces/__init__.py'...
[4.869s] Listing '/home/g10/eyrc_hb/hb_task1b_ws/install/my_robot_interfaces/local/lib/python3.10/dist-packages/my_robot_interfaces/srv'...
[4.869s] Compiling '/home/g10/eyrc_hb/hb_task1b_ws/install/my_robot_interfaces/local/lib/python3.10/dist-packages/my_robot_interfaces/srv/__init__.py'...
[4.869s] Compiling '/home/g10/eyrc_hb/hb_task1b_ws/install/my_robot_interfaces/local/lib/python3.10/dist-packages/my_robot_interfaces/srv/_next_goal.py'...
[4.874s] -- Installing: /home/g10/eyrc_hb/hb_task1b_ws/install/my_robot_interfaces/lib/libmy_robot_interfaces__rosidl_generator_py.so
[4.874s] -- Set runtime path of "/home/g10/eyrc_hb/hb_task1b_ws/install/my_robot_interfaces/lib/libmy_robot_interfaces__rosidl_generator_py.so" to ""
[4.875s] -- Installing: /home/g10/eyrc_hb/hb_task1b_ws/install/my_robot_interfaces/share/my_robot_interfaces/cmake/export_my_robot_interfaces__rosidl_generator_cExport.cmake
[4.875s] -- Installing: /home/g10/eyrc_hb/hb_task1b_ws/install/my_robot_interfaces/share/my_robot_interfaces/cmake/export_my_robot_interfaces__rosidl_generator_cExport-noconfig.cmake
[4.875s] -- Installing: /home/g10/eyrc_hb/hb_task1b_ws/install/my_robot_interfaces/share/my_robot_interfaces/cmake/export_my_robot_interfaces__rosidl_typesupport_fastrtps_cExport.cmake
[4.875s] -- Installing: /home/g10/eyrc_hb/hb_task1b_ws/install/my_robot_interfaces/share/my_robot_interfaces/cmake/export_my_robot_interfaces__rosidl_typesupport_fastrtps_cExport-noconfig.cmake
[4.875s] -- Installing: /home/g10/eyrc_hb/hb_task1b_ws/install/my_robot_interfaces/share/my_robot_interfaces/cmake/my_robot_interfaces__rosidl_typesupport_introspection_cExport.cmake
[4.875s] -- Installing: /home/g10/eyrc_hb/hb_task1b_ws/install/my_robot_interfaces/share/my_robot_interfaces/cmake/my_robot_interfaces__rosidl_typesupport_introspection_cExport-noconfig.cmake
[4.875s] -- Installing: /home/g10/eyrc_hb/hb_task1b_ws/install/my_robot_interfaces/share/my_robot_interfaces/cmake/my_robot_interfaces__rosidl_typesupport_cExport.cmake
[4.875s] -- Installing: /home/g10/eyrc_hb/hb_task1b_ws/install/my_robot_interfaces/share/my_robot_interfaces/cmake/my_robot_interfaces__rosidl_typesupport_cExport-noconfig.cmake
[4.875s] -- Installing: /home/g10/eyrc_hb/hb_task1b_ws/install/my_robot_interfaces/share/my_robot_interfaces/cmake/export_my_robot_interfaces__rosidl_generator_cppExport.cmake
[4.875s] -- Installing: /home/g10/eyrc_hb/hb_task1b_ws/install/my_robot_interfaces/share/my_robot_interfaces/cmake/export_my_robot_interfaces__rosidl_typesupport_fastrtps_cppExport.cmake
[4.875s] -- Installing: /home/g10/eyrc_hb/hb_task1b_ws/install/my_robot_interfaces/share/my_robot_interfaces/cmake/export_my_robot_interfaces__rosidl_typesupport_fastrtps_cppExport-noconfig.cmake
[4.875s] -- Installing: /home/g10/eyrc_hb/hb_task1b_ws/install/my_robot_interfaces/share/my_robot_interfaces/cmake/my_robot_interfaces__rosidl_typesupport_introspection_cppExport.cmake
[4.876s] -- Installing: /home/g10/eyrc_hb/hb_task1b_ws/install/my_robot_interfaces/share/my_robot_interfaces/cmake/my_robot_interfaces__rosidl_typesupport_introspection_cppExport-noconfig.cmake
[4.876s] -- Installing: /home/g10/eyrc_hb/hb_task1b_ws/install/my_robot_interfaces/share/my_robot_interfaces/cmake/my_robot_interfaces__rosidl_typesupport_cppExport.cmake
[4.876s] -- Installing: /home/g10/eyrc_hb/hb_task1b_ws/install/my_robot_interfaces/share/my_robot_interfaces/cmake/my_robot_interfaces__rosidl_typesupport_cppExport-noconfig.cmake
[4.876s] -- Installing: /home/g10/eyrc_hb/hb_task1b_ws/install/my_robot_interfaces/share/my_robot_interfaces/cmake/export_my_robot_interfaces__rosidl_generator_pyExport.cmake
[4.876s] -- Installing: /home/g10/eyrc_hb/hb_task1b_ws/install/my_robot_interfaces/share/my_robot_interfaces/cmake/export_my_robot_interfaces__rosidl_generator_pyExport-noconfig.cmake
[4.879s] Invoked command in '/home/g10/eyrc_hb/hb_task1b_ws/build/my_robot_interfaces' returned '0': CMAKE_PREFIX_PATH=${CMAKE_PREFIX_PATH}:/home/g10/eyrc_hb/hb_task1a_ws/install/hb_task_1a:/opt/ros/humble /usr/bin/cmake --install /home/g10/eyrc_hb/hb_task1b_ws/build/my_robot_interfaces
