running egg_info
creating ../../build/hb_task_1a/hb_task_1a.egg-info
writing ../../build/hb_task_1a/hb_task_1a.egg-info/PKG-INFO
writing dependency_links to ../../build/hb_task_1a/hb_task_1a.egg-info/dependency_links.txt
writing entry points to ../../build/hb_task_1a/hb_task_1a.egg-info/entry_points.txt
writing requirements to ../../build/hb_task_1a/hb_task_1a.egg-info/requires.txt
writing top-level names to ../../build/hb_task_1a/hb_task_1a.egg-info/top_level.txt
writing manifest file '../../build/hb_task_1a/hb_task_1a.egg-info/SOURCES.txt'
reading manifest file '../../build/hb_task_1a/hb_task_1a.egg-info/SOURCES.txt'
writing manifest file '../../build/hb_task_1a/hb_task_1a.egg-info/SOURCES.txt'
running build
running build_py
creating /home/g10/eyrc_hb/hb_task1a_ws/build/hb_task_1a/build
creating /home/g10/eyrc_hb/hb_task1a_ws/build/hb_task_1a/build/lib
creating /home/g10/eyrc_hb/hb_task1a_ws/build/hb_task_1a/build/lib/hb_task_1a
copying hb_task_1a/task_1a_1520.py -> /home/g10/eyrc_hb/hb_task1a_ws/build/hb_task_1a/build/lib/hb_task_1a
copying hb_task_1a/__init__.py -> /home/g10/eyrc_hb/hb_task1a_ws/build/hb_task_1a/build/lib/hb_task_1a
running install
running install_lib
creating /home/g10/eyrc_hb/hb_task1a_ws/install/hb_task_1a/lib/python3.10/site-packages/hb_task_1a
copying /home/g10/eyrc_hb/hb_task1a_ws/build/hb_task_1a/build/lib/hb_task_1a/task_1a_1520.py -> /home/g10/eyrc_hb/hb_task1a_ws/install/hb_task_1a/lib/python3.10/site-packages/hb_task_1a
copying /home/g10/eyrc_hb/hb_task1a_ws/build/hb_task_1a/build/lib/hb_task_1a/__init__.py -> /home/g10/eyrc_hb/hb_task1a_ws/install/hb_task_1a/lib/python3.10/site-packages/hb_task_1a
byte-compiling /home/g10/eyrc_hb/hb_task1a_ws/install/hb_task_1a/lib/python3.10/site-packages/hb_task_1a/task_1a_1520.py to task_1a_1520.cpython-310.pyc
byte-compiling /home/g10/eyrc_hb/hb_task1a_ws/install/hb_task_1a/lib/python3.10/site-packages/hb_task_1a/__init__.py to __init__.cpython-310.pyc
running install_data
creating /home/g10/eyrc_hb/hb_task1a_ws/install/hb_task_1a/share/ament_index
creating /home/g10/eyrc_hb/hb_task1a_ws/install/hb_task_1a/share/ament_index/resource_index
creating /home/g10/eyrc_hb/hb_task1a_ws/install/hb_task_1a/share/ament_index/resource_index/packages
copying resource/hb_task_1a -> /home/g10/eyrc_hb/hb_task1a_ws/install/hb_task_1a/share/ament_index/resource_index/packages
copying package.xml -> /home/g10/eyrc_hb/hb_task1a_ws/install/hb_task_1a/share/hb_task_1a
running install_egg_info
Copying ../../build/hb_task_1a/hb_task_1a.egg-info to /home/g10/eyrc_hb/hb_task1a_ws/install/hb_task_1a/lib/python3.10/site-packages/hb_task_1a-0.0.0-py3.10.egg-info
running install_scripts
Installing SnowMan_1520_executable_node script to /home/g10/eyrc_hb/hb_task1a_ws/install/hb_task_1a/lib/hb_task_1a
writing list of installed files to '/home/g10/eyrc_hb/hb_task1a_ws/build/hb_task_1a/install.log'
