[0.362s] Invoking command in '/home/g10/eyrc_hb/hb_task1a_ws/src/hb_task_1a': PYTHONPATH=/home/g10/eyrc_hb/hb_task1a_ws/build/hb_task_1a/prefix_override:/home/g10/eyrc_hb/hb_task1a_ws/install/hb_task_1a/lib/python3.10/site-packages:${PYTHONPATH} /usr/bin/python3 setup.py egg_info --egg-base ../../build/hb_task_1a build --build-base /home/g10/eyrc_hb/hb_task1a_ws/build/hb_task_1a/build install --record /home/g10/eyrc_hb/hb_task1a_ws/build/hb_task_1a/install.log --single-version-externally-managed
[0.478s] running egg_info
[0.478s] creating ../../build/hb_task_1a/hb_task_1a.egg-info
[0.478s] writing ../../build/hb_task_1a/hb_task_1a.egg-info/PKG-INFO
[0.478s] writing dependency_links to ../../build/hb_task_1a/hb_task_1a.egg-info/dependency_links.txt
[0.478s] writing entry points to ../../build/hb_task_1a/hb_task_1a.egg-info/entry_points.txt
[0.478s] writing requirements to ../../build/hb_task_1a/hb_task_1a.egg-info/requires.txt
[0.478s] writing top-level names to ../../build/hb_task_1a/hb_task_1a.egg-info/top_level.txt
[0.478s] writing manifest file '../../build/hb_task_1a/hb_task_1a.egg-info/SOURCES.txt'
[0.479s] reading manifest file '../../build/hb_task_1a/hb_task_1a.egg-info/SOURCES.txt'
[0.479s] writing manifest file '../../build/hb_task_1a/hb_task_1a.egg-info/SOURCES.txt'
[0.480s] running build
[0.480s] running build_py
[0.480s] creating /home/g10/eyrc_hb/hb_task1a_ws/build/hb_task_1a/build
[0.480s] creating /home/g10/eyrc_hb/hb_task1a_ws/build/hb_task_1a/build/lib
[0.480s] creating /home/g10/eyrc_hb/hb_task1a_ws/build/hb_task_1a/build/lib/hb_task_1a
[0.480s] copying hb_task_1a/__init__.py -> /home/g10/eyrc_hb/hb_task1a_ws/build/hb_task_1a/build/lib/hb_task_1a
[0.480s] running install
[0.480s] /usr/lib/python3/dist-packages/setuptools/command/install.py:34: SetuptoolsDeprecationWarning: setup.py install is deprecated. Use build and pip and other standards-based tools.
[0.480s]   warnings.warn(
[0.480s] running install_lib
[0.480s] creating /home/g10/eyrc_hb/hb_task1a_ws/install/hb_task_1a/lib/python3.10/site-packages/hb_task_1a
[0.480s] copying /home/g10/eyrc_hb/hb_task1a_ws/build/hb_task_1a/build/lib/hb_task_1a/__init__.py -> /home/g10/eyrc_hb/hb_task1a_ws/install/hb_task_1a/lib/python3.10/site-packages/hb_task_1a
[0.480s] byte-compiling /home/g10/eyrc_hb/hb_task1a_ws/install/hb_task_1a/lib/python3.10/site-packages/hb_task_1a/__init__.py to __init__.cpython-310.pyc
[0.480s] running install_data
[0.481s] creating /home/g10/eyrc_hb/hb_task1a_ws/install/hb_task_1a/share/ament_index
[0.481s] creating /home/g10/eyrc_hb/hb_task1a_ws/install/hb_task_1a/share/ament_index/resource_index
[0.481s] creating /home/g10/eyrc_hb/hb_task1a_ws/install/hb_task_1a/share/ament_index/resource_index/packages
[0.481s] copying resource/hb_task_1a -> /home/g10/eyrc_hb/hb_task1a_ws/install/hb_task_1a/share/ament_index/resource_index/packages
[0.481s] copying package.xml -> /home/g10/eyrc_hb/hb_task1a_ws/install/hb_task_1a/share/hb_task_1a
[0.481s] running install_egg_info
[0.482s] Copying ../../build/hb_task_1a/hb_task_1a.egg-info to /home/g10/eyrc_hb/hb_task1a_ws/install/hb_task_1a/lib/python3.10/site-packages/hb_task_1a-0.0.0-py3.10.egg-info
[0.482s] running install_scripts
[0.494s] writing list of installed files to '/home/g10/eyrc_hb/hb_task1a_ws/build/hb_task_1a/install.log'
[0.505s] Invoked command in '/home/g10/eyrc_hb/hb_task1a_ws/src/hb_task_1a' returned '0': PYTHONPATH=/home/g10/eyrc_hb/hb_task1a_ws/build/hb_task_1a/prefix_override:/home/g10/eyrc_hb/hb_task1a_ws/install/hb_task_1a/lib/python3.10/site-packages:${PYTHONPATH} /usr/bin/python3 setup.py egg_info --egg-base ../../build/hb_task_1a build --build-base /home/g10/eyrc_hb/hb_task1a_ws/build/hb_task_1a/build install --record /home/g10/eyrc_hb/hb_task1a_ws/build/hb_task_1a/install.log --single-version-externally-managed
