[0.377s] Invoking command in '/home/g10/eyrc_hb/hb_task1b_ws/build/hb_task_1b': AMENT_PREFIX_PATH=/home/g10/eyrc_hb/hb_task1b_ws/install/my_robot_interfaces:${AMENT_PREFIX_PATH} CMAKE_PREFIX_PATH=/home/g10/eyrc_hb/hb_task1b_ws/install/my_robot_interfaces:${CMAKE_PREFIX_PATH} LD_LIBRARY_PATH=/home/g10/eyrc_hb/hb_task1b_ws/install/my_robot_interfaces/lib:${LD_LIBRARY_PATH} PYTHONPATH=/home/g10/eyrc_hb/hb_task1b_ws/build/hb_task_1b/prefix_override:/home/g10/eyrc_hb/hb_task1b_ws/install/hb_task_1b/lib/python3.10/site-packages:/home/g10/eyrc_hb/hb_task1b_ws/install/my_robot_interfaces/local/lib/python3.10/dist-packages:${PYTHONPATH} /usr/bin/python3 setup.py develop --editable --build-directory /home/g10/eyrc_hb/hb_task1b_ws/build/hb_task_1b/build --no-deps install_data
[0.516s] running develop
[0.599s] running egg_info
[0.600s] creating hb_task_1b.egg-info
[0.600s] writing hb_task_1b.egg-info/PKG-INFO
[0.600s] writing dependency_links to hb_task_1b.egg-info/dependency_links.txt
[0.600s] writing entry points to hb_task_1b.egg-info/entry_points.txt
[0.600s] writing requirements to hb_task_1b.egg-info/requires.txt
[0.600s] writing top-level names to hb_task_1b.egg-info/top_level.txt
[0.600s] writing manifest file 'hb_task_1b.egg-info/SOURCES.txt'
[0.601s] reading manifest file 'hb_task_1b.egg-info/SOURCES.txt'
[0.601s] writing manifest file 'hb_task_1b.egg-info/SOURCES.txt'
[0.602s] running build_ext
[0.602s] Creating /home/g10/eyrc_hb/hb_task1b_ws/install/hb_task_1b/lib/python3.10/site-packages/hb-task-1b.egg-link (link to .)
[0.602s] Installing controller_node script to /home/g10/eyrc_hb/hb_task1b_ws/install/hb_task_1b/lib/hb_task_1b
[0.602s] Installing service_node script to /home/g10/eyrc_hb/hb_task1b_ws/install/hb_task_1b/lib/hb_task_1b
[0.603s] 
[0.603s] Installed /home/g10/eyrc_hb/hb_task1b_ws/build/hb_task_1b
[0.603s] running install_data
[0.603s] creating /home/g10/eyrc_hb/hb_task1b_ws/install/hb_task_1b/share/ament_index
[0.603s] creating /home/g10/eyrc_hb/hb_task1b_ws/install/hb_task_1b/share/ament_index/resource_index
[0.603s] creating /home/g10/eyrc_hb/hb_task1b_ws/install/hb_task_1b/share/ament_index/resource_index/packages
[0.603s] copying resource/hb_task_1b -> /home/g10/eyrc_hb/hb_task1b_ws/install/hb_task_1b/share/ament_index/resource_index/packages
[0.603s] copying package.xml -> /home/g10/eyrc_hb/hb_task1b_ws/install/hb_task_1b/share/hb_task_1b
[0.603s] creating /home/g10/eyrc_hb/hb_task1b_ws/install/hb_task_1b/share/hb_task_1b/launch
[0.603s] copying launch/gazebo.launch.py -> /home/g10/eyrc_hb/hb_task1b_ws/install/hb_task_1b/share/hb_task_1b/launch
[0.603s] copying launch/hb_task1b.launch.py -> /home/g10/eyrc_hb/hb_task1b_ws/install/hb_task_1b/share/hb_task_1b/launch
[0.603s] creating /home/g10/eyrc_hb/hb_task1b_ws/install/hb_task_1b/share/hb_task_1b/urdf
[0.603s] copying urdf/hb_bot.urdf.xacro -> /home/g10/eyrc_hb/hb_task1b_ws/install/hb_task_1b/share/hb_task_1b/urdf
[0.603s] copying urdf/materials.xacro -> /home/g10/eyrc_hb/hb_task1b_ws/install/hb_task_1b/share/hb_task_1b/urdf
[0.603s] creating /home/g10/eyrc_hb/hb_task1b_ws/install/hb_task_1b/share/hb_task_1b/meshes
[0.603s] copying meshes/wheel.stl -> /home/g10/eyrc_hb/hb_task1b_ws/install/hb_task_1b/share/hb_task_1b/meshes
[0.605s] copying meshes/base.dae -> /home/g10/eyrc_hb/hb_task1b_ws/install/hb_task_1b/share/hb_task_1b/meshes
[0.606s] copying meshes/17eyantra_logo_large e.png -> /home/g10/eyrc_hb/hb_task1b_ws/install/hb_task_1b/share/hb_task_1b/meshes
[0.606s] creating /home/g10/eyrc_hb/hb_task1b_ws/install/hb_task_1b/share/hb_task_1b/config
[0.606s] creating /home/g10/eyrc_hb/hb_task1b_ws/install/hb_task_1b/share/hb_task_1b/worlds
[0.606s] copying worlds/gazebo.world -> /home/g10/eyrc_hb/hb_task1b_ws/install/hb_task_1b/share/hb_task_1b/worlds
[0.621s] Invoked command in '/home/g10/eyrc_hb/hb_task1b_ws/build/hb_task_1b' returned '0': AMENT_PREFIX_PATH=/home/g10/eyrc_hb/hb_task1b_ws/install/my_robot_interfaces:${AMENT_PREFIX_PATH} CMAKE_PREFIX_PATH=/home/g10/eyrc_hb/hb_task1b_ws/install/my_robot_interfaces:${CMAKE_PREFIX_PATH} LD_LIBRARY_PATH=/home/g10/eyrc_hb/hb_task1b_ws/install/my_robot_interfaces/lib:${LD_LIBRARY_PATH} PYTHONPATH=/home/g10/eyrc_hb/hb_task1b_ws/build/hb_task_1b/prefix_override:/home/g10/eyrc_hb/hb_task1b_ws/install/hb_task_1b/lib/python3.10/site-packages:/home/g10/eyrc_hb/hb_task1b_ws/install/my_robot_interfaces/local/lib/python3.10/dist-packages:${PYTHONPATH} /usr/bin/python3 setup.py develop --editable --build-directory /home/g10/eyrc_hb/hb_task1b_ws/build/hb_task_1b/build --no-deps install_data
