[1.892s] DEBUG:colcon:Command line arguments: ['/usr/bin/colcon', 'build']
[1.892s] DEBUG:colcon:Parsed command line arguments: Namespace(log_base=None, log_level=None, verb_name='build', build_base='build', install_base='install', merge_install=False, symlink_install=False, test_result_base=None, continue_on_error=False, executor='parallel', parallel_workers=8, event_handlers=None, ignore_user_meta=False, metas=['./colcon.meta'], base_paths=['.'], packages_ignore=None, packages_ignore_regex=None, paths=None, packages_up_to=None, packages_up_to_regex=None, packages_above=None, packages_above_and_dependencies=None, packages_above_depth=None, packages_select_by_dep=None, packages_skip_by_dep=None, packages_skip_up_to=None, packages_select_build_failed=False, packages_skip_build_finished=False, packages_select_test_failures=False, packages_skip_test_passed=False, packages_select=None, packages_skip=None, packages_select_regex=None, packages_skip_regex=None, packages_start=None, packages_end=None, allow_overriding=[], cmake_args=None, cmake_target=None, cmake_target_skip_unavailable=False, cmake_clean_cache=False, cmake_clean_first=False, cmake_force_configure=False, ament_cmake_args=None, catkin_cmake_args=None, catkin_skip_building_tests=False, verb_parser=<colcon_defaults.argument_parser.defaults.DefaultArgumentsDecorator object at 0x7fae1b8c3670>, verb_extension=<colcon_core.verb.build.BuildVerb object at 0x7fae1b8c2140>, main=<bound method BuildVerb.main of <colcon_core.verb.build.BuildVerb object at 0x7fae1b8c2140>>)
[1.975s] Level 1:colcon.colcon_core.package_discovery:discover_packages(colcon_meta) check parameters
[1.975s] Level 1:colcon.colcon_core.package_discovery:discover_packages(recursive) check parameters
[1.975s] Level 1:colcon.colcon_core.package_discovery:discover_packages(ignore) check parameters
[1.975s] Level 1:colcon.colcon_core.package_discovery:discover_packages(path) check parameters
[1.975s] Level 1:colcon.colcon_core.package_discovery:discover_packages(colcon_meta) discover
[1.975s] Level 1:colcon.colcon_core.package_discovery:discover_packages(recursive) discover
[1.975s] INFO:colcon.colcon_core.package_discovery:Crawling recursively for packages in '/home/vaishnavi/eyrc23_hb_1520/hb_task_1_ws/hb_task1a_ws'
[1.976s] Level 1:colcon.colcon_core.package_identification:_identify(.) by extensions ['ignore', 'ignore_ament_install']
[1.976s] Level 1:colcon.colcon_core.package_identification:_identify(.) by extension 'ignore'
[1.976s] Level 1:colcon.colcon_core.package_identification:_identify(.) by extension 'ignore_ament_install'
[1.976s] Level 1:colcon.colcon_core.package_identification:_identify(.) by extensions ['colcon_pkg']
[1.976s] Level 1:colcon.colcon_core.package_identification:_identify(.) by extension 'colcon_pkg'
[1.976s] Level 1:colcon.colcon_core.package_identification:_identify(.) by extensions ['colcon_meta']
[1.976s] Level 1:colcon.colcon_core.package_identification:_identify(.) by extension 'colcon_meta'
[1.976s] Level 1:colcon.colcon_core.package_identification:_identify(.) by extensions ['ros']
[1.976s] Level 1:colcon.colcon_core.package_identification:_identify(.) by extension 'ros'
[1.996s] Level 1:colcon.colcon_core.package_identification:_identify(.) by extensions ['cmake', 'python']
[1.996s] Level 1:colcon.colcon_core.package_identification:_identify(.) by extension 'cmake'
[1.996s] Level 1:colcon.colcon_core.package_identification:_identify(.) by extension 'python'
[1.996s] Level 1:colcon.colcon_core.package_identification:_identify(.) by extensions ['python_setup_py']
[1.996s] Level 1:colcon.colcon_core.package_identification:_identify(.) by extension 'python_setup_py'
[1.996s] Level 1:colcon.colcon_core.package_identification:_identify(build) by extensions ['ignore', 'ignore_ament_install']
[1.996s] Level 1:colcon.colcon_core.package_identification:_identify(build) by extension 'ignore'
[1.996s] Level 1:colcon.colcon_core.package_identification:_identify(build) ignored
[1.996s] Level 1:colcon.colcon_core.package_identification:_identify(install) by extensions ['ignore', 'ignore_ament_install']
[1.997s] Level 1:colcon.colcon_core.package_identification:_identify(install) by extension 'ignore'
[1.997s] Level 1:colcon.colcon_core.package_identification:_identify(install) ignored
[1.997s] Level 1:colcon.colcon_core.package_identification:_identify(log) by extensions ['ignore', 'ignore_ament_install']
[1.997s] Level 1:colcon.colcon_core.package_identification:_identify(log) by extension 'ignore'
[1.997s] Level 1:colcon.colcon_core.package_identification:_identify(log) ignored
[1.997s] Level 1:colcon.colcon_core.package_identification:_identify(src) by extensions ['ignore', 'ignore_ament_install']
[1.997s] Level 1:colcon.colcon_core.package_identification:_identify(src) by extension 'ignore'
[1.997s] Level 1:colcon.colcon_core.package_identification:_identify(src) by extension 'ignore_ament_install'
[1.997s] Level 1:colcon.colcon_core.package_identification:_identify(src) by extensions ['colcon_pkg']
[1.997s] Level 1:colcon.colcon_core.package_identification:_identify(src) by extension 'colcon_pkg'
[1.997s] Level 1:colcon.colcon_core.package_identification:_identify(src) by extensions ['colcon_meta']
[1.998s] Level 1:colcon.colcon_core.package_identification:_identify(src) by extension 'colcon_meta'
[1.998s] Level 1:colcon.colcon_core.package_identification:_identify(src) by extensions ['ros']
[1.998s] Level 1:colcon.colcon_core.package_identification:_identify(src) by extension 'ros'
[1.998s] Level 1:colcon.colcon_core.package_identification:_identify(src) by extensions ['cmake', 'python']
[1.998s] Level 1:colcon.colcon_core.package_identification:_identify(src) by extension 'cmake'
[1.998s] Level 1:colcon.colcon_core.package_identification:_identify(src) by extension 'python'
[1.998s] Level 1:colcon.colcon_core.package_identification:_identify(src) by extensions ['python_setup_py']
[1.998s] Level 1:colcon.colcon_core.package_identification:_identify(src) by extension 'python_setup_py'
[1.998s] Level 1:colcon.colcon_core.package_identification:_identify(src/hb_task_1a) by extensions ['ignore', 'ignore_ament_install']
[1.998s] Level 1:colcon.colcon_core.package_identification:_identify(src/hb_task_1a) by extension 'ignore'
[1.998s] Level 1:colcon.colcon_core.package_identification:_identify(src/hb_task_1a) by extension 'ignore_ament_install'
[1.998s] Level 1:colcon.colcon_core.package_identification:_identify(src/hb_task_1a) by extensions ['colcon_pkg']
[1.998s] Level 1:colcon.colcon_core.package_identification:_identify(src/hb_task_1a) by extension 'colcon_pkg'
[1.999s] Level 1:colcon.colcon_core.package_identification:_identify(src/hb_task_1a) by extensions ['colcon_meta']
[1.999s] Level 1:colcon.colcon_core.package_identification:_identify(src/hb_task_1a) by extension 'colcon_meta'
[1.999s] Level 1:colcon.colcon_core.package_identification:_identify(src/hb_task_1a) by extensions ['ros']
[1.999s] Level 1:colcon.colcon_core.package_identification:_identify(src/hb_task_1a) by extension 'ros'
[2.040s] DEBUG:colcon.colcon_core.package_identification:Package 'src/hb_task_1a' with type 'ros.ament_python' and name 'hb_task_1a'
[2.040s] Level 1:colcon.colcon_core.package_identification:_identify(src/ros_tutorials) by extensions ['ignore', 'ignore_ament_install']
[2.040s] Level 1:colcon.colcon_core.package_identification:_identify(src/ros_tutorials) by extension 'ignore'
[2.040s] Level 1:colcon.colcon_core.package_identification:_identify(src/ros_tutorials) by extension 'ignore_ament_install'
[2.041s] Level 1:colcon.colcon_core.package_identification:_identify(src/ros_tutorials) by extensions ['colcon_pkg']
[2.041s] Level 1:colcon.colcon_core.package_identification:_identify(src/ros_tutorials) by extension 'colcon_pkg'
[2.041s] Level 1:colcon.colcon_core.package_identification:_identify(src/ros_tutorials) by extensions ['colcon_meta']
[2.041s] Level 1:colcon.colcon_core.package_identification:_identify(src/ros_tutorials) by extension 'colcon_meta'
[2.041s] Level 1:colcon.colcon_core.package_identification:_identify(src/ros_tutorials) by extensions ['ros']
[2.041s] Level 1:colcon.colcon_core.package_identification:_identify(src/ros_tutorials) by extension 'ros'
[2.041s] Level 1:colcon.colcon_core.package_identification:_identify(src/ros_tutorials) by extensions ['cmake', 'python']
[2.041s] Level 1:colcon.colcon_core.package_identification:_identify(src/ros_tutorials) by extension 'cmake'
[2.041s] Level 1:colcon.colcon_core.package_identification:_identify(src/ros_tutorials) by extension 'python'
[2.041s] Level 1:colcon.colcon_core.package_identification:_identify(src/ros_tutorials) by extensions ['python_setup_py']
[2.041s] Level 1:colcon.colcon_core.package_identification:_identify(src/ros_tutorials) by extension 'python_setup_py'
[2.041s] Level 1:colcon.colcon_core.package_discovery:discover_packages(recursive) using defaults
[2.042s] Level 1:colcon.colcon_core.package_discovery:discover_packages(ignore) discover
[2.042s] Level 1:colcon.colcon_core.package_discovery:discover_packages(ignore) using defaults
[2.042s] Level 1:colcon.colcon_core.package_discovery:discover_packages(path) discover
[2.042s] Level 1:colcon.colcon_core.package_discovery:discover_packages(path) using defaults
[2.213s] Level 1:colcon.colcon_core.package_discovery:discover_packages(prefix_path) check parameters
[2.213s] Level 1:colcon.colcon_core.package_discovery:discover_packages(prefix_path) discover
[2.270s] DEBUG:colcon.colcon_installed_package_information.package_discovery:Found 282 installed packages in /opt/ros/humble
[2.287s] Level 1:colcon.colcon_core.package_discovery:discover_packages(prefix_path) using defaults
[2.454s] Level 5:colcon.colcon_core.verb:set package 'hb_task_1a' build argument 'cmake_args' from command line to 'None'
[2.454s] Level 5:colcon.colcon_core.verb:set package 'hb_task_1a' build argument 'cmake_target' from command line to 'None'
[2.454s] Level 5:colcon.colcon_core.verb:set package 'hb_task_1a' build argument 'cmake_target_skip_unavailable' from command line to 'False'
[2.454s] Level 5:colcon.colcon_core.verb:set package 'hb_task_1a' build argument 'cmake_clean_cache' from command line to 'False'
[2.454s] Level 5:colcon.colcon_core.verb:set package 'hb_task_1a' build argument 'cmake_clean_first' from command line to 'False'
[2.454s] Level 5:colcon.colcon_core.verb:set package 'hb_task_1a' build argument 'cmake_force_configure' from command line to 'False'
[2.454s] Level 5:colcon.colcon_core.verb:set package 'hb_task_1a' build argument 'ament_cmake_args' from command line to 'None'
[2.454s] Level 5:colcon.colcon_core.verb:set package 'hb_task_1a' build argument 'catkin_cmake_args' from command line to 'None'
[2.454s] Level 5:colcon.colcon_core.verb:set package 'hb_task_1a' build argument 'catkin_skip_building_tests' from command line to 'False'
[2.454s] DEBUG:colcon.colcon_core.verb:Building package 'hb_task_1a' with the following arguments: {'ament_cmake_args': None, 'build_base': '/home/vaishnavi/eyrc23_hb_1520/hb_task_1_ws/hb_task1a_ws/build/hb_task_1a', 'catkin_cmake_args': None, 'catkin_skip_building_tests': False, 'cmake_args': None, 'cmake_clean_cache': False, 'cmake_clean_first': False, 'cmake_force_configure': False, 'cmake_target': None, 'cmake_target_skip_unavailable': False, 'install_base': '/home/vaishnavi/eyrc23_hb_1520/hb_task_1_ws/hb_task1a_ws/install/hb_task_1a', 'merge_install': False, 'path': '/home/vaishnavi/eyrc23_hb_1520/hb_task_1_ws/hb_task1a_ws/src/hb_task_1a', 'symlink_install': False, 'test_result_base': None}
[2.481s] INFO:colcon.colcon_core.executor:Executing jobs using 'parallel' executor
[2.509s] DEBUG:colcon.colcon_parallel_executor.executor.parallel:run_until_complete
[2.509s] INFO:colcon.colcon_ros.task.ament_python.build:Building ROS package in '/home/vaishnavi/eyrc23_hb_1520/hb_task_1_ws/hb_task1a_ws/src/hb_task_1a' with build type 'ament_python'
[2.510s] Level 1:colcon.colcon_core.shell:create_environment_hook('hb_task_1a', 'ament_prefix_path')
[2.554s] INFO:colcon.colcon_core.plugin_system:Skipping extension 'colcon_core.shell.bat': Not used on non-Windows systems
[2.554s] INFO:colcon.colcon_core.shell:Creating environment hook '/home/vaishnavi/eyrc23_hb_1520/hb_task_1_ws/hb_task1a_ws/install/hb_task_1a/share/hb_task_1a/hook/ament_prefix_path.ps1'
[2.557s] INFO:colcon.colcon_core.shell:Creating environment descriptor '/home/vaishnavi/eyrc23_hb_1520/hb_task_1_ws/hb_task1a_ws/install/hb_task_1a/share/hb_task_1a/hook/ament_prefix_path.dsv'
[2.558s] INFO:colcon.colcon_core.shell:Creating environment hook '/home/vaishnavi/eyrc23_hb_1520/hb_task_1_ws/hb_task1a_ws/install/hb_task_1a/share/hb_task_1a/hook/ament_prefix_path.sh'
[2.596s] INFO:colcon.colcon_core.shell:Skip shell extension 'powershell' for command environment: Not usable outside of PowerShell
[2.597s] DEBUG:colcon.colcon_core.shell:Skip shell extension 'dsv' for command environment
[3.199s] INFO:colcon.colcon_core.task.python.build:Building Python package in '/home/vaishnavi/eyrc23_hb_1520/hb_task_1_ws/hb_task1a_ws/src/hb_task_1a'
[3.231s] INFO:colcon.colcon_core.shell:Skip shell extension 'powershell' for command environment: Not usable outside of PowerShell
[3.231s] DEBUG:colcon.colcon_core.shell:Skip shell extension 'dsv' for command environment
[3.993s] DEBUG:colcon.colcon_core.event_handler.log_command:Invoking command in '/home/vaishnavi/eyrc23_hb_1520/hb_task_1_ws/hb_task1a_ws/src/hb_task_1a': PYTHONPATH=/home/vaishnavi/eyrc23_hb_1520/hb_task_1_ws/hb_task1a_ws/build/hb_task_1a/prefix_override:/home/vaishnavi/eyrc23_hb_1520/hb_task_1_ws/hb_task1a_ws/install/hb_task_1a/lib/python3.10/site-packages:${PYTHONPATH} /usr/bin/python3 setup.py egg_info --egg-base ../../build/hb_task_1a build --build-base /home/vaishnavi/eyrc23_hb_1520/hb_task_1_ws/hb_task1a_ws/build/hb_task_1a/build install --record /home/vaishnavi/eyrc23_hb_1520/hb_task_1_ws/hb_task1a_ws/build/hb_task_1a/install.log --single-version-externally-managed
[4.608s] DEBUG:colcon.colcon_core.event_handler.log_command:Invoked command in '/home/vaishnavi/eyrc23_hb_1520/hb_task_1_ws/hb_task1a_ws/src/hb_task_1a' returned '0': PYTHONPATH=/home/vaishnavi/eyrc23_hb_1520/hb_task_1_ws/hb_task1a_ws/build/hb_task_1a/prefix_override:/home/vaishnavi/eyrc23_hb_1520/hb_task_1_ws/hb_task1a_ws/install/hb_task_1a/lib/python3.10/site-packages:${PYTHONPATH} /usr/bin/python3 setup.py egg_info --egg-base ../../build/hb_task_1a build --build-base /home/vaishnavi/eyrc23_hb_1520/hb_task_1_ws/hb_task1a_ws/build/hb_task_1a/build install --record /home/vaishnavi/eyrc23_hb_1520/hb_task_1_ws/hb_task1a_ws/build/hb_task_1a/install.log --single-version-externally-managed
[4.644s] Level 1:colcon.colcon_core.environment:checking '/home/vaishnavi/eyrc23_hb_1520/hb_task_1_ws/hb_task1a_ws/install/hb_task_1a' for CMake module files
[4.645s] Level 1:colcon.colcon_core.environment:checking '/home/vaishnavi/eyrc23_hb_1520/hb_task_1_ws/hb_task1a_ws/install/hb_task_1a' for CMake config files
[4.646s] Level 1:colcon.colcon_core.environment:checking '/home/vaishnavi/eyrc23_hb_1520/hb_task_1_ws/hb_task1a_ws/install/hb_task_1a/lib'
[4.646s] Level 1:colcon.colcon_core.environment:checking '/home/vaishnavi/eyrc23_hb_1520/hb_task_1_ws/hb_task1a_ws/install/hb_task_1a/bin'
[4.646s] Level 1:colcon.colcon_core.environment:checking '/home/vaishnavi/eyrc23_hb_1520/hb_task_1_ws/hb_task1a_ws/install/hb_task_1a/lib/pkgconfig/hb_task_1a.pc'
[4.647s] Level 1:colcon.colcon_core.environment:checking '/home/vaishnavi/eyrc23_hb_1520/hb_task_1_ws/hb_task1a_ws/install/hb_task_1a/lib/python3.10/site-packages'
[4.647s] Level 1:colcon.colcon_core.shell:create_environment_hook('hb_task_1a', 'pythonpath')
[4.682s] INFO:colcon.colcon_core.shell:Creating environment hook '/home/vaishnavi/eyrc23_hb_1520/hb_task_1_ws/hb_task1a_ws/install/hb_task_1a/share/hb_task_1a/hook/pythonpath.ps1'
[4.683s] INFO:colcon.colcon_core.shell:Creating environment descriptor '/home/vaishnavi/eyrc23_hb_1520/hb_task_1_ws/hb_task1a_ws/install/hb_task_1a/share/hb_task_1a/hook/pythonpath.dsv'
[4.683s] INFO:colcon.colcon_core.shell:Creating environment hook '/home/vaishnavi/eyrc23_hb_1520/hb_task_1_ws/hb_task1a_ws/install/hb_task_1a/share/hb_task_1a/hook/pythonpath.sh'
[4.684s] Level 1:colcon.colcon_core.environment:checking '/home/vaishnavi/eyrc23_hb_1520/hb_task_1_ws/hb_task1a_ws/install/hb_task_1a/bin'
[4.684s] Level 1:colcon.colcon_core.environment:create_environment_scripts_only(hb_task_1a)
[4.717s] INFO:colcon.colcon_core.shell:Creating package script '/home/vaishnavi/eyrc23_hb_1520/hb_task_1_ws/hb_task1a_ws/install/hb_task_1a/share/hb_task_1a/package.ps1'
[4.719s] INFO:colcon.colcon_core.shell:Creating package descriptor '/home/vaishnavi/eyrc23_hb_1520/hb_task_1_ws/hb_task1a_ws/install/hb_task_1a/share/hb_task_1a/package.dsv'
[4.720s] INFO:colcon.colcon_core.shell:Creating package script '/home/vaishnavi/eyrc23_hb_1520/hb_task_1_ws/hb_task1a_ws/install/hb_task_1a/share/hb_task_1a/package.sh'
[4.721s] INFO:colcon.colcon_core.shell:Creating package script '/home/vaishnavi/eyrc23_hb_1520/hb_task_1_ws/hb_task1a_ws/install/hb_task_1a/share/hb_task_1a/package.bash'
[4.722s] INFO:colcon.colcon_core.shell:Creating package script '/home/vaishnavi/eyrc23_hb_1520/hb_task_1_ws/hb_task1a_ws/install/hb_task_1a/share/hb_task_1a/package.zsh'
[4.723s] Level 1:colcon.colcon_core.environment:create_file_with_runtime_dependencies(/home/vaishnavi/eyrc23_hb_1520/hb_task_1_ws/hb_task1a_ws/install/hb_task_1a/share/colcon-core/packages/hb_task_1a)
[4.723s] DEBUG:colcon.colcon_parallel_executor.executor.parallel:closing loop
[4.724s] DEBUG:colcon.colcon_parallel_executor.executor.parallel:loop closed
[4.724s] DEBUG:colcon.colcon_parallel_executor.executor.parallel:run_until_complete finished with '0'
[4.724s] DEBUG:colcon.colcon_core.event_reactor:joining thread
[4.773s] INFO:colcon.colcon_core.plugin_system:Skipping extension 'colcon_notification.desktop_notification.terminal_notifier': Not used on non-Darwin systems
[4.774s] INFO:colcon.colcon_core.plugin_system:Skipping extension 'colcon_notification.desktop_notification.win32': Not used on non-Windows systems
[4.774s] INFO:colcon.colcon_notification.desktop_notification:Sending desktop notification using 'notify2'
[4.797s] DEBUG:colcon.colcon_core.event_reactor:joined thread
[4.839s] INFO:colcon.colcon_core.shell:Creating prefix script '/home/vaishnavi/eyrc23_hb_1520/hb_task_1_ws/hb_task1a_ws/install/local_setup.ps1'
[4.843s] INFO:colcon.colcon_core.shell:Creating prefix util module '/home/vaishnavi/eyrc23_hb_1520/hb_task_1_ws/hb_task1a_ws/install/_local_setup_util_ps1.py'
[4.845s] INFO:colcon.colcon_core.shell:Creating prefix chain script '/home/vaishnavi/eyrc23_hb_1520/hb_task_1_ws/hb_task1a_ws/install/setup.ps1'
[4.883s] INFO:colcon.colcon_core.shell:Creating prefix script '/home/vaishnavi/eyrc23_hb_1520/hb_task_1_ws/hb_task1a_ws/install/local_setup.sh'
[4.884s] INFO:colcon.colcon_core.shell:Creating prefix util module '/home/vaishnavi/eyrc23_hb_1520/hb_task_1_ws/hb_task1a_ws/install/_local_setup_util_sh.py'
[4.885s] INFO:colcon.colcon_core.shell:Creating prefix chain script '/home/vaishnavi/eyrc23_hb_1520/hb_task_1_ws/hb_task1a_ws/install/setup.sh'
[4.921s] INFO:colcon.colcon_core.shell:Creating prefix script '/home/vaishnavi/eyrc23_hb_1520/hb_task_1_ws/hb_task1a_ws/install/local_setup.bash'
[4.921s] INFO:colcon.colcon_core.shell:Creating prefix chain script '/home/vaishnavi/eyrc23_hb_1520/hb_task_1_ws/hb_task1a_ws/install/setup.bash'
[4.954s] INFO:colcon.colcon_core.shell:Creating prefix script '/home/vaishnavi/eyrc23_hb_1520/hb_task_1_ws/hb_task1a_ws/install/local_setup.zsh'
[4.955s] INFO:colcon.colcon_core.shell:Creating prefix chain script '/home/vaishnavi/eyrc23_hb_1520/hb_task_1_ws/hb_task1a_ws/install/setup.zsh'
