[0.829s] Invoking command in '/home/g10/eyrc_hb/hb_task1a_ws/src/hb_task_1a': PYTHONPATH=/home/g10/eyrc_hb/hb_task1a_ws/build/hb_task_1a/prefix_override:/home/g10/eyrc_hb/hb_task1a_ws/install/hb_task_1a/lib/python3.10/site-packages:${PYTHONPATH} /usr/bin/python3 setup.py egg_info --egg-base ../../build/hb_task_1a build --build-base /home/g10/eyrc_hb/hb_task1a_ws/build/hb_task_1a/build install --record /home/g10/eyrc_hb/hb_task1a_ws/build/hb_task_1a/install.log --single-version-externally-managed
[1.088s] running egg_info
[1.089s] writing ../../build/hb_task_1a/hb_task_1a.egg-info/PKG-INFO
[1.090s] writing dependency_links to ../../build/hb_task_1a/hb_task_1a.egg-info/dependency_links.txt
[1.093s] writing entry points to ../../build/hb_task_1a/hb_task_1a.egg-info/entry_points.txt
[1.093s] writing requirements to ../../build/hb_task_1a/hb_task_1a.egg-info/requires.txt
[1.093s] writing top-level names to ../../build/hb_task_1a/hb_task_1a.egg-info/top_level.txt
[1.098s] reading manifest file '../../build/hb_task_1a/hb_task_1a.egg-info/SOURCES.txt'
[1.100s] writing manifest file '../../build/hb_task_1a/hb_task_1a.egg-info/SOURCES.txt'
[1.100s] running build
[1.100s] running build_py
[1.100s] running install
[1.101s] running install_lib
[1.102s] running install_data
[1.104s] running install_egg_info
[1.104s] removing '/home/g10/eyrc_hb/hb_task1a_ws/install/hb_task_1a/lib/python3.10/site-packages/hb_task_1a-0.0.0-py3.10.egg-info' (and everything under it)
[1.104s] Copying ../../build/hb_task_1a/hb_task_1a.egg-info to /home/g10/eyrc_hb/hb_task1a_ws/install/hb_task_1a/lib/python3.10/site-packages/hb_task_1a-0.0.0-py3.10.egg-info
[1.104s] running install_scripts
[1.118s] Installing SnowMan_1520_executable_node script to /home/g10/eyrc_hb/hb_task1a_ws/install/hb_task_1a/lib/hb_task_1a
[1.118s] writing list of installed files to '/home/g10/eyrc_hb/hb_task1a_ws/build/hb_task_1a/install.log'
[1.209s] Invoked command in '/home/g10/eyrc_hb/hb_task1a_ws/src/hb_task_1a' returned '0': PYTHONPATH=/home/g10/eyrc_hb/hb_task1a_ws/build/hb_task_1a/prefix_override:/home/g10/eyrc_hb/hb_task1a_ws/install/hb_task_1a/lib/python3.10/site-packages:${PYTHONPATH} /usr/bin/python3 setup.py egg_info --egg-base ../../build/hb_task_1a build --build-base /home/g10/eyrc_hb/hb_task1a_ws/build/hb_task_1a/build install --record /home/g10/eyrc_hb/hb_task1a_ws/build/hb_task_1a/install.log --single-version-externally-managed
