[0.961s] DEBUG:colcon:Command line arguments: ['/usr/bin/colcon', 'build', '--symlink-install']
[0.961s] DEBUG:colcon:Parsed command line arguments: Namespace(log_base=None, log_level=None, verb_name='build', build_base='build', install_base='install', merge_install=False, symlink_install=True, test_result_base=None, continue_on_error=False, executor='parallel', parallel_workers=20, event_handlers=None, ignore_user_meta=False, metas=['./colcon.meta'], base_paths=['.'], packages_ignore=None, packages_ignore_regex=None, paths=None, packages_up_to=None, packages_up_to_regex=None, packages_above=None, packages_above_and_dependencies=None, packages_above_depth=None, packages_select_by_dep=None, packages_skip_by_dep=None, packages_skip_up_to=None, packages_select_build_failed=False, packages_skip_build_finished=False, packages_select_test_failures=False, packages_skip_test_passed=False, packages_select=None, packages_skip=None, packages_select_regex=None, packages_skip_regex=None, packages_start=None, packages_end=None, allow_overriding=[], cmake_args=None, cmake_target=None, cmake_target_skip_unavailable=False, cmake_clean_cache=False, cmake_clean_first=False, cmake_force_configure=False, ament_cmake_args=None, catkin_cmake_args=None, catkin_skip_building_tests=False, verb_parser=<colcon_defaults.argument_parser.defaults.DefaultArgumentsDecorator object at 0x7f930f3af5e0>, verb_extension=<colcon_core.verb.build.BuildVerb object at 0x7f930f3ac640>, main=<bound method BuildVerb.main of <colcon_core.verb.build.BuildVerb object at 0x7f930f3ac640>>)
[1.006s] Level 1:colcon.colcon_core.package_discovery:discover_packages(colcon_meta) check parameters
[1.006s] Level 1:colcon.colcon_core.package_discovery:discover_packages(recursive) check parameters
[1.006s] Level 1:colcon.colcon_core.package_discovery:discover_packages(ignore) check parameters
[1.006s] Level 1:colcon.colcon_core.package_discovery:discover_packages(path) check parameters
[1.006s] Level 1:colcon.colcon_core.package_discovery:discover_packages(colcon_meta) discover
[1.006s] Level 1:colcon.colcon_core.package_discovery:discover_packages(recursive) discover
[1.006s] INFO:colcon.colcon_core.package_discovery:Crawling recursively for packages in '/home/g10/eyrc_hb/hb_task1b_ws'
[1.007s] Level 1:colcon.colcon_core.package_identification:_identify(.) by extensions ['ignore', 'ignore_ament_install']
[1.007s] Level 1:colcon.colcon_core.package_identification:_identify(.) by extension 'ignore'
[1.007s] Level 1:colcon.colcon_core.package_identification:_identify(.) by extension 'ignore_ament_install'
[1.007s] Level 1:colcon.colcon_core.package_identification:_identify(.) by extensions ['colcon_pkg']
[1.007s] Level 1:colcon.colcon_core.package_identification:_identify(.) by extension 'colcon_pkg'
[1.007s] Level 1:colcon.colcon_core.package_identification:_identify(.) by extensions ['colcon_meta']
[1.007s] Level 1:colcon.colcon_core.package_identification:_identify(.) by extension 'colcon_meta'
[1.007s] Level 1:colcon.colcon_core.package_identification:_identify(.) by extensions ['ros']
[1.007s] Level 1:colcon.colcon_core.package_identification:_identify(.) by extension 'ros'
[1.024s] Level 1:colcon.colcon_core.package_identification:_identify(.) by extensions ['cmake', 'python']
[1.025s] Level 1:colcon.colcon_core.package_identification:_identify(.) by extension 'cmake'
[1.025s] Level 1:colcon.colcon_core.package_identification:_identify(.) by extension 'python'
[1.025s] Level 1:colcon.colcon_core.package_identification:_identify(.) by extensions ['python_setup_py']
[1.025s] Level 1:colcon.colcon_core.package_identification:_identify(.) by extension 'python_setup_py'
[1.025s] Level 1:colcon.colcon_core.package_identification:_identify(build) by extensions ['ignore', 'ignore_ament_install']
[1.025s] Level 1:colcon.colcon_core.package_identification:_identify(build) by extension 'ignore'
[1.025s] Level 1:colcon.colcon_core.package_identification:_identify(build) ignored
[1.025s] Level 1:colcon.colcon_core.package_identification:_identify(install) by extensions ['ignore', 'ignore_ament_install']
[1.025s] Level 1:colcon.colcon_core.package_identification:_identify(install) by extension 'ignore'
[1.025s] Level 1:colcon.colcon_core.package_identification:_identify(install) ignored
[1.025s] Level 1:colcon.colcon_core.package_identification:_identify(log) by extensions ['ignore', 'ignore_ament_install']
[1.025s] Level 1:colcon.colcon_core.package_identification:_identify(log) by extension 'ignore'
[1.025s] Level 1:colcon.colcon_core.package_identification:_identify(log) ignored
[1.025s] Level 1:colcon.colcon_core.package_identification:_identify(src) by extensions ['ignore', 'ignore_ament_install']
[1.026s] Level 1:colcon.colcon_core.package_identification:_identify(src) by extension 'ignore'
[1.026s] Level 1:colcon.colcon_core.package_identification:_identify(src) by extension 'ignore_ament_install'
[1.026s] Level 1:colcon.colcon_core.package_identification:_identify(src) by extensions ['colcon_pkg']
[1.026s] Level 1:colcon.colcon_core.package_identification:_identify(src) by extension 'colcon_pkg'
[1.026s] Level 1:colcon.colcon_core.package_identification:_identify(src) by extensions ['colcon_meta']
[1.026s] Level 1:colcon.colcon_core.package_identification:_identify(src) by extension 'colcon_meta'
[1.026s] Level 1:colcon.colcon_core.package_identification:_identify(src) by extensions ['ros']
[1.026s] Level 1:colcon.colcon_core.package_identification:_identify(src) by extension 'ros'
[1.026s] Level 1:colcon.colcon_core.package_identification:_identify(src) by extensions ['cmake', 'python']
[1.026s] Level 1:colcon.colcon_core.package_identification:_identify(src) by extension 'cmake'
[1.026s] Level 1:colcon.colcon_core.package_identification:_identify(src) by extension 'python'
[1.026s] Level 1:colcon.colcon_core.package_identification:_identify(src) by extensions ['python_setup_py']
[1.026s] Level 1:colcon.colcon_core.package_identification:_identify(src) by extension 'python_setup_py'
[1.026s] Level 1:colcon.colcon_core.package_identification:_identify(src/hb_task_1b) by extensions ['ignore', 'ignore_ament_install']
[1.026s] Level 1:colcon.colcon_core.package_identification:_identify(src/hb_task_1b) by extension 'ignore'
[1.026s] Level 1:colcon.colcon_core.package_identification:_identify(src/hb_task_1b) by extension 'ignore_ament_install'
[1.026s] Level 1:colcon.colcon_core.package_identification:_identify(src/hb_task_1b) by extensions ['colcon_pkg']
[1.026s] Level 1:colcon.colcon_core.package_identification:_identify(src/hb_task_1b) by extension 'colcon_pkg'
[1.026s] Level 1:colcon.colcon_core.package_identification:_identify(src/hb_task_1b) by extensions ['colcon_meta']
[1.026s] Level 1:colcon.colcon_core.package_identification:_identify(src/hb_task_1b) by extension 'colcon_meta'
[1.026s] Level 1:colcon.colcon_core.package_identification:_identify(src/hb_task_1b) by extensions ['ros']
[1.026s] Level 1:colcon.colcon_core.package_identification:_identify(src/hb_task_1b) by extension 'ros'
[1.031s] DEBUG:colcon.colcon_core.package_identification:Package 'src/hb_task_1b' with type 'ros.ament_python' and name 'hb_task_1b'
[1.031s] Level 1:colcon.colcon_core.package_identification:_identify(src/my_robot_interfaces) by extensions ['ignore', 'ignore_ament_install']
[1.031s] Level 1:colcon.colcon_core.package_identification:_identify(src/my_robot_interfaces) by extension 'ignore'
[1.031s] Level 1:colcon.colcon_core.package_identification:_identify(src/my_robot_interfaces) by extension 'ignore_ament_install'
[1.031s] Level 1:colcon.colcon_core.package_identification:_identify(src/my_robot_interfaces) by extensions ['colcon_pkg']
[1.031s] Level 1:colcon.colcon_core.package_identification:_identify(src/my_robot_interfaces) by extension 'colcon_pkg'
[1.031s] Level 1:colcon.colcon_core.package_identification:_identify(src/my_robot_interfaces) by extensions ['colcon_meta']
[1.031s] Level 1:colcon.colcon_core.package_identification:_identify(src/my_robot_interfaces) by extension 'colcon_meta'
[1.031s] Level 1:colcon.colcon_core.package_identification:_identify(src/my_robot_interfaces) by extensions ['ros']
[1.031s] Level 1:colcon.colcon_core.package_identification:_identify(src/my_robot_interfaces) by extension 'ros'
[1.032s] DEBUG:colcon.colcon_core.package_identification:Package 'src/my_robot_interfaces' with type 'ros.ament_cmake' and name 'my_robot_interfaces'
[1.032s] Level 1:colcon.colcon_core.package_discovery:discover_packages(recursive) using defaults
[1.032s] Level 1:colcon.colcon_core.package_discovery:discover_packages(ignore) discover
[1.032s] Level 1:colcon.colcon_core.package_discovery:discover_packages(ignore) using defaults
[1.032s] Level 1:colcon.colcon_core.package_discovery:discover_packages(path) discover
[1.032s] Level 1:colcon.colcon_core.package_discovery:discover_packages(path) using defaults
[1.119s] Level 1:colcon.colcon_core.package_discovery:discover_packages(prefix_path) check parameters
[1.119s] Level 1:colcon.colcon_core.package_discovery:discover_packages(prefix_path) discover
[1.146s] DEBUG:colcon.colcon_installed_package_information.package_discovery:Found 2 installed packages in /home/g10/eyrc_hb/hb_task1a_ws/install
[1.160s] DEBUG:colcon.colcon_installed_package_information.package_discovery:Found 294 installed packages in /opt/ros/humble
[1.171s] Level 1:colcon.colcon_core.package_discovery:discover_packages(prefix_path) using defaults
[1.262s] Level 5:colcon.colcon_core.verb:set package 'my_robot_interfaces' build argument 'cmake_args' from command line to 'None'
[1.262s] Level 5:colcon.colcon_core.verb:set package 'my_robot_interfaces' build argument 'cmake_target' from command line to 'None'
[1.262s] Level 5:colcon.colcon_core.verb:set package 'my_robot_interfaces' build argument 'cmake_target_skip_unavailable' from command line to 'False'
[1.262s] Level 5:colcon.colcon_core.verb:set package 'my_robot_interfaces' build argument 'cmake_clean_cache' from command line to 'False'
[1.262s] Level 5:colcon.colcon_core.verb:set package 'my_robot_interfaces' build argument 'cmake_clean_first' from command line to 'False'
[1.263s] Level 5:colcon.colcon_core.verb:set package 'my_robot_interfaces' build argument 'cmake_force_configure' from command line to 'False'
[1.263s] Level 5:colcon.colcon_core.verb:set package 'my_robot_interfaces' build argument 'ament_cmake_args' from command line to 'None'
[1.263s] Level 5:colcon.colcon_core.verb:set package 'my_robot_interfaces' build argument 'catkin_cmake_args' from command line to 'None'
[1.263s] Level 5:colcon.colcon_core.verb:set package 'my_robot_interfaces' build argument 'catkin_skip_building_tests' from command line to 'False'
[1.263s] DEBUG:colcon.colcon_core.verb:Building package 'my_robot_interfaces' with the following arguments: {'ament_cmake_args': None, 'build_base': '/home/g10/eyrc_hb/hb_task1b_ws/build/my_robot_interfaces', 'catkin_cmake_args': None, 'catkin_skip_building_tests': False, 'cmake_args': None, 'cmake_clean_cache': False, 'cmake_clean_first': False, 'cmake_force_configure': False, 'cmake_target': None, 'cmake_target_skip_unavailable': False, 'install_base': '/home/g10/eyrc_hb/hb_task1b_ws/install/my_robot_interfaces', 'merge_install': False, 'path': '/home/g10/eyrc_hb/hb_task1b_ws/src/my_robot_interfaces', 'symlink_install': True, 'test_result_base': None}
[1.276s] Level 5:colcon.colcon_core.verb:set package 'hb_task_1b' build argument 'cmake_args' from command line to 'None'
[1.276s] Level 5:colcon.colcon_core.verb:set package 'hb_task_1b' build argument 'cmake_target' from command line to 'None'
[1.276s] Level 5:colcon.colcon_core.verb:set package 'hb_task_1b' build argument 'cmake_target_skip_unavailable' from command line to 'False'
[1.276s] Level 5:colcon.colcon_core.verb:set package 'hb_task_1b' build argument 'cmake_clean_cache' from command line to 'False'
[1.276s] Level 5:colcon.colcon_core.verb:set package 'hb_task_1b' build argument 'cmake_clean_first' from command line to 'False'
[1.276s] Level 5:colcon.colcon_core.verb:set package 'hb_task_1b' build argument 'cmake_force_configure' from command line to 'False'
[1.276s] Level 5:colcon.colcon_core.verb:set package 'hb_task_1b' build argument 'ament_cmake_args' from command line to 'None'
[1.276s] Level 5:colcon.colcon_core.verb:set package 'hb_task_1b' build argument 'catkin_cmake_args' from command line to 'None'
[1.276s] Level 5:colcon.colcon_core.verb:set package 'hb_task_1b' build argument 'catkin_skip_building_tests' from command line to 'False'
[1.276s] DEBUG:colcon.colcon_core.verb:Building package 'hb_task_1b' with the following arguments: {'ament_cmake_args': None, 'build_base': '/home/g10/eyrc_hb/hb_task1b_ws/build/hb_task_1b', 'catkin_cmake_args': None, 'catkin_skip_building_tests': False, 'cmake_args': None, 'cmake_clean_cache': False, 'cmake_clean_first': False, 'cmake_force_configure': False, 'cmake_target': None, 'cmake_target_skip_unavailable': False, 'install_base': '/home/g10/eyrc_hb/hb_task1b_ws/install/hb_task_1b', 'merge_install': False, 'path': '/home/g10/eyrc_hb/hb_task1b_ws/src/hb_task_1b', 'symlink_install': True, 'test_result_base': None}
[1.289s] INFO:colcon.colcon_core.executor:Executing jobs using 'parallel' executor
[1.303s] DEBUG:colcon.colcon_parallel_executor.executor.parallel:run_until_complete
[1.304s] INFO:colcon.colcon_ros.task.ament_cmake.build:Building ROS package in '/home/g10/eyrc_hb/hb_task1b_ws/src/my_robot_interfaces' with build type 'ament_cmake'
[1.304s] INFO:colcon.colcon_cmake.task.cmake.build:Building CMake package in '/home/g10/eyrc_hb/hb_task1b_ws/src/my_robot_interfaces'
[1.319s] INFO:colcon.colcon_core.plugin_system:Skipping extension 'colcon_core.shell.bat': Not used on non-Windows systems
[1.319s] INFO:colcon.colcon_core.shell:Skip shell extension 'powershell' for command environment: Not usable outside of PowerShell
[1.319s] DEBUG:colcon.colcon_core.shell:Skip shell extension 'dsv' for command environment
[1.366s] DEBUG:colcon.colcon_core.event_handler.log_command:Invoking command in '/home/g10/eyrc_hb/hb_task1b_ws/build/my_robot_interfaces': CMAKE_PREFIX_PATH=${CMAKE_PREFIX_PATH}:/home/g10/eyrc_hb/hb_task1a_ws/install/hb_task_1a:/opt/ros/humble /usr/bin/cmake /home/g10/eyrc_hb/hb_task1b_ws/src/my_robot_interfaces -DAMENT_CMAKE_SYMLINK_INSTALL=1 -DCMAKE_INSTALL_PREFIX=/home/g10/eyrc_hb/hb_task1b_ws/install/my_robot_interfaces
[3.057s] DEBUG:colcon.colcon_core.event_handler.log_command:Invoked command in '/home/g10/eyrc_hb/hb_task1b_ws/build/my_robot_interfaces' returned '0': CMAKE_PREFIX_PATH=${CMAKE_PREFIX_PATH}:/home/g10/eyrc_hb/hb_task1a_ws/install/hb_task_1a:/opt/ros/humble /usr/bin/cmake /home/g10/eyrc_hb/hb_task1b_ws/src/my_robot_interfaces -DAMENT_CMAKE_SYMLINK_INSTALL=1 -DCMAKE_INSTALL_PREFIX=/home/g10/eyrc_hb/hb_task1b_ws/install/my_robot_interfaces
[3.058s] DEBUG:colcon.colcon_core.event_handler.log_command:Invoking command in '/home/g10/eyrc_hb/hb_task1b_ws/build/my_robot_interfaces': CMAKE_PREFIX_PATH=${CMAKE_PREFIX_PATH}:/home/g10/eyrc_hb/hb_task1a_ws/install/hb_task_1a:/opt/ros/humble /usr/bin/cmake --build /home/g10/eyrc_hb/hb_task1b_ws/build/my_robot_interfaces -- -j20 -l20
[4.935s] DEBUG:colcon.colcon_core.event_handler.log_command:Invoked command in '/home/g10/eyrc_hb/hb_task1b_ws/build/my_robot_interfaces' returned '0': CMAKE_PREFIX_PATH=${CMAKE_PREFIX_PATH}:/home/g10/eyrc_hb/hb_task1a_ws/install/hb_task_1a:/opt/ros/humble /usr/bin/cmake --build /home/g10/eyrc_hb/hb_task1b_ws/build/my_robot_interfaces -- -j20 -l20
[5.018s] DEBUG:colcon.colcon_core.event_handler.log_command:Invoking command in '/home/g10/eyrc_hb/hb_task1b_ws/build/my_robot_interfaces': CMAKE_PREFIX_PATH=${CMAKE_PREFIX_PATH}:/home/g10/eyrc_hb/hb_task1a_ws/install/hb_task_1a:/opt/ros/humble /usr/bin/cmake --install /home/g10/eyrc_hb/hb_task1b_ws/build/my_robot_interfaces
[5.656s] Level 1:colcon.colcon_core.environment:create_environment_scripts_only(my_robot_interfaces)
[5.657s] DEBUG:colcon.colcon_core.event_handler.log_command:Invoked command in '/home/g10/eyrc_hb/hb_task1b_ws/build/my_robot_interfaces' returned '0': CMAKE_PREFIX_PATH=${CMAKE_PREFIX_PATH}:/home/g10/eyrc_hb/hb_task1a_ws/install/hb_task_1a:/opt/ros/humble /usr/bin/cmake --install /home/g10/eyrc_hb/hb_task1b_ws/build/my_robot_interfaces
[5.672s] Level 1:colcon.colcon_core.environment:checking '/home/g10/eyrc_hb/hb_task1b_ws/install/my_robot_interfaces' for CMake module files
[5.672s] Level 1:colcon.colcon_core.environment:checking '/home/g10/eyrc_hb/hb_task1b_ws/install/my_robot_interfaces' for CMake config files
[5.672s] Level 1:colcon.colcon_core.shell:create_environment_hook('my_robot_interfaces', 'cmake_prefix_path')
[5.686s] INFO:colcon.colcon_core.shell:Creating environment hook '/home/g10/eyrc_hb/hb_task1b_ws/install/my_robot_interfaces/share/my_robot_interfaces/hook/cmake_prefix_path.ps1'
[5.686s] INFO:colcon.colcon_core.shell:Creating environment descriptor '/home/g10/eyrc_hb/hb_task1b_ws/install/my_robot_interfaces/share/my_robot_interfaces/hook/cmake_prefix_path.dsv'
[5.687s] INFO:colcon.colcon_core.shell:Creating environment hook '/home/g10/eyrc_hb/hb_task1b_ws/install/my_robot_interfaces/share/my_robot_interfaces/hook/cmake_prefix_path.sh'
[5.687s] Level 1:colcon.colcon_core.environment:checking '/home/g10/eyrc_hb/hb_task1b_ws/install/my_robot_interfaces/lib'
[5.688s] Level 1:colcon.colcon_core.shell:create_environment_hook('my_robot_interfaces', 'ld_library_path_lib')
[5.701s] INFO:colcon.colcon_core.shell:Creating environment hook '/home/g10/eyrc_hb/hb_task1b_ws/install/my_robot_interfaces/share/my_robot_interfaces/hook/ld_library_path_lib.ps1'
[5.701s] INFO:colcon.colcon_core.shell:Creating environment descriptor '/home/g10/eyrc_hb/hb_task1b_ws/install/my_robot_interfaces/share/my_robot_interfaces/hook/ld_library_path_lib.dsv'
[5.701s] INFO:colcon.colcon_core.shell:Creating environment hook '/home/g10/eyrc_hb/hb_task1b_ws/install/my_robot_interfaces/share/my_robot_interfaces/hook/ld_library_path_lib.sh'
[5.702s] Level 1:colcon.colcon_core.environment:checking '/home/g10/eyrc_hb/hb_task1b_ws/install/my_robot_interfaces/bin'
[5.702s] Level 1:colcon.colcon_core.environment:checking '/home/g10/eyrc_hb/hb_task1b_ws/install/my_robot_interfaces/lib/pkgconfig/my_robot_interfaces.pc'
[5.702s] Level 1:colcon.colcon_core.environment:checking '/home/g10/eyrc_hb/hb_task1b_ws/install/my_robot_interfaces/lib/python3.10/site-packages'
[5.702s] Level 1:colcon.colcon_core.environment:checking '/home/g10/eyrc_hb/hb_task1b_ws/install/my_robot_interfaces/bin'
[5.716s] INFO:colcon.colcon_core.shell:Creating package script '/home/g10/eyrc_hb/hb_task1b_ws/install/my_robot_interfaces/share/my_robot_interfaces/package.ps1'
[5.716s] INFO:colcon.colcon_core.shell:Creating package descriptor '/home/g10/eyrc_hb/hb_task1b_ws/install/my_robot_interfaces/share/my_robot_interfaces/package.dsv'
[5.717s] INFO:colcon.colcon_core.shell:Creating package script '/home/g10/eyrc_hb/hb_task1b_ws/install/my_robot_interfaces/share/my_robot_interfaces/package.sh'
[5.718s] INFO:colcon.colcon_core.shell:Creating package script '/home/g10/eyrc_hb/hb_task1b_ws/install/my_robot_interfaces/share/my_robot_interfaces/package.bash'
[5.718s] INFO:colcon.colcon_core.shell:Creating package script '/home/g10/eyrc_hb/hb_task1b_ws/install/my_robot_interfaces/share/my_robot_interfaces/package.zsh'
[5.719s] Level 1:colcon.colcon_core.environment:create_file_with_runtime_dependencies(/home/g10/eyrc_hb/hb_task1b_ws/install/my_robot_interfaces/share/colcon-core/packages/my_robot_interfaces)
[5.804s] Level 1:colcon.colcon_core.environment:create_environment_scripts_only(my_robot_interfaces)
[5.820s] Level 1:colcon.colcon_core.environment:checking '/home/g10/eyrc_hb/hb_task1b_ws/install/my_robot_interfaces' for CMake module files
[5.821s] Level 1:colcon.colcon_core.environment:checking '/home/g10/eyrc_hb/hb_task1b_ws/install/my_robot_interfaces' for CMake config files
[5.821s] Level 1:colcon.colcon_core.shell:create_environment_hook('my_robot_interfaces', 'cmake_prefix_path')
[5.835s] INFO:colcon.colcon_core.shell:Creating environment hook '/home/g10/eyrc_hb/hb_task1b_ws/install/my_robot_interfaces/share/my_robot_interfaces/hook/cmake_prefix_path.ps1'
[5.836s] INFO:colcon.colcon_core.shell:Creating environment descriptor '/home/g10/eyrc_hb/hb_task1b_ws/install/my_robot_interfaces/share/my_robot_interfaces/hook/cmake_prefix_path.dsv'
[5.836s] INFO:colcon.colcon_core.shell:Creating environment hook '/home/g10/eyrc_hb/hb_task1b_ws/install/my_robot_interfaces/share/my_robot_interfaces/hook/cmake_prefix_path.sh'
[5.837s] Level 1:colcon.colcon_core.environment:checking '/home/g10/eyrc_hb/hb_task1b_ws/install/my_robot_interfaces/lib'
[5.837s] Level 1:colcon.colcon_core.shell:create_environment_hook('my_robot_interfaces', 'ld_library_path_lib')
[5.851s] INFO:colcon.colcon_core.shell:Creating environment hook '/home/g10/eyrc_hb/hb_task1b_ws/install/my_robot_interfaces/share/my_robot_interfaces/hook/ld_library_path_lib.ps1'
[5.851s] INFO:colcon.colcon_core.shell:Creating environment descriptor '/home/g10/eyrc_hb/hb_task1b_ws/install/my_robot_interfaces/share/my_robot_interfaces/hook/ld_library_path_lib.dsv'
[5.851s] INFO:colcon.colcon_core.shell:Creating environment hook '/home/g10/eyrc_hb/hb_task1b_ws/install/my_robot_interfaces/share/my_robot_interfaces/hook/ld_library_path_lib.sh'
[5.852s] Level 1:colcon.colcon_core.environment:checking '/home/g10/eyrc_hb/hb_task1b_ws/install/my_robot_interfaces/bin'
[5.852s] Level 1:colcon.colcon_core.environment:checking '/home/g10/eyrc_hb/hb_task1b_ws/install/my_robot_interfaces/lib/pkgconfig/my_robot_interfaces.pc'
[5.852s] Level 1:colcon.colcon_core.environment:checking '/home/g10/eyrc_hb/hb_task1b_ws/install/my_robot_interfaces/lib/python3.10/site-packages'
[5.852s] Level 1:colcon.colcon_core.environment:checking '/home/g10/eyrc_hb/hb_task1b_ws/install/my_robot_interfaces/bin'
[5.865s] INFO:colcon.colcon_core.shell:Creating package script '/home/g10/eyrc_hb/hb_task1b_ws/install/my_robot_interfaces/share/my_robot_interfaces/package.ps1'
[5.866s] INFO:colcon.colcon_core.shell:Creating package descriptor '/home/g10/eyrc_hb/hb_task1b_ws/install/my_robot_interfaces/share/my_robot_interfaces/package.dsv'
[5.866s] INFO:colcon.colcon_core.shell:Creating package script '/home/g10/eyrc_hb/hb_task1b_ws/install/my_robot_interfaces/share/my_robot_interfaces/package.sh'
[5.867s] INFO:colcon.colcon_core.shell:Creating package script '/home/g10/eyrc_hb/hb_task1b_ws/install/my_robot_interfaces/share/my_robot_interfaces/package.bash'
[5.867s] INFO:colcon.colcon_core.shell:Creating package script '/home/g10/eyrc_hb/hb_task1b_ws/install/my_robot_interfaces/share/my_robot_interfaces/package.zsh'
[5.867s] Level 1:colcon.colcon_core.environment:create_file_with_runtime_dependencies(/home/g10/eyrc_hb/hb_task1b_ws/install/my_robot_interfaces/share/colcon-core/packages/my_robot_interfaces)
[5.868s] INFO:colcon.colcon_ros.task.ament_python.build:Building ROS package in '/home/g10/eyrc_hb/hb_task1b_ws/src/hb_task_1b' with build type 'ament_python'
[5.868s] Level 1:colcon.colcon_core.shell:create_environment_hook('hb_task_1b', 'ament_prefix_path')
[5.882s] INFO:colcon.colcon_core.shell:Creating environment hook '/home/g10/eyrc_hb/hb_task1b_ws/install/hb_task_1b/share/hb_task_1b/hook/ament_prefix_path.ps1'
[5.882s] INFO:colcon.colcon_core.shell:Creating environment descriptor '/home/g10/eyrc_hb/hb_task1b_ws/install/hb_task_1b/share/hb_task_1b/hook/ament_prefix_path.dsv'
[5.882s] INFO:colcon.colcon_core.shell:Creating environment hook '/home/g10/eyrc_hb/hb_task1b_ws/install/hb_task_1b/share/hb_task_1b/hook/ament_prefix_path.sh'
[5.896s] INFO:colcon.colcon_core.shell:Skip shell extension 'powershell' for command environment: Not usable outside of PowerShell
[5.896s] DEBUG:colcon.colcon_core.shell:Skip shell extension 'dsv' for command environment
[6.222s] INFO:colcon.colcon_core.task.python.build:Building Python package in '/home/g10/eyrc_hb/hb_task1b_ws/src/hb_task_1b'
[6.235s] INFO:colcon.colcon_core.shell:Skip shell extension 'powershell' for command environment: Not usable outside of PowerShell
[6.235s] DEBUG:colcon.colcon_core.shell:Skip shell extension 'dsv' for command environment
[6.648s] DEBUG:colcon.colcon_core.event_handler.log_command:Invoking command in '/home/g10/eyrc_hb/hb_task1b_ws/build/hb_task_1b': AMENT_PREFIX_PATH=/home/g10/eyrc_hb/hb_task1b_ws/install/my_robot_interfaces:${AMENT_PREFIX_PATH} CMAKE_PREFIX_PATH=/home/g10/eyrc_hb/hb_task1b_ws/install/my_robot_interfaces:${CMAKE_PREFIX_PATH} LD_LIBRARY_PATH=/home/g10/eyrc_hb/hb_task1b_ws/install/my_robot_interfaces/lib:${LD_LIBRARY_PATH} PYTHONPATH=/home/g10/eyrc_hb/hb_task1b_ws/build/hb_task_1b/prefix_override:/home/g10/eyrc_hb/hb_task1b_ws/install/hb_task_1b/lib/python3.10/site-packages:/home/g10/eyrc_hb/hb_task1b_ws/install/my_robot_interfaces/local/lib/python3.10/dist-packages:${PYTHONPATH} /usr/bin/python3 setup.py develop --editable --build-directory /home/g10/eyrc_hb/hb_task1b_ws/build/hb_task_1b/build --no-deps install_data
[7.132s] Level 1:colcon.colcon_core.shell:create_environment_hook('hb_task_1b', 'pythonpath_develop')
[7.133s] DEBUG:colcon.colcon_core.event_handler.log_command:Invoked command in '/home/g10/eyrc_hb/hb_task1b_ws/build/hb_task_1b' returned '0': AMENT_PREFIX_PATH=/home/g10/eyrc_hb/hb_task1b_ws/install/my_robot_interfaces:${AMENT_PREFIX_PATH} CMAKE_PREFIX_PATH=/home/g10/eyrc_hb/hb_task1b_ws/install/my_robot_interfaces:${CMAKE_PREFIX_PATH} LD_LIBRARY_PATH=/home/g10/eyrc_hb/hb_task1b_ws/install/my_robot_interfaces/lib:${LD_LIBRARY_PATH} PYTHONPATH=/home/g10/eyrc_hb/hb_task1b_ws/build/hb_task_1b/prefix_override:/home/g10/eyrc_hb/hb_task1b_ws/install/hb_task_1b/lib/python3.10/site-packages:/home/g10/eyrc_hb/hb_task1b_ws/install/my_robot_interfaces/local/lib/python3.10/dist-packages:${PYTHONPATH} /usr/bin/python3 setup.py develop --editable --build-directory /home/g10/eyrc_hb/hb_task1b_ws/build/hb_task_1b/build --no-deps install_data
[7.151s] INFO:colcon.colcon_core.shell:Creating environment hook '/home/g10/eyrc_hb/hb_task1b_ws/build/hb_task_1b/share/hb_task_1b/hook/pythonpath_develop.ps1'
[7.151s] INFO:colcon.colcon_core.shell:Creating environment descriptor '/home/g10/eyrc_hb/hb_task1b_ws/build/hb_task_1b/share/hb_task_1b/hook/pythonpath_develop.dsv'
[7.152s] INFO:colcon.colcon_core.shell:Creating environment hook '/home/g10/eyrc_hb/hb_task1b_ws/build/hb_task_1b/share/hb_task_1b/hook/pythonpath_develop.sh'
[7.166s] Level 1:colcon.colcon_core.environment:checking '/home/g10/eyrc_hb/hb_task1b_ws/install/hb_task_1b' for CMake module files
[7.166s] Level 1:colcon.colcon_core.environment:checking '/home/g10/eyrc_hb/hb_task1b_ws/install/hb_task_1b' for CMake config files
[7.167s] Level 1:colcon.colcon_core.environment:checking '/home/g10/eyrc_hb/hb_task1b_ws/install/hb_task_1b/lib'
[7.167s] Level 1:colcon.colcon_core.environment:checking '/home/g10/eyrc_hb/hb_task1b_ws/install/hb_task_1b/bin'
[7.167s] Level 1:colcon.colcon_core.environment:checking '/home/g10/eyrc_hb/hb_task1b_ws/install/hb_task_1b/lib/pkgconfig/hb_task_1b.pc'
[7.167s] Level 1:colcon.colcon_core.environment:checking '/home/g10/eyrc_hb/hb_task1b_ws/install/hb_task_1b/lib/python3.10/site-packages'
[7.167s] Level 1:colcon.colcon_core.shell:create_environment_hook('hb_task_1b', 'pythonpath')
[7.180s] INFO:colcon.colcon_core.shell:Creating environment hook '/home/g10/eyrc_hb/hb_task1b_ws/install/hb_task_1b/share/hb_task_1b/hook/pythonpath.ps1'
[7.181s] INFO:colcon.colcon_core.shell:Creating environment descriptor '/home/g10/eyrc_hb/hb_task1b_ws/install/hb_task_1b/share/hb_task_1b/hook/pythonpath.dsv'
[7.181s] INFO:colcon.colcon_core.shell:Creating environment hook '/home/g10/eyrc_hb/hb_task1b_ws/install/hb_task_1b/share/hb_task_1b/hook/pythonpath.sh'
[7.182s] Level 1:colcon.colcon_core.environment:checking '/home/g10/eyrc_hb/hb_task1b_ws/install/hb_task_1b/bin'
[7.182s] Level 1:colcon.colcon_core.environment:create_environment_scripts_only(hb_task_1b)
[7.195s] INFO:colcon.colcon_core.shell:Creating package script '/home/g10/eyrc_hb/hb_task1b_ws/install/hb_task_1b/share/hb_task_1b/package.ps1'
[7.196s] INFO:colcon.colcon_core.shell:Creating package descriptor '/home/g10/eyrc_hb/hb_task1b_ws/install/hb_task_1b/share/hb_task_1b/package.dsv'
[7.196s] INFO:colcon.colcon_core.shell:Creating package script '/home/g10/eyrc_hb/hb_task1b_ws/install/hb_task_1b/share/hb_task_1b/package.sh'
[7.196s] INFO:colcon.colcon_core.shell:Creating package script '/home/g10/eyrc_hb/hb_task1b_ws/install/hb_task_1b/share/hb_task_1b/package.bash'
[7.197s] INFO:colcon.colcon_core.shell:Creating package script '/home/g10/eyrc_hb/hb_task1b_ws/install/hb_task_1b/share/hb_task_1b/package.zsh'
[7.197s] Level 1:colcon.colcon_core.environment:create_file_with_runtime_dependencies(/home/g10/eyrc_hb/hb_task1b_ws/install/hb_task_1b/share/colcon-core/packages/hb_task_1b)
[7.197s] DEBUG:colcon.colcon_parallel_executor.executor.parallel:closing loop
[7.198s] DEBUG:colcon.colcon_parallel_executor.executor.parallel:loop closed
[7.198s] DEBUG:colcon.colcon_parallel_executor.executor.parallel:run_until_complete finished with '0'
[7.198s] DEBUG:colcon.colcon_core.event_reactor:joining thread
[7.218s] INFO:colcon.colcon_core.plugin_system:Skipping extension 'colcon_notification.desktop_notification.terminal_notifier': Not used on non-Darwin systems
[7.218s] INFO:colcon.colcon_core.plugin_system:Skipping extension 'colcon_notification.desktop_notification.win32': Not used on non-Windows systems
[7.218s] INFO:colcon.colcon_notification.desktop_notification:Sending desktop notification using 'notify2'
[7.231s] DEBUG:colcon.colcon_core.event_reactor:joined thread
[7.245s] INFO:colcon.colcon_core.shell:Creating prefix script '/home/g10/eyrc_hb/hb_task1b_ws/install/local_setup.ps1'
[7.246s] INFO:colcon.colcon_core.shell:Creating prefix util module '/home/g10/eyrc_hb/hb_task1b_ws/install/_local_setup_util_ps1.py'
[7.247s] INFO:colcon.colcon_core.shell:Creating prefix chain script '/home/g10/eyrc_hb/hb_task1b_ws/install/setup.ps1'
[7.262s] INFO:colcon.colcon_core.shell:Creating prefix script '/home/g10/eyrc_hb/hb_task1b_ws/install/local_setup.sh'
[7.262s] INFO:colcon.colcon_core.shell:Creating prefix util module '/home/g10/eyrc_hb/hb_task1b_ws/install/_local_setup_util_sh.py'
[7.262s] INFO:colcon.colcon_core.shell:Creating prefix chain script '/home/g10/eyrc_hb/hb_task1b_ws/install/setup.sh'
[7.276s] INFO:colcon.colcon_core.shell:Creating prefix script '/home/g10/eyrc_hb/hb_task1b_ws/install/local_setup.bash'
[7.277s] INFO:colcon.colcon_core.shell:Creating prefix chain script '/home/g10/eyrc_hb/hb_task1b_ws/install/setup.bash'
[7.291s] INFO:colcon.colcon_core.shell:Creating prefix script '/home/g10/eyrc_hb/hb_task1b_ws/install/local_setup.zsh'
[7.291s] INFO:colcon.colcon_core.shell:Creating prefix chain script '/home/g10/eyrc_hb/hb_task1b_ws/install/setup.zsh'
