[0.823s] Invoking command in '/home/g10/eyrc_hb/hb_task1a_ws/build/hb_task_1a': PYTHONPATH=/home/g10/eyrc_hb/hb_task1a_ws/build/hb_task_1a/prefix_override:/home/g10/eyrc_hb/hb_task1a_ws/install/hb_task_1a/lib/python3.10/site-packages:${PYTHONPATH} /usr/bin/python3 setup.py develop --editable --build-directory /home/g10/eyrc_hb/hb_task1a_ws/build/hb_task_1a/build --no-deps install_data
[1.104s] running develop
[1.267s] running egg_info
[1.267s] creating hb_task_1a.egg-info
[1.267s] writing hb_task_1a.egg-info/PKG-INFO
[1.267s] writing dependency_links to hb_task_1a.egg-info/dependency_links.txt
[1.267s] writing entry points to hb_task_1a.egg-info/entry_points.txt
[1.267s] writing requirements to hb_task_1a.egg-info/requires.txt
[1.267s] writing top-level names to hb_task_1a.egg-info/top_level.txt
[1.268s] writing manifest file 'hb_task_1a.egg-info/SOURCES.txt'
[1.269s] reading manifest file 'hb_task_1a.egg-info/SOURCES.txt'
[1.269s] writing manifest file 'hb_task_1a.egg-info/SOURCES.txt'
[1.271s] running build_ext
[1.271s] Creating /home/g10/eyrc_hb/hb_task1a_ws/install/hb_task_1a/lib/python3.10/site-packages/hb-task-1a.egg-link (link to .)
[1.272s] Installing task_1a_1520 script to /home/g10/eyrc_hb/hb_task1a_ws/install/hb_task_1a/lib/hb_task_1a
[1.272s] 
[1.272s] Installed /home/g10/eyrc_hb/hb_task1a_ws/build/hb_task_1a
[1.272s] running install_data
[1.272s] creating /home/g10/eyrc_hb/hb_task1a_ws/install/hb_task_1a/share/ament_index
[1.272s] creating /home/g10/eyrc_hb/hb_task1a_ws/install/hb_task_1a/share/ament_index/resource_index
[1.272s] creating /home/g10/eyrc_hb/hb_task1a_ws/install/hb_task_1a/share/ament_index/resource_index/packages
[1.273s] copying resource/hb_task_1a -> /home/g10/eyrc_hb/hb_task1a_ws/install/hb_task_1a/share/ament_index/resource_index/packages
[1.273s] copying package.xml -> /home/g10/eyrc_hb/hb_task1a_ws/install/hb_task_1a/share/hb_task_1a
[1.302s] Invoked command in '/home/g10/eyrc_hb/hb_task1a_ws/build/hb_task_1a' returned '0': PYTHONPATH=/home/g10/eyrc_hb/hb_task1a_ws/build/hb_task_1a/prefix_override:/home/g10/eyrc_hb/hb_task1a_ws/install/hb_task_1a/lib/python3.10/site-packages:${PYTHONPATH} /usr/bin/python3 setup.py develop --editable --build-directory /home/g10/eyrc_hb/hb_task1a_ws/build/hb_task_1a/build --no-deps install_data
