[1.884s] DEBUG:colcon:Command line arguments: ['/usr/bin/colcon', 'build']
[1.884s] DEBUG:colcon:Parsed command line arguments: Namespace(log_base=None, log_level=None, verb_name='build', build_base='build', install_base='install', merge_install=False, symlink_install=False, test_result_base=None, continue_on_error=False, executor='parallel', parallel_workers=8, event_handlers=None, ignore_user_meta=False, metas=['./colcon.meta'], base_paths=['.'], packages_ignore=None, packages_ignore_regex=None, paths=None, packages_up_to=None, packages_up_to_regex=None, packages_above=None, packages_above_and_dependencies=None, packages_above_depth=None, packages_select_by_dep=None, packages_skip_by_dep=None, packages_skip_up_to=None, packages_select_build_failed=False, packages_skip_build_finished=False, packages_select_test_failures=False, packages_skip_test_passed=False, packages_select=None, packages_skip=None, packages_select_regex=None, packages_skip_regex=None, packages_start=None, packages_end=None, allow_overriding=[], cmake_args=None, cmake_target=None, cmake_target_skip_unavailable=False, cmake_clean_cache=False, cmake_clean_first=False, cmake_force_configure=False, ament_cmake_args=None, catkin_cmake_args=None, catkin_skip_building_tests=False, verb_parser=<colcon_defaults.argument_parser.defaults.DefaultArgumentsDecorator object at 0x7f8b3cab11b0>, verb_extension=<colcon_core.verb.build.BuildVerb object at 0x7f8b3cab2050>, main=<bound method BuildVerb.main of <colcon_core.verb.build.BuildVerb object at 0x7f8b3cab2050>>)
[1.967s] Level 1:colcon.colcon_core.package_discovery:discover_packages(colcon_meta) check parameters
[1.967s] Level 1:colcon.colcon_core.package_discovery:discover_packages(recursive) check parameters
[1.967s] Level 1:colcon.colcon_core.package_discovery:discover_packages(ignore) check parameters
[1.967s] Level 1:colcon.colcon_core.package_discovery:discover_packages(path) check parameters
[1.967s] Level 1:colcon.colcon_core.package_discovery:discover_packages(colcon_meta) discover
[1.967s] Level 1:colcon.colcon_core.package_discovery:discover_packages(recursive) discover
[1.967s] INFO:colcon.colcon_core.package_discovery:Crawling recursively for packages in '/home/vaishnavi/eyrc23_hb_1520/hb_task_2_ws'
[1.968s] Level 1:colcon.colcon_core.package_identification:_identify(.) by extensions ['ignore', 'ignore_ament_install']
[1.968s] Level 1:colcon.colcon_core.package_identification:_identify(.) by extension 'ignore'
[1.968s] Level 1:colcon.colcon_core.package_identification:_identify(.) by extension 'ignore_ament_install'
[1.968s] Level 1:colcon.colcon_core.package_identification:_identify(.) by extensions ['colcon_pkg']
[1.968s] Level 1:colcon.colcon_core.package_identification:_identify(.) by extension 'colcon_pkg'
[1.968s] Level 1:colcon.colcon_core.package_identification:_identify(.) by extensions ['colcon_meta']
[1.968s] Level 1:colcon.colcon_core.package_identification:_identify(.) by extension 'colcon_meta'
[1.968s] Level 1:colcon.colcon_core.package_identification:_identify(.) by extensions ['ros']
[1.968s] Level 1:colcon.colcon_core.package_identification:_identify(.) by extension 'ros'
[1.987s] Level 1:colcon.colcon_core.package_identification:_identify(.) by extensions ['cmake', 'python']
[1.987s] Level 1:colcon.colcon_core.package_identification:_identify(.) by extension 'cmake'
[1.987s] Level 1:colcon.colcon_core.package_identification:_identify(.) by extension 'python'
[1.987s] Level 1:colcon.colcon_core.package_identification:_identify(.) by extensions ['python_setup_py']
[1.987s] Level 1:colcon.colcon_core.package_identification:_identify(.) by extension 'python_setup_py'
[1.988s] Level 1:colcon.colcon_core.package_identification:_identify(build) by extensions ['ignore', 'ignore_ament_install']
[1.988s] Level 1:colcon.colcon_core.package_identification:_identify(build) by extension 'ignore'
[1.988s] Level 1:colcon.colcon_core.package_identification:_identify(build) ignored
[1.988s] Level 1:colcon.colcon_core.package_identification:_identify(install) by extensions ['ignore', 'ignore_ament_install']
[1.988s] Level 1:colcon.colcon_core.package_identification:_identify(install) by extension 'ignore'
[1.988s] Level 1:colcon.colcon_core.package_identification:_identify(install) ignored
[1.988s] Level 1:colcon.colcon_core.package_identification:_identify(log) by extensions ['ignore', 'ignore_ament_install']
[1.989s] Level 1:colcon.colcon_core.package_identification:_identify(log) by extension 'ignore'
[1.989s] Level 1:colcon.colcon_core.package_identification:_identify(log) ignored
[1.989s] Level 1:colcon.colcon_core.package_identification:_identify(src) by extensions ['ignore', 'ignore_ament_install']
[1.989s] Level 1:colcon.colcon_core.package_identification:_identify(src) by extension 'ignore'
[1.989s] Level 1:colcon.colcon_core.package_identification:_identify(src) by extension 'ignore_ament_install'
[1.989s] Level 1:colcon.colcon_core.package_identification:_identify(src) by extensions ['colcon_pkg']
[1.989s] Level 1:colcon.colcon_core.package_identification:_identify(src) by extension 'colcon_pkg'
[1.989s] Level 1:colcon.colcon_core.package_identification:_identify(src) by extensions ['colcon_meta']
[1.989s] Level 1:colcon.colcon_core.package_identification:_identify(src) by extension 'colcon_meta'
[1.989s] Level 1:colcon.colcon_core.package_identification:_identify(src) by extensions ['ros']
[1.989s] Level 1:colcon.colcon_core.package_identification:_identify(src) by extension 'ros'
[1.989s] Level 1:colcon.colcon_core.package_identification:_identify(src) by extensions ['cmake', 'python']
[1.989s] Level 1:colcon.colcon_core.package_identification:_identify(src) by extension 'cmake'
[1.990s] Level 1:colcon.colcon_core.package_identification:_identify(src) by extension 'python'
[1.990s] Level 1:colcon.colcon_core.package_identification:_identify(src) by extensions ['python_setup_py']
[1.990s] Level 1:colcon.colcon_core.package_identification:_identify(src) by extension 'python_setup_py'
[1.990s] Level 1:colcon.colcon_core.package_identification:_identify(src/eYRC-2023_Hologlyph_Bots) by extensions ['ignore', 'ignore_ament_install']
[1.990s] Level 1:colcon.colcon_core.package_identification:_identify(src/eYRC-2023_Hologlyph_Bots) by extension 'ignore'
[1.990s] Level 1:colcon.colcon_core.package_identification:_identify(src/eYRC-2023_Hologlyph_Bots) by extension 'ignore_ament_install'
[1.990s] Level 1:colcon.colcon_core.package_identification:_identify(src/eYRC-2023_Hologlyph_Bots) by extensions ['colcon_pkg']
[1.990s] Level 1:colcon.colcon_core.package_identification:_identify(src/eYRC-2023_Hologlyph_Bots) by extension 'colcon_pkg'
[1.990s] Level 1:colcon.colcon_core.package_identification:_identify(src/eYRC-2023_Hologlyph_Bots) by extensions ['colcon_meta']
[1.990s] Level 1:colcon.colcon_core.package_identification:_identify(src/eYRC-2023_Hologlyph_Bots) by extension 'colcon_meta'
[1.990s] Level 1:colcon.colcon_core.package_identification:_identify(src/eYRC-2023_Hologlyph_Bots) by extensions ['ros']
[1.990s] Level 1:colcon.colcon_core.package_identification:_identify(src/eYRC-2023_Hologlyph_Bots) by extension 'ros'
[1.991s] Level 1:colcon.colcon_core.package_identification:_identify(src/eYRC-2023_Hologlyph_Bots) by extensions ['cmake', 'python']
[1.991s] Level 1:colcon.colcon_core.package_identification:_identify(src/eYRC-2023_Hologlyph_Bots) by extension 'cmake'
[1.991s] Level 1:colcon.colcon_core.package_identification:_identify(src/eYRC-2023_Hologlyph_Bots) by extension 'python'
[1.991s] Level 1:colcon.colcon_core.package_identification:_identify(src/eYRC-2023_Hologlyph_Bots) by extensions ['python_setup_py']
[1.991s] Level 1:colcon.colcon_core.package_identification:_identify(src/eYRC-2023_Hologlyph_Bots) by extension 'python_setup_py'
[1.991s] Level 1:colcon.colcon_core.package_identification:_identify(src/eYRC-2023_Hologlyph_Bots/hb_bot) by extensions ['ignore', 'ignore_ament_install']
[1.991s] Level 1:colcon.colcon_core.package_identification:_identify(src/eYRC-2023_Hologlyph_Bots/hb_bot) by extension 'ignore'
[1.991s] Level 1:colcon.colcon_core.package_identification:_identify(src/eYRC-2023_Hologlyph_Bots/hb_bot) by extension 'ignore_ament_install'
[1.991s] Level 1:colcon.colcon_core.package_identification:_identify(src/eYRC-2023_Hologlyph_Bots/hb_bot) by extensions ['colcon_pkg']
[1.991s] Level 1:colcon.colcon_core.package_identification:_identify(src/eYRC-2023_Hologlyph_Bots/hb_bot) by extension 'colcon_pkg'
[1.991s] Level 1:colcon.colcon_core.package_identification:_identify(src/eYRC-2023_Hologlyph_Bots/hb_bot) by extensions ['colcon_meta']
[1.991s] Level 1:colcon.colcon_core.package_identification:_identify(src/eYRC-2023_Hologlyph_Bots/hb_bot) by extension 'colcon_meta'
[1.991s] Level 1:colcon.colcon_core.package_identification:_identify(src/eYRC-2023_Hologlyph_Bots/hb_bot) by extensions ['ros']
[1.991s] Level 1:colcon.colcon_core.package_identification:_identify(src/eYRC-2023_Hologlyph_Bots/hb_bot) by extension 'ros'
[1.996s] DEBUG:colcon.colcon_core.package_identification:Package 'src/eYRC-2023_Hologlyph_Bots/hb_bot' with type 'ros.ament_cmake' and name 'hb_bot'
[1.996s] Level 1:colcon.colcon_core.package_identification:_identify(src/eYRC-2023_Hologlyph_Bots/hb_task2a) by extensions ['ignore', 'ignore_ament_install']
[1.996s] Level 1:colcon.colcon_core.package_identification:_identify(src/eYRC-2023_Hologlyph_Bots/hb_task2a) by extension 'ignore'
[1.996s] Level 1:colcon.colcon_core.package_identification:_identify(src/eYRC-2023_Hologlyph_Bots/hb_task2a) by extension 'ignore_ament_install'
[1.996s] Level 1:colcon.colcon_core.package_identification:_identify(src/eYRC-2023_Hologlyph_Bots/hb_task2a) by extensions ['colcon_pkg']
[1.996s] Level 1:colcon.colcon_core.package_identification:_identify(src/eYRC-2023_Hologlyph_Bots/hb_task2a) by extension 'colcon_pkg'
[1.996s] Level 1:colcon.colcon_core.package_identification:_identify(src/eYRC-2023_Hologlyph_Bots/hb_task2a) by extensions ['colcon_meta']
[1.996s] Level 1:colcon.colcon_core.package_identification:_identify(src/eYRC-2023_Hologlyph_Bots/hb_task2a) by extension 'colcon_meta'
[1.996s] Level 1:colcon.colcon_core.package_identification:_identify(src/eYRC-2023_Hologlyph_Bots/hb_task2a) by extensions ['ros']
[1.997s] Level 1:colcon.colcon_core.package_identification:_identify(src/eYRC-2023_Hologlyph_Bots/hb_task2a) by extension 'ros'
[1.999s] DEBUG:colcon.colcon_core.package_identification:Package 'src/eYRC-2023_Hologlyph_Bots/hb_task2a' with type 'ros.ament_python' and name 'hb_task2a'
[1.999s] Level 1:colcon.colcon_core.package_identification:_identify(src/eYRC-2023_Hologlyph_Bots/hb_task2b) by extensions ['ignore', 'ignore_ament_install']
[1.999s] Level 1:colcon.colcon_core.package_identification:_identify(src/eYRC-2023_Hologlyph_Bots/hb_task2b) by extension 'ignore'
[1.999s] Level 1:colcon.colcon_core.package_identification:_identify(src/eYRC-2023_Hologlyph_Bots/hb_task2b) by extension 'ignore_ament_install'
[1.999s] Level 1:colcon.colcon_core.package_identification:_identify(src/eYRC-2023_Hologlyph_Bots/hb_task2b) by extensions ['colcon_pkg']
[1.999s] Level 1:colcon.colcon_core.package_identification:_identify(src/eYRC-2023_Hologlyph_Bots/hb_task2b) by extension 'colcon_pkg'
[1.999s] Level 1:colcon.colcon_core.package_identification:_identify(src/eYRC-2023_Hologlyph_Bots/hb_task2b) by extensions ['colcon_meta']
[1.999s] Level 1:colcon.colcon_core.package_identification:_identify(src/eYRC-2023_Hologlyph_Bots/hb_task2b) by extension 'colcon_meta'
[1.999s] Level 1:colcon.colcon_core.package_identification:_identify(src/eYRC-2023_Hologlyph_Bots/hb_task2b) by extensions ['ros']
[1.999s] Level 1:colcon.colcon_core.package_identification:_identify(src/eYRC-2023_Hologlyph_Bots/hb_task2b) by extension 'ros'
[2.001s] DEBUG:colcon.colcon_core.package_identification:Package 'src/eYRC-2023_Hologlyph_Bots/hb_task2b' with type 'ros.ament_python' and name 'hb_task2b'
[2.001s] Level 1:colcon.colcon_core.package_identification:_identify(src/eYRC-2023_Hologlyph_Bots/hb_world) by extensions ['ignore', 'ignore_ament_install']
[2.001s] Level 1:colcon.colcon_core.package_identification:_identify(src/eYRC-2023_Hologlyph_Bots/hb_world) by extension 'ignore'
[2.001s] Level 1:colcon.colcon_core.package_identification:_identify(src/eYRC-2023_Hologlyph_Bots/hb_world) by extension 'ignore_ament_install'
[2.001s] Level 1:colcon.colcon_core.package_identification:_identify(src/eYRC-2023_Hologlyph_Bots/hb_world) by extensions ['colcon_pkg']
[2.001s] Level 1:colcon.colcon_core.package_identification:_identify(src/eYRC-2023_Hologlyph_Bots/hb_world) by extension 'colcon_pkg'
[2.001s] Level 1:colcon.colcon_core.package_identification:_identify(src/eYRC-2023_Hologlyph_Bots/hb_world) by extensions ['colcon_meta']
[2.001s] Level 1:colcon.colcon_core.package_identification:_identify(src/eYRC-2023_Hologlyph_Bots/hb_world) by extension 'colcon_meta'
[2.001s] Level 1:colcon.colcon_core.package_identification:_identify(src/eYRC-2023_Hologlyph_Bots/hb_world) by extensions ['ros']
[2.001s] Level 1:colcon.colcon_core.package_identification:_identify(src/eYRC-2023_Hologlyph_Bots/hb_world) by extension 'ros'
[2.002s] DEBUG:colcon.colcon_core.package_identification:Package 'src/eYRC-2023_Hologlyph_Bots/hb_world' with type 'ros.ament_cmake' and name 'hb_world'
[2.003s] Level 1:colcon.colcon_core.package_identification:_identify(src/eYRC-2023_Hologlyph_Bots/my_robot_interfaces) by extensions ['ignore', 'ignore_ament_install']
[2.003s] Level 1:colcon.colcon_core.package_identification:_identify(src/eYRC-2023_Hologlyph_Bots/my_robot_interfaces) by extension 'ignore'
[2.003s] Level 1:colcon.colcon_core.package_identification:_identify(src/eYRC-2023_Hologlyph_Bots/my_robot_interfaces) by extension 'ignore_ament_install'
[2.003s] Level 1:colcon.colcon_core.package_identification:_identify(src/eYRC-2023_Hologlyph_Bots/my_robot_interfaces) by extensions ['colcon_pkg']
[2.003s] Level 1:colcon.colcon_core.package_identification:_identify(src/eYRC-2023_Hologlyph_Bots/my_robot_interfaces) by extension 'colcon_pkg'
[2.003s] Level 1:colcon.colcon_core.package_identification:_identify(src/eYRC-2023_Hologlyph_Bots/my_robot_interfaces) by extensions ['colcon_meta']
[2.003s] Level 1:colcon.colcon_core.package_identification:_identify(src/eYRC-2023_Hologlyph_Bots/my_robot_interfaces) by extension 'colcon_meta'
[2.003s] Level 1:colcon.colcon_core.package_identification:_identify(src/eYRC-2023_Hologlyph_Bots/my_robot_interfaces) by extensions ['ros']
[2.003s] Level 1:colcon.colcon_core.package_identification:_identify(src/eYRC-2023_Hologlyph_Bots/my_robot_interfaces) by extension 'ros'
[2.004s] DEBUG:colcon.colcon_core.package_identification:Package 'src/eYRC-2023_Hologlyph_Bots/my_robot_interfaces' with type 'ros.ament_cmake' and name 'my_robot_interfaces'
[2.004s] Level 1:colcon.colcon_core.package_discovery:discover_packages(recursive) using defaults
[2.004s] Level 1:colcon.colcon_core.package_discovery:discover_packages(ignore) discover
[2.004s] Level 1:colcon.colcon_core.package_discovery:discover_packages(ignore) using defaults
[2.004s] Level 1:colcon.colcon_core.package_discovery:discover_packages(path) discover
[2.004s] Level 1:colcon.colcon_core.package_discovery:discover_packages(path) using defaults
[2.176s] Level 1:colcon.colcon_core.package_discovery:discover_packages(prefix_path) check parameters
[2.176s] Level 1:colcon.colcon_core.package_discovery:discover_packages(prefix_path) discover
[2.233s] DEBUG:colcon.colcon_installed_package_information.package_discovery:Found 5 installed packages in /home/vaishnavi/eyrc23_hb_1520/hb_task_2_ws/install
[2.280s] DEBUG:colcon.colcon_installed_package_information.package_discovery:Found 282 installed packages in /opt/ros/humble
[2.282s] Level 1:colcon.colcon_core.package_discovery:discover_packages(prefix_path) using defaults
[2.442s] Level 5:colcon.colcon_core.verb:set package 'hb_bot' build argument 'cmake_args' from command line to 'None'
[2.442s] Level 5:colcon.colcon_core.verb:set package 'hb_bot' build argument 'cmake_target' from command line to 'None'
[2.442s] Level 5:colcon.colcon_core.verb:set package 'hb_bot' build argument 'cmake_target_skip_unavailable' from command line to 'False'
[2.442s] Level 5:colcon.colcon_core.verb:set package 'hb_bot' build argument 'cmake_clean_cache' from command line to 'False'
[2.442s] Level 5:colcon.colcon_core.verb:set package 'hb_bot' build argument 'cmake_clean_first' from command line to 'False'
[2.442s] Level 5:colcon.colcon_core.verb:set package 'hb_bot' build argument 'cmake_force_configure' from command line to 'False'
[2.442s] Level 5:colcon.colcon_core.verb:set package 'hb_bot' build argument 'ament_cmake_args' from command line to 'None'
[2.443s] Level 5:colcon.colcon_core.verb:set package 'hb_bot' build argument 'catkin_cmake_args' from command line to 'None'
[2.443s] Level 5:colcon.colcon_core.verb:set package 'hb_bot' build argument 'catkin_skip_building_tests' from command line to 'False'
[2.443s] DEBUG:colcon.colcon_core.verb:Building package 'hb_bot' with the following arguments: {'ament_cmake_args': None, 'build_base': '/home/vaishnavi/eyrc23_hb_1520/hb_task_2_ws/build/hb_bot', 'catkin_cmake_args': None, 'catkin_skip_building_tests': False, 'cmake_args': None, 'cmake_clean_cache': False, 'cmake_clean_first': False, 'cmake_force_configure': False, 'cmake_target': None, 'cmake_target_skip_unavailable': False, 'install_base': '/home/vaishnavi/eyrc23_hb_1520/hb_task_2_ws/install/hb_bot', 'merge_install': False, 'path': '/home/vaishnavi/eyrc23_hb_1520/hb_task_2_ws/src/eYRC-2023_Hologlyph_Bots/hb_bot', 'symlink_install': False, 'test_result_base': None}
[2.470s] Level 5:colcon.colcon_core.verb:set package 'hb_task2b' build argument 'cmake_args' from command line to 'None'
[2.470s] Level 5:colcon.colcon_core.verb:set package 'hb_task2b' build argument 'cmake_target' from command line to 'None'
[2.471s] Level 5:colcon.colcon_core.verb:set package 'hb_task2b' build argument 'cmake_target_skip_unavailable' from command line to 'False'
[2.471s] Level 5:colcon.colcon_core.verb:set package 'hb_task2b' build argument 'cmake_clean_cache' from command line to 'False'
[2.471s] Level 5:colcon.colcon_core.verb:set package 'hb_task2b' build argument 'cmake_clean_first' from command line to 'False'
[2.471s] Level 5:colcon.colcon_core.verb:set package 'hb_task2b' build argument 'cmake_force_configure' from command line to 'False'
[2.471s] Level 5:colcon.colcon_core.verb:set package 'hb_task2b' build argument 'ament_cmake_args' from command line to 'None'
[2.471s] Level 5:colcon.colcon_core.verb:set package 'hb_task2b' build argument 'catkin_cmake_args' from command line to 'None'
[2.471s] Level 5:colcon.colcon_core.verb:set package 'hb_task2b' build argument 'catkin_skip_building_tests' from command line to 'False'
[2.471s] DEBUG:colcon.colcon_core.verb:Building package 'hb_task2b' with the following arguments: {'ament_cmake_args': None, 'build_base': '/home/vaishnavi/eyrc23_hb_1520/hb_task_2_ws/build/hb_task2b', 'catkin_cmake_args': None, 'catkin_skip_building_tests': False, 'cmake_args': None, 'cmake_clean_cache': False, 'cmake_clean_first': False, 'cmake_force_configure': False, 'cmake_target': None, 'cmake_target_skip_unavailable': False, 'install_base': '/home/vaishnavi/eyrc23_hb_1520/hb_task_2_ws/install/hb_task2b', 'merge_install': False, 'path': '/home/vaishnavi/eyrc23_hb_1520/hb_task_2_ws/src/eYRC-2023_Hologlyph_Bots/hb_task2b', 'symlink_install': False, 'test_result_base': None}
[2.499s] Level 5:colcon.colcon_core.verb:set package 'hb_world' build argument 'cmake_args' from command line to 'None'
[2.499s] Level 5:colcon.colcon_core.verb:set package 'hb_world' build argument 'cmake_target' from command line to 'None'
[2.499s] Level 5:colcon.colcon_core.verb:set package 'hb_world' build argument 'cmake_target_skip_unavailable' from command line to 'False'
[2.499s] Level 5:colcon.colcon_core.verb:set package 'hb_world' build argument 'cmake_clean_cache' from command line to 'False'
[2.499s] Level 5:colcon.colcon_core.verb:set package 'hb_world' build argument 'cmake_clean_first' from command line to 'False'
[2.499s] Level 5:colcon.colcon_core.verb:set package 'hb_world' build argument 'cmake_force_configure' from command line to 'False'
[2.499s] Level 5:colcon.colcon_core.verb:set package 'hb_world' build argument 'ament_cmake_args' from command line to 'None'
[2.499s] Level 5:colcon.colcon_core.verb:set package 'hb_world' build argument 'catkin_cmake_args' from command line to 'None'
[2.499s] Level 5:colcon.colcon_core.verb:set package 'hb_world' build argument 'catkin_skip_building_tests' from command line to 'False'
[2.499s] DEBUG:colcon.colcon_core.verb:Building package 'hb_world' with the following arguments: {'ament_cmake_args': None, 'build_base': '/home/vaishnavi/eyrc23_hb_1520/hb_task_2_ws/build/hb_world', 'catkin_cmake_args': None, 'catkin_skip_building_tests': False, 'cmake_args': None, 'cmake_clean_cache': False, 'cmake_clean_first': False, 'cmake_force_configure': False, 'cmake_target': None, 'cmake_target_skip_unavailable': False, 'install_base': '/home/vaishnavi/eyrc23_hb_1520/hb_task_2_ws/install/hb_world', 'merge_install': False, 'path': '/home/vaishnavi/eyrc23_hb_1520/hb_task_2_ws/src/eYRC-2023_Hologlyph_Bots/hb_world', 'symlink_install': False, 'test_result_base': None}
[2.527s] Level 5:colcon.colcon_core.verb:set package 'my_robot_interfaces' build argument 'cmake_args' from command line to 'None'
[2.527s] Level 5:colcon.colcon_core.verb:set package 'my_robot_interfaces' build argument 'cmake_target' from command line to 'None'
[2.527s] Level 5:colcon.colcon_core.verb:set package 'my_robot_interfaces' build argument 'cmake_target_skip_unavailable' from command line to 'False'
[2.527s] Level 5:colcon.colcon_core.verb:set package 'my_robot_interfaces' build argument 'cmake_clean_cache' from command line to 'False'
[2.527s] Level 5:colcon.colcon_core.verb:set package 'my_robot_interfaces' build argument 'cmake_clean_first' from command line to 'False'
[2.527s] Level 5:colcon.colcon_core.verb:set package 'my_robot_interfaces' build argument 'cmake_force_configure' from command line to 'False'
[2.527s] Level 5:colcon.colcon_core.verb:set package 'my_robot_interfaces' build argument 'ament_cmake_args' from command line to 'None'
[2.527s] Level 5:colcon.colcon_core.verb:set package 'my_robot_interfaces' build argument 'catkin_cmake_args' from command line to 'None'
[2.527s] Level 5:colcon.colcon_core.verb:set package 'my_robot_interfaces' build argument 'catkin_skip_building_tests' from command line to 'False'
[2.527s] DEBUG:colcon.colcon_core.verb:Building package 'my_robot_interfaces' with the following arguments: {'ament_cmake_args': None, 'build_base': '/home/vaishnavi/eyrc23_hb_1520/hb_task_2_ws/build/my_robot_interfaces', 'catkin_cmake_args': None, 'catkin_skip_building_tests': False, 'cmake_args': None, 'cmake_clean_cache': False, 'cmake_clean_first': False, 'cmake_force_configure': False, 'cmake_target': None, 'cmake_target_skip_unavailable': False, 'install_base': '/home/vaishnavi/eyrc23_hb_1520/hb_task_2_ws/install/my_robot_interfaces', 'merge_install': False, 'path': '/home/vaishnavi/eyrc23_hb_1520/hb_task_2_ws/src/eYRC-2023_Hologlyph_Bots/my_robot_interfaces', 'symlink_install': False, 'test_result_base': None}
[2.554s] Level 5:colcon.colcon_core.verb:set package 'hb_task2a' build argument 'cmake_args' from command line to 'None'
[2.554s] Level 5:colcon.colcon_core.verb:set package 'hb_task2a' build argument 'cmake_target' from command line to 'None'
[2.554s] Level 5:colcon.colcon_core.verb:set package 'hb_task2a' build argument 'cmake_target_skip_unavailable' from command line to 'False'
[2.554s] Level 5:colcon.colcon_core.verb:set package 'hb_task2a' build argument 'cmake_clean_cache' from command line to 'False'
[2.554s] Level 5:colcon.colcon_core.verb:set package 'hb_task2a' build argument 'cmake_clean_first' from command line to 'False'
[2.554s] Level 5:colcon.colcon_core.verb:set package 'hb_task2a' build argument 'cmake_force_configure' from command line to 'False'
[2.554s] Level 5:colcon.colcon_core.verb:set package 'hb_task2a' build argument 'ament_cmake_args' from command line to 'None'
[2.555s] Level 5:colcon.colcon_core.verb:set package 'hb_task2a' build argument 'catkin_cmake_args' from command line to 'None'
[2.555s] Level 5:colcon.colcon_core.verb:set package 'hb_task2a' build argument 'catkin_skip_building_tests' from command line to 'False'
[2.555s] DEBUG:colcon.colcon_core.verb:Building package 'hb_task2a' with the following arguments: {'ament_cmake_args': None, 'build_base': '/home/vaishnavi/eyrc23_hb_1520/hb_task_2_ws/build/hb_task2a', 'catkin_cmake_args': None, 'catkin_skip_building_tests': False, 'cmake_args': None, 'cmake_clean_cache': False, 'cmake_clean_first': False, 'cmake_force_configure': False, 'cmake_target': None, 'cmake_target_skip_unavailable': False, 'install_base': '/home/vaishnavi/eyrc23_hb_1520/hb_task_2_ws/install/hb_task2a', 'merge_install': False, 'path': '/home/vaishnavi/eyrc23_hb_1520/hb_task_2_ws/src/eYRC-2023_Hologlyph_Bots/hb_task2a', 'symlink_install': False, 'test_result_base': None}
[2.581s] INFO:colcon.colcon_core.executor:Executing jobs using 'parallel' executor
[2.609s] DEBUG:colcon.colcon_parallel_executor.executor.parallel:run_until_complete
[2.609s] INFO:colcon.colcon_ros.task.ament_cmake.build:Building ROS package in '/home/vaishnavi/eyrc23_hb_1520/hb_task_2_ws/src/eYRC-2023_Hologlyph_Bots/my_robot_interfaces' with build type 'ament_cmake'
[2.609s] INFO:colcon.colcon_cmake.task.cmake.build:Building CMake package in '/home/vaishnavi/eyrc23_hb_1520/hb_task_2_ws/src/eYRC-2023_Hologlyph_Bots/my_robot_interfaces'
[2.640s] INFO:colcon.colcon_core.plugin_system:Skipping extension 'colcon_core.shell.bat': Not used on non-Windows systems
[2.641s] INFO:colcon.colcon_core.shell:Skip shell extension 'powershell' for command environment: Not usable outside of PowerShell
[2.641s] DEBUG:colcon.colcon_core.shell:Skip shell extension 'dsv' for command environment
[2.747s] INFO:colcon.colcon_ros.task.ament_cmake.build:Building ROS package in '/home/vaishnavi/eyrc23_hb_1520/hb_task_2_ws/src/eYRC-2023_Hologlyph_Bots/hb_bot' with build type 'ament_cmake'
[2.748s] INFO:colcon.colcon_cmake.task.cmake.build:Building CMake package in '/home/vaishnavi/eyrc23_hb_1520/hb_task_2_ws/src/eYRC-2023_Hologlyph_Bots/hb_bot'
[2.786s] INFO:colcon.colcon_core.shell:Skip shell extension 'powershell' for command environment: Not usable outside of PowerShell
[2.786s] DEBUG:colcon.colcon_core.shell:Skip shell extension 'dsv' for command environment
[2.892s] INFO:colcon.colcon_ros.task.ament_python.build:Building ROS package in '/home/vaishnavi/eyrc23_hb_1520/hb_task_2_ws/src/eYRC-2023_Hologlyph_Bots/hb_task2b' with build type 'ament_python'
[2.892s] Level 1:colcon.colcon_core.shell:create_environment_hook('hb_task2b', 'ament_prefix_path')
[2.927s] INFO:colcon.colcon_core.shell:Creating environment hook '/home/vaishnavi/eyrc23_hb_1520/hb_task_2_ws/install/hb_task2b/share/hb_task2b/hook/ament_prefix_path.ps1'
[2.928s] INFO:colcon.colcon_core.shell:Creating environment descriptor '/home/vaishnavi/eyrc23_hb_1520/hb_task_2_ws/install/hb_task2b/share/hb_task2b/hook/ament_prefix_path.dsv'
[2.929s] INFO:colcon.colcon_core.shell:Creating environment hook '/home/vaishnavi/eyrc23_hb_1520/hb_task_2_ws/install/hb_task2b/share/hb_task2b/hook/ament_prefix_path.sh'
[2.963s] INFO:colcon.colcon_core.shell:Skip shell extension 'powershell' for command environment: Not usable outside of PowerShell
[2.963s] DEBUG:colcon.colcon_core.shell:Skip shell extension 'dsv' for command environment
[3.057s] INFO:colcon.colcon_ros.task.ament_cmake.build:Building ROS package in '/home/vaishnavi/eyrc23_hb_1520/hb_task_2_ws/src/eYRC-2023_Hologlyph_Bots/hb_world' with build type 'ament_cmake'
[3.057s] INFO:colcon.colcon_cmake.task.cmake.build:Building CMake package in '/home/vaishnavi/eyrc23_hb_1520/hb_task_2_ws/src/eYRC-2023_Hologlyph_Bots/hb_world'
[3.091s] INFO:colcon.colcon_core.shell:Skip shell extension 'powershell' for command environment: Not usable outside of PowerShell
[3.091s] DEBUG:colcon.colcon_core.shell:Skip shell extension 'dsv' for command environment
[3.195s] DEBUG:colcon.colcon_core.event_handler.log_command:Invoking command in '/home/vaishnavi/eyrc23_hb_1520/hb_task_2_ws/build/my_robot_interfaces': CMAKE_PREFIX_PATH=${CMAKE_PREFIX_PATH}:/home/vaishnavi/eyrc23_hb_1520/hb_task_2_ws/install/hb_task2a:/home/vaishnavi/eyrc23_hb_1520/hb_task_2_ws/install/hb_task2b:/opt/ros/humble /usr/bin/cmake --build /home/vaishnavi/eyrc23_hb_1520/hb_task_2_ws/build/my_robot_interfaces -- -j8 -l8
[3.199s] DEBUG:colcon.colcon_core.event_handler.log_command:Invoking command in '/home/vaishnavi/eyrc23_hb_1520/hb_task_2_ws/build/hb_bot': CMAKE_PREFIX_PATH=${CMAKE_PREFIX_PATH}:/home/vaishnavi/eyrc23_hb_1520/hb_task_2_ws/install/hb_task2a:/home/vaishnavi/eyrc23_hb_1520/hb_task_2_ws/install/hb_task2b:/opt/ros/humble /usr/bin/cmake --build /home/vaishnavi/eyrc23_hb_1520/hb_task_2_ws/build/hb_bot -- -j8 -l8
[3.782s] INFO:colcon.colcon_core.task.python.build:Building Python package in '/home/vaishnavi/eyrc23_hb_1520/hb_task_2_ws/src/eYRC-2023_Hologlyph_Bots/hb_task2b'
[3.829s] INFO:colcon.colcon_core.shell:Skip shell extension 'powershell' for command environment: Not usable outside of PowerShell
[3.829s] DEBUG:colcon.colcon_core.shell:Skip shell extension 'dsv' for command environment
[3.937s] DEBUG:colcon.colcon_core.event_handler.log_command:Invoking command in '/home/vaishnavi/eyrc23_hb_1520/hb_task_2_ws/build/hb_world': CMAKE_PREFIX_PATH=${CMAKE_PREFIX_PATH}:/home/vaishnavi/eyrc23_hb_1520/hb_task_2_ws/install/hb_task2a:/home/vaishnavi/eyrc23_hb_1520/hb_task_2_ws/install/hb_task2b:/opt/ros/humble /usr/bin/cmake --build /home/vaishnavi/eyrc23_hb_1520/hb_task_2_ws/build/hb_world -- -j8 -l8
[3.939s] DEBUG:colcon.colcon_core.event_handler.log_command:Invoked command in '/home/vaishnavi/eyrc23_hb_1520/hb_task_2_ws/build/hb_bot' returned '0': CMAKE_PREFIX_PATH=${CMAKE_PREFIX_PATH}:/home/vaishnavi/eyrc23_hb_1520/hb_task_2_ws/install/hb_task2a:/home/vaishnavi/eyrc23_hb_1520/hb_task_2_ws/install/hb_task2b:/opt/ros/humble /usr/bin/cmake --build /home/vaishnavi/eyrc23_hb_1520/hb_task_2_ws/build/hb_bot -- -j8 -l8
[3.950s] DEBUG:colcon.colcon_core.event_handler.log_command:Invoked command in '/home/vaishnavi/eyrc23_hb_1520/hb_task_2_ws/build/my_robot_interfaces' returned '0': CMAKE_PREFIX_PATH=${CMAKE_PREFIX_PATH}:/home/vaishnavi/eyrc23_hb_1520/hb_task_2_ws/install/hb_task2a:/home/vaishnavi/eyrc23_hb_1520/hb_task_2_ws/install/hb_task2b:/opt/ros/humble /usr/bin/cmake --build /home/vaishnavi/eyrc23_hb_1520/hb_task_2_ws/build/my_robot_interfaces -- -j8 -l8
[3.999s] DEBUG:colcon.colcon_core.event_handler.log_command:Invoking command in '/home/vaishnavi/eyrc23_hb_1520/hb_task_2_ws/build/hb_bot': CMAKE_PREFIX_PATH=${CMAKE_PREFIX_PATH}:/home/vaishnavi/eyrc23_hb_1520/hb_task_2_ws/install/hb_task2a:/home/vaishnavi/eyrc23_hb_1520/hb_task_2_ws/install/hb_task2b:/opt/ros/humble /usr/bin/cmake --install /home/vaishnavi/eyrc23_hb_1520/hb_task_2_ws/build/hb_bot
[4.018s] Level 1:colcon.colcon_core.environment:create_environment_scripts_only(hb_bot)
[4.019s] DEBUG:colcon.colcon_core.event_handler.log_command:Invoked command in '/home/vaishnavi/eyrc23_hb_1520/hb_task_2_ws/build/hb_bot' returned '0': CMAKE_PREFIX_PATH=${CMAKE_PREFIX_PATH}:/home/vaishnavi/eyrc23_hb_1520/hb_task_2_ws/install/hb_task2a:/home/vaishnavi/eyrc23_hb_1520/hb_task_2_ws/install/hb_task2b:/opt/ros/humble /usr/bin/cmake --install /home/vaishnavi/eyrc23_hb_1520/hb_task_2_ws/build/hb_bot
[4.055s] Level 1:colcon.colcon_core.environment:checking '/home/vaishnavi/eyrc23_hb_1520/hb_task_2_ws/install/hb_bot' for CMake module files
[4.057s] Level 1:colcon.colcon_core.environment:checking '/home/vaishnavi/eyrc23_hb_1520/hb_task_2_ws/install/hb_bot' for CMake config files
[4.057s] Level 1:colcon.colcon_core.shell:create_environment_hook('hb_bot', 'cmake_prefix_path')
[4.093s] INFO:colcon.colcon_core.shell:Creating environment hook '/home/vaishnavi/eyrc23_hb_1520/hb_task_2_ws/install/hb_bot/share/hb_bot/hook/cmake_prefix_path.ps1'
[4.095s] INFO:colcon.colcon_core.shell:Creating environment descriptor '/home/vaishnavi/eyrc23_hb_1520/hb_task_2_ws/install/hb_bot/share/hb_bot/hook/cmake_prefix_path.dsv'
[4.095s] INFO:colcon.colcon_core.shell:Creating environment hook '/home/vaishnavi/eyrc23_hb_1520/hb_task_2_ws/install/hb_bot/share/hb_bot/hook/cmake_prefix_path.sh'
[4.096s] Level 1:colcon.colcon_core.environment:checking '/home/vaishnavi/eyrc23_hb_1520/hb_task_2_ws/install/hb_bot/bin'
[4.097s] Level 1:colcon.colcon_core.environment:checking '/home/vaishnavi/eyrc23_hb_1520/hb_task_2_ws/install/hb_bot/lib/pkgconfig/hb_bot.pc'
[4.097s] Level 1:colcon.colcon_core.environment:checking '/home/vaishnavi/eyrc23_hb_1520/hb_task_2_ws/install/hb_bot/lib/python3.10/site-packages'
[4.097s] Level 1:colcon.colcon_core.environment:checking '/home/vaishnavi/eyrc23_hb_1520/hb_task_2_ws/install/hb_bot/bin'
[4.130s] INFO:colcon.colcon_core.shell:Creating package script '/home/vaishnavi/eyrc23_hb_1520/hb_task_2_ws/install/hb_bot/share/hb_bot/package.ps1'
[4.131s] INFO:colcon.colcon_core.shell:Creating package descriptor '/home/vaishnavi/eyrc23_hb_1520/hb_task_2_ws/install/hb_bot/share/hb_bot/package.dsv'
[4.132s] INFO:colcon.colcon_core.shell:Creating package script '/home/vaishnavi/eyrc23_hb_1520/hb_task_2_ws/install/hb_bot/share/hb_bot/package.sh'
[4.133s] INFO:colcon.colcon_core.shell:Creating package script '/home/vaishnavi/eyrc23_hb_1520/hb_task_2_ws/install/hb_bot/share/hb_bot/package.bash'
[4.134s] INFO:colcon.colcon_core.shell:Creating package script '/home/vaishnavi/eyrc23_hb_1520/hb_task_2_ws/install/hb_bot/share/hb_bot/package.zsh'
[4.135s] Level 1:colcon.colcon_core.environment:create_file_with_runtime_dependencies(/home/vaishnavi/eyrc23_hb_1520/hb_task_2_ws/install/hb_bot/share/colcon-core/packages/hb_bot)
[4.139s] DEBUG:colcon.colcon_core.event_handler.log_command:Invoked command in '/home/vaishnavi/eyrc23_hb_1520/hb_task_2_ws/build/hb_world' returned '0': CMAKE_PREFIX_PATH=${CMAKE_PREFIX_PATH}:/home/vaishnavi/eyrc23_hb_1520/hb_task_2_ws/install/hb_task2a:/home/vaishnavi/eyrc23_hb_1520/hb_task_2_ws/install/hb_task2b:/opt/ros/humble /usr/bin/cmake --build /home/vaishnavi/eyrc23_hb_1520/hb_task_2_ws/build/hb_world -- -j8 -l8
[4.143s] DEBUG:colcon.colcon_core.event_handler.log_command:Invoking command in '/home/vaishnavi/eyrc23_hb_1520/hb_task_2_ws/build/my_robot_interfaces': CMAKE_PREFIX_PATH=${CMAKE_PREFIX_PATH}:/home/vaishnavi/eyrc23_hb_1520/hb_task_2_ws/install/hb_task2a:/home/vaishnavi/eyrc23_hb_1520/hb_task_2_ws/install/hb_task2b:/opt/ros/humble /usr/bin/cmake --install /home/vaishnavi/eyrc23_hb_1520/hb_task_2_ws/build/my_robot_interfaces
[4.230s] Level 1:colcon.colcon_core.environment:create_environment_scripts_only(hb_bot)
[4.275s] Level 1:colcon.colcon_core.environment:checking '/home/vaishnavi/eyrc23_hb_1520/hb_task_2_ws/install/hb_bot' for CMake module files
[4.275s] Level 1:colcon.colcon_core.environment:checking '/home/vaishnavi/eyrc23_hb_1520/hb_task_2_ws/install/hb_bot' for CMake config files
[4.276s] Level 1:colcon.colcon_core.shell:create_environment_hook('hb_bot', 'cmake_prefix_path')
[4.304s] INFO:colcon.colcon_core.shell:Creating environment hook '/home/vaishnavi/eyrc23_hb_1520/hb_task_2_ws/install/hb_bot/share/hb_bot/hook/cmake_prefix_path.ps1'
[4.304s] INFO:colcon.colcon_core.shell:Creating environment descriptor '/home/vaishnavi/eyrc23_hb_1520/hb_task_2_ws/install/hb_bot/share/hb_bot/hook/cmake_prefix_path.dsv'
[4.305s] INFO:colcon.colcon_core.shell:Creating environment hook '/home/vaishnavi/eyrc23_hb_1520/hb_task_2_ws/install/hb_bot/share/hb_bot/hook/cmake_prefix_path.sh'
[4.306s] Level 1:colcon.colcon_core.environment:checking '/home/vaishnavi/eyrc23_hb_1520/hb_task_2_ws/install/hb_bot/bin'
[4.306s] Level 1:colcon.colcon_core.environment:checking '/home/vaishnavi/eyrc23_hb_1520/hb_task_2_ws/install/hb_bot/lib/pkgconfig/hb_bot.pc'
[4.306s] Level 1:colcon.colcon_core.environment:checking '/home/vaishnavi/eyrc23_hb_1520/hb_task_2_ws/install/hb_bot/lib/python3.10/site-packages'
[4.307s] Level 1:colcon.colcon_core.environment:checking '/home/vaishnavi/eyrc23_hb_1520/hb_task_2_ws/install/hb_bot/bin'
[4.335s] INFO:colcon.colcon_core.shell:Creating package script '/home/vaishnavi/eyrc23_hb_1520/hb_task_2_ws/install/hb_bot/share/hb_bot/package.ps1'
[4.335s] INFO:colcon.colcon_core.shell:Creating package descriptor '/home/vaishnavi/eyrc23_hb_1520/hb_task_2_ws/install/hb_bot/share/hb_bot/package.dsv'
[4.336s] INFO:colcon.colcon_core.shell:Creating package script '/home/vaishnavi/eyrc23_hb_1520/hb_task_2_ws/install/hb_bot/share/hb_bot/package.sh'
[4.337s] INFO:colcon.colcon_core.shell:Creating package script '/home/vaishnavi/eyrc23_hb_1520/hb_task_2_ws/install/hb_bot/share/hb_bot/package.bash'
[4.337s] INFO:colcon.colcon_core.shell:Creating package script '/home/vaishnavi/eyrc23_hb_1520/hb_task_2_ws/install/hb_bot/share/hb_bot/package.zsh'
[4.338s] Level 1:colcon.colcon_core.environment:create_file_with_runtime_dependencies(/home/vaishnavi/eyrc23_hb_1520/hb_task_2_ws/install/hb_bot/share/colcon-core/packages/hb_bot)
[4.341s] DEBUG:colcon.colcon_core.event_handler.log_command:Invoking command in '/home/vaishnavi/eyrc23_hb_1520/hb_task_2_ws/build/hb_world': CMAKE_PREFIX_PATH=${CMAKE_PREFIX_PATH}:/home/vaishnavi/eyrc23_hb_1520/hb_task_2_ws/install/hb_task2a:/home/vaishnavi/eyrc23_hb_1520/hb_task_2_ws/install/hb_task2b:/opt/ros/humble /usr/bin/cmake --install /home/vaishnavi/eyrc23_hb_1520/hb_task_2_ws/build/hb_world
[4.342s] Level 1:colcon.colcon_core.environment:create_environment_scripts_only(my_robot_interfaces)
[4.342s] DEBUG:colcon.colcon_core.event_handler.log_command:Invoked command in '/home/vaishnavi/eyrc23_hb_1520/hb_task_2_ws/build/my_robot_interfaces' returned '0': CMAKE_PREFIX_PATH=${CMAKE_PREFIX_PATH}:/home/vaishnavi/eyrc23_hb_1520/hb_task_2_ws/install/hb_task2a:/home/vaishnavi/eyrc23_hb_1520/hb_task_2_ws/install/hb_task2b:/opt/ros/humble /usr/bin/cmake --install /home/vaishnavi/eyrc23_hb_1520/hb_task_2_ws/build/my_robot_interfaces
[4.385s] Level 1:colcon.colcon_core.environment:checking '/home/vaishnavi/eyrc23_hb_1520/hb_task_2_ws/install/my_robot_interfaces' for CMake module files
[4.386s] Level 1:colcon.colcon_core.environment:checking '/home/vaishnavi/eyrc23_hb_1520/hb_task_2_ws/install/my_robot_interfaces' for CMake config files
[4.387s] Level 1:colcon.colcon_core.shell:create_environment_hook('my_robot_interfaces', 'cmake_prefix_path')
[4.416s] INFO:colcon.colcon_core.shell:Creating environment hook '/home/vaishnavi/eyrc23_hb_1520/hb_task_2_ws/install/my_robot_interfaces/share/my_robot_interfaces/hook/cmake_prefix_path.ps1'
[4.416s] INFO:colcon.colcon_core.shell:Creating environment descriptor '/home/vaishnavi/eyrc23_hb_1520/hb_task_2_ws/install/my_robot_interfaces/share/my_robot_interfaces/hook/cmake_prefix_path.dsv'
[4.417s] INFO:colcon.colcon_core.shell:Creating environment hook '/home/vaishnavi/eyrc23_hb_1520/hb_task_2_ws/install/my_robot_interfaces/share/my_robot_interfaces/hook/cmake_prefix_path.sh'
[4.418s] Level 1:colcon.colcon_core.environment:checking '/home/vaishnavi/eyrc23_hb_1520/hb_task_2_ws/install/my_robot_interfaces/lib'
[4.418s] Level 1:colcon.colcon_core.shell:create_environment_hook('my_robot_interfaces', 'ld_library_path_lib')
[4.457s] INFO:colcon.colcon_core.shell:Creating environment hook '/home/vaishnavi/eyrc23_hb_1520/hb_task_2_ws/install/my_robot_interfaces/share/my_robot_interfaces/hook/ld_library_path_lib.ps1'
[4.459s] INFO:colcon.colcon_core.shell:Creating environment descriptor '/home/vaishnavi/eyrc23_hb_1520/hb_task_2_ws/install/my_robot_interfaces/share/my_robot_interfaces/hook/ld_library_path_lib.dsv'
[4.459s] INFO:colcon.colcon_core.shell:Creating environment hook '/home/vaishnavi/eyrc23_hb_1520/hb_task_2_ws/install/my_robot_interfaces/share/my_robot_interfaces/hook/ld_library_path_lib.sh'
[4.460s] Level 1:colcon.colcon_core.environment:checking '/home/vaishnavi/eyrc23_hb_1520/hb_task_2_ws/install/my_robot_interfaces/bin'
[4.460s] Level 1:colcon.colcon_core.environment:checking '/home/vaishnavi/eyrc23_hb_1520/hb_task_2_ws/install/my_robot_interfaces/lib/pkgconfig/my_robot_interfaces.pc'
[4.461s] Level 1:colcon.colcon_core.environment:checking '/home/vaishnavi/eyrc23_hb_1520/hb_task_2_ws/install/my_robot_interfaces/lib/python3.10/site-packages'
[4.462s] Level 1:colcon.colcon_core.environment:checking '/home/vaishnavi/eyrc23_hb_1520/hb_task_2_ws/install/my_robot_interfaces/bin'
[4.496s] INFO:colcon.colcon_core.shell:Creating package script '/home/vaishnavi/eyrc23_hb_1520/hb_task_2_ws/install/my_robot_interfaces/share/my_robot_interfaces/package.ps1'
[4.497s] INFO:colcon.colcon_core.shell:Creating package descriptor '/home/vaishnavi/eyrc23_hb_1520/hb_task_2_ws/install/my_robot_interfaces/share/my_robot_interfaces/package.dsv'
[4.498s] INFO:colcon.colcon_core.shell:Creating package script '/home/vaishnavi/eyrc23_hb_1520/hb_task_2_ws/install/my_robot_interfaces/share/my_robot_interfaces/package.sh'
[4.499s] INFO:colcon.colcon_core.shell:Creating package script '/home/vaishnavi/eyrc23_hb_1520/hb_task_2_ws/install/my_robot_interfaces/share/my_robot_interfaces/package.bash'
[4.499s] INFO:colcon.colcon_core.shell:Creating package script '/home/vaishnavi/eyrc23_hb_1520/hb_task_2_ws/install/my_robot_interfaces/share/my_robot_interfaces/package.zsh'
[4.500s] Level 1:colcon.colcon_core.environment:create_file_with_runtime_dependencies(/home/vaishnavi/eyrc23_hb_1520/hb_task_2_ws/install/my_robot_interfaces/share/colcon-core/packages/my_robot_interfaces)
[4.502s] Level 1:colcon.colcon_core.environment:create_environment_scripts_only(hb_world)
[4.503s] DEBUG:colcon.colcon_core.event_handler.log_command:Invoked command in '/home/vaishnavi/eyrc23_hb_1520/hb_task_2_ws/build/hb_world' returned '0': CMAKE_PREFIX_PATH=${CMAKE_PREFIX_PATH}:/home/vaishnavi/eyrc23_hb_1520/hb_task_2_ws/install/hb_task2a:/home/vaishnavi/eyrc23_hb_1520/hb_task_2_ws/install/hb_task2b:/opt/ros/humble /usr/bin/cmake --install /home/vaishnavi/eyrc23_hb_1520/hb_task_2_ws/build/hb_world
[4.533s] Level 1:colcon.colcon_core.environment:checking '/home/vaishnavi/eyrc23_hb_1520/hb_task_2_ws/install/hb_world' for CMake module files
[4.534s] Level 1:colcon.colcon_core.environment:checking '/home/vaishnavi/eyrc23_hb_1520/hb_task_2_ws/install/hb_world' for CMake config files
[4.535s] Level 1:colcon.colcon_core.shell:create_environment_hook('hb_world', 'cmake_prefix_path')
[4.570s] INFO:colcon.colcon_core.shell:Creating environment hook '/home/vaishnavi/eyrc23_hb_1520/hb_task_2_ws/install/hb_world/share/hb_world/hook/cmake_prefix_path.ps1'
[4.571s] INFO:colcon.colcon_core.shell:Creating environment descriptor '/home/vaishnavi/eyrc23_hb_1520/hb_task_2_ws/install/hb_world/share/hb_world/hook/cmake_prefix_path.dsv'
[4.572s] INFO:colcon.colcon_core.shell:Creating environment hook '/home/vaishnavi/eyrc23_hb_1520/hb_task_2_ws/install/hb_world/share/hb_world/hook/cmake_prefix_path.sh'
[4.573s] Level 1:colcon.colcon_core.environment:checking '/home/vaishnavi/eyrc23_hb_1520/hb_task_2_ws/install/hb_world/bin'
[4.573s] Level 1:colcon.colcon_core.environment:checking '/home/vaishnavi/eyrc23_hb_1520/hb_task_2_ws/install/hb_world/lib/pkgconfig/hb_world.pc'
[4.574s] Level 1:colcon.colcon_core.environment:checking '/home/vaishnavi/eyrc23_hb_1520/hb_task_2_ws/install/hb_world/lib/python3.10/site-packages'
[4.574s] Level 1:colcon.colcon_core.environment:checking '/home/vaishnavi/eyrc23_hb_1520/hb_task_2_ws/install/hb_world/bin'
[4.608s] INFO:colcon.colcon_core.shell:Creating package script '/home/vaishnavi/eyrc23_hb_1520/hb_task_2_ws/install/hb_world/share/hb_world/package.ps1'
[4.609s] INFO:colcon.colcon_core.shell:Creating package descriptor '/home/vaishnavi/eyrc23_hb_1520/hb_task_2_ws/install/hb_world/share/hb_world/package.dsv'
[4.610s] INFO:colcon.colcon_core.shell:Creating package script '/home/vaishnavi/eyrc23_hb_1520/hb_task_2_ws/install/hb_world/share/hb_world/package.sh'
[4.611s] INFO:colcon.colcon_core.shell:Creating package script '/home/vaishnavi/eyrc23_hb_1520/hb_task_2_ws/install/hb_world/share/hb_world/package.bash'
[4.611s] INFO:colcon.colcon_core.shell:Creating package script '/home/vaishnavi/eyrc23_hb_1520/hb_task_2_ws/install/hb_world/share/hb_world/package.zsh'
[4.612s] Level 1:colcon.colcon_core.environment:create_file_with_runtime_dependencies(/home/vaishnavi/eyrc23_hb_1520/hb_task_2_ws/install/hb_world/share/colcon-core/packages/hb_world)
[4.707s] Level 1:colcon.colcon_core.environment:create_environment_scripts_only(hb_world)
[4.740s] Level 1:colcon.colcon_core.environment:checking '/home/vaishnavi/eyrc23_hb_1520/hb_task_2_ws/install/hb_world' for CMake module files
[4.740s] Level 1:colcon.colcon_core.environment:checking '/home/vaishnavi/eyrc23_hb_1520/hb_task_2_ws/install/hb_world' for CMake config files
[4.741s] Level 1:colcon.colcon_core.shell:create_environment_hook('hb_world', 'cmake_prefix_path')
[4.772s] INFO:colcon.colcon_core.shell:Creating environment hook '/home/vaishnavi/eyrc23_hb_1520/hb_task_2_ws/install/hb_world/share/hb_world/hook/cmake_prefix_path.ps1'
[4.772s] INFO:colcon.colcon_core.shell:Creating environment descriptor '/home/vaishnavi/eyrc23_hb_1520/hb_task_2_ws/install/hb_world/share/hb_world/hook/cmake_prefix_path.dsv'
[4.773s] INFO:colcon.colcon_core.shell:Creating environment hook '/home/vaishnavi/eyrc23_hb_1520/hb_task_2_ws/install/hb_world/share/hb_world/hook/cmake_prefix_path.sh'
[4.774s] Level 1:colcon.colcon_core.environment:checking '/home/vaishnavi/eyrc23_hb_1520/hb_task_2_ws/install/hb_world/bin'
[4.774s] Level 1:colcon.colcon_core.environment:checking '/home/vaishnavi/eyrc23_hb_1520/hb_task_2_ws/install/hb_world/lib/pkgconfig/hb_world.pc'
[4.774s] Level 1:colcon.colcon_core.environment:checking '/home/vaishnavi/eyrc23_hb_1520/hb_task_2_ws/install/hb_world/lib/python3.10/site-packages'
[4.775s] Level 1:colcon.colcon_core.environment:checking '/home/vaishnavi/eyrc23_hb_1520/hb_task_2_ws/install/hb_world/bin'
[4.804s] INFO:colcon.colcon_core.shell:Creating package script '/home/vaishnavi/eyrc23_hb_1520/hb_task_2_ws/install/hb_world/share/hb_world/package.ps1'
[4.804s] INFO:colcon.colcon_core.shell:Creating package descriptor '/home/vaishnavi/eyrc23_hb_1520/hb_task_2_ws/install/hb_world/share/hb_world/package.dsv'
[4.805s] INFO:colcon.colcon_core.shell:Creating package script '/home/vaishnavi/eyrc23_hb_1520/hb_task_2_ws/install/hb_world/share/hb_world/package.sh'
[4.806s] INFO:colcon.colcon_core.shell:Creating package script '/home/vaishnavi/eyrc23_hb_1520/hb_task_2_ws/install/hb_world/share/hb_world/package.bash'
[4.806s] INFO:colcon.colcon_core.shell:Creating package script '/home/vaishnavi/eyrc23_hb_1520/hb_task_2_ws/install/hb_world/share/hb_world/package.zsh'
[4.807s] Level 1:colcon.colcon_core.environment:create_file_with_runtime_dependencies(/home/vaishnavi/eyrc23_hb_1520/hb_task_2_ws/install/hb_world/share/colcon-core/packages/hb_world)
[4.813s] DEBUG:colcon.colcon_core.event_handler.log_command:Invoking command in '/home/vaishnavi/eyrc23_hb_1520/hb_task_2_ws/src/eYRC-2023_Hologlyph_Bots/hb_task2b': PYTHONPATH=/home/vaishnavi/eyrc23_hb_1520/hb_task_2_ws/build/hb_task2b/prefix_override:/home/vaishnavi/eyrc23_hb_1520/hb_task_2_ws/install/hb_task2b/lib/python3.10/site-packages:${PYTHONPATH} /usr/bin/python3 setup.py egg_info --egg-base ../../../build/hb_task2b build --build-base /home/vaishnavi/eyrc23_hb_1520/hb_task_2_ws/build/hb_task2b/build install --record /home/vaishnavi/eyrc23_hb_1520/hb_task_2_ws/build/hb_task2b/install.log --single-version-externally-managed
[4.846s] Level 1:colcon.colcon_core.environment:create_environment_scripts_only(my_robot_interfaces)
[4.885s] Level 1:colcon.colcon_core.environment:checking '/home/vaishnavi/eyrc23_hb_1520/hb_task_2_ws/install/my_robot_interfaces' for CMake module files
[4.887s] Level 1:colcon.colcon_core.environment:checking '/home/vaishnavi/eyrc23_hb_1520/hb_task_2_ws/install/my_robot_interfaces' for CMake config files
[4.887s] Level 1:colcon.colcon_core.shell:create_environment_hook('my_robot_interfaces', 'cmake_prefix_path')
[4.924s] INFO:colcon.colcon_core.shell:Creating environment hook '/home/vaishnavi/eyrc23_hb_1520/hb_task_2_ws/install/my_robot_interfaces/share/my_robot_interfaces/hook/cmake_prefix_path.ps1'
[4.925s] INFO:colcon.colcon_core.shell:Creating environment descriptor '/home/vaishnavi/eyrc23_hb_1520/hb_task_2_ws/install/my_robot_interfaces/share/my_robot_interfaces/hook/cmake_prefix_path.dsv'
[4.926s] INFO:colcon.colcon_core.shell:Creating environment hook '/home/vaishnavi/eyrc23_hb_1520/hb_task_2_ws/install/my_robot_interfaces/share/my_robot_interfaces/hook/cmake_prefix_path.sh'
[4.927s] Level 1:colcon.colcon_core.environment:checking '/home/vaishnavi/eyrc23_hb_1520/hb_task_2_ws/install/my_robot_interfaces/lib'
[4.927s] Level 1:colcon.colcon_core.shell:create_environment_hook('my_robot_interfaces', 'ld_library_path_lib')
[4.962s] INFO:colcon.colcon_core.shell:Creating environment hook '/home/vaishnavi/eyrc23_hb_1520/hb_task_2_ws/install/my_robot_interfaces/share/my_robot_interfaces/hook/ld_library_path_lib.ps1'
[4.963s] INFO:colcon.colcon_core.shell:Creating environment descriptor '/home/vaishnavi/eyrc23_hb_1520/hb_task_2_ws/install/my_robot_interfaces/share/my_robot_interfaces/hook/ld_library_path_lib.dsv'
[4.964s] INFO:colcon.colcon_core.shell:Creating environment hook '/home/vaishnavi/eyrc23_hb_1520/hb_task_2_ws/install/my_robot_interfaces/share/my_robot_interfaces/hook/ld_library_path_lib.sh'
[4.965s] Level 1:colcon.colcon_core.environment:checking '/home/vaishnavi/eyrc23_hb_1520/hb_task_2_ws/install/my_robot_interfaces/bin'
[4.965s] Level 1:colcon.colcon_core.environment:checking '/home/vaishnavi/eyrc23_hb_1520/hb_task_2_ws/install/my_robot_interfaces/lib/pkgconfig/my_robot_interfaces.pc'
[4.966s] Level 1:colcon.colcon_core.environment:checking '/home/vaishnavi/eyrc23_hb_1520/hb_task_2_ws/install/my_robot_interfaces/lib/python3.10/site-packages'
[4.966s] Level 1:colcon.colcon_core.environment:checking '/home/vaishnavi/eyrc23_hb_1520/hb_task_2_ws/install/my_robot_interfaces/bin'
[5.014s] INFO:colcon.colcon_core.shell:Creating package script '/home/vaishnavi/eyrc23_hb_1520/hb_task_2_ws/install/my_robot_interfaces/share/my_robot_interfaces/package.ps1'
[5.015s] INFO:colcon.colcon_core.shell:Creating package descriptor '/home/vaishnavi/eyrc23_hb_1520/hb_task_2_ws/install/my_robot_interfaces/share/my_robot_interfaces/package.dsv'
[5.016s] INFO:colcon.colcon_core.shell:Creating package script '/home/vaishnavi/eyrc23_hb_1520/hb_task_2_ws/install/my_robot_interfaces/share/my_robot_interfaces/package.sh'
[5.016s] INFO:colcon.colcon_core.shell:Creating package script '/home/vaishnavi/eyrc23_hb_1520/hb_task_2_ws/install/my_robot_interfaces/share/my_robot_interfaces/package.bash'
[5.017s] INFO:colcon.colcon_core.shell:Creating package script '/home/vaishnavi/eyrc23_hb_1520/hb_task_2_ws/install/my_robot_interfaces/share/my_robot_interfaces/package.zsh'
[5.018s] Level 1:colcon.colcon_core.environment:create_file_with_runtime_dependencies(/home/vaishnavi/eyrc23_hb_1520/hb_task_2_ws/install/my_robot_interfaces/share/colcon-core/packages/my_robot_interfaces)
[5.018s] INFO:colcon.colcon_ros.task.ament_python.build:Building ROS package in '/home/vaishnavi/eyrc23_hb_1520/hb_task_2_ws/src/eYRC-2023_Hologlyph_Bots/hb_task2a' with build type 'ament_python'
[5.019s] Level 1:colcon.colcon_core.shell:create_environment_hook('hb_task2a', 'ament_prefix_path')
[5.060s] INFO:colcon.colcon_core.shell:Creating environment hook '/home/vaishnavi/eyrc23_hb_1520/hb_task_2_ws/install/hb_task2a/share/hb_task2a/hook/ament_prefix_path.ps1'
[5.061s] INFO:colcon.colcon_core.shell:Creating environment descriptor '/home/vaishnavi/eyrc23_hb_1520/hb_task_2_ws/install/hb_task2a/share/hb_task2a/hook/ament_prefix_path.dsv'
[5.062s] INFO:colcon.colcon_core.shell:Creating environment hook '/home/vaishnavi/eyrc23_hb_1520/hb_task_2_ws/install/hb_task2a/share/hb_task2a/hook/ament_prefix_path.sh'
[5.096s] INFO:colcon.colcon_core.shell:Skip shell extension 'powershell' for command environment: Not usable outside of PowerShell
[5.096s] DEBUG:colcon.colcon_core.shell:Skip shell extension 'dsv' for command environment
[5.713s] INFO:colcon.colcon_core.task.python.build:Building Python package in '/home/vaishnavi/eyrc23_hb_1520/hb_task_2_ws/src/eYRC-2023_Hologlyph_Bots/hb_task2a'
[5.745s] INFO:colcon.colcon_core.shell:Skip shell extension 'powershell' for command environment: Not usable outside of PowerShell
[5.745s] DEBUG:colcon.colcon_core.shell:Skip shell extension 'dsv' for command environment
[5.842s] DEBUG:colcon.colcon_core.event_handler.log_command:Invoked command in '/home/vaishnavi/eyrc23_hb_1520/hb_task_2_ws/src/eYRC-2023_Hologlyph_Bots/hb_task2b' returned '0': PYTHONPATH=/home/vaishnavi/eyrc23_hb_1520/hb_task_2_ws/build/hb_task2b/prefix_override:/home/vaishnavi/eyrc23_hb_1520/hb_task_2_ws/install/hb_task2b/lib/python3.10/site-packages:${PYTHONPATH} /usr/bin/python3 setup.py egg_info --egg-base ../../../build/hb_task2b build --build-base /home/vaishnavi/eyrc23_hb_1520/hb_task_2_ws/build/hb_task2b/build install --record /home/vaishnavi/eyrc23_hb_1520/hb_task_2_ws/build/hb_task2b/install.log --single-version-externally-managed
[5.873s] Level 1:colcon.colcon_core.environment:checking '/home/vaishnavi/eyrc23_hb_1520/hb_task_2_ws/install/hb_task2b' for CMake module files
[5.874s] Level 1:colcon.colcon_core.environment:checking '/home/vaishnavi/eyrc23_hb_1520/hb_task_2_ws/install/hb_task2b' for CMake config files
[5.875s] Level 1:colcon.colcon_core.environment:checking '/home/vaishnavi/eyrc23_hb_1520/hb_task_2_ws/install/hb_task2b/lib'
[5.875s] Level 1:colcon.colcon_core.environment:checking '/home/vaishnavi/eyrc23_hb_1520/hb_task_2_ws/install/hb_task2b/bin'
[5.875s] Level 1:colcon.colcon_core.environment:checking '/home/vaishnavi/eyrc23_hb_1520/hb_task_2_ws/install/hb_task2b/lib/pkgconfig/hb_task2b.pc'
[5.875s] Level 1:colcon.colcon_core.environment:checking '/home/vaishnavi/eyrc23_hb_1520/hb_task_2_ws/install/hb_task2b/lib/python3.10/site-packages'
[5.876s] Level 1:colcon.colcon_core.shell:create_environment_hook('hb_task2b', 'pythonpath')
[5.905s] INFO:colcon.colcon_core.shell:Creating environment hook '/home/vaishnavi/eyrc23_hb_1520/hb_task_2_ws/install/hb_task2b/share/hb_task2b/hook/pythonpath.ps1'
[5.906s] INFO:colcon.colcon_core.shell:Creating environment descriptor '/home/vaishnavi/eyrc23_hb_1520/hb_task_2_ws/install/hb_task2b/share/hb_task2b/hook/pythonpath.dsv'
[5.906s] INFO:colcon.colcon_core.shell:Creating environment hook '/home/vaishnavi/eyrc23_hb_1520/hb_task_2_ws/install/hb_task2b/share/hb_task2b/hook/pythonpath.sh'
[5.907s] Level 1:colcon.colcon_core.environment:checking '/home/vaishnavi/eyrc23_hb_1520/hb_task_2_ws/install/hb_task2b/bin'
[5.907s] Level 1:colcon.colcon_core.environment:create_environment_scripts_only(hb_task2b)
[5.936s] INFO:colcon.colcon_core.shell:Creating package script '/home/vaishnavi/eyrc23_hb_1520/hb_task_2_ws/install/hb_task2b/share/hb_task2b/package.ps1'
[5.937s] INFO:colcon.colcon_core.shell:Creating package descriptor '/home/vaishnavi/eyrc23_hb_1520/hb_task_2_ws/install/hb_task2b/share/hb_task2b/package.dsv'
[5.938s] INFO:colcon.colcon_core.shell:Creating package script '/home/vaishnavi/eyrc23_hb_1520/hb_task_2_ws/install/hb_task2b/share/hb_task2b/package.sh'
[5.938s] INFO:colcon.colcon_core.shell:Creating package script '/home/vaishnavi/eyrc23_hb_1520/hb_task_2_ws/install/hb_task2b/share/hb_task2b/package.bash'
[5.938s] INFO:colcon.colcon_core.shell:Creating package script '/home/vaishnavi/eyrc23_hb_1520/hb_task_2_ws/install/hb_task2b/share/hb_task2b/package.zsh'
[5.939s] Level 1:colcon.colcon_core.environment:create_file_with_runtime_dependencies(/home/vaishnavi/eyrc23_hb_1520/hb_task_2_ws/install/hb_task2b/share/colcon-core/packages/hb_task2b)
[6.636s] DEBUG:colcon.colcon_core.event_handler.log_command:Invoking command in '/home/vaishnavi/eyrc23_hb_1520/hb_task_2_ws/src/eYRC-2023_Hologlyph_Bots/hb_task2a': LD_LIBRARY_PATH=/home/vaishnavi/eyrc23_hb_1520/hb_task_2_ws/install/my_robot_interfaces/lib:/usr/lib/x86_64-linux-gnu/gazebo-11/plugins:/opt/ros/humble/opt/rviz_ogre_vendor/lib:/opt/ros/humble/lib/x86_64-linux-gnu:/opt/ros/humble/lib:/usr/share/gazebo-11/../../lib/x86_64-linux-gnu/gazebo-11/plugins PYTHONPATH=/home/vaishnavi/eyrc23_hb_1520/hb_task_2_ws/build/hb_task2a/prefix_override:/home/vaishnavi/eyrc23_hb_1520/hb_task_2_ws/install/hb_task2a/lib/python3.10/site-packages:${PYTHONPATH} /usr/bin/python3 setup.py egg_info --egg-base ../../../build/hb_task2a build --build-base /home/vaishnavi/eyrc23_hb_1520/hb_task_2_ws/build/hb_task2a/build install --record /home/vaishnavi/eyrc23_hb_1520/hb_task_2_ws/build/hb_task2a/install.log --single-version-externally-managed
[7.214s] DEBUG:colcon.colcon_core.event_handler.log_command:Invoked command in '/home/vaishnavi/eyrc23_hb_1520/hb_task_2_ws/src/eYRC-2023_Hologlyph_Bots/hb_task2a' returned '0': LD_LIBRARY_PATH=/home/vaishnavi/eyrc23_hb_1520/hb_task_2_ws/install/my_robot_interfaces/lib:/usr/lib/x86_64-linux-gnu/gazebo-11/plugins:/opt/ros/humble/opt/rviz_ogre_vendor/lib:/opt/ros/humble/lib/x86_64-linux-gnu:/opt/ros/humble/lib:/usr/share/gazebo-11/../../lib/x86_64-linux-gnu/gazebo-11/plugins PYTHONPATH=/home/vaishnavi/eyrc23_hb_1520/hb_task_2_ws/build/hb_task2a/prefix_override:/home/vaishnavi/eyrc23_hb_1520/hb_task_2_ws/install/hb_task2a/lib/python3.10/site-packages:${PYTHONPATH} /usr/bin/python3 setup.py egg_info --egg-base ../../../build/hb_task2a build --build-base /home/vaishnavi/eyrc23_hb_1520/hb_task_2_ws/build/hb_task2a/build install --record /home/vaishnavi/eyrc23_hb_1520/hb_task_2_ws/build/hb_task2a/install.log --single-version-externally-managed
[7.248s] Level 1:colcon.colcon_core.environment:checking '/home/vaishnavi/eyrc23_hb_1520/hb_task_2_ws/install/hb_task2a' for CMake module files
[7.248s] Level 1:colcon.colcon_core.environment:checking '/home/vaishnavi/eyrc23_hb_1520/hb_task_2_ws/install/hb_task2a' for CMake config files
[7.249s] Level 1:colcon.colcon_core.environment:checking '/home/vaishnavi/eyrc23_hb_1520/hb_task_2_ws/install/hb_task2a/lib'
[7.249s] Level 1:colcon.colcon_core.environment:checking '/home/vaishnavi/eyrc23_hb_1520/hb_task_2_ws/install/hb_task2a/bin'
[7.249s] Level 1:colcon.colcon_core.environment:checking '/home/vaishnavi/eyrc23_hb_1520/hb_task_2_ws/install/hb_task2a/lib/pkgconfig/hb_task2a.pc'
[7.250s] Level 1:colcon.colcon_core.environment:checking '/home/vaishnavi/eyrc23_hb_1520/hb_task_2_ws/install/hb_task2a/lib/python3.10/site-packages'
[7.250s] Level 1:colcon.colcon_core.shell:create_environment_hook('hb_task2a', 'pythonpath')
[7.281s] INFO:colcon.colcon_core.shell:Creating environment hook '/home/vaishnavi/eyrc23_hb_1520/hb_task_2_ws/install/hb_task2a/share/hb_task2a/hook/pythonpath.ps1'
[7.282s] INFO:colcon.colcon_core.shell:Creating environment descriptor '/home/vaishnavi/eyrc23_hb_1520/hb_task_2_ws/install/hb_task2a/share/hb_task2a/hook/pythonpath.dsv'
[7.283s] INFO:colcon.colcon_core.shell:Creating environment hook '/home/vaishnavi/eyrc23_hb_1520/hb_task_2_ws/install/hb_task2a/share/hb_task2a/hook/pythonpath.sh'
[7.284s] Level 1:colcon.colcon_core.environment:checking '/home/vaishnavi/eyrc23_hb_1520/hb_task_2_ws/install/hb_task2a/bin'
[7.284s] Level 1:colcon.colcon_core.environment:create_environment_scripts_only(hb_task2a)
[7.316s] INFO:colcon.colcon_core.shell:Creating package script '/home/vaishnavi/eyrc23_hb_1520/hb_task_2_ws/install/hb_task2a/share/hb_task2a/package.ps1'
[7.318s] INFO:colcon.colcon_core.shell:Creating package descriptor '/home/vaishnavi/eyrc23_hb_1520/hb_task_2_ws/install/hb_task2a/share/hb_task2a/package.dsv'
[7.319s] INFO:colcon.colcon_core.shell:Creating package script '/home/vaishnavi/eyrc23_hb_1520/hb_task_2_ws/install/hb_task2a/share/hb_task2a/package.sh'
[7.319s] INFO:colcon.colcon_core.shell:Creating package script '/home/vaishnavi/eyrc23_hb_1520/hb_task_2_ws/install/hb_task2a/share/hb_task2a/package.bash'
[7.320s] INFO:colcon.colcon_core.shell:Creating package script '/home/vaishnavi/eyrc23_hb_1520/hb_task_2_ws/install/hb_task2a/share/hb_task2a/package.zsh'
[7.320s] Level 1:colcon.colcon_core.environment:create_file_with_runtime_dependencies(/home/vaishnavi/eyrc23_hb_1520/hb_task_2_ws/install/hb_task2a/share/colcon-core/packages/hb_task2a)
[7.321s] DEBUG:colcon.colcon_parallel_executor.executor.parallel:closing loop
[7.321s] DEBUG:colcon.colcon_parallel_executor.executor.parallel:loop closed
[7.321s] DEBUG:colcon.colcon_parallel_executor.executor.parallel:run_until_complete finished with '0'
[7.321s] DEBUG:colcon.colcon_core.event_reactor:joining thread
[7.369s] INFO:colcon.colcon_core.plugin_system:Skipping extension 'colcon_notification.desktop_notification.terminal_notifier': Not used on non-Darwin systems
[7.369s] INFO:colcon.colcon_core.plugin_system:Skipping extension 'colcon_notification.desktop_notification.win32': Not used on non-Windows systems
[7.369s] INFO:colcon.colcon_notification.desktop_notification:Sending desktop notification using 'notify2'
[7.395s] DEBUG:colcon.colcon_core.event_reactor:joined thread
[7.430s] INFO:colcon.colcon_core.shell:Creating prefix script '/home/vaishnavi/eyrc23_hb_1520/hb_task_2_ws/install/local_setup.ps1'
[7.432s] INFO:colcon.colcon_core.shell:Creating prefix util module '/home/vaishnavi/eyrc23_hb_1520/hb_task_2_ws/install/_local_setup_util_ps1.py'
[7.435s] INFO:colcon.colcon_core.shell:Creating prefix chain script '/home/vaishnavi/eyrc23_hb_1520/hb_task_2_ws/install/setup.ps1'
[7.469s] INFO:colcon.colcon_core.shell:Creating prefix script '/home/vaishnavi/eyrc23_hb_1520/hb_task_2_ws/install/local_setup.sh'
[7.470s] INFO:colcon.colcon_core.shell:Creating prefix util module '/home/vaishnavi/eyrc23_hb_1520/hb_task_2_ws/install/_local_setup_util_sh.py'
[7.471s] INFO:colcon.colcon_core.shell:Creating prefix chain script '/home/vaishnavi/eyrc23_hb_1520/hb_task_2_ws/install/setup.sh'
[7.504s] INFO:colcon.colcon_core.shell:Creating prefix script '/home/vaishnavi/eyrc23_hb_1520/hb_task_2_ws/install/local_setup.bash'
[7.505s] INFO:colcon.colcon_core.shell:Creating prefix chain script '/home/vaishnavi/eyrc23_hb_1520/hb_task_2_ws/install/setup.bash'
[7.537s] INFO:colcon.colcon_core.shell:Creating prefix script '/home/vaishnavi/eyrc23_hb_1520/hb_task_2_ws/install/local_setup.zsh'
[7.538s] INFO:colcon.colcon_core.shell:Creating prefix chain script '/home/vaishnavi/eyrc23_hb_1520/hb_task_2_ws/install/setup.zsh'
