[0.372s] Invoking command in '/home/g10/eyrc_hb/hb_task1a_ws/src/hb_task_1a': PYTHONPATH=/home/g10/eyrc_hb/hb_task1a_ws/build/hb_task_1a/prefix_override:/home/g10/eyrc_hb/hb_task1a_ws/install/hb_task_1a/lib/python3.10/site-packages:${PYTHONPATH} /usr/bin/python3 setup.py egg_info --egg-base ../../build/hb_task_1a build --build-base /home/g10/eyrc_hb/hb_task1a_ws/build/hb_task_1a/build install --record /home/g10/eyrc_hb/hb_task1a_ws/build/hb_task_1a/install.log --single-version-externally-managed
[0.496s] running egg_info
[0.496s] writing ../../build/hb_task_1a/hb_task_1a.egg-info/PKG-INFO
[0.497s] writing dependency_links to ../../build/hb_task_1a/hb_task_1a.egg-info/dependency_links.txt
[0.497s] writing entry points to ../../build/hb_task_1a/hb_task_1a.egg-info/entry_points.txt
[0.497s] writing requirements to ../../build/hb_task_1a/hb_task_1a.egg-info/requires.txt
[0.497s] writing top-level names to ../../build/hb_task_1a/hb_task_1a.egg-info/top_level.txt
[0.497s] reading manifest file '../../build/hb_task_1a/hb_task_1a.egg-info/SOURCES.txt'
[0.498s] writing manifest file '../../build/hb_task_1a/hb_task_1a.egg-info/SOURCES.txt'
[0.498s] running build
[0.498s] running build_py
[0.498s] running install
[0.498s] running install_lib
[0.499s] running install_data
[0.499s] running install_egg_info
[0.500s] removing '/home/g10/eyrc_hb/hb_task1a_ws/install/hb_task_1a/lib/python3.10/site-packages/hb_task_1a-0.0.0-py3.10.egg-info' (and everything under it)
[0.500s] Copying ../../build/hb_task_1a/hb_task_1a.egg-info to /home/g10/eyrc_hb/hb_task1a_ws/install/hb_task_1a/lib/python3.10/site-packages/hb_task_1a-0.0.0-py3.10.egg-info
[0.500s] running install_scripts
[0.512s] writing list of installed files to '/home/g10/eyrc_hb/hb_task1a_ws/build/hb_task_1a/install.log'
[0.525s] Invoked command in '/home/g10/eyrc_hb/hb_task1a_ws/src/hb_task_1a' returned '0': PYTHONPATH=/home/g10/eyrc_hb/hb_task1a_ws/build/hb_task_1a/prefix_override:/home/g10/eyrc_hb/hb_task1a_ws/install/hb_task_1a/lib/python3.10/site-packages:${PYTHONPATH} /usr/bin/python3 setup.py egg_info --egg-base ../../build/hb_task_1a build --build-base /home/g10/eyrc_hb/hb_task1a_ws/build/hb_task_1a/build install --record /home/g10/eyrc_hb/hb_task1a_ws/build/hb_task_1a/install.log --single-version-externally-managed
