[0.880s] Invoking command in '/home/g10/eyrc_hb/hb_task1b_ws/src/hb_task_1b': PYTHONPATH=/home/g10/eyrc_hb/hb_task1b_ws/build/hb_task_1b/prefix_override:/home/g10/eyrc_hb/hb_task1b_ws/install/hb_task_1b/lib/python3.10/site-packages:${PYTHONPATH} /usr/bin/python3 setup.py egg_info --egg-base ../../build/hb_task_1b build --build-base /home/g10/eyrc_hb/hb_task1b_ws/build/hb_task_1b/build install --record /home/g10/eyrc_hb/hb_task1b_ws/build/hb_task_1b/install.log --single-version-externally-managed
[1.149s] running egg_info
[1.149s] writing ../../build/hb_task_1b/hb_task_1b.egg-info/PKG-INFO
[1.150s] writing dependency_links to ../../build/hb_task_1b/hb_task_1b.egg-info/dependency_links.txt
[1.150s] writing entry points to ../../build/hb_task_1b/hb_task_1b.egg-info/entry_points.txt
[1.150s] writing requirements to ../../build/hb_task_1b/hb_task_1b.egg-info/requires.txt
[1.150s] writing top-level names to ../../build/hb_task_1b/hb_task_1b.egg-info/top_level.txt
[1.151s] reading manifest file '../../build/hb_task_1b/hb_task_1b.egg-info/SOURCES.txt'
[1.152s] writing manifest file '../../build/hb_task_1b/hb_task_1b.egg-info/SOURCES.txt'
[1.152s] running build
[1.153s] running build_py
[1.153s] running install
[1.153s] running install_lib
[1.154s] running install_data
[1.154s] copying launch/gazebo.launch.py -> /home/g10/eyrc_hb/hb_task1b_ws/install/hb_task_1b/share/hb_task_1b/launch
[1.154s] copying urdf/hb_bot.urdf.xacro -> /home/g10/eyrc_hb/hb_task1b_ws/install/hb_task_1b/share/hb_task_1b/urdf
[1.155s] copying urdf/materials.xacro -> /home/g10/eyrc_hb/hb_task1b_ws/install/hb_task_1b/share/hb_task_1b/urdf
[1.155s] copying meshes/eyantra_logo.png -> /home/g10/eyrc_hb/hb_task1b_ws/install/hb_task_1b/share/hb_task_1b/meshes
[1.155s] copying meshes/wheel.stl -> /home/g10/eyrc_hb/hb_task1b_ws/install/hb_task_1b/share/hb_task_1b/meshes
[1.160s] copying meshes/base.dae -> /home/g10/eyrc_hb/hb_task1b_ws/install/hb_task_1b/share/hb_task_1b/meshes
[1.161s] copying worlds/gazebo.world -> /home/g10/eyrc_hb/hb_task1b_ws/install/hb_task_1b/share/hb_task_1b/worlds
[1.161s] running install_egg_info
[1.163s] removing '/home/g10/eyrc_hb/hb_task1b_ws/install/hb_task_1b/lib/python3.10/site-packages/hb_task_1b-0.0.0-py3.10.egg-info' (and everything under it)
[1.163s] Copying ../../build/hb_task_1b/hb_task_1b.egg-info to /home/g10/eyrc_hb/hb_task1b_ws/install/hb_task_1b/lib/python3.10/site-packages/hb_task_1b-0.0.0-py3.10.egg-info
[1.164s] running install_scripts
[1.185s] writing list of installed files to '/home/g10/eyrc_hb/hb_task1b_ws/build/hb_task_1b/install.log'
[1.210s] Invoked command in '/home/g10/eyrc_hb/hb_task1b_ws/src/hb_task_1b' returned '0': PYTHONPATH=/home/g10/eyrc_hb/hb_task1b_ws/build/hb_task_1b/prefix_override:/home/g10/eyrc_hb/hb_task1b_ws/install/hb_task_1b/lib/python3.10/site-packages:${PYTHONPATH} /usr/bin/python3 setup.py egg_info --egg-base ../../build/hb_task_1b build --build-base /home/g10/eyrc_hb/hb_task1b_ws/build/hb_task_1b/build install --record /home/g10/eyrc_hb/hb_task1b_ws/build/hb_task_1b/install.log --single-version-externally-managed
