[0.779s] Invoking command in '/home/g10/eyrc_hb/hb_task1b_ws/build/hb_task_1b': AMENT_PREFIX_PATH=/home/g10/eyrc_hb/hb_task1b_ws/install/my_robot_interfaces:${AMENT_PREFIX_PATH} CMAKE_PREFIX_PATH=/home/g10/eyrc_hb/hb_task1b_ws/install/my_robot_interfaces:${CMAKE_PREFIX_PATH} LD_LIBRARY_PATH=/home/g10/eyrc_hb/hb_task1b_ws/install/my_robot_interfaces/lib:${LD_LIBRARY_PATH} PYTHONPATH=/home/g10/eyrc_hb/hb_task1b_ws/build/hb_task_1b/prefix_override:/home/g10/eyrc_hb/hb_task1b_ws/install/hb_task_1b/lib/python3.10/site-packages:/home/g10/eyrc_hb/hb_task1b_ws/install/my_robot_interfaces/local/lib/python3.10/dist-packages:${PYTHONPATH} /usr/bin/python3 setup.py develop --editable --build-directory /home/g10/eyrc_hb/hb_task1b_ws/build/hb_task_1b/build --no-deps install_data
[1.062s] running develop
[1.222s] running egg_info
[1.223s] creating hb_task_1b.egg-info
[1.223s] writing hb_task_1b.egg-info/PKG-INFO
[1.223s] writing dependency_links to hb_task_1b.egg-info/dependency_links.txt
[1.223s] writing entry points to hb_task_1b.egg-info/entry_points.txt
[1.223s] writing requirements to hb_task_1b.egg-info/requires.txt
[1.223s] writing top-level names to hb_task_1b.egg-info/top_level.txt
[1.223s] writing manifest file 'hb_task_1b.egg-info/SOURCES.txt'
[1.225s] reading manifest file 'hb_task_1b.egg-info/SOURCES.txt'
[1.225s] writing manifest file 'hb_task_1b.egg-info/SOURCES.txt'
[1.227s] running build_ext
[1.227s] Creating /home/g10/eyrc_hb/hb_task1b_ws/install/hb_task_1b/lib/python3.10/site-packages/hb-task-1b.egg-link (link to .)
[1.228s] Installing controller_node script to /home/g10/eyrc_hb/hb_task1b_ws/install/hb_task_1b/lib/hb_task_1b
[1.228s] Installing service_node script to /home/g10/eyrc_hb/hb_task1b_ws/install/hb_task_1b/lib/hb_task_1b
[1.228s] 
[1.228s] Installed /home/g10/eyrc_hb/hb_task1b_ws/build/hb_task_1b
[1.228s] running install_data
[1.229s] creating /home/g10/eyrc_hb/hb_task1b_ws/install/hb_task_1b/share/ament_index
[1.229s] creating /home/g10/eyrc_hb/hb_task1b_ws/install/hb_task_1b/share/ament_index/resource_index
[1.229s] creating /home/g10/eyrc_hb/hb_task1b_ws/install/hb_task_1b/share/ament_index/resource_index/packages
[1.229s] copying resource/hb_task_1b -> /home/g10/eyrc_hb/hb_task1b_ws/install/hb_task_1b/share/ament_index/resource_index/packages
[1.229s] copying package.xml -> /home/g10/eyrc_hb/hb_task1b_ws/install/hb_task_1b/share/hb_task_1b
[1.229s] creating /home/g10/eyrc_hb/hb_task1b_ws/install/hb_task_1b/share/hb_task_1b/launch
[1.229s] copying launch/gazebo.launch.py -> /home/g10/eyrc_hb/hb_task1b_ws/install/hb_task_1b/share/hb_task_1b/launch
[1.229s] copying launch/hb_task1b.launch.py -> /home/g10/eyrc_hb/hb_task1b_ws/install/hb_task_1b/share/hb_task_1b/launch
[1.229s] creating /home/g10/eyrc_hb/hb_task1b_ws/install/hb_task_1b/share/hb_task_1b/urdf
[1.230s] copying urdf/hb_bot.urdf.xacro -> /home/g10/eyrc_hb/hb_task1b_ws/install/hb_task_1b/share/hb_task_1b/urdf
[1.230s] copying urdf/materials.xacro -> /home/g10/eyrc_hb/hb_task1b_ws/install/hb_task_1b/share/hb_task_1b/urdf
[1.230s] creating /home/g10/eyrc_hb/hb_task1b_ws/install/hb_task_1b/share/hb_task_1b/meshes
[1.230s] copying meshes/wheel.stl -> /home/g10/eyrc_hb/hb_task1b_ws/install/hb_task_1b/share/hb_task_1b/meshes
[1.233s] copying meshes/base.dae -> /home/g10/eyrc_hb/hb_task1b_ws/install/hb_task_1b/share/hb_task_1b/meshes
[1.234s] copying meshes/17eyantra_logo_large e.png -> /home/g10/eyrc_hb/hb_task1b_ws/install/hb_task_1b/share/hb_task_1b/meshes
[1.234s] creating /home/g10/eyrc_hb/hb_task1b_ws/install/hb_task_1b/share/hb_task_1b/config
[1.235s] creating /home/g10/eyrc_hb/hb_task1b_ws/install/hb_task_1b/share/hb_task_1b/worlds
[1.235s] copying worlds/gazebo.world -> /home/g10/eyrc_hb/hb_task1b_ws/install/hb_task_1b/share/hb_task_1b/worlds
[1.264s] Invoked command in '/home/g10/eyrc_hb/hb_task1b_ws/build/hb_task_1b' returned '0': AMENT_PREFIX_PATH=/home/g10/eyrc_hb/hb_task1b_ws/install/my_robot_interfaces:${AMENT_PREFIX_PATH} CMAKE_PREFIX_PATH=/home/g10/eyrc_hb/hb_task1b_ws/install/my_robot_interfaces:${CMAKE_PREFIX_PATH} LD_LIBRARY_PATH=/home/g10/eyrc_hb/hb_task1b_ws/install/my_robot_interfaces/lib:${LD_LIBRARY_PATH} PYTHONPATH=/home/g10/eyrc_hb/hb_task1b_ws/build/hb_task_1b/prefix_override:/home/g10/eyrc_hb/hb_task1b_ws/install/hb_task_1b/lib/python3.10/site-packages:/home/g10/eyrc_hb/hb_task1b_ws/install/my_robot_interfaces/local/lib/python3.10/dist-packages:${PYTHONPATH} /usr/bin/python3 setup.py develop --editable --build-directory /home/g10/eyrc_hb/hb_task1b_ws/build/hb_task_1b/build --no-deps install_data
