[1.894s] DEBUG:colcon:Command line arguments: ['/usr/bin/colcon', 'build']
[1.894s] DEBUG:colcon:Parsed command line arguments: Namespace(log_base=None, log_level=None, verb_name='build', build_base='build', install_base='install', merge_install=False, symlink_install=False, test_result_base=None, continue_on_error=False, executor='parallel', parallel_workers=8, event_handlers=None, ignore_user_meta=False, metas=['./colcon.meta'], base_paths=['.'], packages_ignore=None, packages_ignore_regex=None, paths=None, packages_up_to=None, packages_up_to_regex=None, packages_above=None, packages_above_and_dependencies=None, packages_above_depth=None, packages_select_by_dep=None, packages_skip_by_dep=None, packages_skip_up_to=None, packages_select_build_failed=False, packages_skip_build_finished=False, packages_select_test_failures=False, packages_skip_test_passed=False, packages_select=None, packages_skip=None, packages_select_regex=None, packages_skip_regex=None, packages_start=None, packages_end=None, allow_overriding=[], cmake_args=None, cmake_target=None, cmake_target_skip_unavailable=False, cmake_clean_cache=False, cmake_clean_first=False, cmake_force_configure=False, ament_cmake_args=None, catkin_cmake_args=None, catkin_skip_building_tests=False, verb_parser=<colcon_defaults.argument_parser.defaults.DefaultArgumentsDecorator object at 0x7fafe66d1360>, verb_extension=<colcon_core.verb.build.BuildVerb object at 0x7fafe66d2080>, main=<bound method BuildVerb.main of <colcon_core.verb.build.BuildVerb object at 0x7fafe66d2080>>)
[1.979s] Level 1:colcon.colcon_core.package_discovery:discover_packages(colcon_meta) check parameters
[1.979s] Level 1:colcon.colcon_core.package_discovery:discover_packages(recursive) check parameters
[1.979s] Level 1:colcon.colcon_core.package_discovery:discover_packages(ignore) check parameters
[1.979s] Level 1:colcon.colcon_core.package_discovery:discover_packages(path) check parameters
[1.979s] Level 1:colcon.colcon_core.package_discovery:discover_packages(colcon_meta) discover
[1.979s] Level 1:colcon.colcon_core.package_discovery:discover_packages(recursive) discover
[1.979s] INFO:colcon.colcon_core.package_discovery:Crawling recursively for packages in '/home/vaishnavi/eyrc23_hb_1520/hb_task_2_ws'
[1.980s] Level 1:colcon.colcon_core.package_identification:_identify(.) by extensions ['ignore', 'ignore_ament_install']
[1.980s] Level 1:colcon.colcon_core.package_identification:_identify(.) by extension 'ignore'
[1.980s] Level 1:colcon.colcon_core.package_identification:_identify(.) by extension 'ignore_ament_install'
[1.980s] Level 1:colcon.colcon_core.package_identification:_identify(.) by extensions ['colcon_pkg']
[1.980s] Level 1:colcon.colcon_core.package_identification:_identify(.) by extension 'colcon_pkg'
[1.980s] Level 1:colcon.colcon_core.package_identification:_identify(.) by extensions ['colcon_meta']
[1.980s] Level 1:colcon.colcon_core.package_identification:_identify(.) by extension 'colcon_meta'
[1.980s] Level 1:colcon.colcon_core.package_identification:_identify(.) by extensions ['ros']
[1.980s] Level 1:colcon.colcon_core.package_identification:_identify(.) by extension 'ros'
[1.999s] Level 1:colcon.colcon_core.package_identification:_identify(.) by extensions ['cmake', 'python']
[1.999s] Level 1:colcon.colcon_core.package_identification:_identify(.) by extension 'cmake'
[1.999s] Level 1:colcon.colcon_core.package_identification:_identify(.) by extension 'python'
[1.999s] Level 1:colcon.colcon_core.package_identification:_identify(.) by extensions ['python_setup_py']
[1.999s] Level 1:colcon.colcon_core.package_identification:_identify(.) by extension 'python_setup_py'
[2.000s] Level 1:colcon.colcon_core.package_identification:_identify(build) by extensions ['ignore', 'ignore_ament_install']
[2.000s] Level 1:colcon.colcon_core.package_identification:_identify(build) by extension 'ignore'
[2.000s] Level 1:colcon.colcon_core.package_identification:_identify(build) ignored
[2.000s] Level 1:colcon.colcon_core.package_identification:_identify(install) by extensions ['ignore', 'ignore_ament_install']
[2.000s] Level 1:colcon.colcon_core.package_identification:_identify(install) by extension 'ignore'
[2.000s] Level 1:colcon.colcon_core.package_identification:_identify(install) ignored
[2.000s] Level 1:colcon.colcon_core.package_identification:_identify(log) by extensions ['ignore', 'ignore_ament_install']
[2.000s] Level 1:colcon.colcon_core.package_identification:_identify(log) by extension 'ignore'
[2.001s] Level 1:colcon.colcon_core.package_identification:_identify(log) ignored
[2.001s] Level 1:colcon.colcon_core.package_identification:_identify(src) by extensions ['ignore', 'ignore_ament_install']
[2.001s] Level 1:colcon.colcon_core.package_identification:_identify(src) by extension 'ignore'
[2.001s] Level 1:colcon.colcon_core.package_identification:_identify(src) by extension 'ignore_ament_install'
[2.001s] Level 1:colcon.colcon_core.package_identification:_identify(src) by extensions ['colcon_pkg']
[2.001s] Level 1:colcon.colcon_core.package_identification:_identify(src) by extension 'colcon_pkg'
[2.001s] Level 1:colcon.colcon_core.package_identification:_identify(src) by extensions ['colcon_meta']
[2.001s] Level 1:colcon.colcon_core.package_identification:_identify(src) by extension 'colcon_meta'
[2.001s] Level 1:colcon.colcon_core.package_identification:_identify(src) by extensions ['ros']
[2.001s] Level 1:colcon.colcon_core.package_identification:_identify(src) by extension 'ros'
[2.001s] Level 1:colcon.colcon_core.package_identification:_identify(src) by extensions ['cmake', 'python']
[2.001s] Level 1:colcon.colcon_core.package_identification:_identify(src) by extension 'cmake'
[2.001s] Level 1:colcon.colcon_core.package_identification:_identify(src) by extension 'python'
[2.001s] Level 1:colcon.colcon_core.package_identification:_identify(src) by extensions ['python_setup_py']
[2.002s] Level 1:colcon.colcon_core.package_identification:_identify(src) by extension 'python_setup_py'
[2.002s] Level 1:colcon.colcon_core.package_identification:_identify(src/eYRC-2023_Hologlyph_Bots) by extensions ['ignore', 'ignore_ament_install']
[2.002s] Level 1:colcon.colcon_core.package_identification:_identify(src/eYRC-2023_Hologlyph_Bots) by extension 'ignore'
[2.002s] Level 1:colcon.colcon_core.package_identification:_identify(src/eYRC-2023_Hologlyph_Bots) by extension 'ignore_ament_install'
[2.002s] Level 1:colcon.colcon_core.package_identification:_identify(src/eYRC-2023_Hologlyph_Bots) by extensions ['colcon_pkg']
[2.002s] Level 1:colcon.colcon_core.package_identification:_identify(src/eYRC-2023_Hologlyph_Bots) by extension 'colcon_pkg'
[2.002s] Level 1:colcon.colcon_core.package_identification:_identify(src/eYRC-2023_Hologlyph_Bots) by extensions ['colcon_meta']
[2.002s] Level 1:colcon.colcon_core.package_identification:_identify(src/eYRC-2023_Hologlyph_Bots) by extension 'colcon_meta'
[2.002s] Level 1:colcon.colcon_core.package_identification:_identify(src/eYRC-2023_Hologlyph_Bots) by extensions ['ros']
[2.002s] Level 1:colcon.colcon_core.package_identification:_identify(src/eYRC-2023_Hologlyph_Bots) by extension 'ros'
[2.002s] Level 1:colcon.colcon_core.package_identification:_identify(src/eYRC-2023_Hologlyph_Bots) by extensions ['cmake', 'python']
[2.002s] Level 1:colcon.colcon_core.package_identification:_identify(src/eYRC-2023_Hologlyph_Bots) by extension 'cmake'
[2.002s] Level 1:colcon.colcon_core.package_identification:_identify(src/eYRC-2023_Hologlyph_Bots) by extension 'python'
[2.003s] Level 1:colcon.colcon_core.package_identification:_identify(src/eYRC-2023_Hologlyph_Bots) by extensions ['python_setup_py']
[2.003s] Level 1:colcon.colcon_core.package_identification:_identify(src/eYRC-2023_Hologlyph_Bots) by extension 'python_setup_py'
[2.003s] Level 1:colcon.colcon_core.package_identification:_identify(src/eYRC-2023_Hologlyph_Bots/hb_bot) by extensions ['ignore', 'ignore_ament_install']
[2.003s] Level 1:colcon.colcon_core.package_identification:_identify(src/eYRC-2023_Hologlyph_Bots/hb_bot) by extension 'ignore'
[2.003s] Level 1:colcon.colcon_core.package_identification:_identify(src/eYRC-2023_Hologlyph_Bots/hb_bot) by extension 'ignore_ament_install'
[2.003s] Level 1:colcon.colcon_core.package_identification:_identify(src/eYRC-2023_Hologlyph_Bots/hb_bot) by extensions ['colcon_pkg']
[2.003s] Level 1:colcon.colcon_core.package_identification:_identify(src/eYRC-2023_Hologlyph_Bots/hb_bot) by extension 'colcon_pkg'
[2.003s] Level 1:colcon.colcon_core.package_identification:_identify(src/eYRC-2023_Hologlyph_Bots/hb_bot) by extensions ['colcon_meta']
[2.003s] Level 1:colcon.colcon_core.package_identification:_identify(src/eYRC-2023_Hologlyph_Bots/hb_bot) by extension 'colcon_meta'
[2.003s] Level 1:colcon.colcon_core.package_identification:_identify(src/eYRC-2023_Hologlyph_Bots/hb_bot) by extensions ['ros']
[2.003s] Level 1:colcon.colcon_core.package_identification:_identify(src/eYRC-2023_Hologlyph_Bots/hb_bot) by extension 'ros'
[2.008s] DEBUG:colcon.colcon_core.package_identification:Package 'src/eYRC-2023_Hologlyph_Bots/hb_bot' with type 'ros.ament_cmake' and name 'hb_bot'
[2.008s] Level 1:colcon.colcon_core.package_identification:_identify(src/eYRC-2023_Hologlyph_Bots/hb_task2a) by extensions ['ignore', 'ignore_ament_install']
[2.008s] Level 1:colcon.colcon_core.package_identification:_identify(src/eYRC-2023_Hologlyph_Bots/hb_task2a) by extension 'ignore'
[2.008s] Level 1:colcon.colcon_core.package_identification:_identify(src/eYRC-2023_Hologlyph_Bots/hb_task2a) by extension 'ignore_ament_install'
[2.008s] Level 1:colcon.colcon_core.package_identification:_identify(src/eYRC-2023_Hologlyph_Bots/hb_task2a) by extensions ['colcon_pkg']
[2.009s] Level 1:colcon.colcon_core.package_identification:_identify(src/eYRC-2023_Hologlyph_Bots/hb_task2a) by extension 'colcon_pkg'
[2.009s] Level 1:colcon.colcon_core.package_identification:_identify(src/eYRC-2023_Hologlyph_Bots/hb_task2a) by extensions ['colcon_meta']
[2.009s] Level 1:colcon.colcon_core.package_identification:_identify(src/eYRC-2023_Hologlyph_Bots/hb_task2a) by extension 'colcon_meta'
[2.009s] Level 1:colcon.colcon_core.package_identification:_identify(src/eYRC-2023_Hologlyph_Bots/hb_task2a) by extensions ['ros']
[2.009s] Level 1:colcon.colcon_core.package_identification:_identify(src/eYRC-2023_Hologlyph_Bots/hb_task2a) by extension 'ros'
[2.011s] DEBUG:colcon.colcon_core.package_identification:Package 'src/eYRC-2023_Hologlyph_Bots/hb_task2a' with type 'ros.ament_python' and name 'hb_task2a'
[2.011s] Level 1:colcon.colcon_core.package_identification:_identify(src/eYRC-2023_Hologlyph_Bots/hb_task2b) by extensions ['ignore', 'ignore_ament_install']
[2.011s] Level 1:colcon.colcon_core.package_identification:_identify(src/eYRC-2023_Hologlyph_Bots/hb_task2b) by extension 'ignore'
[2.011s] Level 1:colcon.colcon_core.package_identification:_identify(src/eYRC-2023_Hologlyph_Bots/hb_task2b) by extension 'ignore_ament_install'
[2.011s] Level 1:colcon.colcon_core.package_identification:_identify(src/eYRC-2023_Hologlyph_Bots/hb_task2b) by extensions ['colcon_pkg']
[2.011s] Level 1:colcon.colcon_core.package_identification:_identify(src/eYRC-2023_Hologlyph_Bots/hb_task2b) by extension 'colcon_pkg'
[2.012s] Level 1:colcon.colcon_core.package_identification:_identify(src/eYRC-2023_Hologlyph_Bots/hb_task2b) by extensions ['colcon_meta']
[2.012s] Level 1:colcon.colcon_core.package_identification:_identify(src/eYRC-2023_Hologlyph_Bots/hb_task2b) by extension 'colcon_meta'
[2.012s] Level 1:colcon.colcon_core.package_identification:_identify(src/eYRC-2023_Hologlyph_Bots/hb_task2b) by extensions ['ros']
[2.012s] Level 1:colcon.colcon_core.package_identification:_identify(src/eYRC-2023_Hologlyph_Bots/hb_task2b) by extension 'ros'
[2.013s] DEBUG:colcon.colcon_core.package_identification:Package 'src/eYRC-2023_Hologlyph_Bots/hb_task2b' with type 'ros.ament_python' and name 'hb_task2b'
[2.013s] Level 1:colcon.colcon_core.package_identification:_identify(src/eYRC-2023_Hologlyph_Bots/hb_world) by extensions ['ignore', 'ignore_ament_install']
[2.013s] Level 1:colcon.colcon_core.package_identification:_identify(src/eYRC-2023_Hologlyph_Bots/hb_world) by extension 'ignore'
[2.013s] Level 1:colcon.colcon_core.package_identification:_identify(src/eYRC-2023_Hologlyph_Bots/hb_world) by extension 'ignore_ament_install'
[2.014s] Level 1:colcon.colcon_core.package_identification:_identify(src/eYRC-2023_Hologlyph_Bots/hb_world) by extensions ['colcon_pkg']
[2.014s] Level 1:colcon.colcon_core.package_identification:_identify(src/eYRC-2023_Hologlyph_Bots/hb_world) by extension 'colcon_pkg'
[2.014s] Level 1:colcon.colcon_core.package_identification:_identify(src/eYRC-2023_Hologlyph_Bots/hb_world) by extensions ['colcon_meta']
[2.014s] Level 1:colcon.colcon_core.package_identification:_identify(src/eYRC-2023_Hologlyph_Bots/hb_world) by extension 'colcon_meta'
[2.014s] Level 1:colcon.colcon_core.package_identification:_identify(src/eYRC-2023_Hologlyph_Bots/hb_world) by extensions ['ros']
[2.014s] Level 1:colcon.colcon_core.package_identification:_identify(src/eYRC-2023_Hologlyph_Bots/hb_world) by extension 'ros'
[2.015s] DEBUG:colcon.colcon_core.package_identification:Package 'src/eYRC-2023_Hologlyph_Bots/hb_world' with type 'ros.ament_cmake' and name 'hb_world'
[2.015s] Level 1:colcon.colcon_core.package_identification:_identify(src/eYRC-2023_Hologlyph_Bots/my_robot_interfaces) by extensions ['ignore', 'ignore_ament_install']
[2.015s] Level 1:colcon.colcon_core.package_identification:_identify(src/eYRC-2023_Hologlyph_Bots/my_robot_interfaces) by extension 'ignore'
[2.015s] Level 1:colcon.colcon_core.package_identification:_identify(src/eYRC-2023_Hologlyph_Bots/my_robot_interfaces) by extension 'ignore_ament_install'
[2.015s] Level 1:colcon.colcon_core.package_identification:_identify(src/eYRC-2023_Hologlyph_Bots/my_robot_interfaces) by extensions ['colcon_pkg']
[2.016s] Level 1:colcon.colcon_core.package_identification:_identify(src/eYRC-2023_Hologlyph_Bots/my_robot_interfaces) by extension 'colcon_pkg'
[2.016s] Level 1:colcon.colcon_core.package_identification:_identify(src/eYRC-2023_Hologlyph_Bots/my_robot_interfaces) by extensions ['colcon_meta']
[2.016s] Level 1:colcon.colcon_core.package_identification:_identify(src/eYRC-2023_Hologlyph_Bots/my_robot_interfaces) by extension 'colcon_meta'
[2.016s] Level 1:colcon.colcon_core.package_identification:_identify(src/eYRC-2023_Hologlyph_Bots/my_robot_interfaces) by extensions ['ros']
[2.016s] Level 1:colcon.colcon_core.package_identification:_identify(src/eYRC-2023_Hologlyph_Bots/my_robot_interfaces) by extension 'ros'
[2.016s] DEBUG:colcon.colcon_core.package_identification:Package 'src/eYRC-2023_Hologlyph_Bots/my_robot_interfaces' with type 'ros.ament_cmake' and name 'my_robot_interfaces'
[2.017s] Level 1:colcon.colcon_core.package_discovery:discover_packages(recursive) using defaults
[2.017s] Level 1:colcon.colcon_core.package_discovery:discover_packages(ignore) discover
[2.017s] Level 1:colcon.colcon_core.package_discovery:discover_packages(ignore) using defaults
[2.017s] Level 1:colcon.colcon_core.package_discovery:discover_packages(path) discover
[2.017s] Level 1:colcon.colcon_core.package_discovery:discover_packages(path) using defaults
[2.187s] Level 1:colcon.colcon_core.package_discovery:discover_packages(prefix_path) check parameters
[2.187s] Level 1:colcon.colcon_core.package_discovery:discover_packages(prefix_path) discover
[2.243s] DEBUG:colcon.colcon_installed_package_information.package_discovery:Found 5 installed packages in /home/vaishnavi/eyrc23_hb_1520/hb_task_2_ws/install
[2.291s] DEBUG:colcon.colcon_installed_package_information.package_discovery:Found 282 installed packages in /opt/ros/humble
[2.294s] Level 1:colcon.colcon_core.package_discovery:discover_packages(prefix_path) using defaults
[2.453s] Level 5:colcon.colcon_core.verb:set package 'hb_bot' build argument 'cmake_args' from command line to 'None'
[2.453s] Level 5:colcon.colcon_core.verb:set package 'hb_bot' build argument 'cmake_target' from command line to 'None'
[2.453s] Level 5:colcon.colcon_core.verb:set package 'hb_bot' build argument 'cmake_target_skip_unavailable' from command line to 'False'
[2.454s] Level 5:colcon.colcon_core.verb:set package 'hb_bot' build argument 'cmake_clean_cache' from command line to 'False'
[2.454s] Level 5:colcon.colcon_core.verb:set package 'hb_bot' build argument 'cmake_clean_first' from command line to 'False'
[2.454s] Level 5:colcon.colcon_core.verb:set package 'hb_bot' build argument 'cmake_force_configure' from command line to 'False'
[2.454s] Level 5:colcon.colcon_core.verb:set package 'hb_bot' build argument 'ament_cmake_args' from command line to 'None'
[2.454s] Level 5:colcon.colcon_core.verb:set package 'hb_bot' build argument 'catkin_cmake_args' from command line to 'None'
[2.454s] Level 5:colcon.colcon_core.verb:set package 'hb_bot' build argument 'catkin_skip_building_tests' from command line to 'False'
[2.454s] DEBUG:colcon.colcon_core.verb:Building package 'hb_bot' with the following arguments: {'ament_cmake_args': None, 'build_base': '/home/vaishnavi/eyrc23_hb_1520/hb_task_2_ws/build/hb_bot', 'catkin_cmake_args': None, 'catkin_skip_building_tests': False, 'cmake_args': None, 'cmake_clean_cache': False, 'cmake_clean_first': False, 'cmake_force_configure': False, 'cmake_target': None, 'cmake_target_skip_unavailable': False, 'install_base': '/home/vaishnavi/eyrc23_hb_1520/hb_task_2_ws/install/hb_bot', 'merge_install': False, 'path': '/home/vaishnavi/eyrc23_hb_1520/hb_task_2_ws/src/eYRC-2023_Hologlyph_Bots/hb_bot', 'symlink_install': False, 'test_result_base': None}
[2.481s] Level 5:colcon.colcon_core.verb:set package 'hb_task2b' build argument 'cmake_args' from command line to 'None'
[2.481s] Level 5:colcon.colcon_core.verb:set package 'hb_task2b' build argument 'cmake_target' from command line to 'None'
[2.481s] Level 5:colcon.colcon_core.verb:set package 'hb_task2b' build argument 'cmake_target_skip_unavailable' from command line to 'False'
[2.481s] Level 5:colcon.colcon_core.verb:set package 'hb_task2b' build argument 'cmake_clean_cache' from command line to 'False'
[2.481s] Level 5:colcon.colcon_core.verb:set package 'hb_task2b' build argument 'cmake_clean_first' from command line to 'False'
[2.481s] Level 5:colcon.colcon_core.verb:set package 'hb_task2b' build argument 'cmake_force_configure' from command line to 'False'
[2.481s] Level 5:colcon.colcon_core.verb:set package 'hb_task2b' build argument 'ament_cmake_args' from command line to 'None'
[2.481s] Level 5:colcon.colcon_core.verb:set package 'hb_task2b' build argument 'catkin_cmake_args' from command line to 'None'
[2.481s] Level 5:colcon.colcon_core.verb:set package 'hb_task2b' build argument 'catkin_skip_building_tests' from command line to 'False'
[2.481s] DEBUG:colcon.colcon_core.verb:Building package 'hb_task2b' with the following arguments: {'ament_cmake_args': None, 'build_base': '/home/vaishnavi/eyrc23_hb_1520/hb_task_2_ws/build/hb_task2b', 'catkin_cmake_args': None, 'catkin_skip_building_tests': False, 'cmake_args': None, 'cmake_clean_cache': False, 'cmake_clean_first': False, 'cmake_force_configure': False, 'cmake_target': None, 'cmake_target_skip_unavailable': False, 'install_base': '/home/vaishnavi/eyrc23_hb_1520/hb_task_2_ws/install/hb_task2b', 'merge_install': False, 'path': '/home/vaishnavi/eyrc23_hb_1520/hb_task_2_ws/src/eYRC-2023_Hologlyph_Bots/hb_task2b', 'symlink_install': False, 'test_result_base': None}
[2.509s] Level 5:colcon.colcon_core.verb:set package 'hb_world' build argument 'cmake_args' from command line to 'None'
[2.509s] Level 5:colcon.colcon_core.verb:set package 'hb_world' build argument 'cmake_target' from command line to 'None'
[2.509s] Level 5:colcon.colcon_core.verb:set package 'hb_world' build argument 'cmake_target_skip_unavailable' from command line to 'False'
[2.509s] Level 5:colcon.colcon_core.verb:set package 'hb_world' build argument 'cmake_clean_cache' from command line to 'False'
[2.509s] Level 5:colcon.colcon_core.verb:set package 'hb_world' build argument 'cmake_clean_first' from command line to 'False'
[2.509s] Level 5:colcon.colcon_core.verb:set package 'hb_world' build argument 'cmake_force_configure' from command line to 'False'
[2.509s] Level 5:colcon.colcon_core.verb:set package 'hb_world' build argument 'ament_cmake_args' from command line to 'None'
[2.509s] Level 5:colcon.colcon_core.verb:set package 'hb_world' build argument 'catkin_cmake_args' from command line to 'None'
[2.509s] Level 5:colcon.colcon_core.verb:set package 'hb_world' build argument 'catkin_skip_building_tests' from command line to 'False'
[2.510s] DEBUG:colcon.colcon_core.verb:Building package 'hb_world' with the following arguments: {'ament_cmake_args': None, 'build_base': '/home/vaishnavi/eyrc23_hb_1520/hb_task_2_ws/build/hb_world', 'catkin_cmake_args': None, 'catkin_skip_building_tests': False, 'cmake_args': None, 'cmake_clean_cache': False, 'cmake_clean_first': False, 'cmake_force_configure': False, 'cmake_target': None, 'cmake_target_skip_unavailable': False, 'install_base': '/home/vaishnavi/eyrc23_hb_1520/hb_task_2_ws/install/hb_world', 'merge_install': False, 'path': '/home/vaishnavi/eyrc23_hb_1520/hb_task_2_ws/src/eYRC-2023_Hologlyph_Bots/hb_world', 'symlink_install': False, 'test_result_base': None}
[2.537s] Level 5:colcon.colcon_core.verb:set package 'my_robot_interfaces' build argument 'cmake_args' from command line to 'None'
[2.537s] Level 5:colcon.colcon_core.verb:set package 'my_robot_interfaces' build argument 'cmake_target' from command line to 'None'
[2.537s] Level 5:colcon.colcon_core.verb:set package 'my_robot_interfaces' build argument 'cmake_target_skip_unavailable' from command line to 'False'
[2.537s] Level 5:colcon.colcon_core.verb:set package 'my_robot_interfaces' build argument 'cmake_clean_cache' from command line to 'False'
[2.537s] Level 5:colcon.colcon_core.verb:set package 'my_robot_interfaces' build argument 'cmake_clean_first' from command line to 'False'
[2.537s] Level 5:colcon.colcon_core.verb:set package 'my_robot_interfaces' build argument 'cmake_force_configure' from command line to 'False'
[2.537s] Level 5:colcon.colcon_core.verb:set package 'my_robot_interfaces' build argument 'ament_cmake_args' from command line to 'None'
[2.537s] Level 5:colcon.colcon_core.verb:set package 'my_robot_interfaces' build argument 'catkin_cmake_args' from command line to 'None'
[2.537s] Level 5:colcon.colcon_core.verb:set package 'my_robot_interfaces' build argument 'catkin_skip_building_tests' from command line to 'False'
[2.537s] DEBUG:colcon.colcon_core.verb:Building package 'my_robot_interfaces' with the following arguments: {'ament_cmake_args': None, 'build_base': '/home/vaishnavi/eyrc23_hb_1520/hb_task_2_ws/build/my_robot_interfaces', 'catkin_cmake_args': None, 'catkin_skip_building_tests': False, 'cmake_args': None, 'cmake_clean_cache': False, 'cmake_clean_first': False, 'cmake_force_configure': False, 'cmake_target': None, 'cmake_target_skip_unavailable': False, 'install_base': '/home/vaishnavi/eyrc23_hb_1520/hb_task_2_ws/install/my_robot_interfaces', 'merge_install': False, 'path': '/home/vaishnavi/eyrc23_hb_1520/hb_task_2_ws/src/eYRC-2023_Hologlyph_Bots/my_robot_interfaces', 'symlink_install': False, 'test_result_base': None}
[2.564s] Level 5:colcon.colcon_core.verb:set package 'hb_task2a' build argument 'cmake_args' from command line to 'None'
[2.565s] Level 5:colcon.colcon_core.verb:set package 'hb_task2a' build argument 'cmake_target' from command line to 'None'
[2.565s] Level 5:colcon.colcon_core.verb:set package 'hb_task2a' build argument 'cmake_target_skip_unavailable' from command line to 'False'
[2.565s] Level 5:colcon.colcon_core.verb:set package 'hb_task2a' build argument 'cmake_clean_cache' from command line to 'False'
[2.565s] Level 5:colcon.colcon_core.verb:set package 'hb_task2a' build argument 'cmake_clean_first' from command line to 'False'
[2.565s] Level 5:colcon.colcon_core.verb:set package 'hb_task2a' build argument 'cmake_force_configure' from command line to 'False'
[2.565s] Level 5:colcon.colcon_core.verb:set package 'hb_task2a' build argument 'ament_cmake_args' from command line to 'None'
[2.565s] Level 5:colcon.colcon_core.verb:set package 'hb_task2a' build argument 'catkin_cmake_args' from command line to 'None'
[2.565s] Level 5:colcon.colcon_core.verb:set package 'hb_task2a' build argument 'catkin_skip_building_tests' from command line to 'False'
[2.565s] DEBUG:colcon.colcon_core.verb:Building package 'hb_task2a' with the following arguments: {'ament_cmake_args': None, 'build_base': '/home/vaishnavi/eyrc23_hb_1520/hb_task_2_ws/build/hb_task2a', 'catkin_cmake_args': None, 'catkin_skip_building_tests': False, 'cmake_args': None, 'cmake_clean_cache': False, 'cmake_clean_first': False, 'cmake_force_configure': False, 'cmake_target': None, 'cmake_target_skip_unavailable': False, 'install_base': '/home/vaishnavi/eyrc23_hb_1520/hb_task_2_ws/install/hb_task2a', 'merge_install': False, 'path': '/home/vaishnavi/eyrc23_hb_1520/hb_task_2_ws/src/eYRC-2023_Hologlyph_Bots/hb_task2a', 'symlink_install': False, 'test_result_base': None}
[2.592s] INFO:colcon.colcon_core.executor:Executing jobs using 'parallel' executor
[2.619s] DEBUG:colcon.colcon_parallel_executor.executor.parallel:run_until_complete
[2.620s] INFO:colcon.colcon_ros.task.ament_cmake.build:Building ROS package in '/home/vaishnavi/eyrc23_hb_1520/hb_task_2_ws/src/eYRC-2023_Hologlyph_Bots/my_robot_interfaces' with build type 'ament_cmake'
[2.620s] INFO:colcon.colcon_cmake.task.cmake.build:Building CMake package in '/home/vaishnavi/eyrc23_hb_1520/hb_task_2_ws/src/eYRC-2023_Hologlyph_Bots/my_robot_interfaces'
[2.656s] INFO:colcon.colcon_core.plugin_system:Skipping extension 'colcon_core.shell.bat': Not used on non-Windows systems
[2.656s] INFO:colcon.colcon_core.shell:Skip shell extension 'powershell' for command environment: Not usable outside of PowerShell
[2.656s] DEBUG:colcon.colcon_core.shell:Skip shell extension 'dsv' for command environment
[2.769s] INFO:colcon.colcon_ros.task.ament_cmake.build:Building ROS package in '/home/vaishnavi/eyrc23_hb_1520/hb_task_2_ws/src/eYRC-2023_Hologlyph_Bots/hb_bot' with build type 'ament_cmake'
[2.770s] INFO:colcon.colcon_cmake.task.cmake.build:Building CMake package in '/home/vaishnavi/eyrc23_hb_1520/hb_task_2_ws/src/eYRC-2023_Hologlyph_Bots/hb_bot'
[2.811s] INFO:colcon.colcon_core.shell:Skip shell extension 'powershell' for command environment: Not usable outside of PowerShell
[2.811s] DEBUG:colcon.colcon_core.shell:Skip shell extension 'dsv' for command environment
[2.925s] INFO:colcon.colcon_ros.task.ament_python.build:Building ROS package in '/home/vaishnavi/eyrc23_hb_1520/hb_task_2_ws/src/eYRC-2023_Hologlyph_Bots/hb_task2b' with build type 'ament_python'
[2.926s] Level 1:colcon.colcon_core.shell:create_environment_hook('hb_task2b', 'ament_prefix_path')
[2.966s] INFO:colcon.colcon_core.shell:Creating environment hook '/home/vaishnavi/eyrc23_hb_1520/hb_task_2_ws/install/hb_task2b/share/hb_task2b/hook/ament_prefix_path.ps1'
[2.968s] INFO:colcon.colcon_core.shell:Creating environment descriptor '/home/vaishnavi/eyrc23_hb_1520/hb_task_2_ws/install/hb_task2b/share/hb_task2b/hook/ament_prefix_path.dsv'
[2.970s] INFO:colcon.colcon_core.shell:Creating environment hook '/home/vaishnavi/eyrc23_hb_1520/hb_task_2_ws/install/hb_task2b/share/hb_task2b/hook/ament_prefix_path.sh'
[3.002s] INFO:colcon.colcon_core.shell:Skip shell extension 'powershell' for command environment: Not usable outside of PowerShell
[3.002s] DEBUG:colcon.colcon_core.shell:Skip shell extension 'dsv' for command environment
[3.106s] INFO:colcon.colcon_ros.task.ament_cmake.build:Building ROS package in '/home/vaishnavi/eyrc23_hb_1520/hb_task_2_ws/src/eYRC-2023_Hologlyph_Bots/hb_world' with build type 'ament_cmake'
[3.107s] INFO:colcon.colcon_cmake.task.cmake.build:Building CMake package in '/home/vaishnavi/eyrc23_hb_1520/hb_task_2_ws/src/eYRC-2023_Hologlyph_Bots/hb_world'
[3.142s] INFO:colcon.colcon_core.shell:Skip shell extension 'powershell' for command environment: Not usable outside of PowerShell
[3.142s] DEBUG:colcon.colcon_core.shell:Skip shell extension 'dsv' for command environment
[3.246s] DEBUG:colcon.colcon_core.event_handler.log_command:Invoking command in '/home/vaishnavi/eyrc23_hb_1520/hb_task_2_ws/build/my_robot_interfaces': CMAKE_PREFIX_PATH=${CMAKE_PREFIX_PATH}:/home/vaishnavi/eyrc23_hb_1520/hb_task_2_ws/install/hb_task2a:/home/vaishnavi/eyrc23_hb_1520/hb_task_2_ws/install/hb_task2b:/opt/ros/humble /usr/bin/cmake --build /home/vaishnavi/eyrc23_hb_1520/hb_task_2_ws/build/my_robot_interfaces -- -j8 -l8
[3.250s] DEBUG:colcon.colcon_core.event_handler.log_command:Invoking command in '/home/vaishnavi/eyrc23_hb_1520/hb_task_2_ws/build/hb_bot': CMAKE_PREFIX_PATH=${CMAKE_PREFIX_PATH}:/home/vaishnavi/eyrc23_hb_1520/hb_task_2_ws/install/hb_task2a:/home/vaishnavi/eyrc23_hb_1520/hb_task_2_ws/install/hb_task2b:/opt/ros/humble /usr/bin/cmake --build /home/vaishnavi/eyrc23_hb_1520/hb_task_2_ws/build/hb_bot -- -j8 -l8
[3.831s] INFO:colcon.colcon_core.task.python.build:Building Python package in '/home/vaishnavi/eyrc23_hb_1520/hb_task_2_ws/src/eYRC-2023_Hologlyph_Bots/hb_task2b'
[3.865s] INFO:colcon.colcon_core.shell:Skip shell extension 'powershell' for command environment: Not usable outside of PowerShell
[3.865s] DEBUG:colcon.colcon_core.shell:Skip shell extension 'dsv' for command environment
[3.984s] DEBUG:colcon.colcon_core.event_handler.log_command:Invoking command in '/home/vaishnavi/eyrc23_hb_1520/hb_task_2_ws/build/hb_world': CMAKE_PREFIX_PATH=${CMAKE_PREFIX_PATH}:/home/vaishnavi/eyrc23_hb_1520/hb_task_2_ws/install/hb_task2a:/home/vaishnavi/eyrc23_hb_1520/hb_task_2_ws/install/hb_task2b:/opt/ros/humble /usr/bin/cmake --build /home/vaishnavi/eyrc23_hb_1520/hb_task_2_ws/build/hb_world -- -j8 -l8
[3.987s] DEBUG:colcon.colcon_core.event_handler.log_command:Invoked command in '/home/vaishnavi/eyrc23_hb_1520/hb_task_2_ws/build/hb_bot' returned '0': CMAKE_PREFIX_PATH=${CMAKE_PREFIX_PATH}:/home/vaishnavi/eyrc23_hb_1520/hb_task_2_ws/install/hb_task2a:/home/vaishnavi/eyrc23_hb_1520/hb_task_2_ws/install/hb_task2b:/opt/ros/humble /usr/bin/cmake --build /home/vaishnavi/eyrc23_hb_1520/hb_task_2_ws/build/hb_bot -- -j8 -l8
[4.003s] DEBUG:colcon.colcon_core.event_handler.log_command:Invoked command in '/home/vaishnavi/eyrc23_hb_1520/hb_task_2_ws/build/my_robot_interfaces' returned '0': CMAKE_PREFIX_PATH=${CMAKE_PREFIX_PATH}:/home/vaishnavi/eyrc23_hb_1520/hb_task_2_ws/install/hb_task2a:/home/vaishnavi/eyrc23_hb_1520/hb_task_2_ws/install/hb_task2b:/opt/ros/humble /usr/bin/cmake --build /home/vaishnavi/eyrc23_hb_1520/hb_task_2_ws/build/my_robot_interfaces -- -j8 -l8
[4.048s] DEBUG:colcon.colcon_core.event_handler.log_command:Invoking command in '/home/vaishnavi/eyrc23_hb_1520/hb_task_2_ws/build/hb_bot': CMAKE_PREFIX_PATH=${CMAKE_PREFIX_PATH}:/home/vaishnavi/eyrc23_hb_1520/hb_task_2_ws/install/hb_task2a:/home/vaishnavi/eyrc23_hb_1520/hb_task_2_ws/install/hb_task2b:/opt/ros/humble /usr/bin/cmake --install /home/vaishnavi/eyrc23_hb_1520/hb_task_2_ws/build/hb_bot
[4.054s] DEBUG:colcon.colcon_core.event_handler.log_command:Invoked command in '/home/vaishnavi/eyrc23_hb_1520/hb_task_2_ws/build/hb_world' returned '0': CMAKE_PREFIX_PATH=${CMAKE_PREFIX_PATH}:/home/vaishnavi/eyrc23_hb_1520/hb_task_2_ws/install/hb_task2a:/home/vaishnavi/eyrc23_hb_1520/hb_task_2_ws/install/hb_task2b:/opt/ros/humble /usr/bin/cmake --build /home/vaishnavi/eyrc23_hb_1520/hb_task_2_ws/build/hb_world -- -j8 -l8
[4.076s] Level 1:colcon.colcon_core.environment:create_environment_scripts_only(hb_bot)
[4.083s] DEBUG:colcon.colcon_core.event_handler.log_command:Invoked command in '/home/vaishnavi/eyrc23_hb_1520/hb_task_2_ws/build/hb_bot' returned '0': CMAKE_PREFIX_PATH=${CMAKE_PREFIX_PATH}:/home/vaishnavi/eyrc23_hb_1520/hb_task_2_ws/install/hb_task2a:/home/vaishnavi/eyrc23_hb_1520/hb_task_2_ws/install/hb_task2b:/opt/ros/humble /usr/bin/cmake --install /home/vaishnavi/eyrc23_hb_1520/hb_task_2_ws/build/hb_bot
[4.127s] Level 1:colcon.colcon_core.environment:checking '/home/vaishnavi/eyrc23_hb_1520/hb_task_2_ws/install/hb_bot' for CMake module files
[4.128s] Level 1:colcon.colcon_core.environment:checking '/home/vaishnavi/eyrc23_hb_1520/hb_task_2_ws/install/hb_bot' for CMake config files
[4.128s] Level 1:colcon.colcon_core.shell:create_environment_hook('hb_bot', 'cmake_prefix_path')
[4.159s] INFO:colcon.colcon_core.shell:Creating environment hook '/home/vaishnavi/eyrc23_hb_1520/hb_task_2_ws/install/hb_bot/share/hb_bot/hook/cmake_prefix_path.ps1'
[4.161s] INFO:colcon.colcon_core.shell:Creating environment descriptor '/home/vaishnavi/eyrc23_hb_1520/hb_task_2_ws/install/hb_bot/share/hb_bot/hook/cmake_prefix_path.dsv'
[4.162s] INFO:colcon.colcon_core.shell:Creating environment hook '/home/vaishnavi/eyrc23_hb_1520/hb_task_2_ws/install/hb_bot/share/hb_bot/hook/cmake_prefix_path.sh'
[4.164s] Level 1:colcon.colcon_core.environment:checking '/home/vaishnavi/eyrc23_hb_1520/hb_task_2_ws/install/hb_bot/bin'
[4.164s] Level 1:colcon.colcon_core.environment:checking '/home/vaishnavi/eyrc23_hb_1520/hb_task_2_ws/install/hb_bot/lib/pkgconfig/hb_bot.pc'
[4.165s] Level 1:colcon.colcon_core.environment:checking '/home/vaishnavi/eyrc23_hb_1520/hb_task_2_ws/install/hb_bot/lib/python3.10/site-packages'
[4.165s] Level 1:colcon.colcon_core.environment:checking '/home/vaishnavi/eyrc23_hb_1520/hb_task_2_ws/install/hb_bot/bin'
[4.202s] INFO:colcon.colcon_core.shell:Creating package script '/home/vaishnavi/eyrc23_hb_1520/hb_task_2_ws/install/hb_bot/share/hb_bot/package.ps1'
[4.203s] INFO:colcon.colcon_core.shell:Creating package descriptor '/home/vaishnavi/eyrc23_hb_1520/hb_task_2_ws/install/hb_bot/share/hb_bot/package.dsv'
[4.204s] INFO:colcon.colcon_core.shell:Creating package script '/home/vaishnavi/eyrc23_hb_1520/hb_task_2_ws/install/hb_bot/share/hb_bot/package.sh'
[4.205s] INFO:colcon.colcon_core.shell:Creating package script '/home/vaishnavi/eyrc23_hb_1520/hb_task_2_ws/install/hb_bot/share/hb_bot/package.bash'
[4.206s] INFO:colcon.colcon_core.shell:Creating package script '/home/vaishnavi/eyrc23_hb_1520/hb_task_2_ws/install/hb_bot/share/hb_bot/package.zsh'
[4.207s] Level 1:colcon.colcon_core.environment:create_file_with_runtime_dependencies(/home/vaishnavi/eyrc23_hb_1520/hb_task_2_ws/install/hb_bot/share/colcon-core/packages/hb_bot)
[4.212s] DEBUG:colcon.colcon_core.event_handler.log_command:Invoking command in '/home/vaishnavi/eyrc23_hb_1520/hb_task_2_ws/build/my_robot_interfaces': CMAKE_PREFIX_PATH=${CMAKE_PREFIX_PATH}:/home/vaishnavi/eyrc23_hb_1520/hb_task_2_ws/install/hb_task2a:/home/vaishnavi/eyrc23_hb_1520/hb_task_2_ws/install/hb_task2b:/opt/ros/humble /usr/bin/cmake --install /home/vaishnavi/eyrc23_hb_1520/hb_task_2_ws/build/my_robot_interfaces
[4.216s] DEBUG:colcon.colcon_core.event_handler.log_command:Invoking command in '/home/vaishnavi/eyrc23_hb_1520/hb_task_2_ws/build/hb_world': CMAKE_PREFIX_PATH=${CMAKE_PREFIX_PATH}:/home/vaishnavi/eyrc23_hb_1520/hb_task_2_ws/install/hb_task2a:/home/vaishnavi/eyrc23_hb_1520/hb_task_2_ws/install/hb_task2b:/opt/ros/humble /usr/bin/cmake --install /home/vaishnavi/eyrc23_hb_1520/hb_task_2_ws/build/hb_world
[4.238s] Level 1:colcon.colcon_core.environment:create_environment_scripts_only(hb_world)
[4.254s] DEBUG:colcon.colcon_core.event_handler.log_command:Invoked command in '/home/vaishnavi/eyrc23_hb_1520/hb_task_2_ws/build/hb_world' returned '0': CMAKE_PREFIX_PATH=${CMAKE_PREFIX_PATH}:/home/vaishnavi/eyrc23_hb_1520/hb_task_2_ws/install/hb_task2a:/home/vaishnavi/eyrc23_hb_1520/hb_task_2_ws/install/hb_task2b:/opt/ros/humble /usr/bin/cmake --install /home/vaishnavi/eyrc23_hb_1520/hb_task_2_ws/build/hb_world
[4.289s] Level 1:colcon.colcon_core.environment:checking '/home/vaishnavi/eyrc23_hb_1520/hb_task_2_ws/install/hb_world' for CMake module files
[4.289s] Level 1:colcon.colcon_core.environment:checking '/home/vaishnavi/eyrc23_hb_1520/hb_task_2_ws/install/hb_world' for CMake config files
[4.290s] Level 1:colcon.colcon_core.shell:create_environment_hook('hb_world', 'cmake_prefix_path')
[4.328s] INFO:colcon.colcon_core.shell:Creating environment hook '/home/vaishnavi/eyrc23_hb_1520/hb_task_2_ws/install/hb_world/share/hb_world/hook/cmake_prefix_path.ps1'
[4.329s] INFO:colcon.colcon_core.shell:Creating environment descriptor '/home/vaishnavi/eyrc23_hb_1520/hb_task_2_ws/install/hb_world/share/hb_world/hook/cmake_prefix_path.dsv'
[4.330s] INFO:colcon.colcon_core.shell:Creating environment hook '/home/vaishnavi/eyrc23_hb_1520/hb_task_2_ws/install/hb_world/share/hb_world/hook/cmake_prefix_path.sh'
[4.331s] Level 1:colcon.colcon_core.environment:checking '/home/vaishnavi/eyrc23_hb_1520/hb_task_2_ws/install/hb_world/bin'
[4.331s] Level 1:colcon.colcon_core.environment:checking '/home/vaishnavi/eyrc23_hb_1520/hb_task_2_ws/install/hb_world/lib/pkgconfig/hb_world.pc'
[4.331s] Level 1:colcon.colcon_core.environment:checking '/home/vaishnavi/eyrc23_hb_1520/hb_task_2_ws/install/hb_world/lib/python3.10/site-packages'
[4.331s] Level 1:colcon.colcon_core.environment:checking '/home/vaishnavi/eyrc23_hb_1520/hb_task_2_ws/install/hb_world/bin'
[4.362s] INFO:colcon.colcon_core.shell:Creating package script '/home/vaishnavi/eyrc23_hb_1520/hb_task_2_ws/install/hb_world/share/hb_world/package.ps1'
[4.363s] INFO:colcon.colcon_core.shell:Creating package descriptor '/home/vaishnavi/eyrc23_hb_1520/hb_task_2_ws/install/hb_world/share/hb_world/package.dsv'
[4.364s] INFO:colcon.colcon_core.shell:Creating package script '/home/vaishnavi/eyrc23_hb_1520/hb_task_2_ws/install/hb_world/share/hb_world/package.sh'
[4.365s] INFO:colcon.colcon_core.shell:Creating package script '/home/vaishnavi/eyrc23_hb_1520/hb_task_2_ws/install/hb_world/share/hb_world/package.bash'
[4.366s] INFO:colcon.colcon_core.shell:Creating package script '/home/vaishnavi/eyrc23_hb_1520/hb_task_2_ws/install/hb_world/share/hb_world/package.zsh'
[4.366s] Level 1:colcon.colcon_core.environment:create_file_with_runtime_dependencies(/home/vaishnavi/eyrc23_hb_1520/hb_task_2_ws/install/hb_world/share/colcon-core/packages/hb_world)
[4.404s] Level 1:colcon.colcon_core.environment:create_environment_scripts_only(hb_bot)
[4.434s] Level 1:colcon.colcon_core.environment:checking '/home/vaishnavi/eyrc23_hb_1520/hb_task_2_ws/install/hb_bot' for CMake module files
[4.435s] Level 1:colcon.colcon_core.environment:checking '/home/vaishnavi/eyrc23_hb_1520/hb_task_2_ws/install/hb_bot' for CMake config files
[4.435s] Level 1:colcon.colcon_core.shell:create_environment_hook('hb_bot', 'cmake_prefix_path')
[4.466s] INFO:colcon.colcon_core.shell:Creating environment hook '/home/vaishnavi/eyrc23_hb_1520/hb_task_2_ws/install/hb_bot/share/hb_bot/hook/cmake_prefix_path.ps1'
[4.467s] INFO:colcon.colcon_core.shell:Creating environment descriptor '/home/vaishnavi/eyrc23_hb_1520/hb_task_2_ws/install/hb_bot/share/hb_bot/hook/cmake_prefix_path.dsv'
[4.469s] INFO:colcon.colcon_core.shell:Creating environment hook '/home/vaishnavi/eyrc23_hb_1520/hb_task_2_ws/install/hb_bot/share/hb_bot/hook/cmake_prefix_path.sh'
[4.470s] Level 1:colcon.colcon_core.environment:checking '/home/vaishnavi/eyrc23_hb_1520/hb_task_2_ws/install/hb_bot/bin'
[4.470s] Level 1:colcon.colcon_core.environment:checking '/home/vaishnavi/eyrc23_hb_1520/hb_task_2_ws/install/hb_bot/lib/pkgconfig/hb_bot.pc'
[4.471s] Level 1:colcon.colcon_core.environment:checking '/home/vaishnavi/eyrc23_hb_1520/hb_task_2_ws/install/hb_bot/lib/python3.10/site-packages'
[4.471s] Level 1:colcon.colcon_core.environment:checking '/home/vaishnavi/eyrc23_hb_1520/hb_task_2_ws/install/hb_bot/bin'
[4.504s] INFO:colcon.colcon_core.shell:Creating package script '/home/vaishnavi/eyrc23_hb_1520/hb_task_2_ws/install/hb_bot/share/hb_bot/package.ps1'
[4.504s] INFO:colcon.colcon_core.shell:Creating package descriptor '/home/vaishnavi/eyrc23_hb_1520/hb_task_2_ws/install/hb_bot/share/hb_bot/package.dsv'
[4.505s] INFO:colcon.colcon_core.shell:Creating package script '/home/vaishnavi/eyrc23_hb_1520/hb_task_2_ws/install/hb_bot/share/hb_bot/package.sh'
[4.506s] INFO:colcon.colcon_core.shell:Creating package script '/home/vaishnavi/eyrc23_hb_1520/hb_task_2_ws/install/hb_bot/share/hb_bot/package.bash'
[4.506s] INFO:colcon.colcon_core.shell:Creating package script '/home/vaishnavi/eyrc23_hb_1520/hb_task_2_ws/install/hb_bot/share/hb_bot/package.zsh'
[4.507s] Level 1:colcon.colcon_core.environment:create_file_with_runtime_dependencies(/home/vaishnavi/eyrc23_hb_1520/hb_task_2_ws/install/hb_bot/share/colcon-core/packages/hb_bot)
[4.508s] Level 1:colcon.colcon_core.environment:create_environment_scripts_only(my_robot_interfaces)
[4.510s] DEBUG:colcon.colcon_core.event_handler.log_command:Invoked command in '/home/vaishnavi/eyrc23_hb_1520/hb_task_2_ws/build/my_robot_interfaces' returned '0': CMAKE_PREFIX_PATH=${CMAKE_PREFIX_PATH}:/home/vaishnavi/eyrc23_hb_1520/hb_task_2_ws/install/hb_task2a:/home/vaishnavi/eyrc23_hb_1520/hb_task_2_ws/install/hb_task2b:/opt/ros/humble /usr/bin/cmake --install /home/vaishnavi/eyrc23_hb_1520/hb_task_2_ws/build/my_robot_interfaces
[4.546s] Level 1:colcon.colcon_core.environment:checking '/home/vaishnavi/eyrc23_hb_1520/hb_task_2_ws/install/my_robot_interfaces' for CMake module files
[4.547s] Level 1:colcon.colcon_core.environment:checking '/home/vaishnavi/eyrc23_hb_1520/hb_task_2_ws/install/my_robot_interfaces' for CMake config files
[4.548s] Level 1:colcon.colcon_core.shell:create_environment_hook('my_robot_interfaces', 'cmake_prefix_path')
[4.588s] INFO:colcon.colcon_core.shell:Creating environment hook '/home/vaishnavi/eyrc23_hb_1520/hb_task_2_ws/install/my_robot_interfaces/share/my_robot_interfaces/hook/cmake_prefix_path.ps1'
[4.589s] INFO:colcon.colcon_core.shell:Creating environment descriptor '/home/vaishnavi/eyrc23_hb_1520/hb_task_2_ws/install/my_robot_interfaces/share/my_robot_interfaces/hook/cmake_prefix_path.dsv'
[4.589s] INFO:colcon.colcon_core.shell:Creating environment hook '/home/vaishnavi/eyrc23_hb_1520/hb_task_2_ws/install/my_robot_interfaces/share/my_robot_interfaces/hook/cmake_prefix_path.sh'
[4.590s] Level 1:colcon.colcon_core.environment:checking '/home/vaishnavi/eyrc23_hb_1520/hb_task_2_ws/install/my_robot_interfaces/lib'
[4.590s] Level 1:colcon.colcon_core.shell:create_environment_hook('my_robot_interfaces', 'ld_library_path_lib')
[4.620s] INFO:colcon.colcon_core.shell:Creating environment hook '/home/vaishnavi/eyrc23_hb_1520/hb_task_2_ws/install/my_robot_interfaces/share/my_robot_interfaces/hook/ld_library_path_lib.ps1'
[4.621s] INFO:colcon.colcon_core.shell:Creating environment descriptor '/home/vaishnavi/eyrc23_hb_1520/hb_task_2_ws/install/my_robot_interfaces/share/my_robot_interfaces/hook/ld_library_path_lib.dsv'
[4.621s] INFO:colcon.colcon_core.shell:Creating environment hook '/home/vaishnavi/eyrc23_hb_1520/hb_task_2_ws/install/my_robot_interfaces/share/my_robot_interfaces/hook/ld_library_path_lib.sh'
[4.622s] Level 1:colcon.colcon_core.environment:checking '/home/vaishnavi/eyrc23_hb_1520/hb_task_2_ws/install/my_robot_interfaces/bin'
[4.622s] Level 1:colcon.colcon_core.environment:checking '/home/vaishnavi/eyrc23_hb_1520/hb_task_2_ws/install/my_robot_interfaces/lib/pkgconfig/my_robot_interfaces.pc'
[4.622s] Level 1:colcon.colcon_core.environment:checking '/home/vaishnavi/eyrc23_hb_1520/hb_task_2_ws/install/my_robot_interfaces/lib/python3.10/site-packages'
[4.623s] Level 1:colcon.colcon_core.environment:checking '/home/vaishnavi/eyrc23_hb_1520/hb_task_2_ws/install/my_robot_interfaces/bin'
[4.652s] INFO:colcon.colcon_core.shell:Creating package script '/home/vaishnavi/eyrc23_hb_1520/hb_task_2_ws/install/my_robot_interfaces/share/my_robot_interfaces/package.ps1'
[4.653s] INFO:colcon.colcon_core.shell:Creating package descriptor '/home/vaishnavi/eyrc23_hb_1520/hb_task_2_ws/install/my_robot_interfaces/share/my_robot_interfaces/package.dsv'
[4.653s] INFO:colcon.colcon_core.shell:Creating package script '/home/vaishnavi/eyrc23_hb_1520/hb_task_2_ws/install/my_robot_interfaces/share/my_robot_interfaces/package.sh'
[4.654s] INFO:colcon.colcon_core.shell:Creating package script '/home/vaishnavi/eyrc23_hb_1520/hb_task_2_ws/install/my_robot_interfaces/share/my_robot_interfaces/package.bash'
[4.654s] INFO:colcon.colcon_core.shell:Creating package script '/home/vaishnavi/eyrc23_hb_1520/hb_task_2_ws/install/my_robot_interfaces/share/my_robot_interfaces/package.zsh'
[4.655s] Level 1:colcon.colcon_core.environment:create_file_with_runtime_dependencies(/home/vaishnavi/eyrc23_hb_1520/hb_task_2_ws/install/my_robot_interfaces/share/colcon-core/packages/my_robot_interfaces)
[4.703s] Level 1:colcon.colcon_core.environment:create_environment_scripts_only(hb_world)
[4.743s] Level 1:colcon.colcon_core.environment:checking '/home/vaishnavi/eyrc23_hb_1520/hb_task_2_ws/install/hb_world' for CMake module files
[4.744s] Level 1:colcon.colcon_core.environment:checking '/home/vaishnavi/eyrc23_hb_1520/hb_task_2_ws/install/hb_world' for CMake config files
[4.744s] Level 1:colcon.colcon_core.shell:create_environment_hook('hb_world', 'cmake_prefix_path')
[4.785s] INFO:colcon.colcon_core.shell:Creating environment hook '/home/vaishnavi/eyrc23_hb_1520/hb_task_2_ws/install/hb_world/share/hb_world/hook/cmake_prefix_path.ps1'
[4.786s] INFO:colcon.colcon_core.shell:Creating environment descriptor '/home/vaishnavi/eyrc23_hb_1520/hb_task_2_ws/install/hb_world/share/hb_world/hook/cmake_prefix_path.dsv'
[4.786s] INFO:colcon.colcon_core.shell:Creating environment hook '/home/vaishnavi/eyrc23_hb_1520/hb_task_2_ws/install/hb_world/share/hb_world/hook/cmake_prefix_path.sh'
[4.787s] Level 1:colcon.colcon_core.environment:checking '/home/vaishnavi/eyrc23_hb_1520/hb_task_2_ws/install/hb_world/bin'
[4.788s] Level 1:colcon.colcon_core.environment:checking '/home/vaishnavi/eyrc23_hb_1520/hb_task_2_ws/install/hb_world/lib/pkgconfig/hb_world.pc'
[4.788s] Level 1:colcon.colcon_core.environment:checking '/home/vaishnavi/eyrc23_hb_1520/hb_task_2_ws/install/hb_world/lib/python3.10/site-packages'
[4.788s] Level 1:colcon.colcon_core.environment:checking '/home/vaishnavi/eyrc23_hb_1520/hb_task_2_ws/install/hb_world/bin'
[4.818s] INFO:colcon.colcon_core.shell:Creating package script '/home/vaishnavi/eyrc23_hb_1520/hb_task_2_ws/install/hb_world/share/hb_world/package.ps1'
[4.819s] INFO:colcon.colcon_core.shell:Creating package descriptor '/home/vaishnavi/eyrc23_hb_1520/hb_task_2_ws/install/hb_world/share/hb_world/package.dsv'
[4.820s] INFO:colcon.colcon_core.shell:Creating package script '/home/vaishnavi/eyrc23_hb_1520/hb_task_2_ws/install/hb_world/share/hb_world/package.sh'
[4.821s] INFO:colcon.colcon_core.shell:Creating package script '/home/vaishnavi/eyrc23_hb_1520/hb_task_2_ws/install/hb_world/share/hb_world/package.bash'
[4.821s] INFO:colcon.colcon_core.shell:Creating package script '/home/vaishnavi/eyrc23_hb_1520/hb_task_2_ws/install/hb_world/share/hb_world/package.zsh'
[4.822s] Level 1:colcon.colcon_core.environment:create_file_with_runtime_dependencies(/home/vaishnavi/eyrc23_hb_1520/hb_task_2_ws/install/hb_world/share/colcon-core/packages/hb_world)
[4.828s] DEBUG:colcon.colcon_core.event_handler.log_command:Invoking command in '/home/vaishnavi/eyrc23_hb_1520/hb_task_2_ws/src/eYRC-2023_Hologlyph_Bots/hb_task2b': PYTHONPATH=/home/vaishnavi/eyrc23_hb_1520/hb_task_2_ws/build/hb_task2b/prefix_override:/home/vaishnavi/eyrc23_hb_1520/hb_task_2_ws/install/hb_task2b/lib/python3.10/site-packages:${PYTHONPATH} /usr/bin/python3 setup.py egg_info --egg-base ../../../build/hb_task2b build --build-base /home/vaishnavi/eyrc23_hb_1520/hb_task_2_ws/build/hb_task2b/build install --record /home/vaishnavi/eyrc23_hb_1520/hb_task_2_ws/build/hb_task2b/install.log --single-version-externally-managed
[4.912s] Level 1:colcon.colcon_core.environment:create_environment_scripts_only(my_robot_interfaces)
[4.946s] Level 1:colcon.colcon_core.environment:checking '/home/vaishnavi/eyrc23_hb_1520/hb_task_2_ws/install/my_robot_interfaces' for CMake module files
[4.947s] Level 1:colcon.colcon_core.environment:checking '/home/vaishnavi/eyrc23_hb_1520/hb_task_2_ws/install/my_robot_interfaces' for CMake config files
[4.948s] Level 1:colcon.colcon_core.shell:create_environment_hook('my_robot_interfaces', 'cmake_prefix_path')
[4.984s] INFO:colcon.colcon_core.shell:Creating environment hook '/home/vaishnavi/eyrc23_hb_1520/hb_task_2_ws/install/my_robot_interfaces/share/my_robot_interfaces/hook/cmake_prefix_path.ps1'
[4.984s] INFO:colcon.colcon_core.shell:Creating environment descriptor '/home/vaishnavi/eyrc23_hb_1520/hb_task_2_ws/install/my_robot_interfaces/share/my_robot_interfaces/hook/cmake_prefix_path.dsv'
[4.985s] INFO:colcon.colcon_core.shell:Creating environment hook '/home/vaishnavi/eyrc23_hb_1520/hb_task_2_ws/install/my_robot_interfaces/share/my_robot_interfaces/hook/cmake_prefix_path.sh'
[4.986s] Level 1:colcon.colcon_core.environment:checking '/home/vaishnavi/eyrc23_hb_1520/hb_task_2_ws/install/my_robot_interfaces/lib'
[4.986s] Level 1:colcon.colcon_core.shell:create_environment_hook('my_robot_interfaces', 'ld_library_path_lib')
[5.015s] INFO:colcon.colcon_core.shell:Creating environment hook '/home/vaishnavi/eyrc23_hb_1520/hb_task_2_ws/install/my_robot_interfaces/share/my_robot_interfaces/hook/ld_library_path_lib.ps1'
[5.016s] INFO:colcon.colcon_core.shell:Creating environment descriptor '/home/vaishnavi/eyrc23_hb_1520/hb_task_2_ws/install/my_robot_interfaces/share/my_robot_interfaces/hook/ld_library_path_lib.dsv'
[5.017s] INFO:colcon.colcon_core.shell:Creating environment hook '/home/vaishnavi/eyrc23_hb_1520/hb_task_2_ws/install/my_robot_interfaces/share/my_robot_interfaces/hook/ld_library_path_lib.sh'
[5.017s] Level 1:colcon.colcon_core.environment:checking '/home/vaishnavi/eyrc23_hb_1520/hb_task_2_ws/install/my_robot_interfaces/bin'
[5.017s] Level 1:colcon.colcon_core.environment:checking '/home/vaishnavi/eyrc23_hb_1520/hb_task_2_ws/install/my_robot_interfaces/lib/pkgconfig/my_robot_interfaces.pc'
[5.018s] Level 1:colcon.colcon_core.environment:checking '/home/vaishnavi/eyrc23_hb_1520/hb_task_2_ws/install/my_robot_interfaces/lib/python3.10/site-packages'
[5.018s] Level 1:colcon.colcon_core.environment:checking '/home/vaishnavi/eyrc23_hb_1520/hb_task_2_ws/install/my_robot_interfaces/bin'
[5.063s] INFO:colcon.colcon_core.shell:Creating package script '/home/vaishnavi/eyrc23_hb_1520/hb_task_2_ws/install/my_robot_interfaces/share/my_robot_interfaces/package.ps1'
[5.065s] INFO:colcon.colcon_core.shell:Creating package descriptor '/home/vaishnavi/eyrc23_hb_1520/hb_task_2_ws/install/my_robot_interfaces/share/my_robot_interfaces/package.dsv'
[5.067s] INFO:colcon.colcon_core.shell:Creating package script '/home/vaishnavi/eyrc23_hb_1520/hb_task_2_ws/install/my_robot_interfaces/share/my_robot_interfaces/package.sh'
[5.068s] INFO:colcon.colcon_core.shell:Creating package script '/home/vaishnavi/eyrc23_hb_1520/hb_task_2_ws/install/my_robot_interfaces/share/my_robot_interfaces/package.bash'
[5.069s] INFO:colcon.colcon_core.shell:Creating package script '/home/vaishnavi/eyrc23_hb_1520/hb_task_2_ws/install/my_robot_interfaces/share/my_robot_interfaces/package.zsh'
[5.070s] Level 1:colcon.colcon_core.environment:create_file_with_runtime_dependencies(/home/vaishnavi/eyrc23_hb_1520/hb_task_2_ws/install/my_robot_interfaces/share/colcon-core/packages/my_robot_interfaces)
[5.071s] INFO:colcon.colcon_ros.task.ament_python.build:Building ROS package in '/home/vaishnavi/eyrc23_hb_1520/hb_task_2_ws/src/eYRC-2023_Hologlyph_Bots/hb_task2a' with build type 'ament_python'
[5.071s] Level 1:colcon.colcon_core.shell:create_environment_hook('hb_task2a', 'ament_prefix_path')
[5.112s] INFO:colcon.colcon_core.shell:Creating environment hook '/home/vaishnavi/eyrc23_hb_1520/hb_task_2_ws/install/hb_task2a/share/hb_task2a/hook/ament_prefix_path.ps1'
[5.114s] INFO:colcon.colcon_core.shell:Creating environment descriptor '/home/vaishnavi/eyrc23_hb_1520/hb_task_2_ws/install/hb_task2a/share/hb_task2a/hook/ament_prefix_path.dsv'
[5.115s] INFO:colcon.colcon_core.shell:Creating environment hook '/home/vaishnavi/eyrc23_hb_1520/hb_task_2_ws/install/hb_task2a/share/hb_task2a/hook/ament_prefix_path.sh'
[5.147s] INFO:colcon.colcon_core.shell:Skip shell extension 'powershell' for command environment: Not usable outside of PowerShell
[5.148s] DEBUG:colcon.colcon_core.shell:Skip shell extension 'dsv' for command environment
[5.768s] INFO:colcon.colcon_core.task.python.build:Building Python package in '/home/vaishnavi/eyrc23_hb_1520/hb_task_2_ws/src/eYRC-2023_Hologlyph_Bots/hb_task2a'
[5.803s] INFO:colcon.colcon_core.shell:Skip shell extension 'powershell' for command environment: Not usable outside of PowerShell
[5.803s] DEBUG:colcon.colcon_core.shell:Skip shell extension 'dsv' for command environment
[5.899s] DEBUG:colcon.colcon_core.event_handler.log_command:Invoked command in '/home/vaishnavi/eyrc23_hb_1520/hb_task_2_ws/src/eYRC-2023_Hologlyph_Bots/hb_task2b' returned '0': PYTHONPATH=/home/vaishnavi/eyrc23_hb_1520/hb_task_2_ws/build/hb_task2b/prefix_override:/home/vaishnavi/eyrc23_hb_1520/hb_task_2_ws/install/hb_task2b/lib/python3.10/site-packages:${PYTHONPATH} /usr/bin/python3 setup.py egg_info --egg-base ../../../build/hb_task2b build --build-base /home/vaishnavi/eyrc23_hb_1520/hb_task_2_ws/build/hb_task2b/build install --record /home/vaishnavi/eyrc23_hb_1520/hb_task_2_ws/build/hb_task2b/install.log --single-version-externally-managed
[5.931s] Level 1:colcon.colcon_core.environment:checking '/home/vaishnavi/eyrc23_hb_1520/hb_task_2_ws/install/hb_task2b' for CMake module files
[5.931s] Level 1:colcon.colcon_core.environment:checking '/home/vaishnavi/eyrc23_hb_1520/hb_task_2_ws/install/hb_task2b' for CMake config files
[5.932s] Level 1:colcon.colcon_core.environment:checking '/home/vaishnavi/eyrc23_hb_1520/hb_task_2_ws/install/hb_task2b/lib'
[5.932s] Level 1:colcon.colcon_core.environment:checking '/home/vaishnavi/eyrc23_hb_1520/hb_task_2_ws/install/hb_task2b/bin'
[5.933s] Level 1:colcon.colcon_core.environment:checking '/home/vaishnavi/eyrc23_hb_1520/hb_task_2_ws/install/hb_task2b/lib/pkgconfig/hb_task2b.pc'
[5.933s] Level 1:colcon.colcon_core.environment:checking '/home/vaishnavi/eyrc23_hb_1520/hb_task_2_ws/install/hb_task2b/lib/python3.10/site-packages'
[5.933s] Level 1:colcon.colcon_core.shell:create_environment_hook('hb_task2b', 'pythonpath')
[5.963s] INFO:colcon.colcon_core.shell:Creating environment hook '/home/vaishnavi/eyrc23_hb_1520/hb_task_2_ws/install/hb_task2b/share/hb_task2b/hook/pythonpath.ps1'
[5.964s] INFO:colcon.colcon_core.shell:Creating environment descriptor '/home/vaishnavi/eyrc23_hb_1520/hb_task_2_ws/install/hb_task2b/share/hb_task2b/hook/pythonpath.dsv'
[5.965s] INFO:colcon.colcon_core.shell:Creating environment hook '/home/vaishnavi/eyrc23_hb_1520/hb_task_2_ws/install/hb_task2b/share/hb_task2b/hook/pythonpath.sh'
[5.966s] Level 1:colcon.colcon_core.environment:checking '/home/vaishnavi/eyrc23_hb_1520/hb_task_2_ws/install/hb_task2b/bin'
[5.966s] Level 1:colcon.colcon_core.environment:create_environment_scripts_only(hb_task2b)
[5.997s] INFO:colcon.colcon_core.shell:Creating package script '/home/vaishnavi/eyrc23_hb_1520/hb_task_2_ws/install/hb_task2b/share/hb_task2b/package.ps1'
[5.998s] INFO:colcon.colcon_core.shell:Creating package descriptor '/home/vaishnavi/eyrc23_hb_1520/hb_task_2_ws/install/hb_task2b/share/hb_task2b/package.dsv'
[5.999s] INFO:colcon.colcon_core.shell:Creating package script '/home/vaishnavi/eyrc23_hb_1520/hb_task_2_ws/install/hb_task2b/share/hb_task2b/package.sh'
[5.999s] INFO:colcon.colcon_core.shell:Creating package script '/home/vaishnavi/eyrc23_hb_1520/hb_task_2_ws/install/hb_task2b/share/hb_task2b/package.bash'
[6.000s] INFO:colcon.colcon_core.shell:Creating package script '/home/vaishnavi/eyrc23_hb_1520/hb_task_2_ws/install/hb_task2b/share/hb_task2b/package.zsh'
[6.000s] Level 1:colcon.colcon_core.environment:create_file_with_runtime_dependencies(/home/vaishnavi/eyrc23_hb_1520/hb_task_2_ws/install/hb_task2b/share/colcon-core/packages/hb_task2b)
[6.713s] DEBUG:colcon.colcon_core.event_handler.log_command:Invoking command in '/home/vaishnavi/eyrc23_hb_1520/hb_task_2_ws/src/eYRC-2023_Hologlyph_Bots/hb_task2a': LD_LIBRARY_PATH=/home/vaishnavi/eyrc23_hb_1520/hb_task_2_ws/install/my_robot_interfaces/lib:/usr/lib/x86_64-linux-gnu/gazebo-11/plugins:/opt/ros/humble/opt/rviz_ogre_vendor/lib:/opt/ros/humble/lib/x86_64-linux-gnu:/opt/ros/humble/lib:/usr/share/gazebo-11/../../lib/x86_64-linux-gnu/gazebo-11/plugins PYTHONPATH=/home/vaishnavi/eyrc23_hb_1520/hb_task_2_ws/build/hb_task2a/prefix_override:/home/vaishnavi/eyrc23_hb_1520/hb_task_2_ws/install/hb_task2a/lib/python3.10/site-packages:${PYTHONPATH} /usr/bin/python3 setup.py egg_info --egg-base ../../../build/hb_task2a build --build-base /home/vaishnavi/eyrc23_hb_1520/hb_task_2_ws/build/hb_task2a/build install --record /home/vaishnavi/eyrc23_hb_1520/hb_task_2_ws/build/hb_task2a/install.log --single-version-externally-managed
[7.314s] DEBUG:colcon.colcon_core.event_handler.log_command:Invoked command in '/home/vaishnavi/eyrc23_hb_1520/hb_task_2_ws/src/eYRC-2023_Hologlyph_Bots/hb_task2a' returned '0': LD_LIBRARY_PATH=/home/vaishnavi/eyrc23_hb_1520/hb_task_2_ws/install/my_robot_interfaces/lib:/usr/lib/x86_64-linux-gnu/gazebo-11/plugins:/opt/ros/humble/opt/rviz_ogre_vendor/lib:/opt/ros/humble/lib/x86_64-linux-gnu:/opt/ros/humble/lib:/usr/share/gazebo-11/../../lib/x86_64-linux-gnu/gazebo-11/plugins PYTHONPATH=/home/vaishnavi/eyrc23_hb_1520/hb_task_2_ws/build/hb_task2a/prefix_override:/home/vaishnavi/eyrc23_hb_1520/hb_task_2_ws/install/hb_task2a/lib/python3.10/site-packages:${PYTHONPATH} /usr/bin/python3 setup.py egg_info --egg-base ../../../build/hb_task2a build --build-base /home/vaishnavi/eyrc23_hb_1520/hb_task_2_ws/build/hb_task2a/build install --record /home/vaishnavi/eyrc23_hb_1520/hb_task_2_ws/build/hb_task2a/install.log --single-version-externally-managed
[7.346s] Level 1:colcon.colcon_core.environment:checking '/home/vaishnavi/eyrc23_hb_1520/hb_task_2_ws/install/hb_task2a' for CMake module files
[7.347s] Level 1:colcon.colcon_core.environment:checking '/home/vaishnavi/eyrc23_hb_1520/hb_task_2_ws/install/hb_task2a' for CMake config files
[7.348s] Level 1:colcon.colcon_core.environment:checking '/home/vaishnavi/eyrc23_hb_1520/hb_task_2_ws/install/hb_task2a/lib'
[7.348s] Level 1:colcon.colcon_core.environment:checking '/home/vaishnavi/eyrc23_hb_1520/hb_task_2_ws/install/hb_task2a/bin'
[7.348s] Level 1:colcon.colcon_core.environment:checking '/home/vaishnavi/eyrc23_hb_1520/hb_task_2_ws/install/hb_task2a/lib/pkgconfig/hb_task2a.pc'
[7.349s] Level 1:colcon.colcon_core.environment:checking '/home/vaishnavi/eyrc23_hb_1520/hb_task_2_ws/install/hb_task2a/lib/python3.10/site-packages'
[7.349s] Level 1:colcon.colcon_core.shell:create_environment_hook('hb_task2a', 'pythonpath')
[7.378s] INFO:colcon.colcon_core.shell:Creating environment hook '/home/vaishnavi/eyrc23_hb_1520/hb_task_2_ws/install/hb_task2a/share/hb_task2a/hook/pythonpath.ps1'
[7.380s] INFO:colcon.colcon_core.shell:Creating environment descriptor '/home/vaishnavi/eyrc23_hb_1520/hb_task_2_ws/install/hb_task2a/share/hb_task2a/hook/pythonpath.dsv'
[7.380s] INFO:colcon.colcon_core.shell:Creating environment hook '/home/vaishnavi/eyrc23_hb_1520/hb_task_2_ws/install/hb_task2a/share/hb_task2a/hook/pythonpath.sh'
[7.381s] Level 1:colcon.colcon_core.environment:checking '/home/vaishnavi/eyrc23_hb_1520/hb_task_2_ws/install/hb_task2a/bin'
[7.382s] Level 1:colcon.colcon_core.environment:create_environment_scripts_only(hb_task2a)
[7.415s] INFO:colcon.colcon_core.shell:Creating package script '/home/vaishnavi/eyrc23_hb_1520/hb_task_2_ws/install/hb_task2a/share/hb_task2a/package.ps1'
[7.416s] INFO:colcon.colcon_core.shell:Creating package descriptor '/home/vaishnavi/eyrc23_hb_1520/hb_task_2_ws/install/hb_task2a/share/hb_task2a/package.dsv'
[7.417s] INFO:colcon.colcon_core.shell:Creating package script '/home/vaishnavi/eyrc23_hb_1520/hb_task_2_ws/install/hb_task2a/share/hb_task2a/package.sh'
[7.417s] INFO:colcon.colcon_core.shell:Creating package script '/home/vaishnavi/eyrc23_hb_1520/hb_task_2_ws/install/hb_task2a/share/hb_task2a/package.bash'
[7.418s] INFO:colcon.colcon_core.shell:Creating package script '/home/vaishnavi/eyrc23_hb_1520/hb_task_2_ws/install/hb_task2a/share/hb_task2a/package.zsh'
[7.418s] Level 1:colcon.colcon_core.environment:create_file_with_runtime_dependencies(/home/vaishnavi/eyrc23_hb_1520/hb_task_2_ws/install/hb_task2a/share/colcon-core/packages/hb_task2a)
[7.419s] DEBUG:colcon.colcon_parallel_executor.executor.parallel:closing loop
[7.419s] DEBUG:colcon.colcon_parallel_executor.executor.parallel:loop closed
[7.419s] DEBUG:colcon.colcon_parallel_executor.executor.parallel:run_until_complete finished with '0'
[7.419s] DEBUG:colcon.colcon_core.event_reactor:joining thread
[7.463s] INFO:colcon.colcon_core.plugin_system:Skipping extension 'colcon_notification.desktop_notification.terminal_notifier': Not used on non-Darwin systems
[7.463s] INFO:colcon.colcon_core.plugin_system:Skipping extension 'colcon_notification.desktop_notification.win32': Not used on non-Windows systems
[7.463s] INFO:colcon.colcon_notification.desktop_notification:Sending desktop notification using 'notify2'
[7.488s] DEBUG:colcon.colcon_core.event_reactor:joined thread
[7.525s] INFO:colcon.colcon_core.shell:Creating prefix script '/home/vaishnavi/eyrc23_hb_1520/hb_task_2_ws/install/local_setup.ps1'
[7.527s] INFO:colcon.colcon_core.shell:Creating prefix util module '/home/vaishnavi/eyrc23_hb_1520/hb_task_2_ws/install/_local_setup_util_ps1.py'
[7.530s] INFO:colcon.colcon_core.shell:Creating prefix chain script '/home/vaishnavi/eyrc23_hb_1520/hb_task_2_ws/install/setup.ps1'
[7.564s] INFO:colcon.colcon_core.shell:Creating prefix script '/home/vaishnavi/eyrc23_hb_1520/hb_task_2_ws/install/local_setup.sh'
[7.565s] INFO:colcon.colcon_core.shell:Creating prefix util module '/home/vaishnavi/eyrc23_hb_1520/hb_task_2_ws/install/_local_setup_util_sh.py'
[7.566s] INFO:colcon.colcon_core.shell:Creating prefix chain script '/home/vaishnavi/eyrc23_hb_1520/hb_task_2_ws/install/setup.sh'
[7.598s] INFO:colcon.colcon_core.shell:Creating prefix script '/home/vaishnavi/eyrc23_hb_1520/hb_task_2_ws/install/local_setup.bash'
[7.599s] INFO:colcon.colcon_core.shell:Creating prefix chain script '/home/vaishnavi/eyrc23_hb_1520/hb_task_2_ws/install/setup.bash'
[7.631s] INFO:colcon.colcon_core.shell:Creating prefix script '/home/vaishnavi/eyrc23_hb_1520/hb_task_2_ws/install/local_setup.zsh'
[7.631s] INFO:colcon.colcon_core.shell:Creating prefix chain script '/home/vaishnavi/eyrc23_hb_1520/hb_task_2_ws/install/setup.zsh'
