[0.836s] Invoking command in '/home/vaishnavi/eyrc23_hb_1520/hb_task_2_ws/build/hb_world': CMAKE_PREFIX_PATH=${CMAKE_PREFIX_PATH}:/home/vaishnavi/eyrc23_hb_1520/hb_task_2_ws/install/hb_task2a:/home/vaishnavi/eyrc23_hb_1520/hb_task_2_ws/install/hb_task2b:/opt/ros/humble /usr/bin/cmake /home/vaishnavi/eyrc23_hb_1520/hb_task_2_ws/src/eYRC-2023_Hologlyph_Bots/hb_world -DCMAKE_INSTALL_PREFIX=/home/vaishnavi/eyrc23_hb_1520/hb_task_2_ws/install/hb_world
[0.935s] -- The C compiler identification is GNU 11.4.0
[1.035s] -- The CXX compiler identification is GNU 11.4.0
[1.048s] -- Detecting C compiler ABI info
[1.177s] -- Detecting C compiler ABI info - done
[1.193s] -- Check for working C compiler: /usr/bin/cc - skipped
[1.193s] -- Detecting C compile features
[1.194s] -- Detecting C compile features - done
[1.199s] -- Detecting CXX compiler ABI info
[1.343s] -- Detecting CXX compiler ABI info - done
[1.369s] -- Check for working CXX compiler: /usr/bin/c++ - skipped
[1.370s] -- Detecting CXX compile features
[1.371s] -- Detecting CXX compile features - done
[1.377s] -- Found ament_cmake: 1.3.5 (/opt/ros/humble/share/ament_cmake/cmake)
[1.744s] -- Found Python3: /usr/bin/python3.10 (found version "3.10.12") found components: Interpreter 
[1.924s] -- Found rclcpp: 16.0.6 (/opt/ros/humble/share/rclcpp/cmake)
[2.007s] -- Found rosidl_generator_c: 3.1.5 (/opt/ros/humble/share/rosidl_generator_c/cmake)
[2.017s] -- Found rosidl_adapter: 3.1.5 (/opt/ros/humble/share/rosidl_adapter/cmake)
[2.033s] -- Found rosidl_generator_cpp: 3.1.5 (/opt/ros/humble/share/rosidl_generator_cpp/cmake)
[2.058s] -- Using all available rosidl_typesupport_c: rosidl_typesupport_fastrtps_c;rosidl_typesupport_introspection_c
[2.094s] -- Using all available rosidl_typesupport_cpp: rosidl_typesupport_fastrtps_cpp;rosidl_typesupport_introspection_cpp
[2.232s] -- Found rmw_implementation_cmake: 6.1.1 (/opt/ros/humble/share/rmw_implementation_cmake/cmake)
[2.237s] -- Found rmw_fastrtps_cpp: 6.2.4 (/opt/ros/humble/share/rmw_fastrtps_cpp/cmake)
[2.436s] -- Found OpenSSL: /usr/lib/x86_64-linux-gnu/libcrypto.so (found version "3.0.2")  
[2.499s] -- Found FastRTPS: /opt/ros/humble/include  
[2.609s] -- Using RMW implementation 'rmw_fastrtps_cpp' as default
[2.627s] -- Looking for pthread.h
[2.757s] -- Looking for pthread.h - found
[2.758s] -- Performing Test CMAKE_HAVE_LIBC_PTHREAD
[2.906s] -- Performing Test CMAKE_HAVE_LIBC_PTHREAD - Success
[2.907s] -- Found Threads: TRUE  
[3.233s] -- Found rclpy: 3.3.10 (/opt/ros/humble/share/rclpy/cmake)
[3.236s] -- Found urdf: 2.6.0 (/opt/ros/humble/share/urdf/cmake)
[3.308s] -- Found xacro: 2.0.8 (/opt/ros/humble/share/xacro/cmake)
[3.311s] -- Found ament_lint_auto: 0.12.8 (/opt/ros/humble/share/ament_lint_auto/cmake)
[3.474s] -- Added test 'flake8' to check Python code syntax and style conventions
[3.480s] -- Added test 'lint_cmake' to check CMake code style
[3.480s] -- Added test 'pep257' to check Python code against some of the docstring style conventions in PEP 257
[3.483s] -- Added test 'xmllint' to check XML markup files
[3.486s] -- Configuring done
[3.499s] -- Generating done
[3.505s] -- Build files have been written to: /home/vaishnavi/eyrc23_hb_1520/hb_task_2_ws/build/hb_world
[3.525s] Invoked command in '/home/vaishnavi/eyrc23_hb_1520/hb_task_2_ws/build/hb_world' returned '0': CMAKE_PREFIX_PATH=${CMAKE_PREFIX_PATH}:/home/vaishnavi/eyrc23_hb_1520/hb_task_2_ws/install/hb_task2a:/home/vaishnavi/eyrc23_hb_1520/hb_task_2_ws/install/hb_task2b:/opt/ros/humble /usr/bin/cmake /home/vaishnavi/eyrc23_hb_1520/hb_task_2_ws/src/eYRC-2023_Hologlyph_Bots/hb_world -DCMAKE_INSTALL_PREFIX=/home/vaishnavi/eyrc23_hb_1520/hb_task_2_ws/install/hb_world
[3.528s] Invoking command in '/home/vaishnavi/eyrc23_hb_1520/hb_task_2_ws/build/hb_world': CMAKE_PREFIX_PATH=${CMAKE_PREFIX_PATH}:/home/vaishnavi/eyrc23_hb_1520/hb_task_2_ws/install/hb_task2a:/home/vaishnavi/eyrc23_hb_1520/hb_task_2_ws/install/hb_task2b:/opt/ros/humble /usr/bin/cmake --build /home/vaishnavi/eyrc23_hb_1520/hb_task_2_ws/build/hb_world -- -j8 -l8
[3.608s] Invoked command in '/home/vaishnavi/eyrc23_hb_1520/hb_task_2_ws/build/hb_world' returned '0': CMAKE_PREFIX_PATH=${CMAKE_PREFIX_PATH}:/home/vaishnavi/eyrc23_hb_1520/hb_task_2_ws/install/hb_task2a:/home/vaishnavi/eyrc23_hb_1520/hb_task_2_ws/install/hb_task2b:/opt/ros/humble /usr/bin/cmake --build /home/vaishnavi/eyrc23_hb_1520/hb_task_2_ws/build/hb_world -- -j8 -l8
[3.655s] Invoking command in '/home/vaishnavi/eyrc23_hb_1520/hb_task_2_ws/build/hb_world': CMAKE_PREFIX_PATH=${CMAKE_PREFIX_PATH}:/home/vaishnavi/eyrc23_hb_1520/hb_task_2_ws/install/hb_task2a:/home/vaishnavi/eyrc23_hb_1520/hb_task_2_ws/install/hb_task2b:/opt/ros/humble /usr/bin/cmake --install /home/vaishnavi/eyrc23_hb_1520/hb_task_2_ws/build/hb_world
[3.667s] -- Install configuration: ""
[3.668s] -- Installing: /home/vaishnavi/eyrc23_hb_1520/hb_task_2_ws/install/hb_world/share/hb_world//launch
[3.668s] -- Installing: /home/vaishnavi/eyrc23_hb_1520/hb_task_2_ws/install/hb_world/share/hb_world//launch/world.launch.py
[3.668s] -- Installing: /home/vaishnavi/eyrc23_hb_1520/hb_task_2_ws/install/hb_world/share/hb_world//worlds
[3.668s] -- Installing: /home/vaishnavi/eyrc23_hb_1520/hb_task_2_ws/install/hb_world/share/hb_world//worlds/gazebo.world
[3.669s] -- Installing: /home/vaishnavi/eyrc23_hb_1520/hb_task_2_ws/install/hb_world/share/hb_world//models
[3.669s] -- Installing: /home/vaishnavi/eyrc23_hb_1520/hb_task_2_ws/install/hb_world/share/hb_world//models/arena
[3.669s] -- Installing: /home/vaishnavi/eyrc23_hb_1520/hb_task_2_ws/install/hb_world/share/hb_world//models/arena/model.config
[3.669s] -- Installing: /home/vaishnavi/eyrc23_hb_1520/hb_task_2_ws/install/hb_world/share/hb_world//models/arena/meshes
[3.669s] -- Installing: /home/vaishnavi/eyrc23_hb_1520/hb_task_2_ws/install/hb_world/share/hb_world//models/arena/meshes/arena.dae
[3.670s] -- Installing: /home/vaishnavi/eyrc23_hb_1520/hb_task_2_ws/install/hb_world/share/hb_world//models/arena/meshes/arena.jpg
[3.670s] -- Installing: /home/vaishnavi/eyrc23_hb_1520/hb_task_2_ws/install/hb_world/share/hb_world//models/arena/model.sdf
[3.670s] -- Installing: /home/vaishnavi/eyrc23_hb_1520/hb_task_2_ws/install/hb_world/share/hb_world//models/ground_surface
[3.670s] -- Installing: /home/vaishnavi/eyrc23_hb_1520/hb_task_2_ws/install/hb_world/share/hb_world//models/ground_surface/model.config
[3.670s] -- Installing: /home/vaishnavi/eyrc23_hb_1520/hb_task_2_ws/install/hb_world/share/hb_world//models/ground_surface/meshes
[3.671s] -- Installing: /home/vaishnavi/eyrc23_hb_1520/hb_task_2_ws/install/hb_world/share/hb_world//models/ground_surface/meshes/geoglyph.jpg
[3.671s] -- Installing: /home/vaishnavi/eyrc23_hb_1520/hb_task_2_ws/install/hb_world/share/hb_world//models/ground_surface/meshes/ground_surface.dae
[3.671s] -- Installing: /home/vaishnavi/eyrc23_hb_1520/hb_task_2_ws/install/hb_world/share/hb_world//models/ground_surface/model.sdf
[3.671s] -- Installing: /home/vaishnavi/eyrc23_hb_1520/hb_task_2_ws/install/hb_world/share/hb_world//models/e_camera
[3.671s] -- Installing: /home/vaishnavi/eyrc23_hb_1520/hb_task_2_ws/install/hb_world/share/hb_world//models/e_camera/model.config
[3.672s] -- Installing: /home/vaishnavi/eyrc23_hb_1520/hb_task_2_ws/install/hb_world/share/hb_world//models/e_camera/meshes
[3.672s] -- Installing: /home/vaishnavi/eyrc23_hb_1520/hb_task_2_ws/install/hb_world/share/hb_world//models/e_camera/meshes/17eyantra_logo_large e.png
[3.672s] -- Installing: /home/vaishnavi/eyrc23_hb_1520/hb_task_2_ws/install/hb_world/share/hb_world//models/e_camera/meshes/camera.dae
[3.672s] -- Installing: /home/vaishnavi/eyrc23_hb_1520/hb_task_2_ws/install/hb_world/share/hb_world//models/e_camera/model.sdf
[3.672s] -- Installing: /home/vaishnavi/eyrc23_hb_1520/hb_task_2_ws/install/hb_world/share/ament_index/resource_index/package_run_dependencies/hb_world
[3.673s] -- Installing: /home/vaishnavi/eyrc23_hb_1520/hb_task_2_ws/install/hb_world/share/ament_index/resource_index/parent_prefix_path/hb_world
[3.673s] -- Installing: /home/vaishnavi/eyrc23_hb_1520/hb_task_2_ws/install/hb_world/share/hb_world/environment/ament_prefix_path.sh
[3.673s] -- Installing: /home/vaishnavi/eyrc23_hb_1520/hb_task_2_ws/install/hb_world/share/hb_world/environment/ament_prefix_path.dsv
[3.673s] -- Installing: /home/vaishnavi/eyrc23_hb_1520/hb_task_2_ws/install/hb_world/share/hb_world/environment/path.sh
[3.674s] -- Installing: /home/vaishnavi/eyrc23_hb_1520/hb_task_2_ws/install/hb_world/share/hb_world/environment/path.dsv
[3.674s] -- Installing: /home/vaishnavi/eyrc23_hb_1520/hb_task_2_ws/install/hb_world/share/hb_world/local_setup.bash
[3.674s] -- Installing: /home/vaishnavi/eyrc23_hb_1520/hb_task_2_ws/install/hb_world/share/hb_world/local_setup.sh
[3.674s] -- Installing: /home/vaishnavi/eyrc23_hb_1520/hb_task_2_ws/install/hb_world/share/hb_world/local_setup.zsh
[3.674s] -- Installing: /home/vaishnavi/eyrc23_hb_1520/hb_task_2_ws/install/hb_world/share/hb_world/local_setup.dsv
[3.674s] -- Installing: /home/vaishnavi/eyrc23_hb_1520/hb_task_2_ws/install/hb_world/share/hb_world/package.dsv
[3.675s] -- Installing: /home/vaishnavi/eyrc23_hb_1520/hb_task_2_ws/install/hb_world/share/ament_index/resource_index/packages/hb_world
[3.675s] -- Installing: /home/vaishnavi/eyrc23_hb_1520/hb_task_2_ws/install/hb_world/share/hb_world/cmake/hb_worldConfig.cmake
[3.675s] -- Installing: /home/vaishnavi/eyrc23_hb_1520/hb_task_2_ws/install/hb_world/share/hb_world/cmake/hb_worldConfig-version.cmake
[3.675s] -- Installing: /home/vaishnavi/eyrc23_hb_1520/hb_task_2_ws/install/hb_world/share/hb_world/package.xml
[3.677s] Invoked command in '/home/vaishnavi/eyrc23_hb_1520/hb_task_2_ws/build/hb_world' returned '0': CMAKE_PREFIX_PATH=${CMAKE_PREFIX_PATH}:/home/vaishnavi/eyrc23_hb_1520/hb_task_2_ws/install/hb_task2a:/home/vaishnavi/eyrc23_hb_1520/hb_task_2_ws/install/hb_task2b:/opt/ros/humble /usr/bin/cmake --install /home/vaishnavi/eyrc23_hb_1520/hb_task_2_ws/build/hb_world
