[0.935s] DEBUG:colcon:Command line arguments: ['/usr/bin/colcon', 'build', '--allow-overriding', 'turtlesim']
[0.935s] DEBUG:colcon:Parsed command line arguments: Namespace(log_base=None, log_level=None, verb_name='build', build_base='build', install_base='install', merge_install=False, symlink_install=False, test_result_base=None, continue_on_error=False, executor='parallel', parallel_workers=20, event_handlers=None, ignore_user_meta=False, metas=['./colcon.meta'], base_paths=['.'], packages_ignore=None, packages_ignore_regex=None, paths=None, packages_up_to=None, packages_up_to_regex=None, packages_above=None, packages_above_and_dependencies=None, packages_above_depth=None, packages_select_by_dep=None, packages_skip_by_dep=None, packages_skip_up_to=None, packages_select_build_failed=False, packages_skip_build_finished=False, packages_select_test_failures=False, packages_skip_test_passed=False, packages_select=None, packages_skip=None, packages_select_regex=None, packages_skip_regex=None, packages_start=None, packages_end=None, allow_overriding=['turtlesim'], cmake_args=None, cmake_target=None, cmake_target_skip_unavailable=False, cmake_clean_cache=False, cmake_clean_first=False, cmake_force_configure=False, ament_cmake_args=None, catkin_cmake_args=None, catkin_skip_building_tests=False, verb_parser=<colcon_defaults.argument_parser.defaults.DefaultArgumentsDecorator object at 0x7fa3ed49b700>, verb_extension=<colcon_core.verb.build.BuildVerb object at 0x7fa3ed49b160>, main=<bound method BuildVerb.main of <colcon_core.verb.build.BuildVerb object at 0x7fa3ed49b160>>)
[0.980s] Level 1:colcon.colcon_core.package_discovery:discover_packages(colcon_meta) check parameters
[0.980s] Level 1:colcon.colcon_core.package_discovery:discover_packages(recursive) check parameters
[0.980s] Level 1:colcon.colcon_core.package_discovery:discover_packages(ignore) check parameters
[0.980s] Level 1:colcon.colcon_core.package_discovery:discover_packages(path) check parameters
[0.980s] Level 1:colcon.colcon_core.package_discovery:discover_packages(colcon_meta) discover
[0.980s] Level 1:colcon.colcon_core.package_discovery:discover_packages(recursive) discover
[0.980s] INFO:colcon.colcon_core.package_discovery:Crawling recursively for packages in '/home/g10/eyrc_hb/hb_task1a_ws'
[0.980s] Level 1:colcon.colcon_core.package_identification:_identify(.) by extensions ['ignore', 'ignore_ament_install']
[0.980s] Level 1:colcon.colcon_core.package_identification:_identify(.) by extension 'ignore'
[0.980s] Level 1:colcon.colcon_core.package_identification:_identify(.) by extension 'ignore_ament_install'
[0.980s] Level 1:colcon.colcon_core.package_identification:_identify(.) by extensions ['colcon_pkg']
[0.980s] Level 1:colcon.colcon_core.package_identification:_identify(.) by extension 'colcon_pkg'
[0.980s] Level 1:colcon.colcon_core.package_identification:_identify(.) by extensions ['colcon_meta']
[0.980s] Level 1:colcon.colcon_core.package_identification:_identify(.) by extension 'colcon_meta'
[0.980s] Level 1:colcon.colcon_core.package_identification:_identify(.) by extensions ['ros']
[0.980s] Level 1:colcon.colcon_core.package_identification:_identify(.) by extension 'ros'
[0.998s] Level 1:colcon.colcon_core.package_identification:_identify(.) by extensions ['cmake', 'python']
[0.998s] Level 1:colcon.colcon_core.package_identification:_identify(.) by extension 'cmake'
[0.998s] Level 1:colcon.colcon_core.package_identification:_identify(.) by extension 'python'
[0.998s] Level 1:colcon.colcon_core.package_identification:_identify(.) by extensions ['python_setup_py']
[0.998s] Level 1:colcon.colcon_core.package_identification:_identify(.) by extension 'python_setup_py'
[0.999s] Level 1:colcon.colcon_core.package_identification:_identify(build) by extensions ['ignore', 'ignore_ament_install']
[0.999s] Level 1:colcon.colcon_core.package_identification:_identify(build) by extension 'ignore'
[0.999s] Level 1:colcon.colcon_core.package_identification:_identify(build) ignored
[0.999s] Level 1:colcon.colcon_core.package_identification:_identify(install) by extensions ['ignore', 'ignore_ament_install']
[0.999s] Level 1:colcon.colcon_core.package_identification:_identify(install) by extension 'ignore'
[0.999s] Level 1:colcon.colcon_core.package_identification:_identify(install) ignored
[0.999s] Level 1:colcon.colcon_core.package_identification:_identify(log) by extensions ['ignore', 'ignore_ament_install']
[0.999s] Level 1:colcon.colcon_core.package_identification:_identify(log) by extension 'ignore'
[0.999s] Level 1:colcon.colcon_core.package_identification:_identify(log) ignored
[0.999s] Level 1:colcon.colcon_core.package_identification:_identify(src) by extensions ['ignore', 'ignore_ament_install']
[0.999s] Level 1:colcon.colcon_core.package_identification:_identify(src) by extension 'ignore'
[0.999s] Level 1:colcon.colcon_core.package_identification:_identify(src) by extension 'ignore_ament_install'
[0.999s] Level 1:colcon.colcon_core.package_identification:_identify(src) by extensions ['colcon_pkg']
[0.999s] Level 1:colcon.colcon_core.package_identification:_identify(src) by extension 'colcon_pkg'
[0.999s] Level 1:colcon.colcon_core.package_identification:_identify(src) by extensions ['colcon_meta']
[0.999s] Level 1:colcon.colcon_core.package_identification:_identify(src) by extension 'colcon_meta'
[0.999s] Level 1:colcon.colcon_core.package_identification:_identify(src) by extensions ['ros']
[1.000s] Level 1:colcon.colcon_core.package_identification:_identify(src) by extension 'ros'
[1.000s] Level 1:colcon.colcon_core.package_identification:_identify(src) by extensions ['cmake', 'python']
[1.000s] Level 1:colcon.colcon_core.package_identification:_identify(src) by extension 'cmake'
[1.000s] Level 1:colcon.colcon_core.package_identification:_identify(src) by extension 'python'
[1.000s] Level 1:colcon.colcon_core.package_identification:_identify(src) by extensions ['python_setup_py']
[1.000s] Level 1:colcon.colcon_core.package_identification:_identify(src) by extension 'python_setup_py'
[1.000s] Level 1:colcon.colcon_core.package_identification:_identify(src/hb_task_1a) by extensions ['ignore', 'ignore_ament_install']
[1.000s] Level 1:colcon.colcon_core.package_identification:_identify(src/hb_task_1a) by extension 'ignore'
[1.000s] Level 1:colcon.colcon_core.package_identification:_identify(src/hb_task_1a) by extension 'ignore_ament_install'
[1.000s] Level 1:colcon.colcon_core.package_identification:_identify(src/hb_task_1a) by extensions ['colcon_pkg']
[1.000s] Level 1:colcon.colcon_core.package_identification:_identify(src/hb_task_1a) by extension 'colcon_pkg'
[1.000s] Level 1:colcon.colcon_core.package_identification:_identify(src/hb_task_1a) by extensions ['colcon_meta']
[1.000s] Level 1:colcon.colcon_core.package_identification:_identify(src/hb_task_1a) by extension 'colcon_meta'
[1.000s] Level 1:colcon.colcon_core.package_identification:_identify(src/hb_task_1a) by extensions ['ros']
[1.000s] Level 1:colcon.colcon_core.package_identification:_identify(src/hb_task_1a) by extension 'ros'
[1.003s] DEBUG:colcon.colcon_core.package_identification:Package 'src/hb_task_1a' with type 'ros.ament_python' and name 'hb_task_1a'
[1.004s] Level 1:colcon.colcon_core.package_identification:_identify(src/ros_tutorials) by extensions ['ignore', 'ignore_ament_install']
[1.004s] Level 1:colcon.colcon_core.package_identification:_identify(src/ros_tutorials) by extension 'ignore'
[1.004s] Level 1:colcon.colcon_core.package_identification:_identify(src/ros_tutorials) by extension 'ignore_ament_install'
[1.004s] Level 1:colcon.colcon_core.package_identification:_identify(src/ros_tutorials) by extensions ['colcon_pkg']
[1.004s] Level 1:colcon.colcon_core.package_identification:_identify(src/ros_tutorials) by extension 'colcon_pkg'
[1.004s] Level 1:colcon.colcon_core.package_identification:_identify(src/ros_tutorials) by extensions ['colcon_meta']
[1.004s] Level 1:colcon.colcon_core.package_identification:_identify(src/ros_tutorials) by extension 'colcon_meta'
[1.004s] Level 1:colcon.colcon_core.package_identification:_identify(src/ros_tutorials) by extensions ['ros']
[1.004s] Level 1:colcon.colcon_core.package_identification:_identify(src/ros_tutorials) by extension 'ros'
[1.004s] Level 1:colcon.colcon_core.package_identification:_identify(src/ros_tutorials) by extensions ['cmake', 'python']
[1.004s] Level 1:colcon.colcon_core.package_identification:_identify(src/ros_tutorials) by extension 'cmake'
[1.004s] Level 1:colcon.colcon_core.package_identification:_identify(src/ros_tutorials) by extension 'python'
[1.004s] Level 1:colcon.colcon_core.package_identification:_identify(src/ros_tutorials) by extensions ['python_setup_py']
[1.004s] Level 1:colcon.colcon_core.package_identification:_identify(src/ros_tutorials) by extension 'python_setup_py'
[1.004s] Level 1:colcon.colcon_core.package_identification:_identify(src/ros_tutorials/ros_tutorials) by extensions ['ignore', 'ignore_ament_install']
[1.004s] Level 1:colcon.colcon_core.package_identification:_identify(src/ros_tutorials/ros_tutorials) by extension 'ignore'
[1.004s] Level 1:colcon.colcon_core.package_identification:_identify(src/ros_tutorials/ros_tutorials) ignored
[1.004s] Level 1:colcon.colcon_core.package_identification:_identify(src/ros_tutorials/turtlesim) by extensions ['ignore', 'ignore_ament_install']
[1.005s] Level 1:colcon.colcon_core.package_identification:_identify(src/ros_tutorials/turtlesim) by extension 'ignore'
[1.005s] Level 1:colcon.colcon_core.package_identification:_identify(src/ros_tutorials/turtlesim) by extension 'ignore_ament_install'
[1.005s] Level 1:colcon.colcon_core.package_identification:_identify(src/ros_tutorials/turtlesim) by extensions ['colcon_pkg']
[1.005s] Level 1:colcon.colcon_core.package_identification:_identify(src/ros_tutorials/turtlesim) by extension 'colcon_pkg'
[1.005s] Level 1:colcon.colcon_core.package_identification:_identify(src/ros_tutorials/turtlesim) by extensions ['colcon_meta']
[1.005s] Level 1:colcon.colcon_core.package_identification:_identify(src/ros_tutorials/turtlesim) by extension 'colcon_meta'
[1.005s] Level 1:colcon.colcon_core.package_identification:_identify(src/ros_tutorials/turtlesim) by extensions ['ros']
[1.005s] Level 1:colcon.colcon_core.package_identification:_identify(src/ros_tutorials/turtlesim) by extension 'ros'
[1.006s] DEBUG:colcon.colcon_core.package_identification:Package 'src/ros_tutorials/turtlesim' with type 'ros.ament_cmake' and name 'turtlesim'
[1.006s] Level 1:colcon.colcon_core.package_discovery:discover_packages(recursive) using defaults
[1.006s] Level 1:colcon.colcon_core.package_discovery:discover_packages(ignore) discover
[1.006s] Level 1:colcon.colcon_core.package_discovery:discover_packages(ignore) using defaults
[1.006s] Level 1:colcon.colcon_core.package_discovery:discover_packages(path) discover
[1.006s] Level 1:colcon.colcon_core.package_discovery:discover_packages(path) using defaults
[1.091s] Level 1:colcon.colcon_core.package_discovery:discover_packages(prefix_path) check parameters
[1.091s] Level 1:colcon.colcon_core.package_discovery:discover_packages(prefix_path) discover
[1.119s] DEBUG:colcon.colcon_installed_package_information.package_discovery:Found 2 installed packages in /home/g10/eyrc_hb/hb_task1a_ws/install
[1.133s] DEBUG:colcon.colcon_installed_package_information.package_discovery:Found 293 installed packages in /opt/ros/humble
[1.134s] Level 1:colcon.colcon_core.package_discovery:discover_packages(prefix_path) using defaults
[1.225s] Level 5:colcon.colcon_core.verb:set package 'hb_task_1a' build argument 'cmake_args' from command line to 'None'
[1.226s] Level 5:colcon.colcon_core.verb:set package 'hb_task_1a' build argument 'cmake_target' from command line to 'None'
[1.226s] Level 5:colcon.colcon_core.verb:set package 'hb_task_1a' build argument 'cmake_target_skip_unavailable' from command line to 'False'
[1.226s] Level 5:colcon.colcon_core.verb:set package 'hb_task_1a' build argument 'cmake_clean_cache' from command line to 'False'
[1.226s] Level 5:colcon.colcon_core.verb:set package 'hb_task_1a' build argument 'cmake_clean_first' from command line to 'False'
[1.226s] Level 5:colcon.colcon_core.verb:set package 'hb_task_1a' build argument 'cmake_force_configure' from command line to 'False'
[1.226s] Level 5:colcon.colcon_core.verb:set package 'hb_task_1a' build argument 'ament_cmake_args' from command line to 'None'
[1.226s] Level 5:colcon.colcon_core.verb:set package 'hb_task_1a' build argument 'catkin_cmake_args' from command line to 'None'
[1.226s] Level 5:colcon.colcon_core.verb:set package 'hb_task_1a' build argument 'catkin_skip_building_tests' from command line to 'False'
[1.226s] DEBUG:colcon.colcon_core.verb:Building package 'hb_task_1a' with the following arguments: {'ament_cmake_args': None, 'build_base': '/home/g10/eyrc_hb/hb_task1a_ws/build/hb_task_1a', 'catkin_cmake_args': None, 'catkin_skip_building_tests': False, 'cmake_args': None, 'cmake_clean_cache': False, 'cmake_clean_first': False, 'cmake_force_configure': False, 'cmake_target': None, 'cmake_target_skip_unavailable': False, 'install_base': '/home/g10/eyrc_hb/hb_task1a_ws/install/hb_task_1a', 'merge_install': False, 'path': '/home/g10/eyrc_hb/hb_task1a_ws/src/hb_task_1a', 'symlink_install': False, 'test_result_base': None}
[1.239s] Level 5:colcon.colcon_core.verb:set package 'turtlesim' build argument 'cmake_args' from command line to 'None'
[1.239s] Level 5:colcon.colcon_core.verb:set package 'turtlesim' build argument 'cmake_target' from command line to 'None'
[1.239s] Level 5:colcon.colcon_core.verb:set package 'turtlesim' build argument 'cmake_target_skip_unavailable' from command line to 'False'
[1.239s] Level 5:colcon.colcon_core.verb:set package 'turtlesim' build argument 'cmake_clean_cache' from command line to 'False'
[1.239s] Level 5:colcon.colcon_core.verb:set package 'turtlesim' build argument 'cmake_clean_first' from command line to 'False'
[1.239s] Level 5:colcon.colcon_core.verb:set package 'turtlesim' build argument 'cmake_force_configure' from command line to 'False'
[1.239s] Level 5:colcon.colcon_core.verb:set package 'turtlesim' build argument 'ament_cmake_args' from command line to 'None'
[1.239s] Level 5:colcon.colcon_core.verb:set package 'turtlesim' build argument 'catkin_cmake_args' from command line to 'None'
[1.239s] Level 5:colcon.colcon_core.verb:set package 'turtlesim' build argument 'catkin_skip_building_tests' from command line to 'False'
[1.239s] DEBUG:colcon.colcon_core.verb:Building package 'turtlesim' with the following arguments: {'ament_cmake_args': None, 'build_base': '/home/g10/eyrc_hb/hb_task1a_ws/build/turtlesim', 'catkin_cmake_args': None, 'catkin_skip_building_tests': False, 'cmake_args': None, 'cmake_clean_cache': False, 'cmake_clean_first': False, 'cmake_force_configure': False, 'cmake_target': None, 'cmake_target_skip_unavailable': False, 'install_base': '/home/g10/eyrc_hb/hb_task1a_ws/install/turtlesim', 'merge_install': False, 'path': '/home/g10/eyrc_hb/hb_task1a_ws/src/ros_tutorials/turtlesim', 'symlink_install': False, 'test_result_base': None}
[1.252s] INFO:colcon.colcon_core.executor:Executing jobs using 'parallel' executor
[1.266s] DEBUG:colcon.colcon_parallel_executor.executor.parallel:run_until_complete
[1.266s] INFO:colcon.colcon_ros.task.ament_python.build:Building ROS package in '/home/g10/eyrc_hb/hb_task1a_ws/src/hb_task_1a' with build type 'ament_python'
[1.266s] Level 1:colcon.colcon_core.shell:create_environment_hook('hb_task_1a', 'ament_prefix_path')
[1.281s] INFO:colcon.colcon_core.plugin_system:Skipping extension 'colcon_core.shell.bat': Not used on non-Windows systems
[1.281s] INFO:colcon.colcon_core.shell:Creating environment hook '/home/g10/eyrc_hb/hb_task1a_ws/install/hb_task_1a/share/hb_task_1a/hook/ament_prefix_path.ps1'
[1.282s] INFO:colcon.colcon_core.shell:Creating environment descriptor '/home/g10/eyrc_hb/hb_task1a_ws/install/hb_task_1a/share/hb_task_1a/hook/ament_prefix_path.dsv'
[1.282s] INFO:colcon.colcon_core.shell:Creating environment hook '/home/g10/eyrc_hb/hb_task1a_ws/install/hb_task_1a/share/hb_task_1a/hook/ament_prefix_path.sh'
[1.296s] INFO:colcon.colcon_core.shell:Skip shell extension 'powershell' for command environment: Not usable outside of PowerShell
[1.296s] DEBUG:colcon.colcon_core.shell:Skip shell extension 'dsv' for command environment
[1.337s] INFO:colcon.colcon_ros.task.ament_cmake.build:Building ROS package in '/home/g10/eyrc_hb/hb_task1a_ws/src/ros_tutorials/turtlesim' with build type 'ament_cmake'
[1.337s] INFO:colcon.colcon_cmake.task.cmake.build:Building CMake package in '/home/g10/eyrc_hb/hb_task1a_ws/src/ros_tutorials/turtlesim'
[1.351s] INFO:colcon.colcon_core.shell:Skip shell extension 'powershell' for command environment: Not usable outside of PowerShell
[1.351s] DEBUG:colcon.colcon_core.shell:Skip shell extension 'dsv' for command environment
[1.679s] INFO:colcon.colcon_core.task.python.build:Building Python package in '/home/g10/eyrc_hb/hb_task1a_ws/src/hb_task_1a'
[1.692s] INFO:colcon.colcon_core.shell:Skip shell extension 'powershell' for command environment: Not usable outside of PowerShell
[1.692s] DEBUG:colcon.colcon_core.shell:Skip shell extension 'dsv' for command environment
[1.739s] DEBUG:colcon.colcon_core.event_handler.log_command:Invoking command in '/home/g10/eyrc_hb/hb_task1a_ws/build/turtlesim': CMAKE_PREFIX_PATH=${CMAKE_PREFIX_PATH}:/home/g10/eyrc_hb/hb_task1a_ws/install/hb_task_1a:/opt/ros/humble /usr/bin/cmake --build /home/g10/eyrc_hb/hb_task1a_ws/build/turtlesim -- -j20 -l20
[2.096s] DEBUG:colcon.colcon_core.event_handler.log_command:Invoking command in '/home/g10/eyrc_hb/hb_task1a_ws/src/hb_task_1a': PYTHONPATH=/home/g10/eyrc_hb/hb_task1a_ws/build/hb_task_1a/prefix_override:/home/g10/eyrc_hb/hb_task1a_ws/install/hb_task_1a/lib/python3.10/site-packages:${PYTHONPATH} /usr/bin/python3 setup.py egg_info --egg-base ../../build/hb_task_1a build --build-base /home/g10/eyrc_hb/hb_task1a_ws/build/hb_task_1a/build install --record /home/g10/eyrc_hb/hb_task1a_ws/build/hb_task_1a/install.log --single-version-externally-managed
[2.118s] DEBUG:colcon.colcon_core.event_handler.log_command:Invoked command in '/home/g10/eyrc_hb/hb_task1a_ws/build/turtlesim' returned '0': CMAKE_PREFIX_PATH=${CMAKE_PREFIX_PATH}:/home/g10/eyrc_hb/hb_task1a_ws/install/hb_task_1a:/opt/ros/humble /usr/bin/cmake --build /home/g10/eyrc_hb/hb_task1a_ws/build/turtlesim -- -j20 -l20
[2.348s] DEBUG:colcon.colcon_core.event_handler.log_command:Invoking command in '/home/g10/eyrc_hb/hb_task1a_ws/build/turtlesim': CMAKE_PREFIX_PATH=${CMAKE_PREFIX_PATH}:/home/g10/eyrc_hb/hb_task1a_ws/install/hb_task_1a:/opt/ros/humble /usr/bin/cmake --install /home/g10/eyrc_hb/hb_task1a_ws/build/turtlesim
[2.409s] Level 1:colcon.colcon_core.environment:create_environment_scripts_only(turtlesim)
[2.409s] DEBUG:colcon.colcon_core.event_handler.log_command:Invoked command in '/home/g10/eyrc_hb/hb_task1a_ws/build/turtlesim' returned '0': CMAKE_PREFIX_PATH=${CMAKE_PREFIX_PATH}:/home/g10/eyrc_hb/hb_task1a_ws/install/hb_task_1a:/opt/ros/humble /usr/bin/cmake --install /home/g10/eyrc_hb/hb_task1a_ws/build/turtlesim
[2.425s] Level 1:colcon.colcon_core.environment:checking '/home/g10/eyrc_hb/hb_task1a_ws/install/turtlesim' for CMake module files
[2.426s] Level 1:colcon.colcon_core.environment:checking '/home/g10/eyrc_hb/hb_task1a_ws/install/turtlesim' for CMake config files
[2.426s] Level 1:colcon.colcon_core.shell:create_environment_hook('turtlesim', 'cmake_prefix_path')
[2.440s] INFO:colcon.colcon_core.shell:Creating environment hook '/home/g10/eyrc_hb/hb_task1a_ws/install/turtlesim/share/turtlesim/hook/cmake_prefix_path.ps1'
[2.440s] INFO:colcon.colcon_core.shell:Creating environment descriptor '/home/g10/eyrc_hb/hb_task1a_ws/install/turtlesim/share/turtlesim/hook/cmake_prefix_path.dsv'
[2.440s] INFO:colcon.colcon_core.shell:Creating environment hook '/home/g10/eyrc_hb/hb_task1a_ws/install/turtlesim/share/turtlesim/hook/cmake_prefix_path.sh'
[2.441s] Level 1:colcon.colcon_core.environment:checking '/home/g10/eyrc_hb/hb_task1a_ws/install/turtlesim/lib'
[2.441s] Level 1:colcon.colcon_core.shell:create_environment_hook('turtlesim', 'ld_library_path_lib')
[2.454s] INFO:colcon.colcon_core.shell:Creating environment hook '/home/g10/eyrc_hb/hb_task1a_ws/install/turtlesim/share/turtlesim/hook/ld_library_path_lib.ps1'
[2.455s] INFO:colcon.colcon_core.shell:Creating environment descriptor '/home/g10/eyrc_hb/hb_task1a_ws/install/turtlesim/share/turtlesim/hook/ld_library_path_lib.dsv'
[2.455s] INFO:colcon.colcon_core.shell:Creating environment hook '/home/g10/eyrc_hb/hb_task1a_ws/install/turtlesim/share/turtlesim/hook/ld_library_path_lib.sh'
[2.455s] Level 1:colcon.colcon_core.environment:checking '/home/g10/eyrc_hb/hb_task1a_ws/install/turtlesim/bin'
[2.455s] Level 1:colcon.colcon_core.environment:checking '/home/g10/eyrc_hb/hb_task1a_ws/install/turtlesim/lib/pkgconfig/turtlesim.pc'
[2.456s] Level 1:colcon.colcon_core.environment:checking '/home/g10/eyrc_hb/hb_task1a_ws/install/turtlesim/lib/python3.10/site-packages'
[2.456s] Level 1:colcon.colcon_core.environment:checking '/home/g10/eyrc_hb/hb_task1a_ws/install/turtlesim/bin'
[2.469s] INFO:colcon.colcon_core.shell:Creating package script '/home/g10/eyrc_hb/hb_task1a_ws/install/turtlesim/share/turtlesim/package.ps1'
[2.470s] INFO:colcon.colcon_core.shell:Creating package descriptor '/home/g10/eyrc_hb/hb_task1a_ws/install/turtlesim/share/turtlesim/package.dsv'
[2.471s] INFO:colcon.colcon_core.shell:Creating package script '/home/g10/eyrc_hb/hb_task1a_ws/install/turtlesim/share/turtlesim/package.sh'
[2.471s] INFO:colcon.colcon_core.shell:Creating package script '/home/g10/eyrc_hb/hb_task1a_ws/install/turtlesim/share/turtlesim/package.bash'
[2.472s] INFO:colcon.colcon_core.shell:Creating package script '/home/g10/eyrc_hb/hb_task1a_ws/install/turtlesim/share/turtlesim/package.zsh'
[2.472s] Level 1:colcon.colcon_core.environment:create_file_with_runtime_dependencies(/home/g10/eyrc_hb/hb_task1a_ws/install/turtlesim/share/colcon-core/packages/turtlesim)
[2.476s] DEBUG:colcon.colcon_core.event_handler.log_command:Invoked command in '/home/g10/eyrc_hb/hb_task1a_ws/src/hb_task_1a' returned '0': PYTHONPATH=/home/g10/eyrc_hb/hb_task1a_ws/build/hb_task_1a/prefix_override:/home/g10/eyrc_hb/hb_task1a_ws/install/hb_task_1a/lib/python3.10/site-packages:${PYTHONPATH} /usr/bin/python3 setup.py egg_info --egg-base ../../build/hb_task_1a build --build-base /home/g10/eyrc_hb/hb_task1a_ws/build/hb_task_1a/build install --record /home/g10/eyrc_hb/hb_task1a_ws/build/hb_task_1a/install.log --single-version-externally-managed
[2.489s] Level 1:colcon.colcon_core.environment:checking '/home/g10/eyrc_hb/hb_task1a_ws/install/hb_task_1a' for CMake module files
[2.489s] Level 1:colcon.colcon_core.environment:checking '/home/g10/eyrc_hb/hb_task1a_ws/install/hb_task_1a' for CMake config files
[2.490s] Level 1:colcon.colcon_core.environment:checking '/home/g10/eyrc_hb/hb_task1a_ws/install/hb_task_1a/lib'
[2.490s] Level 1:colcon.colcon_core.environment:checking '/home/g10/eyrc_hb/hb_task1a_ws/install/hb_task_1a/bin'
[2.490s] Level 1:colcon.colcon_core.environment:checking '/home/g10/eyrc_hb/hb_task1a_ws/install/hb_task_1a/lib/pkgconfig/hb_task_1a.pc'
[2.490s] Level 1:colcon.colcon_core.environment:checking '/home/g10/eyrc_hb/hb_task1a_ws/install/hb_task_1a/lib/python3.10/site-packages'
[2.490s] Level 1:colcon.colcon_core.shell:create_environment_hook('hb_task_1a', 'pythonpath')
[2.505s] INFO:colcon.colcon_core.shell:Creating environment hook '/home/g10/eyrc_hb/hb_task1a_ws/install/hb_task_1a/share/hb_task_1a/hook/pythonpath.ps1'
[2.506s] INFO:colcon.colcon_core.shell:Creating environment descriptor '/home/g10/eyrc_hb/hb_task1a_ws/install/hb_task_1a/share/hb_task_1a/hook/pythonpath.dsv'
[2.506s] INFO:colcon.colcon_core.shell:Creating environment hook '/home/g10/eyrc_hb/hb_task1a_ws/install/hb_task_1a/share/hb_task_1a/hook/pythonpath.sh'
[2.507s] Level 1:colcon.colcon_core.environment:checking '/home/g10/eyrc_hb/hb_task1a_ws/install/hb_task_1a/bin'
[2.507s] Level 1:colcon.colcon_core.environment:create_environment_scripts_only(hb_task_1a)
[2.520s] INFO:colcon.colcon_core.shell:Creating package script '/home/g10/eyrc_hb/hb_task1a_ws/install/hb_task_1a/share/hb_task_1a/package.ps1'
[2.521s] INFO:colcon.colcon_core.shell:Creating package descriptor '/home/g10/eyrc_hb/hb_task1a_ws/install/hb_task_1a/share/hb_task_1a/package.dsv'
[2.521s] INFO:colcon.colcon_core.shell:Creating package script '/home/g10/eyrc_hb/hb_task1a_ws/install/hb_task_1a/share/hb_task_1a/package.sh'
[2.521s] INFO:colcon.colcon_core.shell:Creating package script '/home/g10/eyrc_hb/hb_task1a_ws/install/hb_task_1a/share/hb_task_1a/package.bash'
[2.522s] INFO:colcon.colcon_core.shell:Creating package script '/home/g10/eyrc_hb/hb_task1a_ws/install/hb_task_1a/share/hb_task_1a/package.zsh'
[2.522s] Level 1:colcon.colcon_core.environment:create_file_with_runtime_dependencies(/home/g10/eyrc_hb/hb_task1a_ws/install/hb_task_1a/share/colcon-core/packages/hb_task_1a)
[2.737s] Level 1:colcon.colcon_core.environment:create_environment_scripts_only(turtlesim)
[2.752s] Level 1:colcon.colcon_core.environment:checking '/home/g10/eyrc_hb/hb_task1a_ws/install/turtlesim' for CMake module files
[2.753s] Level 1:colcon.colcon_core.environment:checking '/home/g10/eyrc_hb/hb_task1a_ws/install/turtlesim' for CMake config files
[2.753s] Level 1:colcon.colcon_core.shell:create_environment_hook('turtlesim', 'cmake_prefix_path')
[2.768s] INFO:colcon.colcon_core.shell:Creating environment hook '/home/g10/eyrc_hb/hb_task1a_ws/install/turtlesim/share/turtlesim/hook/cmake_prefix_path.ps1'
[2.769s] INFO:colcon.colcon_core.shell:Creating environment descriptor '/home/g10/eyrc_hb/hb_task1a_ws/install/turtlesim/share/turtlesim/hook/cmake_prefix_path.dsv'
[2.769s] INFO:colcon.colcon_core.shell:Creating environment hook '/home/g10/eyrc_hb/hb_task1a_ws/install/turtlesim/share/turtlesim/hook/cmake_prefix_path.sh'
[2.769s] Level 1:colcon.colcon_core.environment:checking '/home/g10/eyrc_hb/hb_task1a_ws/install/turtlesim/lib'
[2.769s] Level 1:colcon.colcon_core.shell:create_environment_hook('turtlesim', 'ld_library_path_lib')
[2.783s] INFO:colcon.colcon_core.shell:Creating environment hook '/home/g10/eyrc_hb/hb_task1a_ws/install/turtlesim/share/turtlesim/hook/ld_library_path_lib.ps1'
[2.784s] INFO:colcon.colcon_core.shell:Creating environment descriptor '/home/g10/eyrc_hb/hb_task1a_ws/install/turtlesim/share/turtlesim/hook/ld_library_path_lib.dsv'
[2.784s] INFO:colcon.colcon_core.shell:Creating environment hook '/home/g10/eyrc_hb/hb_task1a_ws/install/turtlesim/share/turtlesim/hook/ld_library_path_lib.sh'
[2.784s] Level 1:colcon.colcon_core.environment:checking '/home/g10/eyrc_hb/hb_task1a_ws/install/turtlesim/bin'
[2.784s] Level 1:colcon.colcon_core.environment:checking '/home/g10/eyrc_hb/hb_task1a_ws/install/turtlesim/lib/pkgconfig/turtlesim.pc'
[2.785s] Level 1:colcon.colcon_core.environment:checking '/home/g10/eyrc_hb/hb_task1a_ws/install/turtlesim/lib/python3.10/site-packages'
[2.785s] Level 1:colcon.colcon_core.environment:checking '/home/g10/eyrc_hb/hb_task1a_ws/install/turtlesim/bin'
[2.798s] INFO:colcon.colcon_core.shell:Creating package script '/home/g10/eyrc_hb/hb_task1a_ws/install/turtlesim/share/turtlesim/package.ps1'
[2.798s] INFO:colcon.colcon_core.shell:Creating package descriptor '/home/g10/eyrc_hb/hb_task1a_ws/install/turtlesim/share/turtlesim/package.dsv'
[2.799s] INFO:colcon.colcon_core.shell:Creating package script '/home/g10/eyrc_hb/hb_task1a_ws/install/turtlesim/share/turtlesim/package.sh'
[2.799s] INFO:colcon.colcon_core.shell:Creating package script '/home/g10/eyrc_hb/hb_task1a_ws/install/turtlesim/share/turtlesim/package.bash'
[2.800s] INFO:colcon.colcon_core.shell:Creating package script '/home/g10/eyrc_hb/hb_task1a_ws/install/turtlesim/share/turtlesim/package.zsh'
[2.800s] Level 1:colcon.colcon_core.environment:create_file_with_runtime_dependencies(/home/g10/eyrc_hb/hb_task1a_ws/install/turtlesim/share/colcon-core/packages/turtlesim)
[2.800s] DEBUG:colcon.colcon_parallel_executor.executor.parallel:closing loop
[2.800s] DEBUG:colcon.colcon_parallel_executor.executor.parallel:loop closed
[2.800s] DEBUG:colcon.colcon_parallel_executor.executor.parallel:run_until_complete finished with '0'
[2.800s] DEBUG:colcon.colcon_core.event_reactor:joining thread
[2.819s] INFO:colcon.colcon_core.plugin_system:Skipping extension 'colcon_notification.desktop_notification.terminal_notifier': Not used on non-Darwin systems
[2.819s] INFO:colcon.colcon_core.plugin_system:Skipping extension 'colcon_notification.desktop_notification.win32': Not used on non-Windows systems
[2.819s] INFO:colcon.colcon_notification.desktop_notification:Sending desktop notification using 'notify2'
[2.833s] DEBUG:colcon.colcon_core.event_reactor:joined thread
[2.850s] INFO:colcon.colcon_core.shell:Creating prefix script '/home/g10/eyrc_hb/hb_task1a_ws/install/local_setup.ps1'
[2.851s] INFO:colcon.colcon_core.shell:Creating prefix util module '/home/g10/eyrc_hb/hb_task1a_ws/install/_local_setup_util_ps1.py'
[2.852s] INFO:colcon.colcon_core.shell:Creating prefix chain script '/home/g10/eyrc_hb/hb_task1a_ws/install/setup.ps1'
[2.868s] INFO:colcon.colcon_core.shell:Creating prefix script '/home/g10/eyrc_hb/hb_task1a_ws/install/local_setup.sh'
[2.869s] INFO:colcon.colcon_core.shell:Creating prefix util module '/home/g10/eyrc_hb/hb_task1a_ws/install/_local_setup_util_sh.py'
[2.869s] INFO:colcon.colcon_core.shell:Creating prefix chain script '/home/g10/eyrc_hb/hb_task1a_ws/install/setup.sh'
[2.886s] INFO:colcon.colcon_core.shell:Creating prefix script '/home/g10/eyrc_hb/hb_task1a_ws/install/local_setup.bash'
[2.887s] INFO:colcon.colcon_core.shell:Creating prefix chain script '/home/g10/eyrc_hb/hb_task1a_ws/install/setup.bash'
[2.902s] INFO:colcon.colcon_core.shell:Creating prefix script '/home/g10/eyrc_hb/hb_task1a_ws/install/local_setup.zsh'
[2.902s] INFO:colcon.colcon_core.shell:Creating prefix chain script '/home/g10/eyrc_hb/hb_task1a_ws/install/setup.zsh'
