[0.977s] DEBUG:colcon:Command line arguments: ['/usr/bin/colcon', 'build', '--symlink-install']
[0.978s] DEBUG:colcon:Parsed command line arguments: Namespace(log_base=None, log_level=None, verb_name='build', build_base='build', install_base='install', merge_install=False, symlink_install=True, test_result_base=None, continue_on_error=False, executor='parallel', parallel_workers=20, event_handlers=None, ignore_user_meta=False, metas=['./colcon.meta'], base_paths=['.'], packages_ignore=None, packages_ignore_regex=None, paths=None, packages_up_to=None, packages_up_to_regex=None, packages_above=None, packages_above_and_dependencies=None, packages_above_depth=None, packages_select_by_dep=None, packages_skip_by_dep=None, packages_skip_up_to=None, packages_select_build_failed=False, packages_skip_build_finished=False, packages_select_test_failures=False, packages_skip_test_passed=False, packages_select=None, packages_skip=None, packages_select_regex=None, packages_skip_regex=None, packages_start=None, packages_end=None, allow_overriding=[], cmake_args=None, cmake_target=None, cmake_target_skip_unavailable=False, cmake_clean_cache=False, cmake_clean_first=False, cmake_force_configure=False, ament_cmake_args=None, catkin_cmake_args=None, catkin_skip_building_tests=False, verb_parser=<colcon_defaults.argument_parser.defaults.DefaultArgumentsDecorator object at 0x7fddf9abfa60>, verb_extension=<colcon_core.verb.build.BuildVerb object at 0x7fddf9abd420>, main=<bound method BuildVerb.main of <colcon_core.verb.build.BuildVerb object at 0x7fddf9abd420>>)
[1.023s] Level 1:colcon.colcon_core.package_discovery:discover_packages(colcon_meta) check parameters
[1.023s] Level 1:colcon.colcon_core.package_discovery:discover_packages(recursive) check parameters
[1.023s] Level 1:colcon.colcon_core.package_discovery:discover_packages(ignore) check parameters
[1.023s] Level 1:colcon.colcon_core.package_discovery:discover_packages(path) check parameters
[1.023s] Level 1:colcon.colcon_core.package_discovery:discover_packages(colcon_meta) discover
[1.023s] Level 1:colcon.colcon_core.package_discovery:discover_packages(recursive) discover
[1.023s] INFO:colcon.colcon_core.package_discovery:Crawling recursively for packages in '/home/g10/eyrc_hb/hb_task1b_ws'
[1.023s] Level 1:colcon.colcon_core.package_identification:_identify(.) by extensions ['ignore', 'ignore_ament_install']
[1.023s] Level 1:colcon.colcon_core.package_identification:_identify(.) by extension 'ignore'
[1.023s] Level 1:colcon.colcon_core.package_identification:_identify(.) by extension 'ignore_ament_install'
[1.023s] Level 1:colcon.colcon_core.package_identification:_identify(.) by extensions ['colcon_pkg']
[1.023s] Level 1:colcon.colcon_core.package_identification:_identify(.) by extension 'colcon_pkg'
[1.023s] Level 1:colcon.colcon_core.package_identification:_identify(.) by extensions ['colcon_meta']
[1.023s] Level 1:colcon.colcon_core.package_identification:_identify(.) by extension 'colcon_meta'
[1.023s] Level 1:colcon.colcon_core.package_identification:_identify(.) by extensions ['ros']
[1.023s] Level 1:colcon.colcon_core.package_identification:_identify(.) by extension 'ros'
[1.041s] Level 1:colcon.colcon_core.package_identification:_identify(.) by extensions ['cmake', 'python']
[1.041s] Level 1:colcon.colcon_core.package_identification:_identify(.) by extension 'cmake'
[1.042s] Level 1:colcon.colcon_core.package_identification:_identify(.) by extension 'python'
[1.042s] Level 1:colcon.colcon_core.package_identification:_identify(.) by extensions ['python_setup_py']
[1.042s] Level 1:colcon.colcon_core.package_identification:_identify(.) by extension 'python_setup_py'
[1.042s] Level 1:colcon.colcon_core.package_identification:_identify(build) by extensions ['ignore', 'ignore_ament_install']
[1.042s] Level 1:colcon.colcon_core.package_identification:_identify(build) by extension 'ignore'
[1.042s] Level 1:colcon.colcon_core.package_identification:_identify(build) ignored
[1.042s] Level 1:colcon.colcon_core.package_identification:_identify(install) by extensions ['ignore', 'ignore_ament_install']
[1.042s] Level 1:colcon.colcon_core.package_identification:_identify(install) by extension 'ignore'
[1.042s] Level 1:colcon.colcon_core.package_identification:_identify(install) ignored
[1.042s] Level 1:colcon.colcon_core.package_identification:_identify(log) by extensions ['ignore', 'ignore_ament_install']
[1.042s] Level 1:colcon.colcon_core.package_identification:_identify(log) by extension 'ignore'
[1.042s] Level 1:colcon.colcon_core.package_identification:_identify(log) ignored
[1.042s] Level 1:colcon.colcon_core.package_identification:_identify(src) by extensions ['ignore', 'ignore_ament_install']
[1.042s] Level 1:colcon.colcon_core.package_identification:_identify(src) by extension 'ignore'
[1.042s] Level 1:colcon.colcon_core.package_identification:_identify(src) by extension 'ignore_ament_install'
[1.043s] Level 1:colcon.colcon_core.package_identification:_identify(src) by extensions ['colcon_pkg']
[1.043s] Level 1:colcon.colcon_core.package_identification:_identify(src) by extension 'colcon_pkg'
[1.043s] Level 1:colcon.colcon_core.package_identification:_identify(src) by extensions ['colcon_meta']
[1.043s] Level 1:colcon.colcon_core.package_identification:_identify(src) by extension 'colcon_meta'
[1.043s] Level 1:colcon.colcon_core.package_identification:_identify(src) by extensions ['ros']
[1.043s] Level 1:colcon.colcon_core.package_identification:_identify(src) by extension 'ros'
[1.043s] Level 1:colcon.colcon_core.package_identification:_identify(src) by extensions ['cmake', 'python']
[1.043s] Level 1:colcon.colcon_core.package_identification:_identify(src) by extension 'cmake'
[1.043s] Level 1:colcon.colcon_core.package_identification:_identify(src) by extension 'python'
[1.043s] Level 1:colcon.colcon_core.package_identification:_identify(src) by extensions ['python_setup_py']
[1.043s] Level 1:colcon.colcon_core.package_identification:_identify(src) by extension 'python_setup_py'
[1.043s] Level 1:colcon.colcon_core.package_identification:_identify(src/hb_task_1b) by extensions ['ignore', 'ignore_ament_install']
[1.043s] Level 1:colcon.colcon_core.package_identification:_identify(src/hb_task_1b) by extension 'ignore'
[1.043s] Level 1:colcon.colcon_core.package_identification:_identify(src/hb_task_1b) by extension 'ignore_ament_install'
[1.043s] Level 1:colcon.colcon_core.package_identification:_identify(src/hb_task_1b) by extensions ['colcon_pkg']
[1.043s] Level 1:colcon.colcon_core.package_identification:_identify(src/hb_task_1b) by extension 'colcon_pkg'
[1.043s] Level 1:colcon.colcon_core.package_identification:_identify(src/hb_task_1b) by extensions ['colcon_meta']
[1.043s] Level 1:colcon.colcon_core.package_identification:_identify(src/hb_task_1b) by extension 'colcon_meta'
[1.043s] Level 1:colcon.colcon_core.package_identification:_identify(src/hb_task_1b) by extensions ['ros']
[1.043s] Level 1:colcon.colcon_core.package_identification:_identify(src/hb_task_1b) by extension 'ros'
[1.053s] DEBUG:colcon.colcon_core.package_identification:Package 'src/hb_task_1b' with type 'ros.ament_python' and name 'hb_task_1b'
[1.053s] Level 1:colcon.colcon_core.package_identification:_identify(src/my_robot_interfaces) by extensions ['ignore', 'ignore_ament_install']
[1.054s] Level 1:colcon.colcon_core.package_identification:_identify(src/my_robot_interfaces) by extension 'ignore'
[1.054s] Level 1:colcon.colcon_core.package_identification:_identify(src/my_robot_interfaces) by extension 'ignore_ament_install'
[1.054s] Level 1:colcon.colcon_core.package_identification:_identify(src/my_robot_interfaces) by extensions ['colcon_pkg']
[1.054s] Level 1:colcon.colcon_core.package_identification:_identify(src/my_robot_interfaces) by extension 'colcon_pkg'
[1.054s] Level 1:colcon.colcon_core.package_identification:_identify(src/my_robot_interfaces) by extensions ['colcon_meta']
[1.054s] Level 1:colcon.colcon_core.package_identification:_identify(src/my_robot_interfaces) by extension 'colcon_meta'
[1.054s] Level 1:colcon.colcon_core.package_identification:_identify(src/my_robot_interfaces) by extensions ['ros']
[1.054s] Level 1:colcon.colcon_core.package_identification:_identify(src/my_robot_interfaces) by extension 'ros'
[1.054s] DEBUG:colcon.colcon_core.package_identification:Package 'src/my_robot_interfaces' with type 'ros.ament_cmake' and name 'my_robot_interfaces'
[1.054s] Level 1:colcon.colcon_core.package_discovery:discover_packages(recursive) using defaults
[1.055s] Level 1:colcon.colcon_core.package_discovery:discover_packages(ignore) discover
[1.055s] Level 1:colcon.colcon_core.package_discovery:discover_packages(ignore) using defaults
[1.055s] Level 1:colcon.colcon_core.package_discovery:discover_packages(path) discover
[1.055s] Level 1:colcon.colcon_core.package_discovery:discover_packages(path) using defaults
[1.143s] Level 1:colcon.colcon_core.package_discovery:discover_packages(prefix_path) check parameters
[1.143s] Level 1:colcon.colcon_core.package_discovery:discover_packages(prefix_path) discover
[1.172s] DEBUG:colcon.colcon_installed_package_information.package_discovery:Found 2 installed packages in /home/g10/eyrc_hb/hb_task1a_ws/install
[1.186s] DEBUG:colcon.colcon_installed_package_information.package_discovery:Found 294 installed packages in /opt/ros/humble
[1.196s] Level 1:colcon.colcon_core.package_discovery:discover_packages(prefix_path) using defaults
[1.295s] Level 5:colcon.colcon_core.verb:set package 'my_robot_interfaces' build argument 'cmake_args' from command line to 'None'
[1.295s] Level 5:colcon.colcon_core.verb:set package 'my_robot_interfaces' build argument 'cmake_target' from command line to 'None'
[1.295s] Level 5:colcon.colcon_core.verb:set package 'my_robot_interfaces' build argument 'cmake_target_skip_unavailable' from command line to 'False'
[1.295s] Level 5:colcon.colcon_core.verb:set package 'my_robot_interfaces' build argument 'cmake_clean_cache' from command line to 'False'
[1.295s] Level 5:colcon.colcon_core.verb:set package 'my_robot_interfaces' build argument 'cmake_clean_first' from command line to 'False'
[1.295s] Level 5:colcon.colcon_core.verb:set package 'my_robot_interfaces' build argument 'cmake_force_configure' from command line to 'False'
[1.295s] Level 5:colcon.colcon_core.verb:set package 'my_robot_interfaces' build argument 'ament_cmake_args' from command line to 'None'
[1.295s] Level 5:colcon.colcon_core.verb:set package 'my_robot_interfaces' build argument 'catkin_cmake_args' from command line to 'None'
[1.295s] Level 5:colcon.colcon_core.verb:set package 'my_robot_interfaces' build argument 'catkin_skip_building_tests' from command line to 'False'
[1.295s] DEBUG:colcon.colcon_core.verb:Building package 'my_robot_interfaces' with the following arguments: {'ament_cmake_args': None, 'build_base': '/home/g10/eyrc_hb/hb_task1b_ws/build/my_robot_interfaces', 'catkin_cmake_args': None, 'catkin_skip_building_tests': False, 'cmake_args': None, 'cmake_clean_cache': False, 'cmake_clean_first': False, 'cmake_force_configure': False, 'cmake_target': None, 'cmake_target_skip_unavailable': False, 'install_base': '/home/g10/eyrc_hb/hb_task1b_ws/install/my_robot_interfaces', 'merge_install': False, 'path': '/home/g10/eyrc_hb/hb_task1b_ws/src/my_robot_interfaces', 'symlink_install': True, 'test_result_base': None}
[1.309s] Level 5:colcon.colcon_core.verb:set package 'hb_task_1b' build argument 'cmake_args' from command line to 'None'
[1.309s] Level 5:colcon.colcon_core.verb:set package 'hb_task_1b' build argument 'cmake_target' from command line to 'None'
[1.309s] Level 5:colcon.colcon_core.verb:set package 'hb_task_1b' build argument 'cmake_target_skip_unavailable' from command line to 'False'
[1.309s] Level 5:colcon.colcon_core.verb:set package 'hb_task_1b' build argument 'cmake_clean_cache' from command line to 'False'
[1.309s] Level 5:colcon.colcon_core.verb:set package 'hb_task_1b' build argument 'cmake_clean_first' from command line to 'False'
[1.309s] Level 5:colcon.colcon_core.verb:set package 'hb_task_1b' build argument 'cmake_force_configure' from command line to 'False'
[1.309s] Level 5:colcon.colcon_core.verb:set package 'hb_task_1b' build argument 'ament_cmake_args' from command line to 'None'
[1.309s] Level 5:colcon.colcon_core.verb:set package 'hb_task_1b' build argument 'catkin_cmake_args' from command line to 'None'
[1.309s] Level 5:colcon.colcon_core.verb:set package 'hb_task_1b' build argument 'catkin_skip_building_tests' from command line to 'False'
[1.309s] DEBUG:colcon.colcon_core.verb:Building package 'hb_task_1b' with the following arguments: {'ament_cmake_args': None, 'build_base': '/home/g10/eyrc_hb/hb_task1b_ws/build/hb_task_1b', 'catkin_cmake_args': None, 'catkin_skip_building_tests': False, 'cmake_args': None, 'cmake_clean_cache': False, 'cmake_clean_first': False, 'cmake_force_configure': False, 'cmake_target': None, 'cmake_target_skip_unavailable': False, 'install_base': '/home/g10/eyrc_hb/hb_task1b_ws/install/hb_task_1b', 'merge_install': False, 'path': '/home/g10/eyrc_hb/hb_task1b_ws/src/hb_task_1b', 'symlink_install': True, 'test_result_base': None}
[1.323s] INFO:colcon.colcon_core.executor:Executing jobs using 'parallel' executor
[1.339s] DEBUG:colcon.colcon_parallel_executor.executor.parallel:run_until_complete
[1.339s] INFO:colcon.colcon_ros.task.ament_cmake.build:Building ROS package in '/home/g10/eyrc_hb/hb_task1b_ws/src/my_robot_interfaces' with build type 'ament_cmake'
[1.339s] INFO:colcon.colcon_cmake.task.cmake.build:Building CMake package in '/home/g10/eyrc_hb/hb_task1b_ws/src/my_robot_interfaces'
[1.365s] INFO:colcon.colcon_core.plugin_system:Skipping extension 'colcon_core.shell.bat': Not used on non-Windows systems
[1.365s] INFO:colcon.colcon_core.shell:Skip shell extension 'powershell' for command environment: Not usable outside of PowerShell
[1.365s] DEBUG:colcon.colcon_core.shell:Skip shell extension 'dsv' for command environment
[1.419s] DEBUG:colcon.colcon_core.event_handler.log_command:Invoking command in '/home/g10/eyrc_hb/hb_task1b_ws/build/my_robot_interfaces': CMAKE_PREFIX_PATH=${CMAKE_PREFIX_PATH}:/home/g10/eyrc_hb/hb_task1a_ws/install/hb_task_1a:/opt/ros/humble /usr/bin/cmake /home/g10/eyrc_hb/hb_task1b_ws/src/my_robot_interfaces -DAMENT_CMAKE_SYMLINK_INSTALL=1 -DCMAKE_INSTALL_PREFIX=/home/g10/eyrc_hb/hb_task1b_ws/install/my_robot_interfaces
[3.345s] DEBUG:colcon.colcon_core.event_handler.log_command:Invoked command in '/home/g10/eyrc_hb/hb_task1b_ws/build/my_robot_interfaces' returned '0': CMAKE_PREFIX_PATH=${CMAKE_PREFIX_PATH}:/home/g10/eyrc_hb/hb_task1a_ws/install/hb_task_1a:/opt/ros/humble /usr/bin/cmake /home/g10/eyrc_hb/hb_task1b_ws/src/my_robot_interfaces -DAMENT_CMAKE_SYMLINK_INSTALL=1 -DCMAKE_INSTALL_PREFIX=/home/g10/eyrc_hb/hb_task1b_ws/install/my_robot_interfaces
[3.346s] DEBUG:colcon.colcon_core.event_handler.log_command:Invoking command in '/home/g10/eyrc_hb/hb_task1b_ws/build/my_robot_interfaces': CMAKE_PREFIX_PATH=${CMAKE_PREFIX_PATH}:/home/g10/eyrc_hb/hb_task1a_ws/install/hb_task_1a:/opt/ros/humble /usr/bin/cmake --build /home/g10/eyrc_hb/hb_task1b_ws/build/my_robot_interfaces -- -j20 -l20
[5.344s] DEBUG:colcon.colcon_core.event_handler.log_command:Invoked command in '/home/g10/eyrc_hb/hb_task1b_ws/build/my_robot_interfaces' returned '0': CMAKE_PREFIX_PATH=${CMAKE_PREFIX_PATH}:/home/g10/eyrc_hb/hb_task1a_ws/install/hb_task_1a:/opt/ros/humble /usr/bin/cmake --build /home/g10/eyrc_hb/hb_task1b_ws/build/my_robot_interfaces -- -j20 -l20
[5.431s] DEBUG:colcon.colcon_core.event_handler.log_command:Invoking command in '/home/g10/eyrc_hb/hb_task1b_ws/build/my_robot_interfaces': CMAKE_PREFIX_PATH=${CMAKE_PREFIX_PATH}:/home/g10/eyrc_hb/hb_task1a_ws/install/hb_task_1a:/opt/ros/humble /usr/bin/cmake --install /home/g10/eyrc_hb/hb_task1b_ws/build/my_robot_interfaces
[6.219s] Level 1:colcon.colcon_core.environment:create_environment_scripts_only(my_robot_interfaces)
[6.219s] DEBUG:colcon.colcon_core.event_handler.log_command:Invoked command in '/home/g10/eyrc_hb/hb_task1b_ws/build/my_robot_interfaces' returned '0': CMAKE_PREFIX_PATH=${CMAKE_PREFIX_PATH}:/home/g10/eyrc_hb/hb_task1a_ws/install/hb_task_1a:/opt/ros/humble /usr/bin/cmake --install /home/g10/eyrc_hb/hb_task1b_ws/build/my_robot_interfaces
[6.243s] Level 1:colcon.colcon_core.environment:checking '/home/g10/eyrc_hb/hb_task1b_ws/install/my_robot_interfaces' for CMake module files
[6.244s] Level 1:colcon.colcon_core.environment:checking '/home/g10/eyrc_hb/hb_task1b_ws/install/my_robot_interfaces' for CMake config files
[6.244s] Level 1:colcon.colcon_core.shell:create_environment_hook('my_robot_interfaces', 'cmake_prefix_path')
[6.258s] INFO:colcon.colcon_core.shell:Creating environment hook '/home/g10/eyrc_hb/hb_task1b_ws/install/my_robot_interfaces/share/my_robot_interfaces/hook/cmake_prefix_path.ps1'
[6.259s] INFO:colcon.colcon_core.shell:Creating environment descriptor '/home/g10/eyrc_hb/hb_task1b_ws/install/my_robot_interfaces/share/my_robot_interfaces/hook/cmake_prefix_path.dsv'
[6.260s] INFO:colcon.colcon_core.shell:Creating environment hook '/home/g10/eyrc_hb/hb_task1b_ws/install/my_robot_interfaces/share/my_robot_interfaces/hook/cmake_prefix_path.sh'
[6.261s] Level 1:colcon.colcon_core.environment:checking '/home/g10/eyrc_hb/hb_task1b_ws/install/my_robot_interfaces/lib'
[6.261s] Level 1:colcon.colcon_core.shell:create_environment_hook('my_robot_interfaces', 'ld_library_path_lib')
[6.274s] INFO:colcon.colcon_core.shell:Creating environment hook '/home/g10/eyrc_hb/hb_task1b_ws/install/my_robot_interfaces/share/my_robot_interfaces/hook/ld_library_path_lib.ps1'
[6.275s] INFO:colcon.colcon_core.shell:Creating environment descriptor '/home/g10/eyrc_hb/hb_task1b_ws/install/my_robot_interfaces/share/my_robot_interfaces/hook/ld_library_path_lib.dsv'
[6.275s] INFO:colcon.colcon_core.shell:Creating environment hook '/home/g10/eyrc_hb/hb_task1b_ws/install/my_robot_interfaces/share/my_robot_interfaces/hook/ld_library_path_lib.sh'
[6.275s] Level 1:colcon.colcon_core.environment:checking '/home/g10/eyrc_hb/hb_task1b_ws/install/my_robot_interfaces/bin'
[6.275s] Level 1:colcon.colcon_core.environment:checking '/home/g10/eyrc_hb/hb_task1b_ws/install/my_robot_interfaces/lib/pkgconfig/my_robot_interfaces.pc'
[6.276s] Level 1:colcon.colcon_core.environment:checking '/home/g10/eyrc_hb/hb_task1b_ws/install/my_robot_interfaces/lib/python3.10/site-packages'
[6.276s] Level 1:colcon.colcon_core.environment:checking '/home/g10/eyrc_hb/hb_task1b_ws/install/my_robot_interfaces/bin'
[6.290s] INFO:colcon.colcon_core.shell:Creating package script '/home/g10/eyrc_hb/hb_task1b_ws/install/my_robot_interfaces/share/my_robot_interfaces/package.ps1'
[6.291s] INFO:colcon.colcon_core.shell:Creating package descriptor '/home/g10/eyrc_hb/hb_task1b_ws/install/my_robot_interfaces/share/my_robot_interfaces/package.dsv'
[6.292s] INFO:colcon.colcon_core.shell:Creating package script '/home/g10/eyrc_hb/hb_task1b_ws/install/my_robot_interfaces/share/my_robot_interfaces/package.sh'
[6.293s] INFO:colcon.colcon_core.shell:Creating package script '/home/g10/eyrc_hb/hb_task1b_ws/install/my_robot_interfaces/share/my_robot_interfaces/package.bash'
[6.294s] INFO:colcon.colcon_core.shell:Creating package script '/home/g10/eyrc_hb/hb_task1b_ws/install/my_robot_interfaces/share/my_robot_interfaces/package.zsh'
[6.294s] Level 1:colcon.colcon_core.environment:create_file_with_runtime_dependencies(/home/g10/eyrc_hb/hb_task1b_ws/install/my_robot_interfaces/share/colcon-core/packages/my_robot_interfaces)
[6.374s] Level 1:colcon.colcon_core.environment:create_environment_scripts_only(my_robot_interfaces)
[6.388s] Level 1:colcon.colcon_core.environment:checking '/home/g10/eyrc_hb/hb_task1b_ws/install/my_robot_interfaces' for CMake module files
[6.388s] Level 1:colcon.colcon_core.environment:checking '/home/g10/eyrc_hb/hb_task1b_ws/install/my_robot_interfaces' for CMake config files
[6.388s] Level 1:colcon.colcon_core.shell:create_environment_hook('my_robot_interfaces', 'cmake_prefix_path')
[6.402s] INFO:colcon.colcon_core.shell:Creating environment hook '/home/g10/eyrc_hb/hb_task1b_ws/install/my_robot_interfaces/share/my_robot_interfaces/hook/cmake_prefix_path.ps1'
[6.402s] INFO:colcon.colcon_core.shell:Creating environment descriptor '/home/g10/eyrc_hb/hb_task1b_ws/install/my_robot_interfaces/share/my_robot_interfaces/hook/cmake_prefix_path.dsv'
[6.403s] INFO:colcon.colcon_core.shell:Creating environment hook '/home/g10/eyrc_hb/hb_task1b_ws/install/my_robot_interfaces/share/my_robot_interfaces/hook/cmake_prefix_path.sh'
[6.403s] Level 1:colcon.colcon_core.environment:checking '/home/g10/eyrc_hb/hb_task1b_ws/install/my_robot_interfaces/lib'
[6.403s] Level 1:colcon.colcon_core.shell:create_environment_hook('my_robot_interfaces', 'ld_library_path_lib')
[6.416s] INFO:colcon.colcon_core.shell:Creating environment hook '/home/g10/eyrc_hb/hb_task1b_ws/install/my_robot_interfaces/share/my_robot_interfaces/hook/ld_library_path_lib.ps1'
[6.417s] INFO:colcon.colcon_core.shell:Creating environment descriptor '/home/g10/eyrc_hb/hb_task1b_ws/install/my_robot_interfaces/share/my_robot_interfaces/hook/ld_library_path_lib.dsv'
[6.417s] INFO:colcon.colcon_core.shell:Creating environment hook '/home/g10/eyrc_hb/hb_task1b_ws/install/my_robot_interfaces/share/my_robot_interfaces/hook/ld_library_path_lib.sh'
[6.417s] Level 1:colcon.colcon_core.environment:checking '/home/g10/eyrc_hb/hb_task1b_ws/install/my_robot_interfaces/bin'
[6.417s] Level 1:colcon.colcon_core.environment:checking '/home/g10/eyrc_hb/hb_task1b_ws/install/my_robot_interfaces/lib/pkgconfig/my_robot_interfaces.pc'
[6.418s] Level 1:colcon.colcon_core.environment:checking '/home/g10/eyrc_hb/hb_task1b_ws/install/my_robot_interfaces/lib/python3.10/site-packages'
[6.418s] Level 1:colcon.colcon_core.environment:checking '/home/g10/eyrc_hb/hb_task1b_ws/install/my_robot_interfaces/bin'
[6.431s] INFO:colcon.colcon_core.shell:Creating package script '/home/g10/eyrc_hb/hb_task1b_ws/install/my_robot_interfaces/share/my_robot_interfaces/package.ps1'
[6.432s] INFO:colcon.colcon_core.shell:Creating package descriptor '/home/g10/eyrc_hb/hb_task1b_ws/install/my_robot_interfaces/share/my_robot_interfaces/package.dsv'
[6.433s] INFO:colcon.colcon_core.shell:Creating package script '/home/g10/eyrc_hb/hb_task1b_ws/install/my_robot_interfaces/share/my_robot_interfaces/package.sh'
[6.433s] INFO:colcon.colcon_core.shell:Creating package script '/home/g10/eyrc_hb/hb_task1b_ws/install/my_robot_interfaces/share/my_robot_interfaces/package.bash'
[6.433s] INFO:colcon.colcon_core.shell:Creating package script '/home/g10/eyrc_hb/hb_task1b_ws/install/my_robot_interfaces/share/my_robot_interfaces/package.zsh'
[6.434s] Level 1:colcon.colcon_core.environment:create_file_with_runtime_dependencies(/home/g10/eyrc_hb/hb_task1b_ws/install/my_robot_interfaces/share/colcon-core/packages/my_robot_interfaces)
[6.434s] INFO:colcon.colcon_ros.task.ament_python.build:Building ROS package in '/home/g10/eyrc_hb/hb_task1b_ws/src/hb_task_1b' with build type 'ament_python'
[6.434s] Level 1:colcon.colcon_core.shell:create_environment_hook('hb_task_1b', 'ament_prefix_path')
[6.448s] INFO:colcon.colcon_core.shell:Creating environment hook '/home/g10/eyrc_hb/hb_task1b_ws/install/hb_task_1b/share/hb_task_1b/hook/ament_prefix_path.ps1'
[6.449s] INFO:colcon.colcon_core.shell:Creating environment descriptor '/home/g10/eyrc_hb/hb_task1b_ws/install/hb_task_1b/share/hb_task_1b/hook/ament_prefix_path.dsv'
[6.449s] INFO:colcon.colcon_core.shell:Creating environment hook '/home/g10/eyrc_hb/hb_task1b_ws/install/hb_task_1b/share/hb_task_1b/hook/ament_prefix_path.sh'
[6.463s] INFO:colcon.colcon_core.shell:Skip shell extension 'powershell' for command environment: Not usable outside of PowerShell
[6.463s] DEBUG:colcon.colcon_core.shell:Skip shell extension 'dsv' for command environment
[6.798s] INFO:colcon.colcon_core.task.python.build:Building Python package in '/home/g10/eyrc_hb/hb_task1b_ws/src/hb_task_1b'
[6.813s] INFO:colcon.colcon_core.shell:Skip shell extension 'powershell' for command environment: Not usable outside of PowerShell
[6.813s] DEBUG:colcon.colcon_core.shell:Skip shell extension 'dsv' for command environment
[7.237s] DEBUG:colcon.colcon_core.event_handler.log_command:Invoking command in '/home/g10/eyrc_hb/hb_task1b_ws/build/hb_task_1b': AMENT_PREFIX_PATH=/home/g10/eyrc_hb/hb_task1b_ws/install/my_robot_interfaces:${AMENT_PREFIX_PATH} CMAKE_PREFIX_PATH=/home/g10/eyrc_hb/hb_task1b_ws/install/my_robot_interfaces:${CMAKE_PREFIX_PATH} LD_LIBRARY_PATH=/home/g10/eyrc_hb/hb_task1b_ws/install/my_robot_interfaces/lib:${LD_LIBRARY_PATH} PYTHONPATH=/home/g10/eyrc_hb/hb_task1b_ws/build/hb_task_1b/prefix_override:/home/g10/eyrc_hb/hb_task1b_ws/install/hb_task_1b/lib/python3.10/site-packages:/home/g10/eyrc_hb/hb_task1b_ws/install/my_robot_interfaces/local/lib/python3.10/dist-packages:${PYTHONPATH} /usr/bin/python3 setup.py develop --editable --build-directory /home/g10/eyrc_hb/hb_task1b_ws/build/hb_task_1b/build --no-deps install_data
[7.732s] Level 1:colcon.colcon_core.shell:create_environment_hook('hb_task_1b', 'pythonpath_develop')
[7.733s] DEBUG:colcon.colcon_core.event_handler.log_command:Invoked command in '/home/g10/eyrc_hb/hb_task1b_ws/build/hb_task_1b' returned '0': AMENT_PREFIX_PATH=/home/g10/eyrc_hb/hb_task1b_ws/install/my_robot_interfaces:${AMENT_PREFIX_PATH} CMAKE_PREFIX_PATH=/home/g10/eyrc_hb/hb_task1b_ws/install/my_robot_interfaces:${CMAKE_PREFIX_PATH} LD_LIBRARY_PATH=/home/g10/eyrc_hb/hb_task1b_ws/install/my_robot_interfaces/lib:${LD_LIBRARY_PATH} PYTHONPATH=/home/g10/eyrc_hb/hb_task1b_ws/build/hb_task_1b/prefix_override:/home/g10/eyrc_hb/hb_task1b_ws/install/hb_task_1b/lib/python3.10/site-packages:/home/g10/eyrc_hb/hb_task1b_ws/install/my_robot_interfaces/local/lib/python3.10/dist-packages:${PYTHONPATH} /usr/bin/python3 setup.py develop --editable --build-directory /home/g10/eyrc_hb/hb_task1b_ws/build/hb_task_1b/build --no-deps install_data
[7.750s] INFO:colcon.colcon_core.shell:Creating environment hook '/home/g10/eyrc_hb/hb_task1b_ws/build/hb_task_1b/share/hb_task_1b/hook/pythonpath_develop.ps1'
[7.750s] INFO:colcon.colcon_core.shell:Creating environment descriptor '/home/g10/eyrc_hb/hb_task1b_ws/build/hb_task_1b/share/hb_task_1b/hook/pythonpath_develop.dsv'
[7.751s] INFO:colcon.colcon_core.shell:Creating environment hook '/home/g10/eyrc_hb/hb_task1b_ws/build/hb_task_1b/share/hb_task_1b/hook/pythonpath_develop.sh'
[7.765s] Level 1:colcon.colcon_core.environment:checking '/home/g10/eyrc_hb/hb_task1b_ws/install/hb_task_1b' for CMake module files
[7.766s] Level 1:colcon.colcon_core.environment:checking '/home/g10/eyrc_hb/hb_task1b_ws/install/hb_task_1b' for CMake config files
[7.766s] Level 1:colcon.colcon_core.environment:checking '/home/g10/eyrc_hb/hb_task1b_ws/install/hb_task_1b/lib'
[7.766s] Level 1:colcon.colcon_core.environment:checking '/home/g10/eyrc_hb/hb_task1b_ws/install/hb_task_1b/bin'
[7.766s] Level 1:colcon.colcon_core.environment:checking '/home/g10/eyrc_hb/hb_task1b_ws/install/hb_task_1b/lib/pkgconfig/hb_task_1b.pc'
[7.767s] Level 1:colcon.colcon_core.environment:checking '/home/g10/eyrc_hb/hb_task1b_ws/install/hb_task_1b/lib/python3.10/site-packages'
[7.767s] Level 1:colcon.colcon_core.shell:create_environment_hook('hb_task_1b', 'pythonpath')
[7.780s] INFO:colcon.colcon_core.shell:Creating environment hook '/home/g10/eyrc_hb/hb_task1b_ws/install/hb_task_1b/share/hb_task_1b/hook/pythonpath.ps1'
[7.780s] INFO:colcon.colcon_core.shell:Creating environment descriptor '/home/g10/eyrc_hb/hb_task1b_ws/install/hb_task_1b/share/hb_task_1b/hook/pythonpath.dsv'
[7.781s] INFO:colcon.colcon_core.shell:Creating environment hook '/home/g10/eyrc_hb/hb_task1b_ws/install/hb_task_1b/share/hb_task_1b/hook/pythonpath.sh'
[7.781s] Level 1:colcon.colcon_core.environment:checking '/home/g10/eyrc_hb/hb_task1b_ws/install/hb_task_1b/bin'
[7.781s] Level 1:colcon.colcon_core.environment:create_environment_scripts_only(hb_task_1b)
[7.795s] INFO:colcon.colcon_core.shell:Creating package script '/home/g10/eyrc_hb/hb_task1b_ws/install/hb_task_1b/share/hb_task_1b/package.ps1'
[7.795s] INFO:colcon.colcon_core.shell:Creating package descriptor '/home/g10/eyrc_hb/hb_task1b_ws/install/hb_task_1b/share/hb_task_1b/package.dsv'
[7.796s] INFO:colcon.colcon_core.shell:Creating package script '/home/g10/eyrc_hb/hb_task1b_ws/install/hb_task_1b/share/hb_task_1b/package.sh'
[7.796s] INFO:colcon.colcon_core.shell:Creating package script '/home/g10/eyrc_hb/hb_task1b_ws/install/hb_task_1b/share/hb_task_1b/package.bash'
[7.796s] INFO:colcon.colcon_core.shell:Creating package script '/home/g10/eyrc_hb/hb_task1b_ws/install/hb_task_1b/share/hb_task_1b/package.zsh'
[7.796s] Level 1:colcon.colcon_core.environment:create_file_with_runtime_dependencies(/home/g10/eyrc_hb/hb_task1b_ws/install/hb_task_1b/share/colcon-core/packages/hb_task_1b)
[7.797s] DEBUG:colcon.colcon_parallel_executor.executor.parallel:closing loop
[7.797s] DEBUG:colcon.colcon_parallel_executor.executor.parallel:loop closed
[7.797s] DEBUG:colcon.colcon_parallel_executor.executor.parallel:run_until_complete finished with '0'
[7.797s] DEBUG:colcon.colcon_core.event_reactor:joining thread
[7.817s] INFO:colcon.colcon_core.plugin_system:Skipping extension 'colcon_notification.desktop_notification.terminal_notifier': Not used on non-Darwin systems
[7.817s] INFO:colcon.colcon_core.plugin_system:Skipping extension 'colcon_notification.desktop_notification.win32': Not used on non-Windows systems
[7.817s] INFO:colcon.colcon_notification.desktop_notification:Sending desktop notification using 'notify2'
[7.836s] DEBUG:colcon.colcon_core.event_reactor:joined thread
[7.851s] INFO:colcon.colcon_core.shell:Creating prefix script '/home/g10/eyrc_hb/hb_task1b_ws/install/local_setup.ps1'
[7.852s] INFO:colcon.colcon_core.shell:Creating prefix util module '/home/g10/eyrc_hb/hb_task1b_ws/install/_local_setup_util_ps1.py'
[7.853s] INFO:colcon.colcon_core.shell:Creating prefix chain script '/home/g10/eyrc_hb/hb_task1b_ws/install/setup.ps1'
[7.868s] INFO:colcon.colcon_core.shell:Creating prefix script '/home/g10/eyrc_hb/hb_task1b_ws/install/local_setup.sh'
[7.869s] INFO:colcon.colcon_core.shell:Creating prefix util module '/home/g10/eyrc_hb/hb_task1b_ws/install/_local_setup_util_sh.py'
[7.869s] INFO:colcon.colcon_core.shell:Creating prefix chain script '/home/g10/eyrc_hb/hb_task1b_ws/install/setup.sh'
[7.883s] INFO:colcon.colcon_core.shell:Creating prefix script '/home/g10/eyrc_hb/hb_task1b_ws/install/local_setup.bash'
[7.884s] INFO:colcon.colcon_core.shell:Creating prefix chain script '/home/g10/eyrc_hb/hb_task1b_ws/install/setup.bash'
[7.898s] INFO:colcon.colcon_core.shell:Creating prefix script '/home/g10/eyrc_hb/hb_task1b_ws/install/local_setup.zsh'
[7.899s] INFO:colcon.colcon_core.shell:Creating prefix chain script '/home/g10/eyrc_hb/hb_task1b_ws/install/setup.zsh'
