[0.218s] Invoking command in '/home/vaishnavi/eyrc23_hb_1520/hb_task_2_ws/build/hb_bot': CMAKE_PREFIX_PATH=/opt/ros/humble /usr/bin/cmake /home/vaishnavi/eyrc23_hb_1520/hb_task_2_ws/src/eYRC-2023_Hologlyph_Bots/hb_bot -DAMENT_CMAKE_SYMLINK_INSTALL=1 -DCMAKE_INSTALL_PREFIX=/home/vaishnavi/eyrc23_hb_1520/hb_task_2_ws/install/hb_bot
[0.684s] -- The C compiler identification is GNU 11.4.0
[0.684s] -- The CXX compiler identification is GNU 11.4.0
[0.684s] -- Detecting C compiler ABI info
[0.684s] -- Detecting C compiler ABI info - done
[0.684s] -- Check for working C compiler: /usr/bin/cc - skipped
[0.684s] -- Detecting C compile features
[0.684s] -- Detecting C compile features - done
[0.684s] -- Detecting CXX compiler ABI info
[0.684s] -- Detecting CXX compiler ABI info - done
[0.684s] -- Check for working CXX compiler: /usr/bin/c++ - skipped
[0.684s] -- Detecting CXX compile features
[0.685s] -- Detecting CXX compile features - done
[0.685s] -- Found ament_cmake: 1.3.5 (/opt/ros/humble/share/ament_cmake/cmake)
[0.848s] -- Found Python3: /usr/bin/python3.10 (found version "3.10.12") found components: Interpreter 
[0.942s] -- Override CMake install command with custom implementation using symlinks instead of copying resources
[0.973s] -- Found rclcpp: 16.0.6 (/opt/ros/humble/share/rclcpp/cmake)
[1.032s] -- Found rosidl_generator_c: 3.1.5 (/opt/ros/humble/share/rosidl_generator_c/cmake)
[1.038s] -- Found rosidl_adapter: 3.1.5 (/opt/ros/humble/share/rosidl_adapter/cmake)
[1.049s] -- Found rosidl_generator_cpp: 3.1.5 (/opt/ros/humble/share/rosidl_generator_cpp/cmake)
[1.068s] -- Using all available rosidl_typesupport_c: rosidl_typesupport_fastrtps_c;rosidl_typesupport_introspection_c
[1.098s] -- Using all available rosidl_typesupport_cpp: rosidl_typesupport_fastrtps_cpp;rosidl_typesupport_introspection_cpp
[1.195s] -- Found rmw_implementation_cmake: 6.1.1 (/opt/ros/humble/share/rmw_implementation_cmake/cmake)
[1.198s] -- Found rmw_fastrtps_cpp: 6.2.4 (/opt/ros/humble/share/rmw_fastrtps_cpp/cmake)
[1.333s] -- Found OpenSSL: /usr/lib/x86_64-linux-gnu/libcrypto.so (found version "3.0.2")  
[1.372s] -- Found FastRTPS: /opt/ros/humble/include  
[1.444s] -- Using RMW implementation 'rmw_fastrtps_cpp' as default
[1.457s] -- Looking for pthread.h
[1.558s] -- Looking for pthread.h - found
[1.559s] -- Performing Test CMAKE_HAVE_LIBC_PTHREAD
[1.663s] -- Performing Test CMAKE_HAVE_LIBC_PTHREAD - Success
[1.665s] -- Found Threads: TRUE  
[1.998s] -- Found rclpy: 3.3.10 (/opt/ros/humble/share/rclpy/cmake)
[2.000s] -- Found urdf: 2.6.0 (/opt/ros/humble/share/urdf/cmake)
[2.050s] -- Found xacro: 2.0.8 (/opt/ros/humble/share/xacro/cmake)
[2.052s] -- Found ament_lint_auto: 0.12.8 (/opt/ros/humble/share/ament_lint_auto/cmake)
[2.208s] -- Added test 'flake8' to check Python code syntax and style conventions
[2.209s] -- Added test 'lint_cmake' to check CMake code style
[2.210s] -- Added test 'pep257' to check Python code against some of the docstring style conventions in PEP 257
[2.211s] -- Added test 'xmllint' to check XML markup files
[2.213s] -- Configuring done
[2.219s] -- Generating done
[2.221s] -- Build files have been written to: /home/vaishnavi/eyrc23_hb_1520/hb_task_2_ws/build/hb_bot
[2.239s] Invoked command in '/home/vaishnavi/eyrc23_hb_1520/hb_task_2_ws/build/hb_bot' returned '0': CMAKE_PREFIX_PATH=/opt/ros/humble /usr/bin/cmake /home/vaishnavi/eyrc23_hb_1520/hb_task_2_ws/src/eYRC-2023_Hologlyph_Bots/hb_bot -DAMENT_CMAKE_SYMLINK_INSTALL=1 -DCMAKE_INSTALL_PREFIX=/home/vaishnavi/eyrc23_hb_1520/hb_task_2_ws/install/hb_bot
[2.240s] Invoking command in '/home/vaishnavi/eyrc23_hb_1520/hb_task_2_ws/build/hb_bot': CMAKE_PREFIX_PATH=/opt/ros/humble /usr/bin/cmake --build /home/vaishnavi/eyrc23_hb_1520/hb_task_2_ws/build/hb_bot -- -j8 -l8
[2.300s] Invoked command in '/home/vaishnavi/eyrc23_hb_1520/hb_task_2_ws/build/hb_bot' returned '0': CMAKE_PREFIX_PATH=/opt/ros/humble /usr/bin/cmake --build /home/vaishnavi/eyrc23_hb_1520/hb_task_2_ws/build/hb_bot -- -j8 -l8
[2.340s] Invoking command in '/home/vaishnavi/eyrc23_hb_1520/hb_task_2_ws/build/hb_bot': CMAKE_PREFIX_PATH=/opt/ros/humble /usr/bin/cmake --install /home/vaishnavi/eyrc23_hb_1520/hb_task_2_ws/build/hb_bot
[2.351s] -- Install configuration: ""
[2.351s] -- Execute custom install script
[2.352s] -- Symlinking: /home/vaishnavi/eyrc23_hb_1520/hb_task_2_ws/install/hb_bot/share/hb_bot//launch/Spawn_bot.launch.py
[2.364s] -- Symlinking: /home/vaishnavi/eyrc23_hb_1520/hb_task_2_ws/install/hb_bot/share/hb_bot//launch/multi_bot_spawn.launch.py
[2.376s] -- Symlinking: /home/vaishnavi/eyrc23_hb_1520/hb_task_2_ws/install/hb_bot/share/hb_bot//meshes/bot_1.dae
[2.390s] -- Symlinking: /home/vaishnavi/eyrc23_hb_1520/hb_task_2_ws/install/hb_bot/share/hb_bot//meshes/bot_1.jpg
[2.406s] -- Symlinking: /home/vaishnavi/eyrc23_hb_1520/hb_task_2_ws/install/hb_bot/share/hb_bot//meshes/bot_1.jpg.001.jpg
[2.423s] -- Symlinking: /home/vaishnavi/eyrc23_hb_1520/hb_task_2_ws/install/hb_bot/share/hb_bot//meshes/bot_2.dae
[2.435s] -- Symlinking: /home/vaishnavi/eyrc23_hb_1520/hb_task_2_ws/install/hb_bot/share/hb_bot//meshes/bot_2.jpg
[2.448s] -- Symlinking: /home/vaishnavi/eyrc23_hb_1520/hb_task_2_ws/install/hb_bot/share/hb_bot//meshes/bot_2.jpg.001.jpg
[2.460s] -- Symlinking: /home/vaishnavi/eyrc23_hb_1520/hb_task_2_ws/install/hb_bot/share/hb_bot//meshes/bot_3.dae
[2.472s] -- Symlinking: /home/vaishnavi/eyrc23_hb_1520/hb_task_2_ws/install/hb_bot/share/hb_bot//meshes/bot_3.jpg
[2.488s] -- Symlinking: /home/vaishnavi/eyrc23_hb_1520/hb_task_2_ws/install/hb_bot/share/hb_bot//meshes/bot_3.jpg.001.jpg
[2.502s] -- Symlinking: /home/vaishnavi/eyrc23_hb_1520/hb_task_2_ws/install/hb_bot/share/hb_bot//meshes/wheel.stl
[2.519s] -- Symlinking: /home/vaishnavi/eyrc23_hb_1520/hb_task_2_ws/install/hb_bot/share/hb_bot//urdf/hb_bot_1.urdf.xacro
[2.532s] -- Symlinking: /home/vaishnavi/eyrc23_hb_1520/hb_task_2_ws/install/hb_bot/share/hb_bot//urdf/hb_bot_2.urdf.xacro
[2.543s] -- Symlinking: /home/vaishnavi/eyrc23_hb_1520/hb_task_2_ws/install/hb_bot/share/hb_bot//urdf/hb_bot_3.urdf.xacro
[2.555s] -- Symlinking: /home/vaishnavi/eyrc23_hb_1520/hb_task_2_ws/install/hb_bot/share/hb_bot//urdf/materials.xacro
[2.568s] -- Symlinking: /home/vaishnavi/eyrc23_hb_1520/hb_task_2_ws/install/hb_bot/share/ament_index/resource_index/package_run_dependencies/hb_bot
[2.582s] -- Symlinking: /home/vaishnavi/eyrc23_hb_1520/hb_task_2_ws/install/hb_bot/share/ament_index/resource_index/parent_prefix_path/hb_bot
[2.596s] -- Symlinking: /home/vaishnavi/eyrc23_hb_1520/hb_task_2_ws/install/hb_bot/share/hb_bot/environment/ament_prefix_path.sh
[2.611s] -- Symlinking: /home/vaishnavi/eyrc23_hb_1520/hb_task_2_ws/install/hb_bot/share/hb_bot/environment/ament_prefix_path.dsv
[2.624s] -- Symlinking: /home/vaishnavi/eyrc23_hb_1520/hb_task_2_ws/install/hb_bot/share/hb_bot/environment/path.sh
[2.635s] -- Symlinking: /home/vaishnavi/eyrc23_hb_1520/hb_task_2_ws/install/hb_bot/share/hb_bot/environment/path.dsv
[2.648s] -- Symlinking: /home/vaishnavi/eyrc23_hb_1520/hb_task_2_ws/install/hb_bot/share/hb_bot/local_setup.bash
[2.660s] -- Symlinking: /home/vaishnavi/eyrc23_hb_1520/hb_task_2_ws/install/hb_bot/share/hb_bot/local_setup.sh
[2.672s] -- Symlinking: /home/vaishnavi/eyrc23_hb_1520/hb_task_2_ws/install/hb_bot/share/hb_bot/local_setup.zsh
[2.687s] -- Symlinking: /home/vaishnavi/eyrc23_hb_1520/hb_task_2_ws/install/hb_bot/share/hb_bot/local_setup.dsv
[2.701s] -- Symlinking: /home/vaishnavi/eyrc23_hb_1520/hb_task_2_ws/install/hb_bot/share/hb_bot/package.dsv
[2.715s] -- Symlinking: /home/vaishnavi/eyrc23_hb_1520/hb_task_2_ws/install/hb_bot/share/ament_index/resource_index/packages/hb_bot
[2.727s] -- Symlinking: /home/vaishnavi/eyrc23_hb_1520/hb_task_2_ws/install/hb_bot/share/hb_bot/cmake/hb_botConfig.cmake
[2.739s] -- Symlinking: /home/vaishnavi/eyrc23_hb_1520/hb_task_2_ws/install/hb_bot/share/hb_bot/cmake/hb_botConfig-version.cmake
[2.753s] -- Symlinking: /home/vaishnavi/eyrc23_hb_1520/hb_task_2_ws/install/hb_bot/share/hb_bot/package.xml
[2.770s] Invoked command in '/home/vaishnavi/eyrc23_hb_1520/hb_task_2_ws/build/hb_bot' returned '0': CMAKE_PREFIX_PATH=/opt/ros/humble /usr/bin/cmake --install /home/vaishnavi/eyrc23_hb_1520/hb_task_2_ws/build/hb_bot
