[0.831s] Invoking command in '/home/g10/eyrc_hb/hb_task1b_ws/src/hb_task_1b': PYTHONPATH=/home/g10/eyrc_hb/hb_task1b_ws/build/hb_task_1b/prefix_override:/home/g10/eyrc_hb/hb_task1b_ws/install/hb_task_1b/lib/python3.10/site-packages:${PYTHONPATH} /usr/bin/python3 setup.py egg_info --egg-base ../../build/hb_task_1b build --build-base /home/g10/eyrc_hb/hb_task1b_ws/build/hb_task_1b/build install --record /home/g10/eyrc_hb/hb_task1b_ws/build/hb_task_1b/install.log --single-version-externally-managed
[1.090s] running egg_info
[1.091s] creating ../../build/hb_task_1b/hb_task_1b.egg-info
[1.091s] writing ../../build/hb_task_1b/hb_task_1b.egg-info/PKG-INFO
[1.091s] writing dependency_links to ../../build/hb_task_1b/hb_task_1b.egg-info/dependency_links.txt
[1.091s] writing entry points to ../../build/hb_task_1b/hb_task_1b.egg-info/entry_points.txt
[1.091s] writing requirements to ../../build/hb_task_1b/hb_task_1b.egg-info/requires.txt
[1.091s] writing top-level names to ../../build/hb_task_1b/hb_task_1b.egg-info/top_level.txt
[1.092s] writing manifest file '../../build/hb_task_1b/hb_task_1b.egg-info/SOURCES.txt'
[1.094s] reading manifest file '../../build/hb_task_1b/hb_task_1b.egg-info/SOURCES.txt'
[1.095s] writing manifest file '../../build/hb_task_1b/hb_task_1b.egg-info/SOURCES.txt'
[1.095s] running build
[1.095s] running build_py
[1.095s] creating /home/g10/eyrc_hb/hb_task1b_ws/build/hb_task_1b/build
[1.095s] creating /home/g10/eyrc_hb/hb_task1b_ws/build/hb_task_1b/build/lib
[1.095s] creating /home/g10/eyrc_hb/hb_task1b_ws/build/hb_task_1b/build/lib/hb_task_1b
[1.095s] copying hb_task_1b/service_node.py -> /home/g10/eyrc_hb/hb_task1b_ws/build/hb_task_1b/build/lib/hb_task_1b
[1.095s] copying hb_task_1b/__init__.py -> /home/g10/eyrc_hb/hb_task1b_ws/build/hb_task_1b/build/lib/hb_task_1b
[1.095s] copying hb_task_1b/controller.py -> /home/g10/eyrc_hb/hb_task1b_ws/build/hb_task_1b/build/lib/hb_task_1b
[1.095s] running build_scripts
[1.095s] creating /home/g10/eyrc_hb/hb_task1b_ws/build/hb_task_1b/build/scripts-3.10
[1.095s] copying script/service_node.py -> /home/g10/eyrc_hb/hb_task1b_ws/build/hb_task_1b/build/scripts-3.10
[1.095s] copying script/controller.py -> /home/g10/eyrc_hb/hb_task1b_ws/build/hb_task_1b/build/scripts-3.10
[1.095s] changing mode of /home/g10/eyrc_hb/hb_task1b_ws/build/hb_task_1b/build/scripts-3.10/service_node.py from 664 to 775
[1.095s] running install
[1.096s] running install_lib
[1.096s] creating /home/g10/eyrc_hb/hb_task1b_ws/install/hb_task_1b/lib/python3.10/site-packages/hb_task_1b
[1.096s] copying /home/g10/eyrc_hb/hb_task1b_ws/build/hb_task_1b/build/lib/hb_task_1b/service_node.py -> /home/g10/eyrc_hb/hb_task1b_ws/install/hb_task_1b/lib/python3.10/site-packages/hb_task_1b
[1.096s] copying /home/g10/eyrc_hb/hb_task1b_ws/build/hb_task_1b/build/lib/hb_task_1b/__init__.py -> /home/g10/eyrc_hb/hb_task1b_ws/install/hb_task_1b/lib/python3.10/site-packages/hb_task_1b
[1.096s] copying /home/g10/eyrc_hb/hb_task1b_ws/build/hb_task_1b/build/lib/hb_task_1b/controller.py -> /home/g10/eyrc_hb/hb_task1b_ws/install/hb_task_1b/lib/python3.10/site-packages/hb_task_1b
[1.097s] byte-compiling /home/g10/eyrc_hb/hb_task1b_ws/install/hb_task_1b/lib/python3.10/site-packages/hb_task_1b/service_node.py to service_node.cpython-310.pyc
[1.098s] byte-compiling /home/g10/eyrc_hb/hb_task1b_ws/install/hb_task_1b/lib/python3.10/site-packages/hb_task_1b/__init__.py to __init__.cpython-310.pyc
[1.098s] byte-compiling /home/g10/eyrc_hb/hb_task1b_ws/install/hb_task_1b/lib/python3.10/site-packages/hb_task_1b/controller.py to controller.cpython-310.pyc
[1.099s] running install_data
[1.099s] creating /home/g10/eyrc_hb/hb_task1b_ws/install/hb_task_1b/share/ament_index
[1.099s] creating /home/g10/eyrc_hb/hb_task1b_ws/install/hb_task_1b/share/ament_index/resource_index
[1.099s] creating /home/g10/eyrc_hb/hb_task1b_ws/install/hb_task_1b/share/ament_index/resource_index/packages
[1.099s] copying resource/hb_task_1b -> /home/g10/eyrc_hb/hb_task1b_ws/install/hb_task_1b/share/ament_index/resource_index/packages
[1.099s] copying package.xml -> /home/g10/eyrc_hb/hb_task1b_ws/install/hb_task_1b/share/hb_task_1b
[1.099s] creating /home/g10/eyrc_hb/hb_task1b_ws/install/hb_task_1b/share/hb_task_1b/launch
[1.100s] copying launch/gazebo.launch.py -> /home/g10/eyrc_hb/hb_task1b_ws/install/hb_task_1b/share/hb_task_1b/launch
[1.100s] copying launch/hb_task1b.launch.py -> /home/g10/eyrc_hb/hb_task1b_ws/install/hb_task_1b/share/hb_task_1b/launch
[1.100s] creating /home/g10/eyrc_hb/hb_task1b_ws/install/hb_task_1b/share/hb_task_1b/urdf
[1.100s] copying urdf/hb_bot.urdf.xacro -> /home/g10/eyrc_hb/hb_task1b_ws/install/hb_task_1b/share/hb_task_1b/urdf
[1.100s] copying urdf/materials.xacro -> /home/g10/eyrc_hb/hb_task1b_ws/install/hb_task_1b/share/hb_task_1b/urdf
[1.100s] creating /home/g10/eyrc_hb/hb_task1b_ws/install/hb_task_1b/share/hb_task_1b/meshes
[1.100s] copying meshes/wheel.stl -> /home/g10/eyrc_hb/hb_task1b_ws/install/hb_task_1b/share/hb_task_1b/meshes
[1.105s] copying meshes/base.dae -> /home/g10/eyrc_hb/hb_task1b_ws/install/hb_task_1b/share/hb_task_1b/meshes
[1.106s] copying meshes/17eyantra_logo_large e.png -> /home/g10/eyrc_hb/hb_task1b_ws/install/hb_task_1b/share/hb_task_1b/meshes
[1.106s] creating /home/g10/eyrc_hb/hb_task1b_ws/install/hb_task_1b/share/hb_task_1b/config
[1.106s] creating /home/g10/eyrc_hb/hb_task1b_ws/install/hb_task_1b/share/hb_task_1b/worlds
[1.106s] copying worlds/gazebo.world -> /home/g10/eyrc_hb/hb_task1b_ws/install/hb_task_1b/share/hb_task_1b/worlds
[1.106s] running install_egg_info
[1.108s] Copying ../../build/hb_task_1b/hb_task_1b.egg-info to /home/g10/eyrc_hb/hb_task1b_ws/install/hb_task_1b/lib/python3.10/site-packages/hb_task_1b-0.0.0-py3.10.egg-info
[1.109s] running install_scripts
[1.129s] creating /home/g10/eyrc_hb/hb_task1b_ws/install/hb_task_1b/lib/hb_task_1b
[1.129s] copying /home/g10/eyrc_hb/hb_task1b_ws/build/hb_task_1b/build/scripts-3.10/service_node.py -> /home/g10/eyrc_hb/hb_task1b_ws/install/hb_task_1b/lib/hb_task_1b
[1.129s] copying /home/g10/eyrc_hb/hb_task1b_ws/build/hb_task_1b/build/scripts-3.10/controller.py -> /home/g10/eyrc_hb/hb_task1b_ws/install/hb_task_1b/lib/hb_task_1b
[1.129s] changing mode of /home/g10/eyrc_hb/hb_task1b_ws/install/hb_task_1b/lib/hb_task_1b/service_node.py to 775
[1.129s] changing mode of /home/g10/eyrc_hb/hb_task1b_ws/install/hb_task_1b/lib/hb_task_1b/controller.py to 775
[1.130s] Installing controllernode script to /home/g10/eyrc_hb/hb_task1b_ws/install/hb_task_1b/lib/hb_task_1b
[1.130s] Installing servicenode script to /home/g10/eyrc_hb/hb_task1b_ws/install/hb_task_1b/lib/hb_task_1b
[1.130s] writing list of installed files to '/home/g10/eyrc_hb/hb_task1b_ws/build/hb_task_1b/install.log'
[1.155s] Invoked command in '/home/g10/eyrc_hb/hb_task1b_ws/src/hb_task_1b' returned '0': PYTHONPATH=/home/g10/eyrc_hb/hb_task1b_ws/build/hb_task_1b/prefix_override:/home/g10/eyrc_hb/hb_task1b_ws/install/hb_task_1b/lib/python3.10/site-packages:${PYTHONPATH} /usr/bin/python3 setup.py egg_info --egg-base ../../build/hb_task_1b build --build-base /home/g10/eyrc_hb/hb_task1b_ws/build/hb_task_1b/build install --record /home/g10/eyrc_hb/hb_task1b_ws/build/hb_task_1b/install.log --single-version-externally-managed
