[1.482s] Invoking command in '/home/vaishnavi/eyrc23_hb_1520/hb_task_1_ws/hb_task1a_ws/src/hb_task_1a': PYTHONPATH=/home/vaishnavi/eyrc23_hb_1520/hb_task_1_ws/hb_task1a_ws/build/hb_task_1a/prefix_override:/home/vaishnavi/eyrc23_hb_1520/hb_task_1_ws/hb_task1a_ws/install/hb_task_1a/lib/python3.10/site-packages:${PYTHONPATH} /usr/bin/python3 setup.py egg_info --egg-base ../../build/hb_task_1a build --build-base /home/vaishnavi/eyrc23_hb_1520/hb_task_1_ws/hb_task1a_ws/build/hb_task_1a/build install --record /home/vaishnavi/eyrc23_hb_1520/hb_task_1_ws/hb_task1a_ws/build/hb_task_1a/install.log --single-version-externally-managed
[1.981s] running egg_info
[1.981s] creating ../../build/hb_task_1a/hb_task_1a.egg-info
[1.982s] writing ../../build/hb_task_1a/hb_task_1a.egg-info/PKG-INFO
[1.982s] writing dependency_links to ../../build/hb_task_1a/hb_task_1a.egg-info/dependency_links.txt
[1.982s] writing entry points to ../../build/hb_task_1a/hb_task_1a.egg-info/entry_points.txt
[1.982s] writing requirements to ../../build/hb_task_1a/hb_task_1a.egg-info/requires.txt
[1.982s] writing top-level names to ../../build/hb_task_1a/hb_task_1a.egg-info/top_level.txt
[1.983s] writing manifest file '../../build/hb_task_1a/hb_task_1a.egg-info/SOURCES.txt'
[1.985s] reading manifest file '../../build/hb_task_1a/hb_task_1a.egg-info/SOURCES.txt'
[1.987s] writing manifest file '../../build/hb_task_1a/hb_task_1a.egg-info/SOURCES.txt'
[1.987s] running build
[1.987s] running build_py
[1.987s] creating /home/vaishnavi/eyrc23_hb_1520/hb_task_1_ws/hb_task1a_ws/build/hb_task_1a/build
[1.987s] creating /home/vaishnavi/eyrc23_hb_1520/hb_task_1_ws/hb_task1a_ws/build/hb_task_1a/build/lib
[1.988s] creating /home/vaishnavi/eyrc23_hb_1520/hb_task_1_ws/hb_task1a_ws/build/hb_task_1a/build/lib/hb_task_1a
[1.988s] copying hb_task_1a/__init__.py -> /home/vaishnavi/eyrc23_hb_1520/hb_task_1_ws/hb_task1a_ws/build/hb_task_1a/build/lib/hb_task_1a
[1.988s] copying hb_task_1a/task_1a_1520.py -> /home/vaishnavi/eyrc23_hb_1520/hb_task_1_ws/hb_task1a_ws/build/hb_task_1a/build/lib/hb_task_1a
[1.997s] running install
[1.998s] running install_lib
[1.999s] creating /home/vaishnavi/eyrc23_hb_1520/hb_task_1_ws/hb_task1a_ws/install/hb_task_1a/lib/python3.10/site-packages/hb_task_1a
[1.999s] copying /home/vaishnavi/eyrc23_hb_1520/hb_task_1_ws/hb_task1a_ws/build/hb_task_1a/build/lib/hb_task_1a/__init__.py -> /home/vaishnavi/eyrc23_hb_1520/hb_task_1_ws/hb_task1a_ws/install/hb_task_1a/lib/python3.10/site-packages/hb_task_1a
[1.999s] copying /home/vaishnavi/eyrc23_hb_1520/hb_task_1_ws/hb_task1a_ws/build/hb_task_1a/build/lib/hb_task_1a/task_1a_1520.py -> /home/vaishnavi/eyrc23_hb_1520/hb_task_1_ws/hb_task1a_ws/install/hb_task_1a/lib/python3.10/site-packages/hb_task_1a
[2.000s] byte-compiling /home/vaishnavi/eyrc23_hb_1520/hb_task_1_ws/hb_task1a_ws/install/hb_task_1a/lib/python3.10/site-packages/hb_task_1a/__init__.py to __init__.cpython-310.pyc
[2.001s] byte-compiling /home/vaishnavi/eyrc23_hb_1520/hb_task_1_ws/hb_task1a_ws/install/hb_task_1a/lib/python3.10/site-packages/hb_task_1a/task_1a_1520.py to task_1a_1520.cpython-310.pyc
[2.002s] running install_data
[2.003s] creating /home/vaishnavi/eyrc23_hb_1520/hb_task_1_ws/hb_task1a_ws/install/hb_task_1a/share/ament_index
[2.003s] creating /home/vaishnavi/eyrc23_hb_1520/hb_task_1_ws/hb_task1a_ws/install/hb_task_1a/share/ament_index/resource_index
[2.003s] creating /home/vaishnavi/eyrc23_hb_1520/hb_task_1_ws/hb_task1a_ws/install/hb_task_1a/share/ament_index/resource_index/packages
[2.003s] copying resource/hb_task_1a -> /home/vaishnavi/eyrc23_hb_1520/hb_task_1_ws/hb_task1a_ws/install/hb_task_1a/share/ament_index/resource_index/packages
[2.003s] copying package.xml -> /home/vaishnavi/eyrc23_hb_1520/hb_task_1_ws/hb_task1a_ws/install/hb_task_1a/share/hb_task_1a
[2.003s] running install_egg_info
[2.005s] Copying ../../build/hb_task_1a/hb_task_1a.egg-info to /home/vaishnavi/eyrc23_hb_1520/hb_task_1_ws/hb_task1a_ws/install/hb_task_1a/lib/python3.10/site-packages/hb_task_1a-0.0.0-py3.10.egg-info
[2.006s] running install_scripts
[2.043s] Installing task_1a_1520 script to /home/vaishnavi/eyrc23_hb_1520/hb_task_1_ws/hb_task1a_ws/install/hb_task_1a/lib/hb_task_1a
[2.044s] writing list of installed files to '/home/vaishnavi/eyrc23_hb_1520/hb_task_1_ws/hb_task1a_ws/build/hb_task_1a/install.log'
[2.098s] Invoked command in '/home/vaishnavi/eyrc23_hb_1520/hb_task_1_ws/hb_task1a_ws/src/hb_task_1a' returned '0': PYTHONPATH=/home/vaishnavi/eyrc23_hb_1520/hb_task_1_ws/hb_task1a_ws/build/hb_task_1a/prefix_override:/home/vaishnavi/eyrc23_hb_1520/hb_task_1_ws/hb_task1a_ws/install/hb_task_1a/lib/python3.10/site-packages:${PYTHONPATH} /usr/bin/python3 setup.py egg_info --egg-base ../../build/hb_task_1a build --build-base /home/vaishnavi/eyrc23_hb_1520/hb_task_1_ws/hb_task1a_ws/build/hb_task_1a/build install --record /home/vaishnavi/eyrc23_hb_1520/hb_task_1_ws/hb_task1a_ws/build/hb_task_1a/install.log --single-version-externally-managed
