running egg_info
writing ../../build/hb_task_1a/hb_task_1a.egg-info/PKG-INFO
writing dependency_links to ../../build/hb_task_1a/hb_task_1a.egg-info/dependency_links.txt
writing entry points to ../../build/hb_task_1a/hb_task_1a.egg-info/entry_points.txt
writing requirements to ../../build/hb_task_1a/hb_task_1a.egg-info/requires.txt
writing top-level names to ../../build/hb_task_1a/hb_task_1a.egg-info/top_level.txt
reading manifest file '../../build/hb_task_1a/hb_task_1a.egg-info/SOURCES.txt'
writing manifest file '../../build/hb_task_1a/hb_task_1a.egg-info/SOURCES.txt'
running build
running build_py
copying hb_task_1a/aaise_hi.py -> /home/g10/eyrc_hb/hb_task1a_ws/build/hb_task_1a/build/lib/hb_task_1a
running install
running install_lib
copying /home/g10/eyrc_hb/hb_task1a_ws/build/hb_task_1a/build/lib/hb_task_1a/aaise_hi.py -> /home/g10/eyrc_hb/hb_task1a_ws/install/hb_task_1a/lib/python3.10/site-packages/hb_task_1a
byte-compiling /home/g10/eyrc_hb/hb_task1a_ws/install/hb_task_1a/lib/python3.10/site-packages/hb_task_1a/aaise_hi.py to aaise_hi.cpython-310.pyc
running install_data
running install_egg_info
removing '/home/g10/eyrc_hb/hb_task1a_ws/install/hb_task_1a/lib/python3.10/site-packages/hb_task_1a-0.0.0-py3.10.egg-info' (and everything under it)
Copying ../../build/hb_task_1a/hb_task_1a.egg-info to /home/g10/eyrc_hb/hb_task1a_ws/install/hb_task_1a/lib/python3.10/site-packages/hb_task_1a-0.0.0-py3.10.egg-info
running install_scripts
Installing SnowMan_1520_executable_node script to /home/g10/eyrc_hb/hb_task1a_ws/install/hb_task_1a/lib/hb_task_1a
writing list of installed files to '/home/g10/eyrc_hb/hb_task1a_ws/build/hb_task_1a/install.log'
