[0.133s] Invoking command in '/home/vaishnavi/eyrc23_hb_1520/hb_task_1_ws/hb_task1b_ws/build/my_robot_interfaces': CMAKE_PREFIX_PATH=/opt/ros/humble /usr/bin/cmake /home/vaishnavi/eyrc23_hb_1520/hb_task_1_ws/hb_task1b_ws/src/my_robot_interfaces -DCMAKE_INSTALL_PREFIX=/home/vaishnavi/eyrc23_hb_1520/hb_task_1_ws/hb_task1b_ws/install/my_robot_interfaces
[0.256s] -- The C compiler identification is GNU 11.4.0
[0.359s] -- The CXX compiler identification is GNU 11.4.0
[0.373s] -- Detecting C compiler ABI info
[0.505s] -- Detecting C compiler ABI info - done
[0.518s] -- Check for working C compiler: /usr/bin/cc - skipped
[0.519s] -- Detecting C compile features
[0.519s] -- Detecting C compile features - done
[0.525s] -- Detecting CXX compiler ABI info
[0.677s] -- Detecting CXX compiler ABI info - done
[0.691s] -- Check for working CXX compiler: /usr/bin/c++ - skipped
[0.692s] -- Detecting CXX compile features
[0.693s] -- Detecting CXX compile features - done
[0.696s] -- Found ament_cmake: 1.3.5 (/opt/ros/humble/share/ament_cmake/cmake)
[1.017s] -- Found Python3: /usr/bin/python3.10 (found version "3.10.12") found components: Interpreter 
[1.169s] -- Found rosidl_default_generators: 1.2.0 (/opt/ros/humble/share/rosidl_default_generators/cmake)
[1.173s] -- Using all available rosidl_typesupport_c: rosidl_typesupport_fastrtps_c;rosidl_typesupport_introspection_c
[1.182s] -- Found rosidl_adapter: 3.1.5 (/opt/ros/humble/share/rosidl_adapter/cmake)
[1.253s] -- Using all available rosidl_typesupport_cpp: rosidl_typesupport_fastrtps_cpp;rosidl_typesupport_introspection_cpp
[1.792s] -- Found ament_cmake_ros: 0.10.0 (/opt/ros/humble/share/ament_cmake_ros/cmake)
[2.116s] -- Using all available rosidl_typesupport_c: rosidl_typesupport_fastrtps_c;rosidl_typesupport_introspection_c
[2.551s] -- Using all available rosidl_typesupport_cpp: rosidl_typesupport_fastrtps_cpp;rosidl_typesupport_introspection_cpp
[2.594s] -- Found PythonInterp: /usr/bin/python3 (found suitable version "3.10.12", minimum required is "3.6") 
[2.596s] -- Found python_cmake_module: 0.10.0 (/opt/ros/humble/share/python_cmake_module/cmake)
[2.642s] -- Found PythonLibs: /usr/lib/x86_64-linux-gnu/libpython3.10.so (found suitable version "3.10.12", minimum required is "3.5") 
[2.642s] -- Using PYTHON_EXECUTABLE: /usr/bin/python3
[2.642s] -- Using PYTHON_INCLUDE_DIRS: /usr/include/python3.10
[2.642s] -- Using PYTHON_LIBRARIES: /usr/lib/x86_64-linux-gnu/libpython3.10.so
[2.683s] -- Found PythonExtra: .so  
[2.746s] -- Configuring done
[2.792s] -- Generating done
[2.797s] -- Build files have been written to: /home/vaishnavi/eyrc23_hb_1520/hb_task_1_ws/hb_task1b_ws/build/my_robot_interfaces
[2.814s] Invoked command in '/home/vaishnavi/eyrc23_hb_1520/hb_task_1_ws/hb_task1b_ws/build/my_robot_interfaces' returned '0': CMAKE_PREFIX_PATH=/opt/ros/humble /usr/bin/cmake /home/vaishnavi/eyrc23_hb_1520/hb_task_1_ws/hb_task1b_ws/src/my_robot_interfaces -DCMAKE_INSTALL_PREFIX=/home/vaishnavi/eyrc23_hb_1520/hb_task_1_ws/hb_task1b_ws/install/my_robot_interfaces
[2.818s] Invoking command in '/home/vaishnavi/eyrc23_hb_1520/hb_task_1_ws/hb_task1b_ws/build/my_robot_interfaces': CMAKE_PREFIX_PATH=/opt/ros/humble /usr/bin/cmake --build /home/vaishnavi/eyrc23_hb_1520/hb_task_1_ws/hb_task1b_ws/build/my_robot_interfaces -- -j8 -l8
[2.899s] [  3%] [34m[1mGenerating C code for ROS interfaces[0m
[2.916s] [  6%] [34m[1mGenerating C++ code for ROS interfaces[0m
[2.932s] [  6%] Built target ament_cmake_python_copy_my_robot_interfaces
[3.478s] [  9%] [32mBuilding C object CMakeFiles/my_robot_interfaces__rosidl_generator_c.dir/rosidl_generator_c/my_robot_interfaces/srv/detail/next_goal__functions.c.o[0m
[3.481s] [  9%] Built target my_robot_interfaces__cpp
[3.486s] running egg_info
[3.487s] creating my_robot_interfaces.egg-info
[3.488s] writing my_robot_interfaces.egg-info/PKG-INFO
[3.488s] writing dependency_links to my_robot_interfaces.egg-info/dependency_links.txt
[3.488s] writing top-level names to my_robot_interfaces.egg-info/top_level.txt
[3.489s] writing manifest file 'my_robot_interfaces.egg-info/SOURCES.txt'
[3.493s] reading manifest file 'my_robot_interfaces.egg-info/SOURCES.txt'
[3.494s] writing manifest file 'my_robot_interfaces.egg-info/SOURCES.txt'
[3.502s] [ 12%] [34m[1mGenerating C++ introspection for ROS interfaces[0m
[3.508s] [ 19%] [34m[1mGenerating C++ type support dispatch for ROS interfaces[0m
[3.508s] [ 19%] [34m[1mGenerating C++ type support for eProsima Fast-RTPS[0m
[3.565s] [ 19%] Built target ament_cmake_python_build_my_robot_interfaces_egg
[3.599s] [ 22%] [32m[1mLinking C shared library libmy_robot_interfaces__rosidl_generator_c.so[0m
[3.693s] [ 22%] Built target my_robot_interfaces__rosidl_generator_c
[3.717s] [ 25%] [34m[1mGenerating C type support for eProsima Fast-RTPS[0m
[3.719s] [ 29%] [34m[1mGenerating C introspection for ROS interfaces[0m
[3.720s] [ 32%] [34m[1mGenerating C type support dispatch for ROS interfaces[0m
[4.124s] [ 35%] [32mBuilding CXX object CMakeFiles/my_robot_interfaces__rosidl_typesupport_fastrtps_cpp.dir/rosidl_typesupport_fastrtps_cpp/my_robot_interfaces/srv/detail/dds_fastrtps/next_goal__type_support.cpp.o[0m
[4.241s] [ 38%] [32mBuilding CXX object CMakeFiles/my_robot_interfaces__rosidl_typesupport_cpp.dir/rosidl_typesupport_cpp/my_robot_interfaces/srv/next_goal__type_support.cpp.o[0m
[4.271s] [ 41%] [32mBuilding CXX object CMakeFiles/my_robot_interfaces__rosidl_typesupport_introspection_cpp.dir/rosidl_typesupport_introspection_cpp/my_robot_interfaces/srv/detail/next_goal__type_support.cpp.o[0m
[4.322s] [ 45%] [32mBuilding C object CMakeFiles/my_robot_interfaces__rosidl_typesupport_introspection_c.dir/rosidl_typesupport_introspection_c/my_robot_interfaces/srv/detail/next_goal__type_support.c.o[0m
[4.418s] [ 48%] [32m[1mLinking C shared library libmy_robot_interfaces__rosidl_typesupport_introspection_c.so[0m
[4.427s] [ 51%] [32mBuilding CXX object CMakeFiles/my_robot_interfaces__rosidl_typesupport_c.dir/rosidl_typesupport_c/my_robot_interfaces/srv/next_goal__type_support.cpp.o[0m
[4.506s] [ 54%] [32m[1mLinking CXX shared library libmy_robot_interfaces__rosidl_typesupport_c.so[0m
[4.508s] [ 54%] Built target my_robot_interfaces__rosidl_typesupport_introspection_c
[4.540s] [ 58%] [32mBuilding CXX object CMakeFiles/my_robot_interfaces__rosidl_typesupport_fastrtps_c.dir/rosidl_typesupport_fastrtps_c/my_robot_interfaces/srv/detail/next_goal__type_support_c.cpp.o[0m
[4.594s] [ 58%] Built target my_robot_interfaces__rosidl_typesupport_c
[4.929s] [ 61%] [32m[1mLinking CXX shared library libmy_robot_interfaces__rosidl_typesupport_cpp.so[0m
[5.015s] [ 61%] Built target my_robot_interfaces__rosidl_typesupport_cpp
[5.081s] [ 64%] [32m[1mLinking CXX shared library libmy_robot_interfaces__rosidl_typesupport_introspection_cpp.so[0m
[5.106s] [ 67%] [32m[1mLinking CXX shared library libmy_robot_interfaces__rosidl_typesupport_fastrtps_cpp.so[0m
[5.165s] [ 67%] Built target my_robot_interfaces__rosidl_typesupport_introspection_cpp
[5.263s] [ 70%] [32m[1mLinking CXX shared library libmy_robot_interfaces__rosidl_typesupport_fastrtps_c.so[0m
[5.280s] [ 70%] Built target my_robot_interfaces__rosidl_typesupport_fastrtps_cpp
[5.419s] [ 70%] Built target my_robot_interfaces__rosidl_typesupport_fastrtps_c
[5.463s] [ 70%] Built target my_robot_interfaces
[5.501s] [ 74%] [34m[1mGenerating Python code for ROS interfaces[0m
[6.188s] [ 74%] Built target my_robot_interfaces__py
[6.223s] [ 77%] [32mBuilding C object CMakeFiles/my_robot_interfaces__rosidl_generator_py.dir/rosidl_generator_py/my_robot_interfaces/srv/_next_goal_s.c.o[0m
[6.423s] [ 80%] [32m[1mLinking C shared library rosidl_generator_py/my_robot_interfaces/libmy_robot_interfaces__rosidl_generator_py.so[0m
[6.500s] [ 80%] Built target my_robot_interfaces__rosidl_generator_py
[6.535s] [ 83%] [32mBuilding C object CMakeFiles/my_robot_interfaces__rosidl_typesupport_fastrtps_c__pyext.dir/rosidl_generator_py/my_robot_interfaces/_my_robot_interfaces_s.ep.rosidl_typesupport_fastrtps_c.c.o[0m
[6.536s] [ 87%] [32mBuilding C object CMakeFiles/my_robot_interfaces__rosidl_typesupport_c__pyext.dir/rosidl_generator_py/my_robot_interfaces/_my_robot_interfaces_s.ep.rosidl_typesupport_c.c.o[0m
[6.536s] [ 90%] [32mBuilding C object CMakeFiles/my_robot_interfaces__rosidl_typesupport_introspection_c__pyext.dir/rosidl_generator_py/my_robot_interfaces/_my_robot_interfaces_s.ep.rosidl_typesupport_introspection_c.c.o[0m
[6.712s] [ 93%] [32m[1mLinking C shared library rosidl_generator_py/my_robot_interfaces/my_robot_interfaces_s__rosidl_typesupport_c.cpython-310-x86_64-linux-gnu.so[0m
[6.712s] [100%] [32m[1mLinking C shared library rosidl_generator_py/my_robot_interfaces/my_robot_interfaces_s__rosidl_typesupport_fastrtps_c.cpython-310-x86_64-linux-gnu.so[0m
[6.713s] [100%] [32m[1mLinking C shared library rosidl_generator_py/my_robot_interfaces/my_robot_interfaces_s__rosidl_typesupport_introspection_c.cpython-310-x86_64-linux-gnu.so[0m
[6.777s] [100%] Built target my_robot_interfaces__rosidl_typesupport_c__pyext
[6.777s] [100%] Built target my_robot_interfaces__rosidl_typesupport_introspection_c__pyext
[6.777s] [100%] Built target my_robot_interfaces__rosidl_typesupport_fastrtps_c__pyext
[6.798s] Invoked command in '/home/vaishnavi/eyrc23_hb_1520/hb_task_1_ws/hb_task1b_ws/build/my_robot_interfaces' returned '0': CMAKE_PREFIX_PATH=/opt/ros/humble /usr/bin/cmake --build /home/vaishnavi/eyrc23_hb_1520/hb_task_1_ws/hb_task1b_ws/build/my_robot_interfaces -- -j8 -l8
[6.919s] Invoking command in '/home/vaishnavi/eyrc23_hb_1520/hb_task_1_ws/hb_task1b_ws/build/my_robot_interfaces': CMAKE_PREFIX_PATH=/opt/ros/humble /usr/bin/cmake --install /home/vaishnavi/eyrc23_hb_1520/hb_task_1_ws/hb_task1b_ws/build/my_robot_interfaces
[6.934s] -- Install configuration: ""
[6.935s] -- Installing: /home/vaishnavi/eyrc23_hb_1520/hb_task_1_ws/hb_task1b_ws/install/my_robot_interfaces/share/ament_index/resource_index/rosidl_interfaces/my_robot_interfaces
[6.935s] -- Installing: /home/vaishnavi/eyrc23_hb_1520/hb_task_1_ws/hb_task1b_ws/install/my_robot_interfaces/include/my_robot_interfaces/my_robot_interfaces
[6.935s] -- Installing: /home/vaishnavi/eyrc23_hb_1520/hb_task_1_ws/hb_task1b_ws/install/my_robot_interfaces/include/my_robot_interfaces/my_robot_interfaces/msg
[6.935s] -- Installing: /home/vaishnavi/eyrc23_hb_1520/hb_task_1_ws/hb_task1b_ws/install/my_robot_interfaces/include/my_robot_interfaces/my_robot_interfaces/msg/rosidl_generator_c__visibility_control.h
[6.936s] -- Installing: /home/vaishnavi/eyrc23_hb_1520/hb_task_1_ws/hb_task1b_ws/install/my_robot_interfaces/include/my_robot_interfaces/my_robot_interfaces/srv
[6.936s] -- Installing: /home/vaishnavi/eyrc23_hb_1520/hb_task_1_ws/hb_task1b_ws/install/my_robot_interfaces/include/my_robot_interfaces/my_robot_interfaces/srv/next_goal.h
[6.936s] -- Installing: /home/vaishnavi/eyrc23_hb_1520/hb_task_1_ws/hb_task1b_ws/install/my_robot_interfaces/include/my_robot_interfaces/my_robot_interfaces/srv/detail
[6.936s] -- Installing: /home/vaishnavi/eyrc23_hb_1520/hb_task_1_ws/hb_task1b_ws/install/my_robot_interfaces/include/my_robot_interfaces/my_robot_interfaces/srv/detail/next_goal__struct.h
[6.936s] -- Installing: /home/vaishnavi/eyrc23_hb_1520/hb_task_1_ws/hb_task1b_ws/install/my_robot_interfaces/include/my_robot_interfaces/my_robot_interfaces/srv/detail/next_goal__type_support.h
[6.936s] -- Installing: /home/vaishnavi/eyrc23_hb_1520/hb_task_1_ws/hb_task1b_ws/install/my_robot_interfaces/include/my_robot_interfaces/my_robot_interfaces/srv/detail/next_goal__functions.h
[6.936s] -- Installing: /home/vaishnavi/eyrc23_hb_1520/hb_task_1_ws/hb_task1b_ws/install/my_robot_interfaces/include/my_robot_interfaces/my_robot_interfaces/srv/detail/next_goal__functions.c
[6.936s] -- Installing: /home/vaishnavi/eyrc23_hb_1520/hb_task_1_ws/hb_task1b_ws/install/my_robot_interfaces/share/my_robot_interfaces/environment/library_path.sh
[6.937s] -- Installing: /home/vaishnavi/eyrc23_hb_1520/hb_task_1_ws/hb_task1b_ws/install/my_robot_interfaces/share/my_robot_interfaces/environment/library_path.dsv
[6.937s] -- Installing: /home/vaishnavi/eyrc23_hb_1520/hb_task_1_ws/hb_task1b_ws/install/my_robot_interfaces/lib/libmy_robot_interfaces__rosidl_generator_c.so
[6.937s] -- Set runtime path of "/home/vaishnavi/eyrc23_hb_1520/hb_task_1_ws/hb_task1b_ws/install/my_robot_interfaces/lib/libmy_robot_interfaces__rosidl_generator_c.so" to ""
[6.937s] -- Up-to-date: /home/vaishnavi/eyrc23_hb_1520/hb_task_1_ws/hb_task1b_ws/install/my_robot_interfaces/include/my_robot_interfaces/my_robot_interfaces
[6.937s] -- Up-to-date: /home/vaishnavi/eyrc23_hb_1520/hb_task_1_ws/hb_task1b_ws/install/my_robot_interfaces/include/my_robot_interfaces/my_robot_interfaces/msg
[6.938s] -- Installing: /home/vaishnavi/eyrc23_hb_1520/hb_task_1_ws/hb_task1b_ws/install/my_robot_interfaces/include/my_robot_interfaces/my_robot_interfaces/msg/rosidl_typesupport_fastrtps_c__visibility_control.h
[6.938s] -- Up-to-date: /home/vaishnavi/eyrc23_hb_1520/hb_task_1_ws/hb_task1b_ws/install/my_robot_interfaces/include/my_robot_interfaces/my_robot_interfaces/srv
[6.938s] -- Up-to-date: /home/vaishnavi/eyrc23_hb_1520/hb_task_1_ws/hb_task1b_ws/install/my_robot_interfaces/include/my_robot_interfaces/my_robot_interfaces/srv/detail
[6.938s] -- Installing: /home/vaishnavi/eyrc23_hb_1520/hb_task_1_ws/hb_task1b_ws/install/my_robot_interfaces/include/my_robot_interfaces/my_robot_interfaces/srv/detail/next_goal__rosidl_typesupport_fastrtps_c.h
[6.938s] -- Installing: /home/vaishnavi/eyrc23_hb_1520/hb_task_1_ws/hb_task1b_ws/install/my_robot_interfaces/lib/libmy_robot_interfaces__rosidl_typesupport_fastrtps_c.so
[6.939s] -- Set runtime path of "/home/vaishnavi/eyrc23_hb_1520/hb_task_1_ws/hb_task1b_ws/install/my_robot_interfaces/lib/libmy_robot_interfaces__rosidl_typesupport_fastrtps_c.so" to ""
[6.939s] -- Up-to-date: /home/vaishnavi/eyrc23_hb_1520/hb_task_1_ws/hb_task1b_ws/install/my_robot_interfaces/include/my_robot_interfaces/my_robot_interfaces
[6.939s] -- Up-to-date: /home/vaishnavi/eyrc23_hb_1520/hb_task_1_ws/hb_task1b_ws/install/my_robot_interfaces/include/my_robot_interfaces/my_robot_interfaces/msg
[6.939s] -- Installing: /home/vaishnavi/eyrc23_hb_1520/hb_task_1_ws/hb_task1b_ws/install/my_robot_interfaces/include/my_robot_interfaces/my_robot_interfaces/msg/rosidl_typesupport_introspection_c__visibility_control.h
[6.939s] -- Up-to-date: /home/vaishnavi/eyrc23_hb_1520/hb_task_1_ws/hb_task1b_ws/install/my_robot_interfaces/include/my_robot_interfaces/my_robot_interfaces/srv
[6.939s] -- Up-to-date: /home/vaishnavi/eyrc23_hb_1520/hb_task_1_ws/hb_task1b_ws/install/my_robot_interfaces/include/my_robot_interfaces/my_robot_interfaces/srv/detail
[6.940s] -- Installing: /home/vaishnavi/eyrc23_hb_1520/hb_task_1_ws/hb_task1b_ws/install/my_robot_interfaces/include/my_robot_interfaces/my_robot_interfaces/srv/detail/next_goal__type_support.c
[6.940s] -- Installing: /home/vaishnavi/eyrc23_hb_1520/hb_task_1_ws/hb_task1b_ws/install/my_robot_interfaces/include/my_robot_interfaces/my_robot_interfaces/srv/detail/next_goal__rosidl_typesupport_introspection_c.h
[6.940s] -- Installing: /home/vaishnavi/eyrc23_hb_1520/hb_task_1_ws/hb_task1b_ws/install/my_robot_interfaces/lib/libmy_robot_interfaces__rosidl_typesupport_introspection_c.so
[6.940s] -- Set runtime path of "/home/vaishnavi/eyrc23_hb_1520/hb_task_1_ws/hb_task1b_ws/install/my_robot_interfaces/lib/libmy_robot_interfaces__rosidl_typesupport_introspection_c.so" to ""
[6.940s] -- Installing: /home/vaishnavi/eyrc23_hb_1520/hb_task_1_ws/hb_task1b_ws/install/my_robot_interfaces/lib/libmy_robot_interfaces__rosidl_typesupport_c.so
[6.941s] -- Set runtime path of "/home/vaishnavi/eyrc23_hb_1520/hb_task_1_ws/hb_task1b_ws/install/my_robot_interfaces/lib/libmy_robot_interfaces__rosidl_typesupport_c.so" to ""
[6.941s] -- Up-to-date: /home/vaishnavi/eyrc23_hb_1520/hb_task_1_ws/hb_task1b_ws/install/my_robot_interfaces/include/my_robot_interfaces/my_robot_interfaces
[6.941s] -- Up-to-date: /home/vaishnavi/eyrc23_hb_1520/hb_task_1_ws/hb_task1b_ws/install/my_robot_interfaces/include/my_robot_interfaces/my_robot_interfaces/srv
[6.941s] -- Up-to-date: /home/vaishnavi/eyrc23_hb_1520/hb_task_1_ws/hb_task1b_ws/install/my_robot_interfaces/include/my_robot_interfaces/my_robot_interfaces/srv/detail
[6.941s] -- Installing: /home/vaishnavi/eyrc23_hb_1520/hb_task_1_ws/hb_task1b_ws/install/my_robot_interfaces/include/my_robot_interfaces/my_robot_interfaces/srv/detail/next_goal__traits.hpp
[6.941s] -- Installing: /home/vaishnavi/eyrc23_hb_1520/hb_task_1_ws/hb_task1b_ws/install/my_robot_interfaces/include/my_robot_interfaces/my_robot_interfaces/srv/detail/next_goal__struct.hpp
[6.941s] -- Installing: /home/vaishnavi/eyrc23_hb_1520/hb_task_1_ws/hb_task1b_ws/install/my_robot_interfaces/include/my_robot_interfaces/my_robot_interfaces/srv/detail/next_goal__builder.hpp
[6.941s] -- Installing: /home/vaishnavi/eyrc23_hb_1520/hb_task_1_ws/hb_task1b_ws/install/my_robot_interfaces/include/my_robot_interfaces/my_robot_interfaces/srv/next_goal.hpp
[6.942s] -- Up-to-date: /home/vaishnavi/eyrc23_hb_1520/hb_task_1_ws/hb_task1b_ws/install/my_robot_interfaces/include/my_robot_interfaces/my_robot_interfaces
[6.942s] -- Up-to-date: /home/vaishnavi/eyrc23_hb_1520/hb_task_1_ws/hb_task1b_ws/install/my_robot_interfaces/include/my_robot_interfaces/my_robot_interfaces/msg
[6.942s] -- Installing: /home/vaishnavi/eyrc23_hb_1520/hb_task_1_ws/hb_task1b_ws/install/my_robot_interfaces/include/my_robot_interfaces/my_robot_interfaces/msg/rosidl_typesupport_fastrtps_cpp__visibility_control.h
[6.942s] -- Up-to-date: /home/vaishnavi/eyrc23_hb_1520/hb_task_1_ws/hb_task1b_ws/install/my_robot_interfaces/include/my_robot_interfaces/my_robot_interfaces/srv
[6.943s] -- Up-to-date: /home/vaishnavi/eyrc23_hb_1520/hb_task_1_ws/hb_task1b_ws/install/my_robot_interfaces/include/my_robot_interfaces/my_robot_interfaces/srv/detail
[6.943s] -- Installing: /home/vaishnavi/eyrc23_hb_1520/hb_task_1_ws/hb_task1b_ws/install/my_robot_interfaces/include/my_robot_interfaces/my_robot_interfaces/srv/detail/next_goal__rosidl_typesupport_fastrtps_cpp.hpp
[6.943s] -- Installing: /home/vaishnavi/eyrc23_hb_1520/hb_task_1_ws/hb_task1b_ws/install/my_robot_interfaces/include/my_robot_interfaces/my_robot_interfaces/srv/detail/dds_fastrtps
[6.943s] -- Installing: /home/vaishnavi/eyrc23_hb_1520/hb_task_1_ws/hb_task1b_ws/install/my_robot_interfaces/lib/libmy_robot_interfaces__rosidl_typesupport_fastrtps_cpp.so
[6.943s] -- Set runtime path of "/home/vaishnavi/eyrc23_hb_1520/hb_task_1_ws/hb_task1b_ws/install/my_robot_interfaces/lib/libmy_robot_interfaces__rosidl_typesupport_fastrtps_cpp.so" to ""
[6.943s] -- Up-to-date: /home/vaishnavi/eyrc23_hb_1520/hb_task_1_ws/hb_task1b_ws/install/my_robot_interfaces/include/my_robot_interfaces/my_robot_interfaces
[6.943s] -- Up-to-date: /home/vaishnavi/eyrc23_hb_1520/hb_task_1_ws/hb_task1b_ws/install/my_robot_interfaces/include/my_robot_interfaces/my_robot_interfaces/srv
[6.944s] -- Up-to-date: /home/vaishnavi/eyrc23_hb_1520/hb_task_1_ws/hb_task1b_ws/install/my_robot_interfaces/include/my_robot_interfaces/my_robot_interfaces/srv/detail
[6.944s] -- Installing: /home/vaishnavi/eyrc23_hb_1520/hb_task_1_ws/hb_task1b_ws/install/my_robot_interfaces/include/my_robot_interfaces/my_robot_interfaces/srv/detail/next_goal__type_support.cpp
[6.944s] -- Installing: /home/vaishnavi/eyrc23_hb_1520/hb_task_1_ws/hb_task1b_ws/install/my_robot_interfaces/include/my_robot_interfaces/my_robot_interfaces/srv/detail/next_goal__rosidl_typesupport_introspection_cpp.hpp
[6.944s] -- Installing: /home/vaishnavi/eyrc23_hb_1520/hb_task_1_ws/hb_task1b_ws/install/my_robot_interfaces/lib/libmy_robot_interfaces__rosidl_typesupport_introspection_cpp.so
[6.944s] -- Set runtime path of "/home/vaishnavi/eyrc23_hb_1520/hb_task_1_ws/hb_task1b_ws/install/my_robot_interfaces/lib/libmy_robot_interfaces__rosidl_typesupport_introspection_cpp.so" to ""
[6.944s] -- Installing: /home/vaishnavi/eyrc23_hb_1520/hb_task_1_ws/hb_task1b_ws/install/my_robot_interfaces/lib/libmy_robot_interfaces__rosidl_typesupport_cpp.so
[6.944s] -- Set runtime path of "/home/vaishnavi/eyrc23_hb_1520/hb_task_1_ws/hb_task1b_ws/install/my_robot_interfaces/lib/libmy_robot_interfaces__rosidl_typesupport_cpp.so" to ""
[6.945s] -- Installing: /home/vaishnavi/eyrc23_hb_1520/hb_task_1_ws/hb_task1b_ws/install/my_robot_interfaces/share/my_robot_interfaces/environment/pythonpath.sh
[6.945s] -- Installing: /home/vaishnavi/eyrc23_hb_1520/hb_task_1_ws/hb_task1b_ws/install/my_robot_interfaces/share/my_robot_interfaces/environment/pythonpath.dsv
[6.945s] -- Installing: /home/vaishnavi/eyrc23_hb_1520/hb_task_1_ws/hb_task1b_ws/install/my_robot_interfaces/local/lib/python3.10/dist-packages/my_robot_interfaces-0.0.0-py3.10.egg-info
[6.945s] -- Installing: /home/vaishnavi/eyrc23_hb_1520/hb_task_1_ws/hb_task1b_ws/install/my_robot_interfaces/local/lib/python3.10/dist-packages/my_robot_interfaces-0.0.0-py3.10.egg-info/top_level.txt
[6.945s] -- Installing: /home/vaishnavi/eyrc23_hb_1520/hb_task_1_ws/hb_task1b_ws/install/my_robot_interfaces/local/lib/python3.10/dist-packages/my_robot_interfaces-0.0.0-py3.10.egg-info/SOURCES.txt
[6.945s] -- Installing: /home/vaishnavi/eyrc23_hb_1520/hb_task_1_ws/hb_task1b_ws/install/my_robot_interfaces/local/lib/python3.10/dist-packages/my_robot_interfaces-0.0.0-py3.10.egg-info/dependency_links.txt
[6.946s] -- Installing: /home/vaishnavi/eyrc23_hb_1520/hb_task_1_ws/hb_task1b_ws/install/my_robot_interfaces/local/lib/python3.10/dist-packages/my_robot_interfaces-0.0.0-py3.10.egg-info/PKG-INFO
[6.946s] -- Installing: /home/vaishnavi/eyrc23_hb_1520/hb_task_1_ws/hb_task1b_ws/install/my_robot_interfaces/local/lib/python3.10/dist-packages/my_robot_interfaces
[6.946s] -- Installing: /home/vaishnavi/eyrc23_hb_1520/hb_task_1_ws/hb_task1b_ws/install/my_robot_interfaces/local/lib/python3.10/dist-packages/my_robot_interfaces/_my_robot_interfaces_s.ep.rosidl_typesupport_c.c
[6.946s] -- Installing: /home/vaishnavi/eyrc23_hb_1520/hb_task_1_ws/hb_task1b_ws/install/my_robot_interfaces/local/lib/python3.10/dist-packages/my_robot_interfaces/_my_robot_interfaces_s.ep.rosidl_typesupport_fastrtps_c.c
[6.946s] -- Installing: /home/vaishnavi/eyrc23_hb_1520/hb_task_1_ws/hb_task1b_ws/install/my_robot_interfaces/local/lib/python3.10/dist-packages/my_robot_interfaces/my_robot_interfaces_s__rosidl_typesupport_introspection_c.cpython-310-x86_64-linux-gnu.so
[6.947s] -- Installing: /home/vaishnavi/eyrc23_hb_1520/hb_task_1_ws/hb_task1b_ws/install/my_robot_interfaces/local/lib/python3.10/dist-packages/my_robot_interfaces/__init__.py
[6.947s] -- Installing: /home/vaishnavi/eyrc23_hb_1520/hb_task_1_ws/hb_task1b_ws/install/my_robot_interfaces/local/lib/python3.10/dist-packages/my_robot_interfaces/libmy_robot_interfaces__rosidl_generator_py.so
[6.947s] -- Installing: /home/vaishnavi/eyrc23_hb_1520/hb_task_1_ws/hb_task1b_ws/install/my_robot_interfaces/local/lib/python3.10/dist-packages/my_robot_interfaces/my_robot_interfaces_s__rosidl_typesupport_fastrtps_c.cpython-310-x86_64-linux-gnu.so
[6.947s] -- Installing: /home/vaishnavi/eyrc23_hb_1520/hb_task_1_ws/hb_task1b_ws/install/my_robot_interfaces/local/lib/python3.10/dist-packages/my_robot_interfaces/_my_robot_interfaces_s.ep.rosidl_typesupport_introspection_c.c
[6.947s] -- Installing: /home/vaishnavi/eyrc23_hb_1520/hb_task_1_ws/hb_task1b_ws/install/my_robot_interfaces/local/lib/python3.10/dist-packages/my_robot_interfaces/srv
[6.947s] -- Installing: /home/vaishnavi/eyrc23_hb_1520/hb_task_1_ws/hb_task1b_ws/install/my_robot_interfaces/local/lib/python3.10/dist-packages/my_robot_interfaces/srv/_next_goal.py
[6.948s] -- Installing: /home/vaishnavi/eyrc23_hb_1520/hb_task_1_ws/hb_task1b_ws/install/my_robot_interfaces/local/lib/python3.10/dist-packages/my_robot_interfaces/srv/_next_goal_s.c
[6.948s] -- Installing: /home/vaishnavi/eyrc23_hb_1520/hb_task_1_ws/hb_task1b_ws/install/my_robot_interfaces/local/lib/python3.10/dist-packages/my_robot_interfaces/srv/__init__.py
[6.948s] -- Installing: /home/vaishnavi/eyrc23_hb_1520/hb_task_1_ws/hb_task1b_ws/install/my_robot_interfaces/local/lib/python3.10/dist-packages/my_robot_interfaces/my_robot_interfaces_s__rosidl_typesupport_c.cpython-310-x86_64-linux-gnu.so
[7.019s] Listing '/home/vaishnavi/eyrc23_hb_1520/hb_task_1_ws/hb_task1b_ws/install/my_robot_interfaces/local/lib/python3.10/dist-packages/my_robot_interfaces'...
[7.019s] Compiling '/home/vaishnavi/eyrc23_hb_1520/hb_task_1_ws/hb_task1b_ws/install/my_robot_interfaces/local/lib/python3.10/dist-packages/my_robot_interfaces/__init__.py'...
[7.019s] Listing '/home/vaishnavi/eyrc23_hb_1520/hb_task_1_ws/hb_task1b_ws/install/my_robot_interfaces/local/lib/python3.10/dist-packages/my_robot_interfaces/srv'...
[7.019s] Compiling '/home/vaishnavi/eyrc23_hb_1520/hb_task_1_ws/hb_task1b_ws/install/my_robot_interfaces/local/lib/python3.10/dist-packages/my_robot_interfaces/srv/__init__.py'...
[7.019s] Compiling '/home/vaishnavi/eyrc23_hb_1520/hb_task_1_ws/hb_task1b_ws/install/my_robot_interfaces/local/lib/python3.10/dist-packages/my_robot_interfaces/srv/_next_goal.py'...
[7.027s] -- Installing: /home/vaishnavi/eyrc23_hb_1520/hb_task_1_ws/hb_task1b_ws/install/my_robot_interfaces/local/lib/python3.10/dist-packages/my_robot_interfaces/my_robot_interfaces_s__rosidl_typesupport_fastrtps_c.cpython-310-x86_64-linux-gnu.so
[7.027s] -- Set runtime path of "/home/vaishnavi/eyrc23_hb_1520/hb_task_1_ws/hb_task1b_ws/install/my_robot_interfaces/local/lib/python3.10/dist-packages/my_robot_interfaces/my_robot_interfaces_s__rosidl_typesupport_fastrtps_c.cpython-310-x86_64-linux-gnu.so" to ""
[7.027s] -- Installing: /home/vaishnavi/eyrc23_hb_1520/hb_task_1_ws/hb_task1b_ws/install/my_robot_interfaces/local/lib/python3.10/dist-packages/my_robot_interfaces/my_robot_interfaces_s__rosidl_typesupport_introspection_c.cpython-310-x86_64-linux-gnu.so
[7.028s] -- Set runtime path of "/home/vaishnavi/eyrc23_hb_1520/hb_task_1_ws/hb_task1b_ws/install/my_robot_interfaces/local/lib/python3.10/dist-packages/my_robot_interfaces/my_robot_interfaces_s__rosidl_typesupport_introspection_c.cpython-310-x86_64-linux-gnu.so" to ""
[7.028s] -- Installing: /home/vaishnavi/eyrc23_hb_1520/hb_task_1_ws/hb_task1b_ws/install/my_robot_interfaces/local/lib/python3.10/dist-packages/my_robot_interfaces/my_robot_interfaces_s__rosidl_typesupport_c.cpython-310-x86_64-linux-gnu.so
[7.029s] -- Set runtime path of "/home/vaishnavi/eyrc23_hb_1520/hb_task_1_ws/hb_task1b_ws/install/my_robot_interfaces/local/lib/python3.10/dist-packages/my_robot_interfaces/my_robot_interfaces_s__rosidl_typesupport_c.cpython-310-x86_64-linux-gnu.so" to ""
[7.029s] -- Installing: /home/vaishnavi/eyrc23_hb_1520/hb_task_1_ws/hb_task1b_ws/install/my_robot_interfaces/lib/libmy_robot_interfaces__rosidl_generator_py.so
[7.029s] -- Set runtime path of "/home/vaishnavi/eyrc23_hb_1520/hb_task_1_ws/hb_task1b_ws/install/my_robot_interfaces/lib/libmy_robot_interfaces__rosidl_generator_py.so" to ""
[7.029s] -- Installing: /home/vaishnavi/eyrc23_hb_1520/hb_task_1_ws/hb_task1b_ws/install/my_robot_interfaces/share/my_robot_interfaces/srv/NextGoal.idl
[7.030s] -- Installing: /home/vaishnavi/eyrc23_hb_1520/hb_task_1_ws/hb_task1b_ws/install/my_robot_interfaces/share/my_robot_interfaces/srv/NextGoal.srv
[7.030s] -- Installing: /home/vaishnavi/eyrc23_hb_1520/hb_task_1_ws/hb_task1b_ws/install/my_robot_interfaces/share/my_robot_interfaces/srv/NextGoal_Request.msg
[7.030s] -- Installing: /home/vaishnavi/eyrc23_hb_1520/hb_task_1_ws/hb_task1b_ws/install/my_robot_interfaces/share/my_robot_interfaces/srv/NextGoal_Response.msg
[7.030s] -- Installing: /home/vaishnavi/eyrc23_hb_1520/hb_task_1_ws/hb_task1b_ws/install/my_robot_interfaces/share/ament_index/resource_index/package_run_dependencies/my_robot_interfaces
[7.030s] -- Installing: /home/vaishnavi/eyrc23_hb_1520/hb_task_1_ws/hb_task1b_ws/install/my_robot_interfaces/share/ament_index/resource_index/parent_prefix_path/my_robot_interfaces
[7.031s] -- Installing: /home/vaishnavi/eyrc23_hb_1520/hb_task_1_ws/hb_task1b_ws/install/my_robot_interfaces/share/my_robot_interfaces/environment/ament_prefix_path.sh
[7.031s] -- Installing: /home/vaishnavi/eyrc23_hb_1520/hb_task_1_ws/hb_task1b_ws/install/my_robot_interfaces/share/my_robot_interfaces/environment/ament_prefix_path.dsv
[7.031s] -- Installing: /home/vaishnavi/eyrc23_hb_1520/hb_task_1_ws/hb_task1b_ws/install/my_robot_interfaces/share/my_robot_interfaces/environment/path.sh
[7.031s] -- Installing: /home/vaishnavi/eyrc23_hb_1520/hb_task_1_ws/hb_task1b_ws/install/my_robot_interfaces/share/my_robot_interfaces/environment/path.dsv
[7.031s] -- Installing: /home/vaishnavi/eyrc23_hb_1520/hb_task_1_ws/hb_task1b_ws/install/my_robot_interfaces/share/my_robot_interfaces/local_setup.bash
[7.032s] -- Installing: /home/vaishnavi/eyrc23_hb_1520/hb_task_1_ws/hb_task1b_ws/install/my_robot_interfaces/share/my_robot_interfaces/local_setup.sh
[7.032s] -- Installing: /home/vaishnavi/eyrc23_hb_1520/hb_task_1_ws/hb_task1b_ws/install/my_robot_interfaces/share/my_robot_interfaces/local_setup.zsh
[7.032s] -- Installing: /home/vaishnavi/eyrc23_hb_1520/hb_task_1_ws/hb_task1b_ws/install/my_robot_interfaces/share/my_robot_interfaces/local_setup.dsv
[7.032s] -- Installing: /home/vaishnavi/eyrc23_hb_1520/hb_task_1_ws/hb_task1b_ws/install/my_robot_interfaces/share/my_robot_interfaces/package.dsv
[7.032s] -- Installing: /home/vaishnavi/eyrc23_hb_1520/hb_task_1_ws/hb_task1b_ws/install/my_robot_interfaces/share/ament_index/resource_index/packages/my_robot_interfaces
[7.033s] -- Installing: /home/vaishnavi/eyrc23_hb_1520/hb_task_1_ws/hb_task1b_ws/install/my_robot_interfaces/share/my_robot_interfaces/cmake/export_my_robot_interfaces__rosidl_generator_cExport.cmake
[7.033s] -- Installing: /home/vaishnavi/eyrc23_hb_1520/hb_task_1_ws/hb_task1b_ws/install/my_robot_interfaces/share/my_robot_interfaces/cmake/export_my_robot_interfaces__rosidl_generator_cExport-noconfig.cmake
[7.033s] -- Installing: /home/vaishnavi/eyrc23_hb_1520/hb_task_1_ws/hb_task1b_ws/install/my_robot_interfaces/share/my_robot_interfaces/cmake/export_my_robot_interfaces__rosidl_typesupport_fastrtps_cExport.cmake
[7.033s] -- Installing: /home/vaishnavi/eyrc23_hb_1520/hb_task_1_ws/hb_task1b_ws/install/my_robot_interfaces/share/my_robot_interfaces/cmake/export_my_robot_interfaces__rosidl_typesupport_fastrtps_cExport-noconfig.cmake
[7.034s] -- Installing: /home/vaishnavi/eyrc23_hb_1520/hb_task_1_ws/hb_task1b_ws/install/my_robot_interfaces/share/my_robot_interfaces/cmake/my_robot_interfaces__rosidl_typesupport_introspection_cExport.cmake
[7.034s] -- Installing: /home/vaishnavi/eyrc23_hb_1520/hb_task_1_ws/hb_task1b_ws/install/my_robot_interfaces/share/my_robot_interfaces/cmake/my_robot_interfaces__rosidl_typesupport_introspection_cExport-noconfig.cmake
[7.034s] -- Installing: /home/vaishnavi/eyrc23_hb_1520/hb_task_1_ws/hb_task1b_ws/install/my_robot_interfaces/share/my_robot_interfaces/cmake/my_robot_interfaces__rosidl_typesupport_cExport.cmake
[7.034s] -- Installing: /home/vaishnavi/eyrc23_hb_1520/hb_task_1_ws/hb_task1b_ws/install/my_robot_interfaces/share/my_robot_interfaces/cmake/my_robot_interfaces__rosidl_typesupport_cExport-noconfig.cmake
[7.034s] -- Installing: /home/vaishnavi/eyrc23_hb_1520/hb_task_1_ws/hb_task1b_ws/install/my_robot_interfaces/share/my_robot_interfaces/cmake/export_my_robot_interfaces__rosidl_generator_cppExport.cmake
[7.035s] -- Installing: /home/vaishnavi/eyrc23_hb_1520/hb_task_1_ws/hb_task1b_ws/install/my_robot_interfaces/share/my_robot_interfaces/cmake/export_my_robot_interfaces__rosidl_typesupport_fastrtps_cppExport.cmake
[7.035s] -- Installing: /home/vaishnavi/eyrc23_hb_1520/hb_task_1_ws/hb_task1b_ws/install/my_robot_interfaces/share/my_robot_interfaces/cmake/export_my_robot_interfaces__rosidl_typesupport_fastrtps_cppExport-noconfig.cmake
[7.035s] -- Installing: /home/vaishnavi/eyrc23_hb_1520/hb_task_1_ws/hb_task1b_ws/install/my_robot_interfaces/share/my_robot_interfaces/cmake/my_robot_interfaces__rosidl_typesupport_introspection_cppExport.cmake
[7.035s] -- Installing: /home/vaishnavi/eyrc23_hb_1520/hb_task_1_ws/hb_task1b_ws/install/my_robot_interfaces/share/my_robot_interfaces/cmake/my_robot_interfaces__rosidl_typesupport_introspection_cppExport-noconfig.cmake
[7.035s] -- Installing: /home/vaishnavi/eyrc23_hb_1520/hb_task_1_ws/hb_task1b_ws/install/my_robot_interfaces/share/my_robot_interfaces/cmake/my_robot_interfaces__rosidl_typesupport_cppExport.cmake
[7.036s] -- Installing: /home/vaishnavi/eyrc23_hb_1520/hb_task_1_ws/hb_task1b_ws/install/my_robot_interfaces/share/my_robot_interfaces/cmake/my_robot_interfaces__rosidl_typesupport_cppExport-noconfig.cmake
[7.036s] -- Installing: /home/vaishnavi/eyrc23_hb_1520/hb_task_1_ws/hb_task1b_ws/install/my_robot_interfaces/share/my_robot_interfaces/cmake/export_my_robot_interfaces__rosidl_generator_pyExport.cmake
[7.036s] -- Installing: /home/vaishnavi/eyrc23_hb_1520/hb_task_1_ws/hb_task1b_ws/install/my_robot_interfaces/share/my_robot_interfaces/cmake/export_my_robot_interfaces__rosidl_generator_pyExport-noconfig.cmake
[7.036s] -- Installing: /home/vaishnavi/eyrc23_hb_1520/hb_task_1_ws/hb_task1b_ws/install/my_robot_interfaces/share/my_robot_interfaces/cmake/rosidl_cmake-extras.cmake
[7.036s] -- Installing: /home/vaishnavi/eyrc23_hb_1520/hb_task_1_ws/hb_task1b_ws/install/my_robot_interfaces/share/my_robot_interfaces/cmake/ament_cmake_export_include_directories-extras.cmake
[7.037s] -- Installing: /home/vaishnavi/eyrc23_hb_1520/hb_task_1_ws/hb_task1b_ws/install/my_robot_interfaces/share/my_robot_interfaces/cmake/ament_cmake_export_libraries-extras.cmake
[7.037s] -- Installing: /home/vaishnavi/eyrc23_hb_1520/hb_task_1_ws/hb_task1b_ws/install/my_robot_interfaces/share/my_robot_interfaces/cmake/ament_cmake_export_targets-extras.cmake
[7.037s] -- Installing: /home/vaishnavi/eyrc23_hb_1520/hb_task_1_ws/hb_task1b_ws/install/my_robot_interfaces/share/my_robot_interfaces/cmake/rosidl_cmake_export_typesupport_targets-extras.cmake
[7.037s] -- Installing: /home/vaishnavi/eyrc23_hb_1520/hb_task_1_ws/hb_task1b_ws/install/my_robot_interfaces/share/my_robot_interfaces/cmake/ament_cmake_export_dependencies-extras.cmake
[7.037s] -- Installing: /home/vaishnavi/eyrc23_hb_1520/hb_task_1_ws/hb_task1b_ws/install/my_robot_interfaces/share/my_robot_interfaces/cmake/rosidl_cmake_export_typesupport_libraries-extras.cmake
[7.038s] -- Installing: /home/vaishnavi/eyrc23_hb_1520/hb_task_1_ws/hb_task1b_ws/install/my_robot_interfaces/share/my_robot_interfaces/cmake/my_robot_interfacesConfig.cmake
[7.038s] -- Installing: /home/vaishnavi/eyrc23_hb_1520/hb_task_1_ws/hb_task1b_ws/install/my_robot_interfaces/share/my_robot_interfaces/cmake/my_robot_interfacesConfig-version.cmake
[7.038s] -- Installing: /home/vaishnavi/eyrc23_hb_1520/hb_task_1_ws/hb_task1b_ws/install/my_robot_interfaces/share/my_robot_interfaces/package.xml
[7.041s] Invoked command in '/home/vaishnavi/eyrc23_hb_1520/hb_task_1_ws/hb_task1b_ws/build/my_robot_interfaces' returned '0': CMAKE_PREFIX_PATH=/opt/ros/humble /usr/bin/cmake --install /home/vaishnavi/eyrc23_hb_1520/hb_task_1_ws/hb_task1b_ws/build/my_robot_interfaces
