[0.822s] Invoking command in '/home/g10/eyrc_hb/hb_task1b_ws/src/hb_task_1b': PYTHONPATH=/home/g10/eyrc_hb/hb_task1b_ws/build/hb_task_1b/prefix_override:/home/g10/eyrc_hb/hb_task1b_ws/install/hb_task_1b/lib/python3.10/site-packages:${PYTHONPATH} /usr/bin/python3 setup.py egg_info --egg-base ../../build/hb_task_1b build --build-base /home/g10/eyrc_hb/hb_task1b_ws/build/hb_task_1b/build install --record /home/g10/eyrc_hb/hb_task1b_ws/build/hb_task_1b/install.log --single-version-externally-managed
[1.075s] running egg_info
[1.075s] creating ../../build/hb_task_1b/hb_task_1b.egg-info
[1.076s] writing ../../build/hb_task_1b/hb_task_1b.egg-info/PKG-INFO
[1.076s] writing dependency_links to ../../build/hb_task_1b/hb_task_1b.egg-info/dependency_links.txt
[1.076s] writing entry points to ../../build/hb_task_1b/hb_task_1b.egg-info/entry_points.txt
[1.076s] writing requirements to ../../build/hb_task_1b/hb_task_1b.egg-info/requires.txt
[1.076s] writing top-level names to ../../build/hb_task_1b/hb_task_1b.egg-info/top_level.txt
[1.076s] writing manifest file '../../build/hb_task_1b/hb_task_1b.egg-info/SOURCES.txt'
[1.078s] reading manifest file '../../build/hb_task_1b/hb_task_1b.egg-info/SOURCES.txt'
[1.079s] writing manifest file '../../build/hb_task_1b/hb_task_1b.egg-info/SOURCES.txt'
[1.079s] running build
[1.079s] running build_py
[1.079s] creating /home/g10/eyrc_hb/hb_task1b_ws/build/hb_task_1b/build
[1.079s] creating /home/g10/eyrc_hb/hb_task1b_ws/build/hb_task_1b/build/lib
[1.079s] creating /home/g10/eyrc_hb/hb_task1b_ws/build/hb_task_1b/build/lib/hb_task_1b
[1.079s] copying hb_task_1b/__init__.py -> /home/g10/eyrc_hb/hb_task1b_ws/build/hb_task_1b/build/lib/hb_task_1b
[1.080s] running install
[1.080s] running install_lib
[1.080s] creating /home/g10/eyrc_hb/hb_task1b_ws/install/hb_task_1b/lib/python3.10/site-packages/hb_task_1b
[1.080s] copying /home/g10/eyrc_hb/hb_task1b_ws/build/hb_task_1b/build/lib/hb_task_1b/__init__.py -> /home/g10/eyrc_hb/hb_task1b_ws/install/hb_task_1b/lib/python3.10/site-packages/hb_task_1b
[1.080s] byte-compiling /home/g10/eyrc_hb/hb_task1b_ws/install/hb_task_1b/lib/python3.10/site-packages/hb_task_1b/__init__.py to __init__.cpython-310.pyc
[1.080s] running install_data
[1.081s] creating /home/g10/eyrc_hb/hb_task1b_ws/install/hb_task_1b/share/ament_index
[1.081s] creating /home/g10/eyrc_hb/hb_task1b_ws/install/hb_task_1b/share/ament_index/resource_index
[1.081s] creating /home/g10/eyrc_hb/hb_task1b_ws/install/hb_task_1b/share/ament_index/resource_index/packages
[1.081s] copying resource/hb_task_1b -> /home/g10/eyrc_hb/hb_task1b_ws/install/hb_task_1b/share/ament_index/resource_index/packages
[1.082s] copying package.xml -> /home/g10/eyrc_hb/hb_task1b_ws/install/hb_task_1b/share/hb_task_1b
[1.082s] running install_egg_info
[1.083s] Copying ../../build/hb_task_1b/hb_task_1b.egg-info to /home/g10/eyrc_hb/hb_task1b_ws/install/hb_task_1b/lib/python3.10/site-packages/hb_task_1b-0.0.0-py3.10.egg-info
[1.084s] running install_scripts
[1.104s] writing list of installed files to '/home/g10/eyrc_hb/hb_task1b_ws/build/hb_task_1b/install.log'
[1.128s] Invoked command in '/home/g10/eyrc_hb/hb_task1b_ws/src/hb_task_1b' returned '0': PYTHONPATH=/home/g10/eyrc_hb/hb_task1b_ws/build/hb_task_1b/prefix_override:/home/g10/eyrc_hb/hb_task1b_ws/install/hb_task_1b/lib/python3.10/site-packages:${PYTHONPATH} /usr/bin/python3 setup.py egg_info --egg-base ../../build/hb_task_1b build --build-base /home/g10/eyrc_hb/hb_task1b_ws/build/hb_task_1b/build install --record /home/g10/eyrc_hb/hb_task1b_ws/build/hb_task_1b/install.log --single-version-externally-managed
