running develop
running egg_info
creating hb_task2b.egg-info
writing hb_task2b.egg-info/PKG-INFO
writing dependency_links to hb_task2b.egg-info/dependency_links.txt
writing entry points to hb_task2b.egg-info/entry_points.txt
writing requirements to hb_task2b.egg-info/requires.txt
writing top-level names to hb_task2b.egg-info/top_level.txt
writing manifest file 'hb_task2b.egg-info/SOURCES.txt'
reading manifest file 'hb_task2b.egg-info/SOURCES.txt'
writing manifest file 'hb_task2b.egg-info/SOURCES.txt'
running build_ext
Creating /home/vaishnavi/eyrc23_hb_1520/hb_task_2_ws/install/hb_task2b/lib/python3.10/site-packages/hb-task2b.egg-link (link to .)
Installing controller script to /home/vaishnavi/eyrc23_hb_1520/hb_task_2_ws/install/hb_task2b/lib/hb_task2b
Installing nextgoalpub= hb_task2b.nextGoalPub:mainfeedback script to /home/vaishnavi/eyrc23_hb_1520/hb_task_2_ws/install/hb_task2b/lib/hb_task2b

Installed /home/vaishnavi/eyrc23_hb_1520/hb_task_2_ws/build/hb_task2b
running install_data
creating /home/vaishnavi/eyrc23_hb_1520/hb_task_2_ws/install/hb_task2b/share/ament_index
creating /home/vaishnavi/eyrc23_hb_1520/hb_task_2_ws/install/hb_task2b/share/ament_index/resource_index
creating /home/vaishnavi/eyrc23_hb_1520/hb_task_2_ws/install/hb_task2b/share/ament_index/resource_index/packages
copying resource/hb_task2b -> /home/vaishnavi/eyrc23_hb_1520/hb_task_2_ws/install/hb_task2b/share/ament_index/resource_index/packages
copying package.xml -> /home/vaishnavi/eyrc23_hb_1520/hb_task_2_ws/install/hb_task2b/share/hb_task2b
creating /home/vaishnavi/eyrc23_hb_1520/hb_task_2_ws/install/hb_task2b/share/hb_task2b/launch
copying launch/controller.launch.py -> /home/vaishnavi/eyrc23_hb_1520/hb_task_2_ws/install/hb_task2b/share/hb_task2b/launch
copying launch/task2b.launch.py -> /home/vaishnavi/eyrc23_hb_1520/hb_task_2_ws/install/hb_task2b/share/hb_task2b/launch
creating /home/vaishnavi/eyrc23_hb_1520/hb_task_2_ws/install/hb_task2b/share/hb_task2b/scripts
