[1.159s] Invoking command in '/home/vaishnavi/eyrc23_hb_1520/hb_task_2_ws/build/hb_task2b': PYTHONPATH=/home/vaishnavi/eyrc23_hb_1520/hb_task_2_ws/build/hb_task2b/prefix_override:/home/vaishnavi/eyrc23_hb_1520/hb_task_2_ws/install/hb_task2b/lib/python3.10/site-packages:${PYTHONPATH} /usr/bin/python3 setup.py develop --editable --build-directory /home/vaishnavi/eyrc23_hb_1520/hb_task_2_ws/build/hb_task2b/build --no-deps install_data
[1.579s] running develop
[1.931s] running egg_info
[1.931s] creating hb_task2b.egg-info
[1.932s] writing hb_task2b.egg-info/PKG-INFO
[1.932s] writing dependency_links to hb_task2b.egg-info/dependency_links.txt
[1.932s] writing entry points to hb_task2b.egg-info/entry_points.txt
[1.932s] writing requirements to hb_task2b.egg-info/requires.txt
[1.932s] writing top-level names to hb_task2b.egg-info/top_level.txt
[1.932s] writing manifest file 'hb_task2b.egg-info/SOURCES.txt'
[1.935s] reading manifest file 'hb_task2b.egg-info/SOURCES.txt'
[1.936s] writing manifest file 'hb_task2b.egg-info/SOURCES.txt'
[1.937s] running build_ext
[1.938s] Creating /home/vaishnavi/eyrc23_hb_1520/hb_task_2_ws/install/hb_task2b/lib/python3.10/site-packages/hb-task2b.egg-link (link to .)
[1.939s] Installing controller script to /home/vaishnavi/eyrc23_hb_1520/hb_task_2_ws/install/hb_task2b/lib/hb_task2b
[1.939s] Installing nextgoalpub= hb_task2b.nextGoalPub:mainfeedback script to /home/vaishnavi/eyrc23_hb_1520/hb_task_2_ws/install/hb_task2b/lib/hb_task2b
[1.939s] 
[1.939s] Installed /home/vaishnavi/eyrc23_hb_1520/hb_task_2_ws/build/hb_task2b
[1.939s] running install_data
[1.940s] creating /home/vaishnavi/eyrc23_hb_1520/hb_task_2_ws/install/hb_task2b/share/ament_index
[1.940s] creating /home/vaishnavi/eyrc23_hb_1520/hb_task_2_ws/install/hb_task2b/share/ament_index/resource_index
[1.940s] creating /home/vaishnavi/eyrc23_hb_1520/hb_task_2_ws/install/hb_task2b/share/ament_index/resource_index/packages
[1.940s] copying resource/hb_task2b -> /home/vaishnavi/eyrc23_hb_1520/hb_task_2_ws/install/hb_task2b/share/ament_index/resource_index/packages
[1.940s] copying package.xml -> /home/vaishnavi/eyrc23_hb_1520/hb_task_2_ws/install/hb_task2b/share/hb_task2b
[1.940s] creating /home/vaishnavi/eyrc23_hb_1520/hb_task_2_ws/install/hb_task2b/share/hb_task2b/launch
[1.941s] copying launch/controller.launch.py -> /home/vaishnavi/eyrc23_hb_1520/hb_task_2_ws/install/hb_task2b/share/hb_task2b/launch
[1.941s] copying launch/task2b.launch.py -> /home/vaishnavi/eyrc23_hb_1520/hb_task_2_ws/install/hb_task2b/share/hb_task2b/launch
[1.941s] creating /home/vaishnavi/eyrc23_hb_1520/hb_task_2_ws/install/hb_task2b/share/hb_task2b/scripts
[1.985s] Invoked command in '/home/vaishnavi/eyrc23_hb_1520/hb_task_2_ws/build/hb_task2b' returned '0': PYTHONPATH=/home/vaishnavi/eyrc23_hb_1520/hb_task_2_ws/build/hb_task2b/prefix_override:/home/vaishnavi/eyrc23_hb_1520/hb_task_2_ws/install/hb_task2b/lib/python3.10/site-packages:${PYTHONPATH} /usr/bin/python3 setup.py develop --editable --build-directory /home/vaishnavi/eyrc23_hb_1520/hb_task_2_ws/build/hb_task2b/build --no-deps install_data
