running egg_info
creating ../../../build/hb_task2b/hb_task2b.egg-info
writing ../../../build/hb_task2b/hb_task2b.egg-info/PKG-INFO
writing dependency_links to ../../../build/hb_task2b/hb_task2b.egg-info/dependency_links.txt
writing entry points to ../../../build/hb_task2b/hb_task2b.egg-info/entry_points.txt
writing requirements to ../../../build/hb_task2b/hb_task2b.egg-info/requires.txt
writing top-level names to ../../../build/hb_task2b/hb_task2b.egg-info/top_level.txt
writing manifest file '../../../build/hb_task2b/hb_task2b.egg-info/SOURCES.txt'
reading manifest file '../../../build/hb_task2b/hb_task2b.egg-info/SOURCES.txt'
writing manifest file '../../../build/hb_task2b/hb_task2b.egg-info/SOURCES.txt'
running build
running build_py
creating /home/vaishnavi/eyrc23_hb_1520/hb_task_2_ws/build/hb_task2b/build
creating /home/vaishnavi/eyrc23_hb_1520/hb_task_2_ws/build/hb_task2b/build/lib
creating /home/vaishnavi/eyrc23_hb_1520/hb_task_2_ws/build/hb_task2b/build/lib/hb_task2b
copying hb_task2b/nextGoalPub.py -> /home/vaishnavi/eyrc23_hb_1520/hb_task_2_ws/build/hb_task2b/build/lib/hb_task2b
copying hb_task2b/__init__.py -> /home/vaishnavi/eyrc23_hb_1520/hb_task_2_ws/build/hb_task2b/build/lib/hb_task2b
copying hb_task2b/feedback.py -> /home/vaishnavi/eyrc23_hb_1520/hb_task_2_ws/build/hb_task2b/build/lib/hb_task2b
copying hb_task2b/bot_controller.py -> /home/vaishnavi/eyrc23_hb_1520/hb_task_2_ws/build/hb_task2b/build/lib/hb_task2b
running install
running install_lib
creating /home/vaishnavi/eyrc23_hb_1520/hb_task_2_ws/install/hb_task2b/lib/python3.10/site-packages/hb_task2b
copying /home/vaishnavi/eyrc23_hb_1520/hb_task_2_ws/build/hb_task2b/build/lib/hb_task2b/nextGoalPub.py -> /home/vaishnavi/eyrc23_hb_1520/hb_task_2_ws/install/hb_task2b/lib/python3.10/site-packages/hb_task2b
copying /home/vaishnavi/eyrc23_hb_1520/hb_task_2_ws/build/hb_task2b/build/lib/hb_task2b/__init__.py -> /home/vaishnavi/eyrc23_hb_1520/hb_task_2_ws/install/hb_task2b/lib/python3.10/site-packages/hb_task2b
copying /home/vaishnavi/eyrc23_hb_1520/hb_task_2_ws/build/hb_task2b/build/lib/hb_task2b/feedback.py -> /home/vaishnavi/eyrc23_hb_1520/hb_task_2_ws/install/hb_task2b/lib/python3.10/site-packages/hb_task2b
copying /home/vaishnavi/eyrc23_hb_1520/hb_task_2_ws/build/hb_task2b/build/lib/hb_task2b/bot_controller.py -> /home/vaishnavi/eyrc23_hb_1520/hb_task_2_ws/install/hb_task2b/lib/python3.10/site-packages/hb_task2b
byte-compiling /home/vaishnavi/eyrc23_hb_1520/hb_task_2_ws/install/hb_task2b/lib/python3.10/site-packages/hb_task2b/nextGoalPub.py to nextGoalPub.cpython-310.pyc
byte-compiling /home/vaishnavi/eyrc23_hb_1520/hb_task_2_ws/install/hb_task2b/lib/python3.10/site-packages/hb_task2b/__init__.py to __init__.cpython-310.pyc
byte-compiling /home/vaishnavi/eyrc23_hb_1520/hb_task_2_ws/install/hb_task2b/lib/python3.10/site-packages/hb_task2b/feedback.py to feedback.cpython-310.pyc
byte-compiling /home/vaishnavi/eyrc23_hb_1520/hb_task_2_ws/install/hb_task2b/lib/python3.10/site-packages/hb_task2b/bot_controller.py to bot_controller.cpython-310.pyc
running install_data
creating /home/vaishnavi/eyrc23_hb_1520/hb_task_2_ws/install/hb_task2b/share/ament_index
creating /home/vaishnavi/eyrc23_hb_1520/hb_task_2_ws/install/hb_task2b/share/ament_index/resource_index
creating /home/vaishnavi/eyrc23_hb_1520/hb_task_2_ws/install/hb_task2b/share/ament_index/resource_index/packages
copying resource/hb_task2b -> /home/vaishnavi/eyrc23_hb_1520/hb_task_2_ws/install/hb_task2b/share/ament_index/resource_index/packages
copying package.xml -> /home/vaishnavi/eyrc23_hb_1520/hb_task_2_ws/install/hb_task2b/share/hb_task2b
creating /home/vaishnavi/eyrc23_hb_1520/hb_task_2_ws/install/hb_task2b/share/hb_task2b/launch
copying launch/controller.launch.py -> /home/vaishnavi/eyrc23_hb_1520/hb_task_2_ws/install/hb_task2b/share/hb_task2b/launch
copying launch/task2b.launch.py -> /home/vaishnavi/eyrc23_hb_1520/hb_task_2_ws/install/hb_task2b/share/hb_task2b/launch
creating /home/vaishnavi/eyrc23_hb_1520/hb_task_2_ws/install/hb_task2b/share/hb_task2b/scripts
running install_egg_info
Copying ../../../build/hb_task2b/hb_task2b.egg-info to /home/vaishnavi/eyrc23_hb_1520/hb_task_2_ws/install/hb_task2b/lib/python3.10/site-packages/hb_task2b-0.0.0-py3.10.egg-info
running install_scripts
Installing controller script to /home/vaishnavi/eyrc23_hb_1520/hb_task_2_ws/install/hb_task2b/lib/hb_task2b
Installing nextgoalpub= hb_task2b.nextGoalPub:mainfeedback script to /home/vaishnavi/eyrc23_hb_1520/hb_task_2_ws/install/hb_task2b/lib/hb_task2b
writing list of installed files to '/home/vaishnavi/eyrc23_hb_1520/hb_task_2_ws/build/hb_task2b/install.log'
