[1.762s] Invoking command in '/home/vaishnavi/eyrc23_hb_1520/hb_task_2_ws/src/eYRC-2023_Hologlyph_Bots/hb_task2b': PYTHONPATH=/home/vaishnavi/eyrc23_hb_1520/hb_task_2_ws/build/hb_task2b/prefix_override:/home/vaishnavi/eyrc23_hb_1520/hb_task_2_ws/install/hb_task2b/lib/python3.10/site-packages:${PYTHONPATH} /usr/bin/python3 setup.py egg_info --egg-base ../../../build/hb_task2b build --build-base /home/vaishnavi/eyrc23_hb_1520/hb_task_2_ws/build/hb_task2b/build install --record /home/vaishnavi/eyrc23_hb_1520/hb_task_2_ws/build/hb_task2b/install.log --single-version-externally-managed
[2.311s] running egg_info
[2.312s] creating ../../../build/hb_task2b/hb_task2b.egg-info
[2.312s] writing ../../../build/hb_task2b/hb_task2b.egg-info/PKG-INFO
[2.312s] writing dependency_links to ../../../build/hb_task2b/hb_task2b.egg-info/dependency_links.txt
[2.313s] writing entry points to ../../../build/hb_task2b/hb_task2b.egg-info/entry_points.txt
[2.313s] writing requirements to ../../../build/hb_task2b/hb_task2b.egg-info/requires.txt
[2.313s] writing top-level names to ../../../build/hb_task2b/hb_task2b.egg-info/top_level.txt
[2.313s] writing manifest file '../../../build/hb_task2b/hb_task2b.egg-info/SOURCES.txt'
[2.316s] reading manifest file '../../../build/hb_task2b/hb_task2b.egg-info/SOURCES.txt'
[2.317s] writing manifest file '../../../build/hb_task2b/hb_task2b.egg-info/SOURCES.txt'
[2.318s] running build
[2.318s] running build_py
[2.318s] creating /home/vaishnavi/eyrc23_hb_1520/hb_task_2_ws/build/hb_task2b/build
[2.319s] creating /home/vaishnavi/eyrc23_hb_1520/hb_task_2_ws/build/hb_task2b/build/lib
[2.319s] creating /home/vaishnavi/eyrc23_hb_1520/hb_task_2_ws/build/hb_task2b/build/lib/hb_task2b
[2.319s] copying hb_task2b/nextGoalPub.py -> /home/vaishnavi/eyrc23_hb_1520/hb_task_2_ws/build/hb_task2b/build/lib/hb_task2b
[2.319s] copying hb_task2b/__init__.py -> /home/vaishnavi/eyrc23_hb_1520/hb_task_2_ws/build/hb_task2b/build/lib/hb_task2b
[2.319s] copying hb_task2b/feedback.py -> /home/vaishnavi/eyrc23_hb_1520/hb_task_2_ws/build/hb_task2b/build/lib/hb_task2b
[2.320s] copying hb_task2b/bot_controller.py -> /home/vaishnavi/eyrc23_hb_1520/hb_task_2_ws/build/hb_task2b/build/lib/hb_task2b
[2.320s] running install
[2.320s] running install_lib
[2.322s] creating /home/vaishnavi/eyrc23_hb_1520/hb_task_2_ws/install/hb_task2b/lib/python3.10/site-packages/hb_task2b
[2.322s] copying /home/vaishnavi/eyrc23_hb_1520/hb_task_2_ws/build/hb_task2b/build/lib/hb_task2b/nextGoalPub.py -> /home/vaishnavi/eyrc23_hb_1520/hb_task_2_ws/install/hb_task2b/lib/python3.10/site-packages/hb_task2b
[2.322s] copying /home/vaishnavi/eyrc23_hb_1520/hb_task_2_ws/build/hb_task2b/build/lib/hb_task2b/__init__.py -> /home/vaishnavi/eyrc23_hb_1520/hb_task_2_ws/install/hb_task2b/lib/python3.10/site-packages/hb_task2b
[2.322s] copying /home/vaishnavi/eyrc23_hb_1520/hb_task_2_ws/build/hb_task2b/build/lib/hb_task2b/feedback.py -> /home/vaishnavi/eyrc23_hb_1520/hb_task_2_ws/install/hb_task2b/lib/python3.10/site-packages/hb_task2b
[2.323s] copying /home/vaishnavi/eyrc23_hb_1520/hb_task_2_ws/build/hb_task2b/build/lib/hb_task2b/bot_controller.py -> /home/vaishnavi/eyrc23_hb_1520/hb_task_2_ws/install/hb_task2b/lib/python3.10/site-packages/hb_task2b
[2.323s] byte-compiling /home/vaishnavi/eyrc23_hb_1520/hb_task_2_ws/install/hb_task2b/lib/python3.10/site-packages/hb_task2b/nextGoalPub.py to nextGoalPub.cpython-310.pyc
[2.326s] byte-compiling /home/vaishnavi/eyrc23_hb_1520/hb_task_2_ws/install/hb_task2b/lib/python3.10/site-packages/hb_task2b/__init__.py to __init__.cpython-310.pyc
[2.326s] byte-compiling /home/vaishnavi/eyrc23_hb_1520/hb_task_2_ws/install/hb_task2b/lib/python3.10/site-packages/hb_task2b/feedback.py to feedback.cpython-310.pyc
[2.327s] byte-compiling /home/vaishnavi/eyrc23_hb_1520/hb_task_2_ws/install/hb_task2b/lib/python3.10/site-packages/hb_task2b/bot_controller.py to bot_controller.cpython-310.pyc
[2.328s] running install_data
[2.329s] creating /home/vaishnavi/eyrc23_hb_1520/hb_task_2_ws/install/hb_task2b/share/ament_index
[2.329s] creating /home/vaishnavi/eyrc23_hb_1520/hb_task_2_ws/install/hb_task2b/share/ament_index/resource_index
[2.329s] creating /home/vaishnavi/eyrc23_hb_1520/hb_task_2_ws/install/hb_task2b/share/ament_index/resource_index/packages
[2.329s] copying resource/hb_task2b -> /home/vaishnavi/eyrc23_hb_1520/hb_task_2_ws/install/hb_task2b/share/ament_index/resource_index/packages
[2.330s] copying package.xml -> /home/vaishnavi/eyrc23_hb_1520/hb_task_2_ws/install/hb_task2b/share/hb_task2b
[2.330s] creating /home/vaishnavi/eyrc23_hb_1520/hb_task_2_ws/install/hb_task2b/share/hb_task2b/launch
[2.330s] copying launch/controller.launch.py -> /home/vaishnavi/eyrc23_hb_1520/hb_task_2_ws/install/hb_task2b/share/hb_task2b/launch
[2.330s] copying launch/task2b.launch.py -> /home/vaishnavi/eyrc23_hb_1520/hb_task_2_ws/install/hb_task2b/share/hb_task2b/launch
[2.331s] creating /home/vaishnavi/eyrc23_hb_1520/hb_task_2_ws/install/hb_task2b/share/hb_task2b/scripts
[2.331s] running install_egg_info
[2.333s] Copying ../../../build/hb_task2b/hb_task2b.egg-info to /home/vaishnavi/eyrc23_hb_1520/hb_task_2_ws/install/hb_task2b/lib/python3.10/site-packages/hb_task2b-0.0.0-py3.10.egg-info
[2.335s] running install_scripts
[2.385s] Installing controller script to /home/vaishnavi/eyrc23_hb_1520/hb_task_2_ws/install/hb_task2b/lib/hb_task2b
[2.385s] Installing nextgoalpub= hb_task2b.nextGoalPub:mainfeedback script to /home/vaishnavi/eyrc23_hb_1520/hb_task_2_ws/install/hb_task2b/lib/hb_task2b
[2.386s] writing list of installed files to '/home/vaishnavi/eyrc23_hb_1520/hb_task_2_ws/build/hb_task2b/install.log'
[2.451s] Invoked command in '/home/vaishnavi/eyrc23_hb_1520/hb_task_2_ws/src/eYRC-2023_Hologlyph_Bots/hb_task2b' returned '0': PYTHONPATH=/home/vaishnavi/eyrc23_hb_1520/hb_task_2_ws/build/hb_task2b/prefix_override:/home/vaishnavi/eyrc23_hb_1520/hb_task_2_ws/install/hb_task2b/lib/python3.10/site-packages:${PYTHONPATH} /usr/bin/python3 setup.py egg_info --egg-base ../../../build/hb_task2b build --build-base /home/vaishnavi/eyrc23_hb_1520/hb_task_2_ws/build/hb_task2b/build install --record /home/vaishnavi/eyrc23_hb_1520/hb_task_2_ws/build/hb_task2b/install.log --single-version-externally-managed
