-- The C compiler identification is GNU 11.4.0
-- The CXX compiler identification is GNU 11.4.0
-- Detecting C compiler ABI info
-- Detecting C compiler ABI info - done
-- Check for working C compiler: /usr/bin/cc - skipped
-- Detecting C compile features
-- Detecting C compile features - done
-- Detecting CXX compiler ABI info
-- Detecting CXX compiler ABI info - done
-- Check for working CXX compiler: /usr/bin/c++ - skipped
-- Detecting CXX compile features
-- Detecting CXX compile features - done
-- Found ament_cmake: 1.3.5 (/opt/ros/humble/share/ament_cmake/cmake)
-- Found Python3: /usr/bin/python3.10 (found version "3.10.12") found components: Interpreter 
-- Found rclcpp: 16.0.6 (/opt/ros/humble/share/rclcpp/cmake)
-- Found rosidl_generator_c: 3.1.5 (/opt/ros/humble/share/rosidl_generator_c/cmake)
-- Found rosidl_adapter: 3.1.5 (/opt/ros/humble/share/rosidl_adapter/cmake)
-- Found rosidl_generator_cpp: 3.1.5 (/opt/ros/humble/share/rosidl_generator_cpp/cmake)
-- Using all available rosidl_typesupport_c: rosidl_typesupport_fastrtps_c;rosidl_typesupport_introspection_c
-- Using all available rosidl_typesupport_cpp: rosidl_typesupport_fastrtps_cpp;rosidl_typesupport_introspection_cpp
-- Found rmw_implementation_cmake: 6.1.1 (/opt/ros/humble/share/rmw_implementation_cmake/cmake)
-- Found rmw_fastrtps_cpp: 6.2.4 (/opt/ros/humble/share/rmw_fastrtps_cpp/cmake)
-- Found OpenSSL: /usr/lib/x86_64-linux-gnu/libcrypto.so (found version "3.0.2")  
-- Found FastRTPS: /opt/ros/humble/include  
-- Using RMW implementation 'rmw_fastrtps_cpp' as default
-- Looking for pthread.h
-- Looking for pthread.h - found
-- Performing Test CMAKE_HAVE_LIBC_PTHREAD
-- Performing Test CMAKE_HAVE_LIBC_PTHREAD - Success
-- Found Threads: TRUE  
-- Found rclpy: 3.3.10 (/opt/ros/humble/share/rclpy/cmake)
-- Found urdf: 2.6.0 (/opt/ros/humble/share/urdf/cmake)
-- Found xacro: 2.0.8 (/opt/ros/humble/share/xacro/cmake)
-- Found ament_lint_auto: 0.12.8 (/opt/ros/humble/share/ament_lint_auto/cmake)
-- Added test 'flake8' to check Python code syntax and style conventions
-- Added test 'lint_cmake' to check CMake code style
-- Added test 'pep257' to check Python code against some of the docstring style conventions in PEP 257
-- Added test 'xmllint' to check XML markup files
-- Configuring done
-- Generating done
-- Build files have been written to: /home/vaishnavi/eyrc23_hb_1520/hb_task_2_ws/build/hb_bot
-- Install configuration: ""
-- Installing: /home/vaishnavi/eyrc23_hb_1520/hb_task_2_ws/install/hb_bot/share/hb_bot//launch
-- Installing: /home/vaishnavi/eyrc23_hb_1520/hb_task_2_ws/install/hb_bot/share/hb_bot//launch/multi_bot_spawn.launch.py
-- Installing: /home/vaishnavi/eyrc23_hb_1520/hb_task_2_ws/install/hb_bot/share/hb_bot//launch/Spawn_bot.launch.py
-- Installing: /home/vaishnavi/eyrc23_hb_1520/hb_task_2_ws/install/hb_bot/share/hb_bot//meshes
-- Installing: /home/vaishnavi/eyrc23_hb_1520/hb_task_2_ws/install/hb_bot/share/hb_bot//meshes/bot_2.dae
-- Installing: /home/vaishnavi/eyrc23_hb_1520/hb_task_2_ws/install/hb_bot/share/hb_bot//meshes/bot_1.jpg
-- Installing: /home/vaishnavi/eyrc23_hb_1520/hb_task_2_ws/install/hb_bot/share/hb_bot//meshes/bot_1.dae
-- Installing: /home/vaishnavi/eyrc23_hb_1520/hb_task_2_ws/install/hb_bot/share/hb_bot//meshes/bot_3.jpg
-- Installing: /home/vaishnavi/eyrc23_hb_1520/hb_task_2_ws/install/hb_bot/share/hb_bot//meshes/bot_2.jpg
-- Installing: /home/vaishnavi/eyrc23_hb_1520/hb_task_2_ws/install/hb_bot/share/hb_bot//meshes/wheel.stl
-- Installing: /home/vaishnavi/eyrc23_hb_1520/hb_task_2_ws/install/hb_bot/share/hb_bot//meshes/bot_3.jpg.001.jpg
-- Installing: /home/vaishnavi/eyrc23_hb_1520/hb_task_2_ws/install/hb_bot/share/hb_bot//meshes/bot_3.dae
-- Installing: /home/vaishnavi/eyrc23_hb_1520/hb_task_2_ws/install/hb_bot/share/hb_bot//meshes/bot_1.jpg.001.jpg
-- Installing: /home/vaishnavi/eyrc23_hb_1520/hb_task_2_ws/install/hb_bot/share/hb_bot//meshes/bot_2.jpg.001.jpg
-- Installing: /home/vaishnavi/eyrc23_hb_1520/hb_task_2_ws/install/hb_bot/share/hb_bot//urdf
-- Installing: /home/vaishnavi/eyrc23_hb_1520/hb_task_2_ws/install/hb_bot/share/hb_bot//urdf/hb_bot_1.urdf.xacro
-- Installing: /home/vaishnavi/eyrc23_hb_1520/hb_task_2_ws/install/hb_bot/share/hb_bot//urdf/materials.xacro
-- Installing: /home/vaishnavi/eyrc23_hb_1520/hb_task_2_ws/install/hb_bot/share/hb_bot//urdf/hb_bot_3.urdf.xacro
-- Installing: /home/vaishnavi/eyrc23_hb_1520/hb_task_2_ws/install/hb_bot/share/hb_bot//urdf/hb_bot_2.urdf.xacro
-- Installing: /home/vaishnavi/eyrc23_hb_1520/hb_task_2_ws/install/hb_bot/share/ament_index/resource_index/package_run_dependencies/hb_bot
-- Installing: /home/vaishnavi/eyrc23_hb_1520/hb_task_2_ws/install/hb_bot/share/ament_index/resource_index/parent_prefix_path/hb_bot
-- Installing: /home/vaishnavi/eyrc23_hb_1520/hb_task_2_ws/install/hb_bot/share/hb_bot/environment/ament_prefix_path.sh
-- Installing: /home/vaishnavi/eyrc23_hb_1520/hb_task_2_ws/install/hb_bot/share/hb_bot/environment/ament_prefix_path.dsv
-- Installing: /home/vaishnavi/eyrc23_hb_1520/hb_task_2_ws/install/hb_bot/share/hb_bot/environment/path.sh
-- Installing: /home/vaishnavi/eyrc23_hb_1520/hb_task_2_ws/install/hb_bot/share/hb_bot/environment/path.dsv
-- Installing: /home/vaishnavi/eyrc23_hb_1520/hb_task_2_ws/install/hb_bot/share/hb_bot/local_setup.bash
-- Installing: /home/vaishnavi/eyrc23_hb_1520/hb_task_2_ws/install/hb_bot/share/hb_bot/local_setup.sh
-- Installing: /home/vaishnavi/eyrc23_hb_1520/hb_task_2_ws/install/hb_bot/share/hb_bot/local_setup.zsh
-- Installing: /home/vaishnavi/eyrc23_hb_1520/hb_task_2_ws/install/hb_bot/share/hb_bot/local_setup.dsv
-- Installing: /home/vaishnavi/eyrc23_hb_1520/hb_task_2_ws/install/hb_bot/share/hb_bot/package.dsv
-- Installing: /home/vaishnavi/eyrc23_hb_1520/hb_task_2_ws/install/hb_bot/share/ament_index/resource_index/packages/hb_bot
-- Installing: /home/vaishnavi/eyrc23_hb_1520/hb_task_2_ws/install/hb_bot/share/hb_bot/cmake/hb_botConfig.cmake
-- Installing: /home/vaishnavi/eyrc23_hb_1520/hb_task_2_ws/install/hb_bot/share/hb_bot/cmake/hb_botConfig-version.cmake
-- Installing: /home/vaishnavi/eyrc23_hb_1520/hb_task_2_ws/install/hb_bot/share/hb_bot/package.xml
