[1.486s] Invoking command in '/home/vaishnavi/eyrc23_hb_1520/hb_task_1_ws/hb_task1b_ws/src/hb_task_1b': AMENT_PREFIX_PATH=/home/vaishnavi/eyrc23_hb_1520/hb_task_1_ws/hb_task1b_ws/install/my_robot_interfaces:${AMENT_PREFIX_PATH} CMAKE_PREFIX_PATH=/home/vaishnavi/eyrc23_hb_1520/hb_task_1_ws/hb_task1b_ws/install/my_robot_interfaces LD_LIBRARY_PATH=/home/vaishnavi/eyrc23_hb_1520/hb_task_1_ws/hb_task1b_ws/install/my_robot_interfaces/lib:/usr/lib/x86_64-linux-gnu/gazebo-11/plugins:/opt/ros/humble/opt/rviz_ogre_vendor/lib:/opt/ros/humble/lib/x86_64-linux-gnu:/opt/ros/humble/lib:/usr/share/gazebo-11/../../lib/x86_64-linux-gnu/gazebo-11/plugins PYTHONPATH=/home/vaishnavi/eyrc23_hb_1520/hb_task_1_ws/hb_task1b_ws/build/hb_task_1b/prefix_override:/home/vaishnavi/eyrc23_hb_1520/hb_task_1_ws/hb_task1b_ws/install/hb_task_1b/lib/python3.10/site-packages:/home/vaishnavi/eyrc23_hb_1520/hb_task_1_ws/hb_task1b_ws/install/my_robot_interfaces/local/lib/python3.10/dist-packages:${PYTHONPATH} /usr/bin/python3 setup.py egg_info --egg-base ../../build/hb_task_1b build --build-base /home/vaishnavi/eyrc23_hb_1520/hb_task_1_ws/hb_task1b_ws/build/hb_task_1b/build install --record /home/vaishnavi/eyrc23_hb_1520/hb_task_1_ws/hb_task1b_ws/build/hb_task_1b/install.log --single-version-externally-managed
[1.969s] running egg_info
[1.970s] creating ../../build/hb_task_1b/hb_task_1b.egg-info
[1.971s] writing ../../build/hb_task_1b/hb_task_1b.egg-info/PKG-INFO
[1.971s] writing dependency_links to ../../build/hb_task_1b/hb_task_1b.egg-info/dependency_links.txt
[1.972s] writing entry points to ../../build/hb_task_1b/hb_task_1b.egg-info/entry_points.txt
[1.972s] writing requirements to ../../build/hb_task_1b/hb_task_1b.egg-info/requires.txt
[1.972s] writing top-level names to ../../build/hb_task_1b/hb_task_1b.egg-info/top_level.txt
[1.973s] writing manifest file '../../build/hb_task_1b/hb_task_1b.egg-info/SOURCES.txt'
[1.976s] reading manifest file '../../build/hb_task_1b/hb_task_1b.egg-info/SOURCES.txt'
[1.977s] writing manifest file '../../build/hb_task_1b/hb_task_1b.egg-info/SOURCES.txt'
[1.978s] running build
[1.978s] running build_py
[1.978s] creating /home/vaishnavi/eyrc23_hb_1520/hb_task_1_ws/hb_task1b_ws/build/hb_task_1b/build
[1.978s] creating /home/vaishnavi/eyrc23_hb_1520/hb_task_1_ws/hb_task1b_ws/build/hb_task_1b/build/lib
[1.978s] creating /home/vaishnavi/eyrc23_hb_1520/hb_task_1_ws/hb_task1b_ws/build/hb_task_1b/build/lib/hb_task_1b
[1.978s] copying hb_task_1b/service_node.py -> /home/vaishnavi/eyrc23_hb_1520/hb_task_1_ws/hb_task1b_ws/build/hb_task_1b/build/lib/hb_task_1b
[1.988s] copying hb_task_1b/controller.py -> /home/vaishnavi/eyrc23_hb_1520/hb_task_1_ws/hb_task1b_ws/build/hb_task_1b/build/lib/hb_task_1b
[1.989s] copying hb_task_1b/__init__.py -> /home/vaishnavi/eyrc23_hb_1520/hb_task_1_ws/hb_task1b_ws/build/hb_task_1b/build/lib/hb_task_1b
[1.989s] running install
[1.989s] running install_lib
[1.991s] creating /home/vaishnavi/eyrc23_hb_1520/hb_task_1_ws/hb_task1b_ws/install/hb_task_1b/lib/python3.10/site-packages/hb_task_1b
[1.991s] copying /home/vaishnavi/eyrc23_hb_1520/hb_task_1_ws/hb_task1b_ws/build/hb_task_1b/build/lib/hb_task_1b/service_node.py -> /home/vaishnavi/eyrc23_hb_1520/hb_task_1_ws/hb_task1b_ws/install/hb_task_1b/lib/python3.10/site-packages/hb_task_1b
[1.992s] copying /home/vaishnavi/eyrc23_hb_1520/hb_task_1_ws/hb_task1b_ws/build/hb_task_1b/build/lib/hb_task_1b/controller.py -> /home/vaishnavi/eyrc23_hb_1520/hb_task_1_ws/hb_task1b_ws/install/hb_task_1b/lib/python3.10/site-packages/hb_task_1b
[1.992s] copying /home/vaishnavi/eyrc23_hb_1520/hb_task_1_ws/hb_task1b_ws/build/hb_task_1b/build/lib/hb_task_1b/__init__.py -> /home/vaishnavi/eyrc23_hb_1520/hb_task_1_ws/hb_task1b_ws/install/hb_task_1b/lib/python3.10/site-packages/hb_task_1b
[1.993s] byte-compiling /home/vaishnavi/eyrc23_hb_1520/hb_task_1_ws/hb_task1b_ws/install/hb_task_1b/lib/python3.10/site-packages/hb_task_1b/service_node.py to service_node.cpython-310.pyc
[1.995s] byte-compiling /home/vaishnavi/eyrc23_hb_1520/hb_task_1_ws/hb_task1b_ws/install/hb_task_1b/lib/python3.10/site-packages/hb_task_1b/controller.py to controller.cpython-310.pyc
[1.996s] byte-compiling /home/vaishnavi/eyrc23_hb_1520/hb_task_1_ws/hb_task1b_ws/install/hb_task_1b/lib/python3.10/site-packages/hb_task_1b/__init__.py to __init__.cpython-310.pyc
[1.997s] running install_data
[1.998s] creating /home/vaishnavi/eyrc23_hb_1520/hb_task_1_ws/hb_task1b_ws/install/hb_task_1b/share/ament_index
[1.998s] creating /home/vaishnavi/eyrc23_hb_1520/hb_task_1_ws/hb_task1b_ws/install/hb_task_1b/share/ament_index/resource_index
[1.998s] creating /home/vaishnavi/eyrc23_hb_1520/hb_task_1_ws/hb_task1b_ws/install/hb_task_1b/share/ament_index/resource_index/packages
[1.999s] copying resource/hb_task_1b -> /home/vaishnavi/eyrc23_hb_1520/hb_task_1_ws/hb_task1b_ws/install/hb_task_1b/share/ament_index/resource_index/packages
[1.999s] copying package.xml -> /home/vaishnavi/eyrc23_hb_1520/hb_task_1_ws/hb_task1b_ws/install/hb_task_1b/share/hb_task_1b
[1.999s] creating /home/vaishnavi/eyrc23_hb_1520/hb_task_1_ws/hb_task1b_ws/install/hb_task_1b/share/hb_task_1b/launch
[1.999s] copying launch/gazebo.launch.py -> /home/vaishnavi/eyrc23_hb_1520/hb_task_1_ws/hb_task1b_ws/install/hb_task_1b/share/hb_task_1b/launch
[1.999s] copying launch/hb_task1b.launch.py -> /home/vaishnavi/eyrc23_hb_1520/hb_task_1_ws/hb_task1b_ws/install/hb_task_1b/share/hb_task_1b/launch
[2.000s] creating /home/vaishnavi/eyrc23_hb_1520/hb_task_1_ws/hb_task1b_ws/install/hb_task_1b/share/hb_task_1b/urdf
[2.000s] copying urdf/materials.xacro -> /home/vaishnavi/eyrc23_hb_1520/hb_task_1_ws/hb_task1b_ws/install/hb_task_1b/share/hb_task_1b/urdf
[2.000s] copying urdf/hb_bot.urdf.xacro -> /home/vaishnavi/eyrc23_hb_1520/hb_task_1_ws/hb_task1b_ws/install/hb_task_1b/share/hb_task_1b/urdf
[2.001s] creating /home/vaishnavi/eyrc23_hb_1520/hb_task_1_ws/hb_task1b_ws/install/hb_task_1b/share/hb_task_1b/meshes
[2.001s] copying meshes/17eyantra_logo_large e.png -> /home/vaishnavi/eyrc23_hb_1520/hb_task_1_ws/hb_task1b_ws/install/hb_task_1b/share/hb_task_1b/meshes
[2.001s] copying meshes/base.dae -> /home/vaishnavi/eyrc23_hb_1520/hb_task_1_ws/hb_task1b_ws/install/hb_task_1b/share/hb_task_1b/meshes
[2.005s] copying meshes/wheel.stl -> /home/vaishnavi/eyrc23_hb_1520/hb_task_1_ws/hb_task1b_ws/install/hb_task_1b/share/hb_task_1b/meshes
[2.014s] creating /home/vaishnavi/eyrc23_hb_1520/hb_task_1_ws/hb_task1b_ws/install/hb_task_1b/share/hb_task_1b/config
[2.014s] creating /home/vaishnavi/eyrc23_hb_1520/hb_task_1_ws/hb_task1b_ws/install/hb_task_1b/share/hb_task_1b/worlds
[2.015s] copying worlds/gazebo.world -> /home/vaishnavi/eyrc23_hb_1520/hb_task_1_ws/hb_task1b_ws/install/hb_task_1b/share/hb_task_1b/worlds
[2.015s] running install_egg_info
[2.019s] Copying ../../build/hb_task_1b/hb_task_1b.egg-info to /home/vaishnavi/eyrc23_hb_1520/hb_task_1_ws/hb_task1b_ws/install/hb_task_1b/lib/python3.10/site-packages/hb_task_1b-0.0.0-py3.10.egg-info
[2.020s] running install_scripts
[2.065s] Installing controller_node script to /home/vaishnavi/eyrc23_hb_1520/hb_task_1_ws/hb_task1b_ws/install/hb_task_1b/lib/hb_task_1b
[2.065s] Installing service_node script to /home/vaishnavi/eyrc23_hb_1520/hb_task_1_ws/hb_task1b_ws/install/hb_task_1b/lib/hb_task_1b
[2.065s] writing list of installed files to '/home/vaishnavi/eyrc23_hb_1520/hb_task_1_ws/hb_task1b_ws/build/hb_task_1b/install.log'
[2.109s] Invoked command in '/home/vaishnavi/eyrc23_hb_1520/hb_task_1_ws/hb_task1b_ws/src/hb_task_1b' returned '0': AMENT_PREFIX_PATH=/home/vaishnavi/eyrc23_hb_1520/hb_task_1_ws/hb_task1b_ws/install/my_robot_interfaces:${AMENT_PREFIX_PATH} CMAKE_PREFIX_PATH=/home/vaishnavi/eyrc23_hb_1520/hb_task_1_ws/hb_task1b_ws/install/my_robot_interfaces LD_LIBRARY_PATH=/home/vaishnavi/eyrc23_hb_1520/hb_task_1_ws/hb_task1b_ws/install/my_robot_interfaces/lib:/usr/lib/x86_64-linux-gnu/gazebo-11/plugins:/opt/ros/humble/opt/rviz_ogre_vendor/lib:/opt/ros/humble/lib/x86_64-linux-gnu:/opt/ros/humble/lib:/usr/share/gazebo-11/../../lib/x86_64-linux-gnu/gazebo-11/plugins PYTHONPATH=/home/vaishnavi/eyrc23_hb_1520/hb_task_1_ws/hb_task1b_ws/build/hb_task_1b/prefix_override:/home/vaishnavi/eyrc23_hb_1520/hb_task_1_ws/hb_task1b_ws/install/hb_task_1b/lib/python3.10/site-packages:/home/vaishnavi/eyrc23_hb_1520/hb_task_1_ws/hb_task1b_ws/install/my_robot_interfaces/local/lib/python3.10/dist-packages:${PYTHONPATH} /usr/bin/python3 setup.py egg_info --egg-base ../../build/hb_task_1b build --build-base /home/vaishnavi/eyrc23_hb_1520/hb_task_1_ws/hb_task1b_ws/build/hb_task_1b/build install --record /home/vaishnavi/eyrc23_hb_1520/hb_task_1_ws/hb_task1b_ws/build/hb_task_1b/install.log --single-version-externally-managed
