[0.029s] Invoking command in '/home/g10/eyrc_hb/hb_task1b_ws/build/my_robot_interfaces': CMAKE_PREFIX_PATH=${CMAKE_PREFIX_PATH}:/home/g10/eyrc_hb/hb_task1a_ws/install/hb_task_1a:/opt/ros/humble /usr/bin/cmake /home/g10/eyrc_hb/hb_task1b_ws/src/my_robot_interfaces -DAMENT_CMAKE_SYMLINK_INSTALL=1 -DCMAKE_INSTALL_PREFIX=/home/g10/eyrc_hb/hb_task1b_ws/install/my_robot_interfaces
[0.060s] -- The C compiler identification is GNU 11.4.0
[0.090s] -- The CXX compiler identification is GNU 11.4.0
[0.094s] -- Detecting C compiler ABI info
[0.137s] -- Detecting C compiler ABI info - done
[0.141s] -- Check for working C compiler: /usr/bin/cc - skipped
[0.141s] -- Detecting C compile features
[0.142s] -- Detecting C compile features - done
[0.144s] -- Detecting CXX compiler ABI info
[0.187s] -- Detecting CXX compiler ABI info - done
[0.191s] -- Check for working CXX compiler: /usr/bin/c++ - skipped
[0.191s] -- Detecting CXX compile features
[0.192s] -- Detecting CXX compile features - done
[0.193s] -- Found ament_cmake: 1.3.5 (/opt/ros/humble/share/ament_cmake/cmake)
[0.295s] -- Found Python3: /usr/bin/python3.10 (found version "3.10.12") found components: Interpreter 
[0.335s] -- Override CMake install command with custom implementation using symlinks instead of copying resources
[0.348s] -- Found rosidl_default_generators: 1.2.0 (/opt/ros/humble/share/rosidl_default_generators/cmake)
[0.349s] -- Using all available rosidl_typesupport_c: rosidl_typesupport_fastrtps_c;rosidl_typesupport_introspection_c
[0.353s] -- Found rosidl_adapter: 3.1.5 (/opt/ros/humble/share/rosidl_adapter/cmake)
[0.375s] -- Using all available rosidl_typesupport_cpp: rosidl_typesupport_fastrtps_cpp;rosidl_typesupport_introspection_cpp
[0.551s] -- Found ament_cmake_ros: 0.10.0 (/opt/ros/humble/share/ament_cmake_ros/cmake)
[0.666s] -- Using all available rosidl_typesupport_c: rosidl_typesupport_fastrtps_c;rosidl_typesupport_introspection_c
[0.808s] -- Using all available rosidl_typesupport_cpp: rosidl_typesupport_fastrtps_cpp;rosidl_typesupport_introspection_cpp
[0.820s] -- Found PythonInterp: /usr/bin/python3 (found suitable version "3.10.12", minimum required is "3.6") 
[0.821s] -- Found python_cmake_module: 0.10.0 (/opt/ros/humble/share/python_cmake_module/cmake)
[0.835s] -- Found PythonLibs: /usr/lib/x86_64-linux-gnu/libpython3.10.so (found suitable version "3.10.12", minimum required is "3.5") 
[0.835s] -- Using PYTHON_EXECUTABLE: /usr/bin/python3
[0.835s] -- Using PYTHON_INCLUDE_DIRS: /usr/include/python3.10
[0.835s] -- Using PYTHON_LIBRARIES: /usr/lib/x86_64-linux-gnu/libpython3.10.so
[0.847s] -- Found PythonExtra: .so  
[0.868s] -- Configuring done
[0.880s] -- Generating done
[0.881s] -- Build files have been written to: /home/g10/eyrc_hb/hb_task1b_ws/build/my_robot_interfaces
[0.887s] Invoked command in '/home/g10/eyrc_hb/hb_task1b_ws/build/my_robot_interfaces' returned '0': CMAKE_PREFIX_PATH=${CMAKE_PREFIX_PATH}:/home/g10/eyrc_hb/hb_task1a_ws/install/hb_task_1a:/opt/ros/humble /usr/bin/cmake /home/g10/eyrc_hb/hb_task1b_ws/src/my_robot_interfaces -DAMENT_CMAKE_SYMLINK_INSTALL=1 -DCMAKE_INSTALL_PREFIX=/home/g10/eyrc_hb/hb_task1b_ws/install/my_robot_interfaces
[0.887s] Invoking command in '/home/g10/eyrc_hb/hb_task1b_ws/build/my_robot_interfaces': CMAKE_PREFIX_PATH=${CMAKE_PREFIX_PATH}:/home/g10/eyrc_hb/hb_task1a_ws/install/hb_task_1a:/opt/ros/humble /usr/bin/cmake --build /home/g10/eyrc_hb/hb_task1b_ws/build/my_robot_interfaces -- -j20 -l20
[0.908s] [  3%] [34m[1mGenerating C code for ROS interfaces[0m
[0.913s] [  6%] [34m[1mGenerating C++ code for ROS interfaces[0m
[0.918s] [  6%] Built target ament_cmake_python_symlink_my_robot_interfaces
[1.059s] [  6%] Built target my_robot_interfaces__cpp
[1.059s] running egg_info
[1.059s] creating my_robot_interfaces.egg-info
[1.059s] writing my_robot_interfaces.egg-info/PKG-INFO
[1.060s] writing dependency_links to my_robot_interfaces.egg-info/dependency_links.txt
[1.060s] writing top-level names to my_robot_interfaces.egg-info/top_level.txt
[1.060s] writing manifest file 'my_robot_interfaces.egg-info/SOURCES.txt'
[1.061s] reading manifest file 'my_robot_interfaces.egg-info/SOURCES.txt'
[1.061s] writing manifest file 'my_robot_interfaces.egg-info/SOURCES.txt'
[1.065s] [ 16%] [34m[1mGenerating C++ introspection for ROS interfaces[0m
[1.065s] [ 16%] [34m[1mGenerating C++ type support dispatch for ROS interfaces[0m
[1.065s] [ 16%] [34m[1mGenerating C++ type support for eProsima Fast-RTPS[0m
[1.067s] [ 19%] [32mBuilding C object CMakeFiles/my_robot_interfaces__rosidl_generator_c.dir/rosidl_generator_c/my_robot_interfaces/srv/detail/next_goal__functions.c.o[0m
[1.078s] [ 19%] Built target ament_cmake_python_build_my_robot_interfaces_egg
[1.099s] [ 22%] [32m[1mLinking C shared library libmy_robot_interfaces__rosidl_generator_c.so[0m
[1.120s] [ 22%] Built target my_robot_interfaces__rosidl_generator_c
[1.125s] [ 32%] [34m[1mGenerating C introspection for ROS interfaces[0m
[1.125s] [ 32%] [34m[1mGenerating C type support dispatch for ROS interfaces[0m
[1.125s] [ 32%] [34m[1mGenerating C type support for eProsima Fast-RTPS[0m
[1.197s] [ 35%] [32mBuilding CXX object CMakeFiles/my_robot_interfaces__rosidl_typesupport_cpp.dir/rosidl_typesupport_cpp/my_robot_interfaces/srv/next_goal__type_support.cpp.o[0m
[1.206s] [ 38%] [32mBuilding CXX object CMakeFiles/my_robot_interfaces__rosidl_typesupport_introspection_cpp.dir/rosidl_typesupport_introspection_cpp/my_robot_interfaces/srv/detail/next_goal__type_support.cpp.o[0m
[1.213s] [ 41%] [32mBuilding CXX object CMakeFiles/my_robot_interfaces__rosidl_typesupport_fastrtps_cpp.dir/rosidl_typesupport_fastrtps_cpp/my_robot_interfaces/srv/detail/dds_fastrtps/next_goal__type_support.cpp.o[0m
[1.259s] [ 45%] [32mBuilding CXX object CMakeFiles/my_robot_interfaces__rosidl_typesupport_c.dir/rosidl_typesupport_c/my_robot_interfaces/srv/next_goal__type_support.cpp.o[0m
[1.275s] [ 48%] [32mBuilding C object CMakeFiles/my_robot_interfaces__rosidl_typesupport_introspection_c.dir/rosidl_typesupport_introspection_c/my_robot_interfaces/srv/detail/next_goal__type_support.c.o[0m
[1.277s] [ 51%] [32mBuilding CXX object CMakeFiles/my_robot_interfaces__rosidl_typesupport_fastrtps_c.dir/rosidl_typesupport_fastrtps_c/my_robot_interfaces/srv/detail/next_goal__type_support_c.cpp.o[0m
[1.279s] [ 54%] [32m[1mLinking CXX shared library libmy_robot_interfaces__rosidl_typesupport_c.so[0m
[1.294s] [ 58%] [32m[1mLinking C shared library libmy_robot_interfaces__rosidl_typesupport_introspection_c.so[0m
[1.304s] [ 58%] Built target my_robot_interfaces__rosidl_typesupport_c
[1.312s] [ 58%] Built target my_robot_interfaces__rosidl_typesupport_introspection_c
[1.337s] [ 61%] [32m[1mLinking CXX shared library libmy_robot_interfaces__rosidl_typesupport_cpp.so[0m
[1.362s] [ 61%] Built target my_robot_interfaces__rosidl_typesupport_cpp
[1.404s] [ 64%] [32m[1mLinking CXX shared library libmy_robot_interfaces__rosidl_typesupport_introspection_cpp.so[0m
[1.422s] [ 67%] [32m[1mLinking CXX shared library libmy_robot_interfaces__rosidl_typesupport_fastrtps_cpp.so[0m
[1.426s] [ 67%] Built target my_robot_interfaces__rosidl_typesupport_introspection_cpp
[1.451s] [ 70%] [32m[1mLinking CXX shared library libmy_robot_interfaces__rosidl_typesupport_fastrtps_c.so[0m
[1.462s] [ 70%] Built target my_robot_interfaces__rosidl_typesupport_fastrtps_cpp
[1.490s] [ 70%] Built target my_robot_interfaces__rosidl_typesupport_fastrtps_c
[1.501s] [ 70%] Built target my_robot_interfaces
[1.511s] [ 74%] [34m[1mGenerating Python code for ROS interfaces[0m
[1.690s] [ 74%] Built target my_robot_interfaces__py
[1.700s] [ 77%] [32mBuilding C object CMakeFiles/my_robot_interfaces__rosidl_generator_py.dir/rosidl_generator_py/my_robot_interfaces/srv/_next_goal_s.c.o[0m
[1.752s] [ 80%] [32m[1mLinking C shared library rosidl_generator_py/my_robot_interfaces/libmy_robot_interfaces__rosidl_generator_py.so[0m
[1.773s] [ 80%] Built target my_robot_interfaces__rosidl_generator_py
[1.784s] [ 83%] [32mBuilding C object CMakeFiles/my_robot_interfaces__rosidl_typesupport_fastrtps_c__pyext.dir/rosidl_generator_py/my_robot_interfaces/_my_robot_interfaces_s.ep.rosidl_typesupport_fastrtps_c.c.o[0m
[1.784s] [ 87%] [32mBuilding C object CMakeFiles/my_robot_interfaces__rosidl_typesupport_introspection_c__pyext.dir/rosidl_generator_py/my_robot_interfaces/_my_robot_interfaces_s.ep.rosidl_typesupport_introspection_c.c.o[0m
[1.784s] [ 90%] [32mBuilding C object CMakeFiles/my_robot_interfaces__rosidl_typesupport_c__pyext.dir/rosidl_generator_py/my_robot_interfaces/_my_robot_interfaces_s.ep.rosidl_typesupport_c.c.o[0m
[1.833s] [ 96%] [32m[1mLinking C shared library rosidl_generator_py/my_robot_interfaces/my_robot_interfaces_s__rosidl_typesupport_fastrtps_c.cpython-310-x86_64-linux-gnu.so[0m
[1.833s] [ 96%] [32m[1mLinking C shared library rosidl_generator_py/my_robot_interfaces/my_robot_interfaces_s__rosidl_typesupport_introspection_c.cpython-310-x86_64-linux-gnu.so[0m
[1.833s] [100%] [32m[1mLinking C shared library rosidl_generator_py/my_robot_interfaces/my_robot_interfaces_s__rosidl_typesupport_c.cpython-310-x86_64-linux-gnu.so[0m
[1.851s] [100%] Built target my_robot_interfaces__rosidl_typesupport_introspection_c__pyext
[1.851s] [100%] Built target my_robot_interfaces__rosidl_typesupport_c__pyext
[1.851s] [100%] Built target my_robot_interfaces__rosidl_typesupport_fastrtps_c__pyext
[1.857s] Invoked command in '/home/g10/eyrc_hb/hb_task1b_ws/build/my_robot_interfaces' returned '0': CMAKE_PREFIX_PATH=${CMAKE_PREFIX_PATH}:/home/g10/eyrc_hb/hb_task1a_ws/install/hb_task_1a:/opt/ros/humble /usr/bin/cmake --build /home/g10/eyrc_hb/hb_task1b_ws/build/my_robot_interfaces -- -j20 -l20
[1.896s] Invoking command in '/home/g10/eyrc_hb/hb_task1b_ws/build/my_robot_interfaces': CMAKE_PREFIX_PATH=${CMAKE_PREFIX_PATH}:/home/g10/eyrc_hb/hb_task1a_ws/install/hb_task_1a:/opt/ros/humble /usr/bin/cmake --install /home/g10/eyrc_hb/hb_task1b_ws/build/my_robot_interfaces
[1.901s] -- Install configuration: ""
[1.901s] -- Execute custom install script
[1.902s] -- Symlinking: /home/g10/eyrc_hb/hb_task1b_ws/install/my_robot_interfaces/share/ament_index/resource_index/rosidl_interfaces/my_robot_interfaces
[1.907s] -- Symlinking: /home/g10/eyrc_hb/hb_task1b_ws/install/my_robot_interfaces/include/my_robot_interfaces/my_robot_interfaces/msg/rosidl_generator_c__visibility_control.h
[1.914s] -- Symlinking: /home/g10/eyrc_hb/hb_task1b_ws/install/my_robot_interfaces/include/my_robot_interfaces/my_robot_interfaces/srv/detail/next_goal__functions.h
[1.921s] -- Symlinking: /home/g10/eyrc_hb/hb_task1b_ws/install/my_robot_interfaces/include/my_robot_interfaces/my_robot_interfaces/srv/detail/next_goal__struct.h
[1.926s] -- Symlinking: /home/g10/eyrc_hb/hb_task1b_ws/install/my_robot_interfaces/include/my_robot_interfaces/my_robot_interfaces/srv/detail/next_goal__type_support.h
[1.931s] -- Symlinking: /home/g10/eyrc_hb/hb_task1b_ws/install/my_robot_interfaces/include/my_robot_interfaces/my_robot_interfaces/srv/next_goal.h
[1.936s] -- Symlinking: /home/g10/eyrc_hb/hb_task1b_ws/install/my_robot_interfaces/share/my_robot_interfaces/environment/library_path.sh
[1.940s] -- Symlinking: /home/g10/eyrc_hb/hb_task1b_ws/install/my_robot_interfaces/share/my_robot_interfaces/environment/library_path.dsv
[1.944s] -- Symlinking: /home/g10/eyrc_hb/hb_task1b_ws/install/my_robot_interfaces/include/my_robot_interfaces/my_robot_interfaces/msg/rosidl_typesupport_fastrtps_c__visibility_control.h
[1.949s] -- Symlinking: /home/g10/eyrc_hb/hb_task1b_ws/install/my_robot_interfaces/include/my_robot_interfaces/my_robot_interfaces/srv/detail/next_goal__rosidl_typesupport_fastrtps_c.h
[1.954s] -- Symlinking: /home/g10/eyrc_hb/hb_task1b_ws/install/my_robot_interfaces/include/my_robot_interfaces/my_robot_interfaces/msg/rosidl_typesupport_introspection_c__visibility_control.h
[1.959s] -- Symlinking: /home/g10/eyrc_hb/hb_task1b_ws/install/my_robot_interfaces/include/my_robot_interfaces/my_robot_interfaces/srv/detail/next_goal__rosidl_typesupport_introspection_c.h
[1.963s] -- Symlinking: /home/g10/eyrc_hb/hb_task1b_ws/install/my_robot_interfaces/include/my_robot_interfaces/my_robot_interfaces/srv/detail/next_goal__builder.hpp
[1.968s] -- Symlinking: /home/g10/eyrc_hb/hb_task1b_ws/install/my_robot_interfaces/include/my_robot_interfaces/my_robot_interfaces/srv/detail/next_goal__struct.hpp
[1.972s] -- Symlinking: /home/g10/eyrc_hb/hb_task1b_ws/install/my_robot_interfaces/include/my_robot_interfaces/my_robot_interfaces/srv/detail/next_goal__traits.hpp
[1.976s] -- Symlinking: /home/g10/eyrc_hb/hb_task1b_ws/install/my_robot_interfaces/include/my_robot_interfaces/my_robot_interfaces/srv/next_goal.hpp
[1.980s] -- Symlinking: /home/g10/eyrc_hb/hb_task1b_ws/install/my_robot_interfaces/include/my_robot_interfaces/my_robot_interfaces/msg/rosidl_typesupport_fastrtps_cpp__visibility_control.h
[1.985s] -- Symlinking: /home/g10/eyrc_hb/hb_task1b_ws/install/my_robot_interfaces/include/my_robot_interfaces/my_robot_interfaces/srv/detail/next_goal__rosidl_typesupport_fastrtps_cpp.hpp
[1.989s] -- Symlinking: /home/g10/eyrc_hb/hb_task1b_ws/install/my_robot_interfaces/include/my_robot_interfaces/my_robot_interfaces/srv/detail/next_goal__rosidl_typesupport_introspection_cpp.hpp
[1.993s] -- Symlinking: /home/g10/eyrc_hb/hb_task1b_ws/install/my_robot_interfaces/share/my_robot_interfaces/environment/pythonpath.sh
[1.997s] -- Symlinking: /home/g10/eyrc_hb/hb_task1b_ws/install/my_robot_interfaces/share/my_robot_interfaces/environment/pythonpath.dsv
[2.001s] -- Symlinking: /home/g10/eyrc_hb/hb_task1b_ws/install/my_robot_interfaces/local/lib/python3.10/dist-packages/my_robot_interfaces-0.0.0-py3.10.egg-info/PKG-INFO
[2.005s] -- Symlinking: /home/g10/eyrc_hb/hb_task1b_ws/install/my_robot_interfaces/local/lib/python3.10/dist-packages/my_robot_interfaces-0.0.0-py3.10.egg-info/SOURCES.txt
[2.009s] -- Symlinking: /home/g10/eyrc_hb/hb_task1b_ws/install/my_robot_interfaces/local/lib/python3.10/dist-packages/my_robot_interfaces-0.0.0-py3.10.egg-info/dependency_links.txt
[2.013s] -- Symlinking: /home/g10/eyrc_hb/hb_task1b_ws/install/my_robot_interfaces/local/lib/python3.10/dist-packages/my_robot_interfaces-0.0.0-py3.10.egg-info/top_level.txt
[2.017s] -- Symlinking: /home/g10/eyrc_hb/hb_task1b_ws/install/my_robot_interfaces/local/lib/python3.10/dist-packages/my_robot_interfaces/__init__.py
[2.021s] -- Symlinking: /home/g10/eyrc_hb/hb_task1b_ws/install/my_robot_interfaces/local/lib/python3.10/dist-packages/my_robot_interfaces/_my_robot_interfaces_s.ep.rosidl_typesupport_c.c
[2.025s] -- Symlinking: /home/g10/eyrc_hb/hb_task1b_ws/install/my_robot_interfaces/local/lib/python3.10/dist-packages/my_robot_interfaces/_my_robot_interfaces_s.ep.rosidl_typesupport_fastrtps_c.c
[2.029s] -- Symlinking: /home/g10/eyrc_hb/hb_task1b_ws/install/my_robot_interfaces/local/lib/python3.10/dist-packages/my_robot_interfaces/_my_robot_interfaces_s.ep.rosidl_typesupport_introspection_c.c
[2.034s] -- Symlinking: /home/g10/eyrc_hb/hb_task1b_ws/install/my_robot_interfaces/local/lib/python3.10/dist-packages/my_robot_interfaces/libmy_robot_interfaces__rosidl_generator_py.so
[2.038s] -- Symlinking: /home/g10/eyrc_hb/hb_task1b_ws/install/my_robot_interfaces/local/lib/python3.10/dist-packages/my_robot_interfaces/my_robot_interfaces_s__rosidl_typesupport_c.cpython-310-x86_64-linux-gnu.so
[2.042s] -- Symlinking: /home/g10/eyrc_hb/hb_task1b_ws/install/my_robot_interfaces/local/lib/python3.10/dist-packages/my_robot_interfaces/my_robot_interfaces_s__rosidl_typesupport_fastrtps_c.cpython-310-x86_64-linux-gnu.so
[2.046s] -- Symlinking: /home/g10/eyrc_hb/hb_task1b_ws/install/my_robot_interfaces/local/lib/python3.10/dist-packages/my_robot_interfaces/my_robot_interfaces_s__rosidl_typesupport_introspection_c.cpython-310-x86_64-linux-gnu.so
[2.050s] -- Symlinking: /home/g10/eyrc_hb/hb_task1b_ws/install/my_robot_interfaces/local/lib/python3.10/dist-packages/my_robot_interfaces/srv/__init__.py
[2.054s] -- Symlinking: /home/g10/eyrc_hb/hb_task1b_ws/install/my_robot_interfaces/local/lib/python3.10/dist-packages/my_robot_interfaces/srv/_next_goal.py
[2.059s] -- Symlinking: /home/g10/eyrc_hb/hb_task1b_ws/install/my_robot_interfaces/local/lib/python3.10/dist-packages/my_robot_interfaces/srv/_next_goal_s.c
[2.063s] -- Up-to-date symlink: /home/g10/eyrc_hb/hb_task1b_ws/install/my_robot_interfaces/local/lib/python3.10/dist-packages/my_robot_interfaces/my_robot_interfaces_s__rosidl_typesupport_fastrtps_c.cpython-310-x86_64-linux-gnu.so
[2.063s] -- Up-to-date symlink: /home/g10/eyrc_hb/hb_task1b_ws/install/my_robot_interfaces/local/lib/python3.10/dist-packages/my_robot_interfaces/my_robot_interfaces_s__rosidl_typesupport_introspection_c.cpython-310-x86_64-linux-gnu.so
[2.063s] -- Up-to-date symlink: /home/g10/eyrc_hb/hb_task1b_ws/install/my_robot_interfaces/local/lib/python3.10/dist-packages/my_robot_interfaces/my_robot_interfaces_s__rosidl_typesupport_c.cpython-310-x86_64-linux-gnu.so
[2.063s] -- Symlinking: /home/g10/eyrc_hb/hb_task1b_ws/install/my_robot_interfaces/share/my_robot_interfaces/srv/NextGoal.idl
[2.067s] -- Symlinking: /home/g10/eyrc_hb/hb_task1b_ws/install/my_robot_interfaces/share/my_robot_interfaces/srv/NextGoal.srv
[2.072s] -- Symlinking: /home/g10/eyrc_hb/hb_task1b_ws/install/my_robot_interfaces/share/my_robot_interfaces/srv/NextGoal_Request.msg
[2.076s] -- Symlinking: /home/g10/eyrc_hb/hb_task1b_ws/install/my_robot_interfaces/share/my_robot_interfaces/srv/NextGoal_Response.msg
[2.081s] -- Symlinking: /home/g10/eyrc_hb/hb_task1b_ws/install/my_robot_interfaces/share/ament_index/resource_index/package_run_dependencies/my_robot_interfaces
[2.085s] -- Symlinking: /home/g10/eyrc_hb/hb_task1b_ws/install/my_robot_interfaces/share/ament_index/resource_index/parent_prefix_path/my_robot_interfaces
[2.089s] -- Symlinking: /home/g10/eyrc_hb/hb_task1b_ws/install/my_robot_interfaces/share/my_robot_interfaces/environment/ament_prefix_path.sh
[2.093s] -- Symlinking: /home/g10/eyrc_hb/hb_task1b_ws/install/my_robot_interfaces/share/my_robot_interfaces/environment/ament_prefix_path.dsv
[2.097s] -- Symlinking: /home/g10/eyrc_hb/hb_task1b_ws/install/my_robot_interfaces/share/my_robot_interfaces/environment/path.sh
[2.101s] -- Symlinking: /home/g10/eyrc_hb/hb_task1b_ws/install/my_robot_interfaces/share/my_robot_interfaces/environment/path.dsv
[2.105s] -- Symlinking: /home/g10/eyrc_hb/hb_task1b_ws/install/my_robot_interfaces/share/my_robot_interfaces/local_setup.bash
[2.109s] -- Symlinking: /home/g10/eyrc_hb/hb_task1b_ws/install/my_robot_interfaces/share/my_robot_interfaces/local_setup.sh
[2.113s] -- Symlinking: /home/g10/eyrc_hb/hb_task1b_ws/install/my_robot_interfaces/share/my_robot_interfaces/local_setup.zsh
[2.118s] -- Symlinking: /home/g10/eyrc_hb/hb_task1b_ws/install/my_robot_interfaces/share/my_robot_interfaces/local_setup.dsv
[2.122s] -- Symlinking: /home/g10/eyrc_hb/hb_task1b_ws/install/my_robot_interfaces/share/my_robot_interfaces/package.dsv
[2.127s] -- Symlinking: /home/g10/eyrc_hb/hb_task1b_ws/install/my_robot_interfaces/share/ament_index/resource_index/packages/my_robot_interfaces
[2.132s] -- Symlinking: /home/g10/eyrc_hb/hb_task1b_ws/install/my_robot_interfaces/share/my_robot_interfaces/cmake/rosidl_cmake-extras.cmake
[2.137s] -- Symlinking: /home/g10/eyrc_hb/hb_task1b_ws/install/my_robot_interfaces/share/my_robot_interfaces/cmake/ament_cmake_export_include_directories-extras.cmake
[2.142s] -- Symlinking: /home/g10/eyrc_hb/hb_task1b_ws/install/my_robot_interfaces/share/my_robot_interfaces/cmake/ament_cmake_export_libraries-extras.cmake
[2.147s] -- Symlinking: /home/g10/eyrc_hb/hb_task1b_ws/install/my_robot_interfaces/share/my_robot_interfaces/cmake/ament_cmake_export_targets-extras.cmake
[2.151s] -- Symlinking: /home/g10/eyrc_hb/hb_task1b_ws/install/my_robot_interfaces/share/my_robot_interfaces/cmake/rosidl_cmake_export_typesupport_targets-extras.cmake
[2.155s] -- Symlinking: /home/g10/eyrc_hb/hb_task1b_ws/install/my_robot_interfaces/share/my_robot_interfaces/cmake/ament_cmake_export_dependencies-extras.cmake
[2.159s] -- Symlinking: /home/g10/eyrc_hb/hb_task1b_ws/install/my_robot_interfaces/share/my_robot_interfaces/cmake/rosidl_cmake_export_typesupport_libraries-extras.cmake
[2.164s] -- Symlinking: /home/g10/eyrc_hb/hb_task1b_ws/install/my_robot_interfaces/share/my_robot_interfaces/cmake/my_robot_interfacesConfig.cmake
[2.168s] -- Symlinking: /home/g10/eyrc_hb/hb_task1b_ws/install/my_robot_interfaces/share/my_robot_interfaces/cmake/my_robot_interfacesConfig-version.cmake
[2.172s] -- Symlinking: /home/g10/eyrc_hb/hb_task1b_ws/install/my_robot_interfaces/share/my_robot_interfaces/package.xml
[2.177s] -- Installing: /home/g10/eyrc_hb/hb_task1b_ws/install/my_robot_interfaces/lib/libmy_robot_interfaces__rosidl_generator_c.so
[2.177s] -- Set runtime path of "/home/g10/eyrc_hb/hb_task1b_ws/install/my_robot_interfaces/lib/libmy_robot_interfaces__rosidl_generator_c.so" to ""
[2.177s] -- Installing: /home/g10/eyrc_hb/hb_task1b_ws/install/my_robot_interfaces/lib/libmy_robot_interfaces__rosidl_typesupport_fastrtps_c.so
[2.177s] -- Set runtime path of "/home/g10/eyrc_hb/hb_task1b_ws/install/my_robot_interfaces/lib/libmy_robot_interfaces__rosidl_typesupport_fastrtps_c.so" to ""
[2.177s] -- Installing: /home/g10/eyrc_hb/hb_task1b_ws/install/my_robot_interfaces/lib/libmy_robot_interfaces__rosidl_typesupport_introspection_c.so
[2.177s] -- Set runtime path of "/home/g10/eyrc_hb/hb_task1b_ws/install/my_robot_interfaces/lib/libmy_robot_interfaces__rosidl_typesupport_introspection_c.so" to ""
[2.177s] -- Installing: /home/g10/eyrc_hb/hb_task1b_ws/install/my_robot_interfaces/lib/libmy_robot_interfaces__rosidl_typesupport_c.so
[2.177s] -- Set runtime path of "/home/g10/eyrc_hb/hb_task1b_ws/install/my_robot_interfaces/lib/libmy_robot_interfaces__rosidl_typesupport_c.so" to ""
[2.177s] -- Installing: /home/g10/eyrc_hb/hb_task1b_ws/install/my_robot_interfaces/lib/libmy_robot_interfaces__rosidl_typesupport_fastrtps_cpp.so
[2.177s] -- Set runtime path of "/home/g10/eyrc_hb/hb_task1b_ws/install/my_robot_interfaces/lib/libmy_robot_interfaces__rosidl_typesupport_fastrtps_cpp.so" to ""
[2.177s] -- Installing: /home/g10/eyrc_hb/hb_task1b_ws/install/my_robot_interfaces/lib/libmy_robot_interfaces__rosidl_typesupport_introspection_cpp.so
[2.177s] -- Set runtime path of "/home/g10/eyrc_hb/hb_task1b_ws/install/my_robot_interfaces/lib/libmy_robot_interfaces__rosidl_typesupport_introspection_cpp.so" to ""
[2.177s] -- Installing: /home/g10/eyrc_hb/hb_task1b_ws/install/my_robot_interfaces/lib/libmy_robot_interfaces__rosidl_typesupport_cpp.so
[2.177s] -- Set runtime path of "/home/g10/eyrc_hb/hb_task1b_ws/install/my_robot_interfaces/lib/libmy_robot_interfaces__rosidl_typesupport_cpp.so" to ""
[2.196s] Listing '/home/g10/eyrc_hb/hb_task1b_ws/install/my_robot_interfaces/local/lib/python3.10/dist-packages/my_robot_interfaces'...
[2.196s] Compiling '/home/g10/eyrc_hb/hb_task1b_ws/install/my_robot_interfaces/local/lib/python3.10/dist-packages/my_robot_interfaces/__init__.py'...
[2.196s] Listing '/home/g10/eyrc_hb/hb_task1b_ws/install/my_robot_interfaces/local/lib/python3.10/dist-packages/my_robot_interfaces/srv'...
[2.197s] Compiling '/home/g10/eyrc_hb/hb_task1b_ws/install/my_robot_interfaces/local/lib/python3.10/dist-packages/my_robot_interfaces/srv/__init__.py'...
[2.197s] Compiling '/home/g10/eyrc_hb/hb_task1b_ws/install/my_robot_interfaces/local/lib/python3.10/dist-packages/my_robot_interfaces/srv/_next_goal.py'...
[2.199s] -- Installing: /home/g10/eyrc_hb/hb_task1b_ws/install/my_robot_interfaces/lib/libmy_robot_interfaces__rosidl_generator_py.so
[2.199s] -- Set runtime path of "/home/g10/eyrc_hb/hb_task1b_ws/install/my_robot_interfaces/lib/libmy_robot_interfaces__rosidl_generator_py.so" to ""
[2.199s] -- Installing: /home/g10/eyrc_hb/hb_task1b_ws/install/my_robot_interfaces/share/my_robot_interfaces/cmake/export_my_robot_interfaces__rosidl_generator_cExport.cmake
[2.199s] -- Installing: /home/g10/eyrc_hb/hb_task1b_ws/install/my_robot_interfaces/share/my_robot_interfaces/cmake/export_my_robot_interfaces__rosidl_generator_cExport-noconfig.cmake
[2.199s] -- Installing: /home/g10/eyrc_hb/hb_task1b_ws/install/my_robot_interfaces/share/my_robot_interfaces/cmake/export_my_robot_interfaces__rosidl_typesupport_fastrtps_cExport.cmake
[2.199s] -- Installing: /home/g10/eyrc_hb/hb_task1b_ws/install/my_robot_interfaces/share/my_robot_interfaces/cmake/export_my_robot_interfaces__rosidl_typesupport_fastrtps_cExport-noconfig.cmake
[2.199s] -- Installing: /home/g10/eyrc_hb/hb_task1b_ws/install/my_robot_interfaces/share/my_robot_interfaces/cmake/my_robot_interfaces__rosidl_typesupport_introspection_cExport.cmake
[2.199s] -- Installing: /home/g10/eyrc_hb/hb_task1b_ws/install/my_robot_interfaces/share/my_robot_interfaces/cmake/my_robot_interfaces__rosidl_typesupport_introspection_cExport-noconfig.cmake
[2.199s] -- Installing: /home/g10/eyrc_hb/hb_task1b_ws/install/my_robot_interfaces/share/my_robot_interfaces/cmake/my_robot_interfaces__rosidl_typesupport_cExport.cmake
[2.199s] -- Installing: /home/g10/eyrc_hb/hb_task1b_ws/install/my_robot_interfaces/share/my_robot_interfaces/cmake/my_robot_interfaces__rosidl_typesupport_cExport-noconfig.cmake
[2.200s] -- Installing: /home/g10/eyrc_hb/hb_task1b_ws/install/my_robot_interfaces/share/my_robot_interfaces/cmake/export_my_robot_interfaces__rosidl_generator_cppExport.cmake
[2.200s] -- Installing: /home/g10/eyrc_hb/hb_task1b_ws/install/my_robot_interfaces/share/my_robot_interfaces/cmake/export_my_robot_interfaces__rosidl_typesupport_fastrtps_cppExport.cmake
[2.200s] -- Installing: /home/g10/eyrc_hb/hb_task1b_ws/install/my_robot_interfaces/share/my_robot_interfaces/cmake/export_my_robot_interfaces__rosidl_typesupport_fastrtps_cppExport-noconfig.cmake
[2.200s] -- Installing: /home/g10/eyrc_hb/hb_task1b_ws/install/my_robot_interfaces/share/my_robot_interfaces/cmake/my_robot_interfaces__rosidl_typesupport_introspection_cppExport.cmake
[2.200s] -- Installing: /home/g10/eyrc_hb/hb_task1b_ws/install/my_robot_interfaces/share/my_robot_interfaces/cmake/my_robot_interfaces__rosidl_typesupport_introspection_cppExport-noconfig.cmake
[2.200s] -- Installing: /home/g10/eyrc_hb/hb_task1b_ws/install/my_robot_interfaces/share/my_robot_interfaces/cmake/my_robot_interfaces__rosidl_typesupport_cppExport.cmake
[2.200s] -- Installing: /home/g10/eyrc_hb/hb_task1b_ws/install/my_robot_interfaces/share/my_robot_interfaces/cmake/my_robot_interfaces__rosidl_typesupport_cppExport-noconfig.cmake
[2.200s] -- Installing: /home/g10/eyrc_hb/hb_task1b_ws/install/my_robot_interfaces/share/my_robot_interfaces/cmake/export_my_robot_interfaces__rosidl_generator_pyExport.cmake
[2.200s] -- Installing: /home/g10/eyrc_hb/hb_task1b_ws/install/my_robot_interfaces/share/my_robot_interfaces/cmake/export_my_robot_interfaces__rosidl_generator_pyExport-noconfig.cmake
[2.201s] Invoked command in '/home/g10/eyrc_hb/hb_task1b_ws/build/my_robot_interfaces' returned '0': CMAKE_PREFIX_PATH=${CMAKE_PREFIX_PATH}:/home/g10/eyrc_hb/hb_task1a_ws/install/hb_task_1a:/opt/ros/humble /usr/bin/cmake --install /home/g10/eyrc_hb/hb_task1b_ws/build/my_robot_interfaces
