[1.846s] DEBUG:colcon:Command line arguments: ['/usr/bin/colcon', 'build']
[1.846s] DEBUG:colcon:Parsed command line arguments: Namespace(log_base=None, log_level=None, verb_name='build', build_base='build', install_base='install', merge_install=False, symlink_install=False, test_result_base=None, continue_on_error=False, executor='parallel', parallel_workers=8, event_handlers=None, ignore_user_meta=False, metas=['./colcon.meta'], base_paths=['.'], packages_ignore=None, packages_ignore_regex=None, paths=None, packages_up_to=None, packages_up_to_regex=None, packages_above=None, packages_above_and_dependencies=None, packages_above_depth=None, packages_select_by_dep=None, packages_skip_by_dep=None, packages_skip_up_to=None, packages_select_build_failed=False, packages_skip_build_finished=False, packages_select_test_failures=False, packages_skip_test_passed=False, packages_select=None, packages_skip=None, packages_select_regex=None, packages_skip_regex=None, packages_start=None, packages_end=None, allow_overriding=[], cmake_args=None, cmake_target=None, cmake_target_skip_unavailable=False, cmake_clean_cache=False, cmake_clean_first=False, cmake_force_configure=False, ament_cmake_args=None, catkin_cmake_args=None, catkin_skip_building_tests=False, verb_parser=<colcon_defaults.argument_parser.defaults.DefaultArgumentsDecorator object at 0x7f714afdd2d0>, verb_extension=<colcon_core.verb.build.BuildVerb object at 0x7f714afde290>, main=<bound method BuildVerb.main of <colcon_core.verb.build.BuildVerb object at 0x7f714afde290>>)
[1.928s] Level 1:colcon.colcon_core.package_discovery:discover_packages(colcon_meta) check parameters
[1.928s] Level 1:colcon.colcon_core.package_discovery:discover_packages(recursive) check parameters
[1.928s] Level 1:colcon.colcon_core.package_discovery:discover_packages(ignore) check parameters
[1.928s] Level 1:colcon.colcon_core.package_discovery:discover_packages(path) check parameters
[1.928s] Level 1:colcon.colcon_core.package_discovery:discover_packages(colcon_meta) discover
[1.929s] Level 1:colcon.colcon_core.package_discovery:discover_packages(recursive) discover
[1.929s] INFO:colcon.colcon_core.package_discovery:Crawling recursively for packages in '/home/vaishnavi/eyrc23_hb_1520/hb_task_2_ws'
[1.929s] Level 1:colcon.colcon_core.package_identification:_identify(.) by extensions ['ignore', 'ignore_ament_install']
[1.929s] Level 1:colcon.colcon_core.package_identification:_identify(.) by extension 'ignore'
[1.929s] Level 1:colcon.colcon_core.package_identification:_identify(.) by extension 'ignore_ament_install'
[1.929s] Level 1:colcon.colcon_core.package_identification:_identify(.) by extensions ['colcon_pkg']
[1.929s] Level 1:colcon.colcon_core.package_identification:_identify(.) by extension 'colcon_pkg'
[1.929s] Level 1:colcon.colcon_core.package_identification:_identify(.) by extensions ['colcon_meta']
[1.929s] Level 1:colcon.colcon_core.package_identification:_identify(.) by extension 'colcon_meta'
[1.929s] Level 1:colcon.colcon_core.package_identification:_identify(.) by extensions ['ros']
[1.929s] Level 1:colcon.colcon_core.package_identification:_identify(.) by extension 'ros'
[1.948s] Level 1:colcon.colcon_core.package_identification:_identify(.) by extensions ['cmake', 'python']
[1.948s] Level 1:colcon.colcon_core.package_identification:_identify(.) by extension 'cmake'
[1.948s] Level 1:colcon.colcon_core.package_identification:_identify(.) by extension 'python'
[1.948s] Level 1:colcon.colcon_core.package_identification:_identify(.) by extensions ['python_setup_py']
[1.949s] Level 1:colcon.colcon_core.package_identification:_identify(.) by extension 'python_setup_py'
[1.949s] Level 1:colcon.colcon_core.package_identification:_identify(build) by extensions ['ignore', 'ignore_ament_install']
[1.949s] Level 1:colcon.colcon_core.package_identification:_identify(build) by extension 'ignore'
[1.949s] Level 1:colcon.colcon_core.package_identification:_identify(build) ignored
[1.949s] Level 1:colcon.colcon_core.package_identification:_identify(install) by extensions ['ignore', 'ignore_ament_install']
[1.949s] Level 1:colcon.colcon_core.package_identification:_identify(install) by extension 'ignore'
[1.949s] Level 1:colcon.colcon_core.package_identification:_identify(install) ignored
[1.949s] Level 1:colcon.colcon_core.package_identification:_identify(log) by extensions ['ignore', 'ignore_ament_install']
[1.950s] Level 1:colcon.colcon_core.package_identification:_identify(log) by extension 'ignore'
[1.950s] Level 1:colcon.colcon_core.package_identification:_identify(log) ignored
[1.950s] Level 1:colcon.colcon_core.package_identification:_identify(src) by extensions ['ignore', 'ignore_ament_install']
[1.950s] Level 1:colcon.colcon_core.package_identification:_identify(src) by extension 'ignore'
[1.950s] Level 1:colcon.colcon_core.package_identification:_identify(src) by extension 'ignore_ament_install'
[1.950s] Level 1:colcon.colcon_core.package_identification:_identify(src) by extensions ['colcon_pkg']
[1.950s] Level 1:colcon.colcon_core.package_identification:_identify(src) by extension 'colcon_pkg'
[1.950s] Level 1:colcon.colcon_core.package_identification:_identify(src) by extensions ['colcon_meta']
[1.950s] Level 1:colcon.colcon_core.package_identification:_identify(src) by extension 'colcon_meta'
[1.950s] Level 1:colcon.colcon_core.package_identification:_identify(src) by extensions ['ros']
[1.950s] Level 1:colcon.colcon_core.package_identification:_identify(src) by extension 'ros'
[1.950s] Level 1:colcon.colcon_core.package_identification:_identify(src) by extensions ['cmake', 'python']
[1.950s] Level 1:colcon.colcon_core.package_identification:_identify(src) by extension 'cmake'
[1.951s] Level 1:colcon.colcon_core.package_identification:_identify(src) by extension 'python'
[1.951s] Level 1:colcon.colcon_core.package_identification:_identify(src) by extensions ['python_setup_py']
[1.951s] Level 1:colcon.colcon_core.package_identification:_identify(src) by extension 'python_setup_py'
[1.951s] Level 1:colcon.colcon_core.package_identification:_identify(src/eYRC-2023_Hologlyph_Bots) by extensions ['ignore', 'ignore_ament_install']
[1.951s] Level 1:colcon.colcon_core.package_identification:_identify(src/eYRC-2023_Hologlyph_Bots) by extension 'ignore'
[1.951s] Level 1:colcon.colcon_core.package_identification:_identify(src/eYRC-2023_Hologlyph_Bots) by extension 'ignore_ament_install'
[1.951s] Level 1:colcon.colcon_core.package_identification:_identify(src/eYRC-2023_Hologlyph_Bots) by extensions ['colcon_pkg']
[1.951s] Level 1:colcon.colcon_core.package_identification:_identify(src/eYRC-2023_Hologlyph_Bots) by extension 'colcon_pkg'
[1.951s] Level 1:colcon.colcon_core.package_identification:_identify(src/eYRC-2023_Hologlyph_Bots) by extensions ['colcon_meta']
[1.951s] Level 1:colcon.colcon_core.package_identification:_identify(src/eYRC-2023_Hologlyph_Bots) by extension 'colcon_meta'
[1.951s] Level 1:colcon.colcon_core.package_identification:_identify(src/eYRC-2023_Hologlyph_Bots) by extensions ['ros']
[1.951s] Level 1:colcon.colcon_core.package_identification:_identify(src/eYRC-2023_Hologlyph_Bots) by extension 'ros'
[1.952s] Level 1:colcon.colcon_core.package_identification:_identify(src/eYRC-2023_Hologlyph_Bots) by extensions ['cmake', 'python']
[1.952s] Level 1:colcon.colcon_core.package_identification:_identify(src/eYRC-2023_Hologlyph_Bots) by extension 'cmake'
[1.952s] Level 1:colcon.colcon_core.package_identification:_identify(src/eYRC-2023_Hologlyph_Bots) by extension 'python'
[1.952s] Level 1:colcon.colcon_core.package_identification:_identify(src/eYRC-2023_Hologlyph_Bots) by extensions ['python_setup_py']
[1.952s] Level 1:colcon.colcon_core.package_identification:_identify(src/eYRC-2023_Hologlyph_Bots) by extension 'python_setup_py'
[1.952s] Level 1:colcon.colcon_core.package_identification:_identify(src/eYRC-2023_Hologlyph_Bots/hb_bot) by extensions ['ignore', 'ignore_ament_install']
[1.952s] Level 1:colcon.colcon_core.package_identification:_identify(src/eYRC-2023_Hologlyph_Bots/hb_bot) by extension 'ignore'
[1.952s] Level 1:colcon.colcon_core.package_identification:_identify(src/eYRC-2023_Hologlyph_Bots/hb_bot) by extension 'ignore_ament_install'
[1.952s] Level 1:colcon.colcon_core.package_identification:_identify(src/eYRC-2023_Hologlyph_Bots/hb_bot) by extensions ['colcon_pkg']
[1.952s] Level 1:colcon.colcon_core.package_identification:_identify(src/eYRC-2023_Hologlyph_Bots/hb_bot) by extension 'colcon_pkg'
[1.952s] Level 1:colcon.colcon_core.package_identification:_identify(src/eYRC-2023_Hologlyph_Bots/hb_bot) by extensions ['colcon_meta']
[1.952s] Level 1:colcon.colcon_core.package_identification:_identify(src/eYRC-2023_Hologlyph_Bots/hb_bot) by extension 'colcon_meta'
[1.952s] Level 1:colcon.colcon_core.package_identification:_identify(src/eYRC-2023_Hologlyph_Bots/hb_bot) by extensions ['ros']
[1.952s] Level 1:colcon.colcon_core.package_identification:_identify(src/eYRC-2023_Hologlyph_Bots/hb_bot) by extension 'ros'
[1.957s] DEBUG:colcon.colcon_core.package_identification:Package 'src/eYRC-2023_Hologlyph_Bots/hb_bot' with type 'ros.ament_cmake' and name 'hb_bot'
[1.957s] Level 1:colcon.colcon_core.package_identification:_identify(src/eYRC-2023_Hologlyph_Bots/hb_task2a) by extensions ['ignore', 'ignore_ament_install']
[1.957s] Level 1:colcon.colcon_core.package_identification:_identify(src/eYRC-2023_Hologlyph_Bots/hb_task2a) by extension 'ignore'
[1.957s] Level 1:colcon.colcon_core.package_identification:_identify(src/eYRC-2023_Hologlyph_Bots/hb_task2a) by extension 'ignore_ament_install'
[1.957s] Level 1:colcon.colcon_core.package_identification:_identify(src/eYRC-2023_Hologlyph_Bots/hb_task2a) by extensions ['colcon_pkg']
[1.958s] Level 1:colcon.colcon_core.package_identification:_identify(src/eYRC-2023_Hologlyph_Bots/hb_task2a) by extension 'colcon_pkg'
[1.958s] Level 1:colcon.colcon_core.package_identification:_identify(src/eYRC-2023_Hologlyph_Bots/hb_task2a) by extensions ['colcon_meta']
[1.958s] Level 1:colcon.colcon_core.package_identification:_identify(src/eYRC-2023_Hologlyph_Bots/hb_task2a) by extension 'colcon_meta'
[1.958s] Level 1:colcon.colcon_core.package_identification:_identify(src/eYRC-2023_Hologlyph_Bots/hb_task2a) by extensions ['ros']
[1.958s] Level 1:colcon.colcon_core.package_identification:_identify(src/eYRC-2023_Hologlyph_Bots/hb_task2a) by extension 'ros'
[1.960s] DEBUG:colcon.colcon_core.package_identification:Package 'src/eYRC-2023_Hologlyph_Bots/hb_task2a' with type 'ros.ament_python' and name 'hb_task2a'
[1.960s] Level 1:colcon.colcon_core.package_identification:_identify(src/eYRC-2023_Hologlyph_Bots/hb_task2b) by extensions ['ignore', 'ignore_ament_install']
[1.960s] Level 1:colcon.colcon_core.package_identification:_identify(src/eYRC-2023_Hologlyph_Bots/hb_task2b) by extension 'ignore'
[1.960s] Level 1:colcon.colcon_core.package_identification:_identify(src/eYRC-2023_Hologlyph_Bots/hb_task2b) by extension 'ignore_ament_install'
[1.961s] Level 1:colcon.colcon_core.package_identification:_identify(src/eYRC-2023_Hologlyph_Bots/hb_task2b) by extensions ['colcon_pkg']
[1.961s] Level 1:colcon.colcon_core.package_identification:_identify(src/eYRC-2023_Hologlyph_Bots/hb_task2b) by extension 'colcon_pkg'
[1.961s] Level 1:colcon.colcon_core.package_identification:_identify(src/eYRC-2023_Hologlyph_Bots/hb_task2b) by extensions ['colcon_meta']
[1.961s] Level 1:colcon.colcon_core.package_identification:_identify(src/eYRC-2023_Hologlyph_Bots/hb_task2b) by extension 'colcon_meta'
[1.961s] Level 1:colcon.colcon_core.package_identification:_identify(src/eYRC-2023_Hologlyph_Bots/hb_task2b) by extensions ['ros']
[1.961s] Level 1:colcon.colcon_core.package_identification:_identify(src/eYRC-2023_Hologlyph_Bots/hb_task2b) by extension 'ros'
[1.962s] DEBUG:colcon.colcon_core.package_identification:Package 'src/eYRC-2023_Hologlyph_Bots/hb_task2b' with type 'ros.ament_python' and name 'hb_task2b'
[1.962s] Level 1:colcon.colcon_core.package_identification:_identify(src/eYRC-2023_Hologlyph_Bots/hb_world) by extensions ['ignore', 'ignore_ament_install']
[1.962s] Level 1:colcon.colcon_core.package_identification:_identify(src/eYRC-2023_Hologlyph_Bots/hb_world) by extension 'ignore'
[1.963s] Level 1:colcon.colcon_core.package_identification:_identify(src/eYRC-2023_Hologlyph_Bots/hb_world) by extension 'ignore_ament_install'
[1.963s] Level 1:colcon.colcon_core.package_identification:_identify(src/eYRC-2023_Hologlyph_Bots/hb_world) by extensions ['colcon_pkg']
[1.963s] Level 1:colcon.colcon_core.package_identification:_identify(src/eYRC-2023_Hologlyph_Bots/hb_world) by extension 'colcon_pkg'
[1.963s] Level 1:colcon.colcon_core.package_identification:_identify(src/eYRC-2023_Hologlyph_Bots/hb_world) by extensions ['colcon_meta']
[1.963s] Level 1:colcon.colcon_core.package_identification:_identify(src/eYRC-2023_Hologlyph_Bots/hb_world) by extension 'colcon_meta'
[1.963s] Level 1:colcon.colcon_core.package_identification:_identify(src/eYRC-2023_Hologlyph_Bots/hb_world) by extensions ['ros']
[1.963s] Level 1:colcon.colcon_core.package_identification:_identify(src/eYRC-2023_Hologlyph_Bots/hb_world) by extension 'ros'
[1.964s] DEBUG:colcon.colcon_core.package_identification:Package 'src/eYRC-2023_Hologlyph_Bots/hb_world' with type 'ros.ament_cmake' and name 'hb_world'
[1.964s] Level 1:colcon.colcon_core.package_identification:_identify(src/eYRC-2023_Hologlyph_Bots/my_robot_interfaces) by extensions ['ignore', 'ignore_ament_install']
[1.964s] Level 1:colcon.colcon_core.package_identification:_identify(src/eYRC-2023_Hologlyph_Bots/my_robot_interfaces) by extension 'ignore'
[1.964s] Level 1:colcon.colcon_core.package_identification:_identify(src/eYRC-2023_Hologlyph_Bots/my_robot_interfaces) by extension 'ignore_ament_install'
[1.964s] Level 1:colcon.colcon_core.package_identification:_identify(src/eYRC-2023_Hologlyph_Bots/my_robot_interfaces) by extensions ['colcon_pkg']
[1.965s] Level 1:colcon.colcon_core.package_identification:_identify(src/eYRC-2023_Hologlyph_Bots/my_robot_interfaces) by extension 'colcon_pkg'
[1.965s] Level 1:colcon.colcon_core.package_identification:_identify(src/eYRC-2023_Hologlyph_Bots/my_robot_interfaces) by extensions ['colcon_meta']
[1.965s] Level 1:colcon.colcon_core.package_identification:_identify(src/eYRC-2023_Hologlyph_Bots/my_robot_interfaces) by extension 'colcon_meta'
[1.965s] Level 1:colcon.colcon_core.package_identification:_identify(src/eYRC-2023_Hologlyph_Bots/my_robot_interfaces) by extensions ['ros']
[1.965s] Level 1:colcon.colcon_core.package_identification:_identify(src/eYRC-2023_Hologlyph_Bots/my_robot_interfaces) by extension 'ros'
[1.965s] DEBUG:colcon.colcon_core.package_identification:Package 'src/eYRC-2023_Hologlyph_Bots/my_robot_interfaces' with type 'ros.ament_cmake' and name 'my_robot_interfaces'
[1.966s] Level 1:colcon.colcon_core.package_discovery:discover_packages(recursive) using defaults
[1.966s] Level 1:colcon.colcon_core.package_discovery:discover_packages(ignore) discover
[1.966s] Level 1:colcon.colcon_core.package_discovery:discover_packages(ignore) using defaults
[1.966s] Level 1:colcon.colcon_core.package_discovery:discover_packages(path) discover
[1.966s] Level 1:colcon.colcon_core.package_discovery:discover_packages(path) using defaults
[2.136s] Level 1:colcon.colcon_core.package_discovery:discover_packages(prefix_path) check parameters
[2.136s] Level 1:colcon.colcon_core.package_discovery:discover_packages(prefix_path) discover
[2.164s] WARNING:colcon.colcon_ros.prefix_path.ament:The path '/home/vaishnavi/eyrc23_hb_1520/hb_task_2_ws/install/hb_task2a' in the environment variable AMENT_PREFIX_PATH doesn't exist
[2.164s] WARNING:colcon.colcon_ros.prefix_path.ament:The path '/home/vaishnavi/eyrc23_hb_1520/hb_task_2_ws/install/my_robot_interfaces' in the environment variable AMENT_PREFIX_PATH doesn't exist
[2.164s] WARNING:colcon.colcon_ros.prefix_path.ament:The path '/home/vaishnavi/eyrc23_hb_1520/hb_task_2_ws/install/hb_world' in the environment variable AMENT_PREFIX_PATH doesn't exist
[2.164s] WARNING:colcon.colcon_ros.prefix_path.ament:The path '/home/vaishnavi/eyrc23_hb_1520/hb_task_2_ws/install/hb_task2b' in the environment variable AMENT_PREFIX_PATH doesn't exist
[2.164s] WARNING:colcon.colcon_ros.prefix_path.ament:The path '/home/vaishnavi/eyrc23_hb_1520/hb_task_2_ws/install/hb_bot' in the environment variable AMENT_PREFIX_PATH doesn't exist
[2.165s] WARNING:colcon.colcon_ros.prefix_path.catkin:The path '/home/vaishnavi/eyrc23_hb_1520/hb_task_2_ws/install/my_robot_interfaces' in the environment variable CMAKE_PREFIX_PATH doesn't exist
[2.165s] WARNING:colcon.colcon_ros.prefix_path.catkin:The path '/home/vaishnavi/eyrc23_hb_1520/hb_task_2_ws/install/hb_world' in the environment variable CMAKE_PREFIX_PATH doesn't exist
[2.165s] WARNING:colcon.colcon_ros.prefix_path.catkin:The path '/home/vaishnavi/eyrc23_hb_1520/hb_task_2_ws/install/hb_bot' in the environment variable CMAKE_PREFIX_PATH doesn't exist
[2.199s] DEBUG:colcon.colcon_installed_package_information.package_discovery:Found 0 installed packages in /home/vaishnavi/eyrc23_hb_1520/hb_task_2_ws/install
[2.252s] DEBUG:colcon.colcon_installed_package_information.package_discovery:Found 282 installed packages in /opt/ros/humble
[2.254s] Level 1:colcon.colcon_core.package_discovery:discover_packages(prefix_path) using defaults
[2.415s] Level 5:colcon.colcon_core.verb:set package 'hb_bot' build argument 'cmake_args' from command line to 'None'
[2.415s] Level 5:colcon.colcon_core.verb:set package 'hb_bot' build argument 'cmake_target' from command line to 'None'
[2.415s] Level 5:colcon.colcon_core.verb:set package 'hb_bot' build argument 'cmake_target_skip_unavailable' from command line to 'False'
[2.415s] Level 5:colcon.colcon_core.verb:set package 'hb_bot' build argument 'cmake_clean_cache' from command line to 'False'
[2.415s] Level 5:colcon.colcon_core.verb:set package 'hb_bot' build argument 'cmake_clean_first' from command line to 'False'
[2.415s] Level 5:colcon.colcon_core.verb:set package 'hb_bot' build argument 'cmake_force_configure' from command line to 'False'
[2.415s] Level 5:colcon.colcon_core.verb:set package 'hb_bot' build argument 'ament_cmake_args' from command line to 'None'
[2.415s] Level 5:colcon.colcon_core.verb:set package 'hb_bot' build argument 'catkin_cmake_args' from command line to 'None'
[2.415s] Level 5:colcon.colcon_core.verb:set package 'hb_bot' build argument 'catkin_skip_building_tests' from command line to 'False'
[2.416s] DEBUG:colcon.colcon_core.verb:Building package 'hb_bot' with the following arguments: {'ament_cmake_args': None, 'build_base': '/home/vaishnavi/eyrc23_hb_1520/hb_task_2_ws/build/hb_bot', 'catkin_cmake_args': None, 'catkin_skip_building_tests': False, 'cmake_args': None, 'cmake_clean_cache': False, 'cmake_clean_first': False, 'cmake_force_configure': False, 'cmake_target': None, 'cmake_target_skip_unavailable': False, 'install_base': '/home/vaishnavi/eyrc23_hb_1520/hb_task_2_ws/install/hb_bot', 'merge_install': False, 'path': '/home/vaishnavi/eyrc23_hb_1520/hb_task_2_ws/src/eYRC-2023_Hologlyph_Bots/hb_bot', 'symlink_install': False, 'test_result_base': None}
[2.442s] Level 5:colcon.colcon_core.verb:set package 'hb_task2b' build argument 'cmake_args' from command line to 'None'
[2.442s] Level 5:colcon.colcon_core.verb:set package 'hb_task2b' build argument 'cmake_target' from command line to 'None'
[2.442s] Level 5:colcon.colcon_core.verb:set package 'hb_task2b' build argument 'cmake_target_skip_unavailable' from command line to 'False'
[2.442s] Level 5:colcon.colcon_core.verb:set package 'hb_task2b' build argument 'cmake_clean_cache' from command line to 'False'
[2.442s] Level 5:colcon.colcon_core.verb:set package 'hb_task2b' build argument 'cmake_clean_first' from command line to 'False'
[2.442s] Level 5:colcon.colcon_core.verb:set package 'hb_task2b' build argument 'cmake_force_configure' from command line to 'False'
[2.442s] Level 5:colcon.colcon_core.verb:set package 'hb_task2b' build argument 'ament_cmake_args' from command line to 'None'
[2.443s] Level 5:colcon.colcon_core.verb:set package 'hb_task2b' build argument 'catkin_cmake_args' from command line to 'None'
[2.443s] Level 5:colcon.colcon_core.verb:set package 'hb_task2b' build argument 'catkin_skip_building_tests' from command line to 'False'
[2.443s] DEBUG:colcon.colcon_core.verb:Building package 'hb_task2b' with the following arguments: {'ament_cmake_args': None, 'build_base': '/home/vaishnavi/eyrc23_hb_1520/hb_task_2_ws/build/hb_task2b', 'catkin_cmake_args': None, 'catkin_skip_building_tests': False, 'cmake_args': None, 'cmake_clean_cache': False, 'cmake_clean_first': False, 'cmake_force_configure': False, 'cmake_target': None, 'cmake_target_skip_unavailable': False, 'install_base': '/home/vaishnavi/eyrc23_hb_1520/hb_task_2_ws/install/hb_task2b', 'merge_install': False, 'path': '/home/vaishnavi/eyrc23_hb_1520/hb_task_2_ws/src/eYRC-2023_Hologlyph_Bots/hb_task2b', 'symlink_install': False, 'test_result_base': None}
[2.470s] Level 5:colcon.colcon_core.verb:set package 'hb_world' build argument 'cmake_args' from command line to 'None'
[2.471s] Level 5:colcon.colcon_core.verb:set package 'hb_world' build argument 'cmake_target' from command line to 'None'
[2.471s] Level 5:colcon.colcon_core.verb:set package 'hb_world' build argument 'cmake_target_skip_unavailable' from command line to 'False'
[2.471s] Level 5:colcon.colcon_core.verb:set package 'hb_world' build argument 'cmake_clean_cache' from command line to 'False'
[2.471s] Level 5:colcon.colcon_core.verb:set package 'hb_world' build argument 'cmake_clean_first' from command line to 'False'
[2.471s] Level 5:colcon.colcon_core.verb:set package 'hb_world' build argument 'cmake_force_configure' from command line to 'False'
[2.471s] Level 5:colcon.colcon_core.verb:set package 'hb_world' build argument 'ament_cmake_args' from command line to 'None'
[2.471s] Level 5:colcon.colcon_core.verb:set package 'hb_world' build argument 'catkin_cmake_args' from command line to 'None'
[2.471s] Level 5:colcon.colcon_core.verb:set package 'hb_world' build argument 'catkin_skip_building_tests' from command line to 'False'
[2.471s] DEBUG:colcon.colcon_core.verb:Building package 'hb_world' with the following arguments: {'ament_cmake_args': None, 'build_base': '/home/vaishnavi/eyrc23_hb_1520/hb_task_2_ws/build/hb_world', 'catkin_cmake_args': None, 'catkin_skip_building_tests': False, 'cmake_args': None, 'cmake_clean_cache': False, 'cmake_clean_first': False, 'cmake_force_configure': False, 'cmake_target': None, 'cmake_target_skip_unavailable': False, 'install_base': '/home/vaishnavi/eyrc23_hb_1520/hb_task_2_ws/install/hb_world', 'merge_install': False, 'path': '/home/vaishnavi/eyrc23_hb_1520/hb_task_2_ws/src/eYRC-2023_Hologlyph_Bots/hb_world', 'symlink_install': False, 'test_result_base': None}
[2.497s] Level 5:colcon.colcon_core.verb:set package 'my_robot_interfaces' build argument 'cmake_args' from command line to 'None'
[2.498s] Level 5:colcon.colcon_core.verb:set package 'my_robot_interfaces' build argument 'cmake_target' from command line to 'None'
[2.498s] Level 5:colcon.colcon_core.verb:set package 'my_robot_interfaces' build argument 'cmake_target_skip_unavailable' from command line to 'False'
[2.498s] Level 5:colcon.colcon_core.verb:set package 'my_robot_interfaces' build argument 'cmake_clean_cache' from command line to 'False'
[2.498s] Level 5:colcon.colcon_core.verb:set package 'my_robot_interfaces' build argument 'cmake_clean_first' from command line to 'False'
[2.498s] Level 5:colcon.colcon_core.verb:set package 'my_robot_interfaces' build argument 'cmake_force_configure' from command line to 'False'
[2.498s] Level 5:colcon.colcon_core.verb:set package 'my_robot_interfaces' build argument 'ament_cmake_args' from command line to 'None'
[2.498s] Level 5:colcon.colcon_core.verb:set package 'my_robot_interfaces' build argument 'catkin_cmake_args' from command line to 'None'
[2.498s] Level 5:colcon.colcon_core.verb:set package 'my_robot_interfaces' build argument 'catkin_skip_building_tests' from command line to 'False'
[2.498s] DEBUG:colcon.colcon_core.verb:Building package 'my_robot_interfaces' with the following arguments: {'ament_cmake_args': None, 'build_base': '/home/vaishnavi/eyrc23_hb_1520/hb_task_2_ws/build/my_robot_interfaces', 'catkin_cmake_args': None, 'catkin_skip_building_tests': False, 'cmake_args': None, 'cmake_clean_cache': False, 'cmake_clean_first': False, 'cmake_force_configure': False, 'cmake_target': None, 'cmake_target_skip_unavailable': False, 'install_base': '/home/vaishnavi/eyrc23_hb_1520/hb_task_2_ws/install/my_robot_interfaces', 'merge_install': False, 'path': '/home/vaishnavi/eyrc23_hb_1520/hb_task_2_ws/src/eYRC-2023_Hologlyph_Bots/my_robot_interfaces', 'symlink_install': False, 'test_result_base': None}
[2.524s] Level 5:colcon.colcon_core.verb:set package 'hb_task2a' build argument 'cmake_args' from command line to 'None'
[2.524s] Level 5:colcon.colcon_core.verb:set package 'hb_task2a' build argument 'cmake_target' from command line to 'None'
[2.524s] Level 5:colcon.colcon_core.verb:set package 'hb_task2a' build argument 'cmake_target_skip_unavailable' from command line to 'False'
[2.524s] Level 5:colcon.colcon_core.verb:set package 'hb_task2a' build argument 'cmake_clean_cache' from command line to 'False'
[2.524s] Level 5:colcon.colcon_core.verb:set package 'hb_task2a' build argument 'cmake_clean_first' from command line to 'False'
[2.524s] Level 5:colcon.colcon_core.verb:set package 'hb_task2a' build argument 'cmake_force_configure' from command line to 'False'
[2.524s] Level 5:colcon.colcon_core.verb:set package 'hb_task2a' build argument 'ament_cmake_args' from command line to 'None'
[2.524s] Level 5:colcon.colcon_core.verb:set package 'hb_task2a' build argument 'catkin_cmake_args' from command line to 'None'
[2.524s] Level 5:colcon.colcon_core.verb:set package 'hb_task2a' build argument 'catkin_skip_building_tests' from command line to 'False'
[2.524s] DEBUG:colcon.colcon_core.verb:Building package 'hb_task2a' with the following arguments: {'ament_cmake_args': None, 'build_base': '/home/vaishnavi/eyrc23_hb_1520/hb_task_2_ws/build/hb_task2a', 'catkin_cmake_args': None, 'catkin_skip_building_tests': False, 'cmake_args': None, 'cmake_clean_cache': False, 'cmake_clean_first': False, 'cmake_force_configure': False, 'cmake_target': None, 'cmake_target_skip_unavailable': False, 'install_base': '/home/vaishnavi/eyrc23_hb_1520/hb_task_2_ws/install/hb_task2a', 'merge_install': False, 'path': '/home/vaishnavi/eyrc23_hb_1520/hb_task_2_ws/src/eYRC-2023_Hologlyph_Bots/hb_task2a', 'symlink_install': False, 'test_result_base': None}
[2.552s] INFO:colcon.colcon_core.executor:Executing jobs using 'parallel' executor
[2.579s] DEBUG:colcon.colcon_parallel_executor.executor.parallel:run_until_complete
[2.579s] INFO:colcon.colcon_ros.task.ament_cmake.build:Building ROS package in '/home/vaishnavi/eyrc23_hb_1520/hb_task_2_ws/src/eYRC-2023_Hologlyph_Bots/my_robot_interfaces' with build type 'ament_cmake'
[2.580s] INFO:colcon.colcon_cmake.task.cmake.build:Building CMake package in '/home/vaishnavi/eyrc23_hb_1520/hb_task_2_ws/src/eYRC-2023_Hologlyph_Bots/my_robot_interfaces'
[2.616s] INFO:colcon.colcon_core.plugin_system:Skipping extension 'colcon_core.shell.bat': Not used on non-Windows systems
[2.616s] INFO:colcon.colcon_core.shell:Skip shell extension 'powershell' for command environment: Not usable outside of PowerShell
[2.616s] DEBUG:colcon.colcon_core.shell:Skip shell extension 'dsv' for command environment
[2.720s] INFO:colcon.colcon_ros.task.ament_cmake.build:Building ROS package in '/home/vaishnavi/eyrc23_hb_1520/hb_task_2_ws/src/eYRC-2023_Hologlyph_Bots/hb_bot' with build type 'ament_cmake'
[2.720s] INFO:colcon.colcon_cmake.task.cmake.build:Building CMake package in '/home/vaishnavi/eyrc23_hb_1520/hb_task_2_ws/src/eYRC-2023_Hologlyph_Bots/hb_bot'
[2.754s] INFO:colcon.colcon_core.shell:Skip shell extension 'powershell' for command environment: Not usable outside of PowerShell
[2.754s] DEBUG:colcon.colcon_core.shell:Skip shell extension 'dsv' for command environment
[2.864s] INFO:colcon.colcon_ros.task.ament_python.build:Building ROS package in '/home/vaishnavi/eyrc23_hb_1520/hb_task_2_ws/src/eYRC-2023_Hologlyph_Bots/hb_task2b' with build type 'ament_python'
[2.864s] Level 1:colcon.colcon_core.shell:create_environment_hook('hb_task2b', 'ament_prefix_path')
[2.902s] INFO:colcon.colcon_core.shell:Creating environment hook '/home/vaishnavi/eyrc23_hb_1520/hb_task_2_ws/install/hb_task2b/share/hb_task2b/hook/ament_prefix_path.ps1'
[2.903s] INFO:colcon.colcon_core.shell:Creating environment descriptor '/home/vaishnavi/eyrc23_hb_1520/hb_task_2_ws/install/hb_task2b/share/hb_task2b/hook/ament_prefix_path.dsv'
[2.904s] INFO:colcon.colcon_core.shell:Creating environment hook '/home/vaishnavi/eyrc23_hb_1520/hb_task_2_ws/install/hb_task2b/share/hb_task2b/hook/ament_prefix_path.sh'
[2.938s] INFO:colcon.colcon_core.shell:Skip shell extension 'powershell' for command environment: Not usable outside of PowerShell
[2.939s] DEBUG:colcon.colcon_core.shell:Skip shell extension 'dsv' for command environment
[3.029s] INFO:colcon.colcon_ros.task.ament_cmake.build:Building ROS package in '/home/vaishnavi/eyrc23_hb_1520/hb_task_2_ws/src/eYRC-2023_Hologlyph_Bots/hb_world' with build type 'ament_cmake'
[3.029s] INFO:colcon.colcon_cmake.task.cmake.build:Building CMake package in '/home/vaishnavi/eyrc23_hb_1520/hb_task_2_ws/src/eYRC-2023_Hologlyph_Bots/hb_world'
[3.063s] INFO:colcon.colcon_core.shell:Skip shell extension 'powershell' for command environment: Not usable outside of PowerShell
[3.063s] DEBUG:colcon.colcon_core.shell:Skip shell extension 'dsv' for command environment
[3.172s] DEBUG:colcon.colcon_core.event_handler.log_command:Invoking command in '/home/vaishnavi/eyrc23_hb_1520/hb_task_2_ws/build/my_robot_interfaces': CMAKE_PREFIX_PATH=${CMAKE_PREFIX_PATH}:/home/vaishnavi/eyrc23_hb_1520/hb_task_2_ws/install/hb_task2a:/home/vaishnavi/eyrc23_hb_1520/hb_task_2_ws/install/hb_task2b:/opt/ros/humble /usr/bin/cmake /home/vaishnavi/eyrc23_hb_1520/hb_task_2_ws/src/eYRC-2023_Hologlyph_Bots/my_robot_interfaces -DCMAKE_INSTALL_PREFIX=/home/vaishnavi/eyrc23_hb_1520/hb_task_2_ws/install/my_robot_interfaces
[3.176s] DEBUG:colcon.colcon_core.event_handler.log_command:Invoking command in '/home/vaishnavi/eyrc23_hb_1520/hb_task_2_ws/build/hb_bot': CMAKE_PREFIX_PATH=${CMAKE_PREFIX_PATH}:/home/vaishnavi/eyrc23_hb_1520/hb_task_2_ws/install/hb_task2a:/home/vaishnavi/eyrc23_hb_1520/hb_task_2_ws/install/hb_task2b:/opt/ros/humble /usr/bin/cmake /home/vaishnavi/eyrc23_hb_1520/hb_task_2_ws/src/eYRC-2023_Hologlyph_Bots/hb_bot -DCMAKE_INSTALL_PREFIX=/home/vaishnavi/eyrc23_hb_1520/hb_task_2_ws/install/hb_bot
[3.713s] INFO:colcon.colcon_core.task.python.build:Building Python package in '/home/vaishnavi/eyrc23_hb_1520/hb_task_2_ws/src/eYRC-2023_Hologlyph_Bots/hb_task2b'
[3.747s] INFO:colcon.colcon_core.shell:Skip shell extension 'powershell' for command environment: Not usable outside of PowerShell
[3.748s] DEBUG:colcon.colcon_core.shell:Skip shell extension 'dsv' for command environment
[3.866s] DEBUG:colcon.colcon_core.event_handler.log_command:Invoking command in '/home/vaishnavi/eyrc23_hb_1520/hb_task_2_ws/build/hb_world': CMAKE_PREFIX_PATH=${CMAKE_PREFIX_PATH}:/home/vaishnavi/eyrc23_hb_1520/hb_task_2_ws/install/hb_task2a:/home/vaishnavi/eyrc23_hb_1520/hb_task_2_ws/install/hb_task2b:/opt/ros/humble /usr/bin/cmake /home/vaishnavi/eyrc23_hb_1520/hb_task_2_ws/src/eYRC-2023_Hologlyph_Bots/hb_world -DCMAKE_INSTALL_PREFIX=/home/vaishnavi/eyrc23_hb_1520/hb_task_2_ws/install/hb_world
[4.627s] DEBUG:colcon.colcon_core.event_handler.log_command:Invoking command in '/home/vaishnavi/eyrc23_hb_1520/hb_task_2_ws/src/eYRC-2023_Hologlyph_Bots/hb_task2b': PYTHONPATH=/home/vaishnavi/eyrc23_hb_1520/hb_task_2_ws/build/hb_task2b/prefix_override:/home/vaishnavi/eyrc23_hb_1520/hb_task_2_ws/install/hb_task2b/lib/python3.10/site-packages:${PYTHONPATH} /usr/bin/python3 setup.py egg_info --egg-base ../../../build/hb_task2b build --build-base /home/vaishnavi/eyrc23_hb_1520/hb_task_2_ws/build/hb_task2b/build install --record /home/vaishnavi/eyrc23_hb_1520/hb_task_2_ws/build/hb_task2b/install.log --single-version-externally-managed
[5.317s] DEBUG:colcon.colcon_core.event_handler.log_command:Invoked command in '/home/vaishnavi/eyrc23_hb_1520/hb_task_2_ws/src/eYRC-2023_Hologlyph_Bots/hb_task2b' returned '0': PYTHONPATH=/home/vaishnavi/eyrc23_hb_1520/hb_task_2_ws/build/hb_task2b/prefix_override:/home/vaishnavi/eyrc23_hb_1520/hb_task_2_ws/install/hb_task2b/lib/python3.10/site-packages:${PYTHONPATH} /usr/bin/python3 setup.py egg_info --egg-base ../../../build/hb_task2b build --build-base /home/vaishnavi/eyrc23_hb_1520/hb_task_2_ws/build/hb_task2b/build install --record /home/vaishnavi/eyrc23_hb_1520/hb_task_2_ws/build/hb_task2b/install.log --single-version-externally-managed
[5.379s] Level 1:colcon.colcon_core.environment:checking '/home/vaishnavi/eyrc23_hb_1520/hb_task_2_ws/install/hb_task2b' for CMake module files
[5.380s] Level 1:colcon.colcon_core.environment:checking '/home/vaishnavi/eyrc23_hb_1520/hb_task_2_ws/install/hb_task2b' for CMake config files
[5.382s] Level 1:colcon.colcon_core.environment:checking '/home/vaishnavi/eyrc23_hb_1520/hb_task_2_ws/install/hb_task2b/lib'
[5.382s] Level 1:colcon.colcon_core.environment:checking '/home/vaishnavi/eyrc23_hb_1520/hb_task_2_ws/install/hb_task2b/bin'
[5.382s] Level 1:colcon.colcon_core.environment:checking '/home/vaishnavi/eyrc23_hb_1520/hb_task_2_ws/install/hb_task2b/lib/pkgconfig/hb_task2b.pc'
[5.383s] Level 1:colcon.colcon_core.environment:checking '/home/vaishnavi/eyrc23_hb_1520/hb_task_2_ws/install/hb_task2b/lib/python3.10/site-packages'
[5.383s] Level 1:colcon.colcon_core.shell:create_environment_hook('hb_task2b', 'pythonpath')
[5.437s] INFO:colcon.colcon_core.shell:Creating environment hook '/home/vaishnavi/eyrc23_hb_1520/hb_task_2_ws/install/hb_task2b/share/hb_task2b/hook/pythonpath.ps1'
[5.438s] INFO:colcon.colcon_core.shell:Creating environment descriptor '/home/vaishnavi/eyrc23_hb_1520/hb_task_2_ws/install/hb_task2b/share/hb_task2b/hook/pythonpath.dsv'
[5.439s] INFO:colcon.colcon_core.shell:Creating environment hook '/home/vaishnavi/eyrc23_hb_1520/hb_task_2_ws/install/hb_task2b/share/hb_task2b/hook/pythonpath.sh'
[5.441s] Level 1:colcon.colcon_core.environment:checking '/home/vaishnavi/eyrc23_hb_1520/hb_task_2_ws/install/hb_task2b/bin'
[5.441s] Level 1:colcon.colcon_core.environment:create_environment_scripts_only(hb_task2b)
[5.492s] INFO:colcon.colcon_core.shell:Creating package script '/home/vaishnavi/eyrc23_hb_1520/hb_task_2_ws/install/hb_task2b/share/hb_task2b/package.ps1'
[5.494s] INFO:colcon.colcon_core.shell:Creating package descriptor '/home/vaishnavi/eyrc23_hb_1520/hb_task_2_ws/install/hb_task2b/share/hb_task2b/package.dsv'
[5.495s] INFO:colcon.colcon_core.shell:Creating package script '/home/vaishnavi/eyrc23_hb_1520/hb_task_2_ws/install/hb_task2b/share/hb_task2b/package.sh'
[5.496s] INFO:colcon.colcon_core.shell:Creating package script '/home/vaishnavi/eyrc23_hb_1520/hb_task_2_ws/install/hb_task2b/share/hb_task2b/package.bash'
[5.497s] INFO:colcon.colcon_core.shell:Creating package script '/home/vaishnavi/eyrc23_hb_1520/hb_task_2_ws/install/hb_task2b/share/hb_task2b/package.zsh'
[5.498s] Level 1:colcon.colcon_core.environment:create_file_with_runtime_dependencies(/home/vaishnavi/eyrc23_hb_1520/hb_task_2_ws/install/hb_task2b/share/colcon-core/packages/hb_task2b)
[5.930s] DEBUG:colcon.colcon_core.event_handler.log_command:Invoked command in '/home/vaishnavi/eyrc23_hb_1520/hb_task_2_ws/build/hb_bot' returned '0': CMAKE_PREFIX_PATH=${CMAKE_PREFIX_PATH}:/home/vaishnavi/eyrc23_hb_1520/hb_task_2_ws/install/hb_task2a:/home/vaishnavi/eyrc23_hb_1520/hb_task_2_ws/install/hb_task2b:/opt/ros/humble /usr/bin/cmake /home/vaishnavi/eyrc23_hb_1520/hb_task_2_ws/src/eYRC-2023_Hologlyph_Bots/hb_bot -DCMAKE_INSTALL_PREFIX=/home/vaishnavi/eyrc23_hb_1520/hb_task_2_ws/install/hb_bot
[5.935s] DEBUG:colcon.colcon_core.event_handler.log_command:Invoking command in '/home/vaishnavi/eyrc23_hb_1520/hb_task_2_ws/build/hb_bot': CMAKE_PREFIX_PATH=${CMAKE_PREFIX_PATH}:/home/vaishnavi/eyrc23_hb_1520/hb_task_2_ws/install/hb_task2a:/home/vaishnavi/eyrc23_hb_1520/hb_task_2_ws/install/hb_task2b:/opt/ros/humble /usr/bin/cmake --build /home/vaishnavi/eyrc23_hb_1520/hb_task_2_ws/build/hb_bot -- -j8 -l8
[6.010s] DEBUG:colcon.colcon_core.event_handler.log_command:Invoked command in '/home/vaishnavi/eyrc23_hb_1520/hb_task_2_ws/build/hb_bot' returned '0': CMAKE_PREFIX_PATH=${CMAKE_PREFIX_PATH}:/home/vaishnavi/eyrc23_hb_1520/hb_task_2_ws/install/hb_task2a:/home/vaishnavi/eyrc23_hb_1520/hb_task_2_ws/install/hb_task2b:/opt/ros/humble /usr/bin/cmake --build /home/vaishnavi/eyrc23_hb_1520/hb_task_2_ws/build/hb_bot -- -j8 -l8
[6.073s] DEBUG:colcon.colcon_core.event_handler.log_command:Invoking command in '/home/vaishnavi/eyrc23_hb_1520/hb_task_2_ws/build/hb_bot': CMAKE_PREFIX_PATH=${CMAKE_PREFIX_PATH}:/home/vaishnavi/eyrc23_hb_1520/hb_task_2_ws/install/hb_task2a:/home/vaishnavi/eyrc23_hb_1520/hb_task_2_ws/install/hb_task2b:/opt/ros/humble /usr/bin/cmake --install /home/vaishnavi/eyrc23_hb_1520/hb_task_2_ws/build/hb_bot
[6.075s] DEBUG:colcon.colcon_core.event_handler.log_command:Invoked command in '/home/vaishnavi/eyrc23_hb_1520/hb_task_2_ws/build/my_robot_interfaces' returned '0': CMAKE_PREFIX_PATH=${CMAKE_PREFIX_PATH}:/home/vaishnavi/eyrc23_hb_1520/hb_task_2_ws/install/hb_task2a:/home/vaishnavi/eyrc23_hb_1520/hb_task_2_ws/install/hb_task2b:/opt/ros/humble /usr/bin/cmake /home/vaishnavi/eyrc23_hb_1520/hb_task_2_ws/src/eYRC-2023_Hologlyph_Bots/my_robot_interfaces -DCMAKE_INSTALL_PREFIX=/home/vaishnavi/eyrc23_hb_1520/hb_task_2_ws/install/my_robot_interfaces
[6.078s] DEBUG:colcon.colcon_core.event_handler.log_command:Invoking command in '/home/vaishnavi/eyrc23_hb_1520/hb_task_2_ws/build/my_robot_interfaces': CMAKE_PREFIX_PATH=${CMAKE_PREFIX_PATH}:/home/vaishnavi/eyrc23_hb_1520/hb_task_2_ws/install/hb_task2a:/home/vaishnavi/eyrc23_hb_1520/hb_task_2_ws/install/hb_task2b:/opt/ros/humble /usr/bin/cmake --build /home/vaishnavi/eyrc23_hb_1520/hb_task_2_ws/build/my_robot_interfaces -- -j8 -l8
[6.110s] Level 1:colcon.colcon_core.environment:create_environment_scripts_only(hb_bot)
[6.111s] DEBUG:colcon.colcon_core.event_handler.log_command:Invoked command in '/home/vaishnavi/eyrc23_hb_1520/hb_task_2_ws/build/hb_bot' returned '0': CMAKE_PREFIX_PATH=${CMAKE_PREFIX_PATH}:/home/vaishnavi/eyrc23_hb_1520/hb_task_2_ws/install/hb_task2a:/home/vaishnavi/eyrc23_hb_1520/hb_task_2_ws/install/hb_task2b:/opt/ros/humble /usr/bin/cmake --install /home/vaishnavi/eyrc23_hb_1520/hb_task_2_ws/build/hb_bot
[6.149s] Level 1:colcon.colcon_core.environment:checking '/home/vaishnavi/eyrc23_hb_1520/hb_task_2_ws/install/hb_bot' for CMake module files
[6.150s] Level 1:colcon.colcon_core.environment:checking '/home/vaishnavi/eyrc23_hb_1520/hb_task_2_ws/install/hb_bot' for CMake config files
[6.150s] Level 1:colcon.colcon_core.shell:create_environment_hook('hb_bot', 'cmake_prefix_path')
[6.187s] INFO:colcon.colcon_core.shell:Creating environment hook '/home/vaishnavi/eyrc23_hb_1520/hb_task_2_ws/install/hb_bot/share/hb_bot/hook/cmake_prefix_path.ps1'
[6.188s] INFO:colcon.colcon_core.shell:Creating environment descriptor '/home/vaishnavi/eyrc23_hb_1520/hb_task_2_ws/install/hb_bot/share/hb_bot/hook/cmake_prefix_path.dsv'
[6.188s] INFO:colcon.colcon_core.shell:Creating environment hook '/home/vaishnavi/eyrc23_hb_1520/hb_task_2_ws/install/hb_bot/share/hb_bot/hook/cmake_prefix_path.sh'
[6.189s] Level 1:colcon.colcon_core.environment:checking '/home/vaishnavi/eyrc23_hb_1520/hb_task_2_ws/install/hb_bot/bin'
[6.189s] Level 1:colcon.colcon_core.environment:checking '/home/vaishnavi/eyrc23_hb_1520/hb_task_2_ws/install/hb_bot/lib/pkgconfig/hb_bot.pc'
[6.190s] Level 1:colcon.colcon_core.environment:checking '/home/vaishnavi/eyrc23_hb_1520/hb_task_2_ws/install/hb_bot/lib/python3.10/site-packages'
[6.190s] Level 1:colcon.colcon_core.environment:checking '/home/vaishnavi/eyrc23_hb_1520/hb_task_2_ws/install/hb_bot/bin'
[6.235s] INFO:colcon.colcon_core.shell:Creating package script '/home/vaishnavi/eyrc23_hb_1520/hb_task_2_ws/install/hb_bot/share/hb_bot/package.ps1'
[6.236s] INFO:colcon.colcon_core.shell:Creating package descriptor '/home/vaishnavi/eyrc23_hb_1520/hb_task_2_ws/install/hb_bot/share/hb_bot/package.dsv'
[6.237s] INFO:colcon.colcon_core.shell:Creating package script '/home/vaishnavi/eyrc23_hb_1520/hb_task_2_ws/install/hb_bot/share/hb_bot/package.sh'
[6.238s] INFO:colcon.colcon_core.shell:Creating package script '/home/vaishnavi/eyrc23_hb_1520/hb_task_2_ws/install/hb_bot/share/hb_bot/package.bash'
[6.238s] INFO:colcon.colcon_core.shell:Creating package script '/home/vaishnavi/eyrc23_hb_1520/hb_task_2_ws/install/hb_bot/share/hb_bot/package.zsh'
[6.239s] Level 1:colcon.colcon_core.environment:create_file_with_runtime_dependencies(/home/vaishnavi/eyrc23_hb_1520/hb_task_2_ws/install/hb_bot/share/colcon-core/packages/hb_bot)
[6.358s] Level 1:colcon.colcon_core.environment:create_environment_scripts_only(hb_bot)
[6.411s] Level 1:colcon.colcon_core.environment:checking '/home/vaishnavi/eyrc23_hb_1520/hb_task_2_ws/install/hb_bot' for CMake module files
[6.412s] Level 1:colcon.colcon_core.environment:checking '/home/vaishnavi/eyrc23_hb_1520/hb_task_2_ws/install/hb_bot' for CMake config files
[6.413s] Level 1:colcon.colcon_core.shell:create_environment_hook('hb_bot', 'cmake_prefix_path')
[6.469s] INFO:colcon.colcon_core.shell:Creating environment hook '/home/vaishnavi/eyrc23_hb_1520/hb_task_2_ws/install/hb_bot/share/hb_bot/hook/cmake_prefix_path.ps1'
[6.470s] INFO:colcon.colcon_core.shell:Creating environment descriptor '/home/vaishnavi/eyrc23_hb_1520/hb_task_2_ws/install/hb_bot/share/hb_bot/hook/cmake_prefix_path.dsv'
[6.470s] INFO:colcon.colcon_core.shell:Creating environment hook '/home/vaishnavi/eyrc23_hb_1520/hb_task_2_ws/install/hb_bot/share/hb_bot/hook/cmake_prefix_path.sh'
[6.472s] Level 1:colcon.colcon_core.environment:checking '/home/vaishnavi/eyrc23_hb_1520/hb_task_2_ws/install/hb_bot/bin'
[6.472s] Level 1:colcon.colcon_core.environment:checking '/home/vaishnavi/eyrc23_hb_1520/hb_task_2_ws/install/hb_bot/lib/pkgconfig/hb_bot.pc'
[6.472s] Level 1:colcon.colcon_core.environment:checking '/home/vaishnavi/eyrc23_hb_1520/hb_task_2_ws/install/hb_bot/lib/python3.10/site-packages'
[6.473s] Level 1:colcon.colcon_core.environment:checking '/home/vaishnavi/eyrc23_hb_1520/hb_task_2_ws/install/hb_bot/bin'
[6.509s] INFO:colcon.colcon_core.shell:Creating package script '/home/vaishnavi/eyrc23_hb_1520/hb_task_2_ws/install/hb_bot/share/hb_bot/package.ps1'
[6.511s] INFO:colcon.colcon_core.shell:Creating package descriptor '/home/vaishnavi/eyrc23_hb_1520/hb_task_2_ws/install/hb_bot/share/hb_bot/package.dsv'
[6.513s] INFO:colcon.colcon_core.shell:Creating package script '/home/vaishnavi/eyrc23_hb_1520/hb_task_2_ws/install/hb_bot/share/hb_bot/package.sh'
[6.514s] INFO:colcon.colcon_core.shell:Creating package script '/home/vaishnavi/eyrc23_hb_1520/hb_task_2_ws/install/hb_bot/share/hb_bot/package.bash'
[6.515s] INFO:colcon.colcon_core.shell:Creating package script '/home/vaishnavi/eyrc23_hb_1520/hb_task_2_ws/install/hb_bot/share/hb_bot/package.zsh'
[6.515s] Level 1:colcon.colcon_core.environment:create_file_with_runtime_dependencies(/home/vaishnavi/eyrc23_hb_1520/hb_task_2_ws/install/hb_bot/share/colcon-core/packages/hb_bot)
[6.555s] DEBUG:colcon.colcon_core.event_handler.log_command:Invoked command in '/home/vaishnavi/eyrc23_hb_1520/hb_task_2_ws/build/hb_world' returned '0': CMAKE_PREFIX_PATH=${CMAKE_PREFIX_PATH}:/home/vaishnavi/eyrc23_hb_1520/hb_task_2_ws/install/hb_task2a:/home/vaishnavi/eyrc23_hb_1520/hb_task_2_ws/install/hb_task2b:/opt/ros/humble /usr/bin/cmake /home/vaishnavi/eyrc23_hb_1520/hb_task_2_ws/src/eYRC-2023_Hologlyph_Bots/hb_world -DCMAKE_INSTALL_PREFIX=/home/vaishnavi/eyrc23_hb_1520/hb_task_2_ws/install/hb_world
[6.559s] DEBUG:colcon.colcon_core.event_handler.log_command:Invoking command in '/home/vaishnavi/eyrc23_hb_1520/hb_task_2_ws/build/hb_world': CMAKE_PREFIX_PATH=${CMAKE_PREFIX_PATH}:/home/vaishnavi/eyrc23_hb_1520/hb_task_2_ws/install/hb_task2a:/home/vaishnavi/eyrc23_hb_1520/hb_task_2_ws/install/hb_task2b:/opt/ros/humble /usr/bin/cmake --build /home/vaishnavi/eyrc23_hb_1520/hb_task_2_ws/build/hb_world -- -j8 -l8
[6.638s] DEBUG:colcon.colcon_core.event_handler.log_command:Invoked command in '/home/vaishnavi/eyrc23_hb_1520/hb_task_2_ws/build/hb_world' returned '0': CMAKE_PREFIX_PATH=${CMAKE_PREFIX_PATH}:/home/vaishnavi/eyrc23_hb_1520/hb_task_2_ws/install/hb_task2a:/home/vaishnavi/eyrc23_hb_1520/hb_task_2_ws/install/hb_task2b:/opt/ros/humble /usr/bin/cmake --build /home/vaishnavi/eyrc23_hb_1520/hb_task_2_ws/build/hb_world -- -j8 -l8
[6.685s] DEBUG:colcon.colcon_core.event_handler.log_command:Invoking command in '/home/vaishnavi/eyrc23_hb_1520/hb_task_2_ws/build/hb_world': CMAKE_PREFIX_PATH=${CMAKE_PREFIX_PATH}:/home/vaishnavi/eyrc23_hb_1520/hb_task_2_ws/install/hb_task2a:/home/vaishnavi/eyrc23_hb_1520/hb_task_2_ws/install/hb_task2b:/opt/ros/humble /usr/bin/cmake --install /home/vaishnavi/eyrc23_hb_1520/hb_task_2_ws/build/hb_world
[6.706s] Level 1:colcon.colcon_core.environment:create_environment_scripts_only(hb_world)
[6.707s] DEBUG:colcon.colcon_core.event_handler.log_command:Invoked command in '/home/vaishnavi/eyrc23_hb_1520/hb_task_2_ws/build/hb_world' returned '0': CMAKE_PREFIX_PATH=${CMAKE_PREFIX_PATH}:/home/vaishnavi/eyrc23_hb_1520/hb_task_2_ws/install/hb_task2a:/home/vaishnavi/eyrc23_hb_1520/hb_task_2_ws/install/hb_task2b:/opt/ros/humble /usr/bin/cmake --install /home/vaishnavi/eyrc23_hb_1520/hb_task_2_ws/build/hb_world
[6.749s] Level 1:colcon.colcon_core.environment:checking '/home/vaishnavi/eyrc23_hb_1520/hb_task_2_ws/install/hb_world' for CMake module files
[6.749s] Level 1:colcon.colcon_core.environment:checking '/home/vaishnavi/eyrc23_hb_1520/hb_task_2_ws/install/hb_world' for CMake config files
[6.750s] Level 1:colcon.colcon_core.shell:create_environment_hook('hb_world', 'cmake_prefix_path')
[6.784s] INFO:colcon.colcon_core.shell:Creating environment hook '/home/vaishnavi/eyrc23_hb_1520/hb_task_2_ws/install/hb_world/share/hb_world/hook/cmake_prefix_path.ps1'
[6.785s] INFO:colcon.colcon_core.shell:Creating environment descriptor '/home/vaishnavi/eyrc23_hb_1520/hb_task_2_ws/install/hb_world/share/hb_world/hook/cmake_prefix_path.dsv'
[6.785s] INFO:colcon.colcon_core.shell:Creating environment hook '/home/vaishnavi/eyrc23_hb_1520/hb_task_2_ws/install/hb_world/share/hb_world/hook/cmake_prefix_path.sh'
[6.786s] Level 1:colcon.colcon_core.environment:checking '/home/vaishnavi/eyrc23_hb_1520/hb_task_2_ws/install/hb_world/bin'
[6.786s] Level 1:colcon.colcon_core.environment:checking '/home/vaishnavi/eyrc23_hb_1520/hb_task_2_ws/install/hb_world/lib/pkgconfig/hb_world.pc'
[6.786s] Level 1:colcon.colcon_core.environment:checking '/home/vaishnavi/eyrc23_hb_1520/hb_task_2_ws/install/hb_world/lib/python3.10/site-packages'
[6.787s] Level 1:colcon.colcon_core.environment:checking '/home/vaishnavi/eyrc23_hb_1520/hb_task_2_ws/install/hb_world/bin'
[6.836s] INFO:colcon.colcon_core.shell:Creating package script '/home/vaishnavi/eyrc23_hb_1520/hb_task_2_ws/install/hb_world/share/hb_world/package.ps1'
[6.837s] INFO:colcon.colcon_core.shell:Creating package descriptor '/home/vaishnavi/eyrc23_hb_1520/hb_task_2_ws/install/hb_world/share/hb_world/package.dsv'
[6.839s] INFO:colcon.colcon_core.shell:Creating package script '/home/vaishnavi/eyrc23_hb_1520/hb_task_2_ws/install/hb_world/share/hb_world/package.sh'
[6.839s] INFO:colcon.colcon_core.shell:Creating package script '/home/vaishnavi/eyrc23_hb_1520/hb_task_2_ws/install/hb_world/share/hb_world/package.bash'
[6.840s] INFO:colcon.colcon_core.shell:Creating package script '/home/vaishnavi/eyrc23_hb_1520/hb_task_2_ws/install/hb_world/share/hb_world/package.zsh'
[6.840s] Level 1:colcon.colcon_core.environment:create_file_with_runtime_dependencies(/home/vaishnavi/eyrc23_hb_1520/hb_task_2_ws/install/hb_world/share/colcon-core/packages/hb_world)
[6.937s] Level 1:colcon.colcon_core.environment:create_environment_scripts_only(hb_world)
[6.976s] Level 1:colcon.colcon_core.environment:checking '/home/vaishnavi/eyrc23_hb_1520/hb_task_2_ws/install/hb_world' for CMake module files
[6.978s] Level 1:colcon.colcon_core.environment:checking '/home/vaishnavi/eyrc23_hb_1520/hb_task_2_ws/install/hb_world' for CMake config files
[6.979s] Level 1:colcon.colcon_core.shell:create_environment_hook('hb_world', 'cmake_prefix_path')
[7.018s] INFO:colcon.colcon_core.shell:Creating environment hook '/home/vaishnavi/eyrc23_hb_1520/hb_task_2_ws/install/hb_world/share/hb_world/hook/cmake_prefix_path.ps1'
[7.019s] INFO:colcon.colcon_core.shell:Creating environment descriptor '/home/vaishnavi/eyrc23_hb_1520/hb_task_2_ws/install/hb_world/share/hb_world/hook/cmake_prefix_path.dsv'
[7.020s] INFO:colcon.colcon_core.shell:Creating environment hook '/home/vaishnavi/eyrc23_hb_1520/hb_task_2_ws/install/hb_world/share/hb_world/hook/cmake_prefix_path.sh'
[7.021s] Level 1:colcon.colcon_core.environment:checking '/home/vaishnavi/eyrc23_hb_1520/hb_task_2_ws/install/hb_world/bin'
[7.022s] Level 1:colcon.colcon_core.environment:checking '/home/vaishnavi/eyrc23_hb_1520/hb_task_2_ws/install/hb_world/lib/pkgconfig/hb_world.pc'
[7.022s] Level 1:colcon.colcon_core.environment:checking '/home/vaishnavi/eyrc23_hb_1520/hb_task_2_ws/install/hb_world/lib/python3.10/site-packages'
[7.023s] Level 1:colcon.colcon_core.environment:checking '/home/vaishnavi/eyrc23_hb_1520/hb_task_2_ws/install/hb_world/bin'
[7.091s] INFO:colcon.colcon_core.shell:Creating package script '/home/vaishnavi/eyrc23_hb_1520/hb_task_2_ws/install/hb_world/share/hb_world/package.ps1'
[7.093s] INFO:colcon.colcon_core.shell:Creating package descriptor '/home/vaishnavi/eyrc23_hb_1520/hb_task_2_ws/install/hb_world/share/hb_world/package.dsv'
[7.096s] INFO:colcon.colcon_core.shell:Creating package script '/home/vaishnavi/eyrc23_hb_1520/hb_task_2_ws/install/hb_world/share/hb_world/package.sh'
[7.098s] INFO:colcon.colcon_core.shell:Creating package script '/home/vaishnavi/eyrc23_hb_1520/hb_task_2_ws/install/hb_world/share/hb_world/package.bash'
[7.100s] INFO:colcon.colcon_core.shell:Creating package script '/home/vaishnavi/eyrc23_hb_1520/hb_task_2_ws/install/hb_world/share/hb_world/package.zsh'
[7.101s] Level 1:colcon.colcon_core.environment:create_file_with_runtime_dependencies(/home/vaishnavi/eyrc23_hb_1520/hb_task_2_ws/install/hb_world/share/colcon-core/packages/hb_world)
[12.012s] DEBUG:colcon.colcon_core.event_handler.log_command:Invoked command in '/home/vaishnavi/eyrc23_hb_1520/hb_task_2_ws/build/my_robot_interfaces' returned '0': CMAKE_PREFIX_PATH=${CMAKE_PREFIX_PATH}:/home/vaishnavi/eyrc23_hb_1520/hb_task_2_ws/install/hb_task2a:/home/vaishnavi/eyrc23_hb_1520/hb_task_2_ws/install/hb_task2b:/opt/ros/humble /usr/bin/cmake --build /home/vaishnavi/eyrc23_hb_1520/hb_task_2_ws/build/my_robot_interfaces -- -j8 -l8
[12.191s] DEBUG:colcon.colcon_core.event_handler.log_command:Invoking command in '/home/vaishnavi/eyrc23_hb_1520/hb_task_2_ws/build/my_robot_interfaces': CMAKE_PREFIX_PATH=${CMAKE_PREFIX_PATH}:/home/vaishnavi/eyrc23_hb_1520/hb_task_2_ws/install/hb_task2a:/home/vaishnavi/eyrc23_hb_1520/hb_task_2_ws/install/hb_task2b:/opt/ros/humble /usr/bin/cmake --install /home/vaishnavi/eyrc23_hb_1520/hb_task_2_ws/build/my_robot_interfaces
[12.315s] Level 1:colcon.colcon_core.environment:create_environment_scripts_only(my_robot_interfaces)
[12.316s] DEBUG:colcon.colcon_core.event_handler.log_command:Invoked command in '/home/vaishnavi/eyrc23_hb_1520/hb_task_2_ws/build/my_robot_interfaces' returned '0': CMAKE_PREFIX_PATH=${CMAKE_PREFIX_PATH}:/home/vaishnavi/eyrc23_hb_1520/hb_task_2_ws/install/hb_task2a:/home/vaishnavi/eyrc23_hb_1520/hb_task_2_ws/install/hb_task2b:/opt/ros/humble /usr/bin/cmake --install /home/vaishnavi/eyrc23_hb_1520/hb_task_2_ws/build/my_robot_interfaces
[12.349s] Level 1:colcon.colcon_core.environment:checking '/home/vaishnavi/eyrc23_hb_1520/hb_task_2_ws/install/my_robot_interfaces' for CMake module files
[12.350s] Level 1:colcon.colcon_core.environment:checking '/home/vaishnavi/eyrc23_hb_1520/hb_task_2_ws/install/my_robot_interfaces' for CMake config files
[12.351s] Level 1:colcon.colcon_core.shell:create_environment_hook('my_robot_interfaces', 'cmake_prefix_path')
[12.388s] INFO:colcon.colcon_core.shell:Creating environment hook '/home/vaishnavi/eyrc23_hb_1520/hb_task_2_ws/install/my_robot_interfaces/share/my_robot_interfaces/hook/cmake_prefix_path.ps1'
[12.389s] INFO:colcon.colcon_core.shell:Creating environment descriptor '/home/vaishnavi/eyrc23_hb_1520/hb_task_2_ws/install/my_robot_interfaces/share/my_robot_interfaces/hook/cmake_prefix_path.dsv'
[12.389s] INFO:colcon.colcon_core.shell:Creating environment hook '/home/vaishnavi/eyrc23_hb_1520/hb_task_2_ws/install/my_robot_interfaces/share/my_robot_interfaces/hook/cmake_prefix_path.sh'
[12.390s] Level 1:colcon.colcon_core.environment:checking '/home/vaishnavi/eyrc23_hb_1520/hb_task_2_ws/install/my_robot_interfaces/lib'
[12.390s] Level 1:colcon.colcon_core.shell:create_environment_hook('my_robot_interfaces', 'ld_library_path_lib')
[12.425s] INFO:colcon.colcon_core.shell:Creating environment hook '/home/vaishnavi/eyrc23_hb_1520/hb_task_2_ws/install/my_robot_interfaces/share/my_robot_interfaces/hook/ld_library_path_lib.ps1'
[12.426s] INFO:colcon.colcon_core.shell:Creating environment descriptor '/home/vaishnavi/eyrc23_hb_1520/hb_task_2_ws/install/my_robot_interfaces/share/my_robot_interfaces/hook/ld_library_path_lib.dsv'
[12.426s] INFO:colcon.colcon_core.shell:Creating environment hook '/home/vaishnavi/eyrc23_hb_1520/hb_task_2_ws/install/my_robot_interfaces/share/my_robot_interfaces/hook/ld_library_path_lib.sh'
[12.426s] Level 1:colcon.colcon_core.environment:checking '/home/vaishnavi/eyrc23_hb_1520/hb_task_2_ws/install/my_robot_interfaces/bin'
[12.427s] Level 1:colcon.colcon_core.environment:checking '/home/vaishnavi/eyrc23_hb_1520/hb_task_2_ws/install/my_robot_interfaces/lib/pkgconfig/my_robot_interfaces.pc'
[12.427s] Level 1:colcon.colcon_core.environment:checking '/home/vaishnavi/eyrc23_hb_1520/hb_task_2_ws/install/my_robot_interfaces/lib/python3.10/site-packages'
[12.427s] Level 1:colcon.colcon_core.environment:checking '/home/vaishnavi/eyrc23_hb_1520/hb_task_2_ws/install/my_robot_interfaces/bin'
[12.462s] INFO:colcon.colcon_core.shell:Creating package script '/home/vaishnavi/eyrc23_hb_1520/hb_task_2_ws/install/my_robot_interfaces/share/my_robot_interfaces/package.ps1'
[12.464s] INFO:colcon.colcon_core.shell:Creating package descriptor '/home/vaishnavi/eyrc23_hb_1520/hb_task_2_ws/install/my_robot_interfaces/share/my_robot_interfaces/package.dsv'
[12.465s] INFO:colcon.colcon_core.shell:Creating package script '/home/vaishnavi/eyrc23_hb_1520/hb_task_2_ws/install/my_robot_interfaces/share/my_robot_interfaces/package.sh'
[12.465s] INFO:colcon.colcon_core.shell:Creating package script '/home/vaishnavi/eyrc23_hb_1520/hb_task_2_ws/install/my_robot_interfaces/share/my_robot_interfaces/package.bash'
[12.466s] INFO:colcon.colcon_core.shell:Creating package script '/home/vaishnavi/eyrc23_hb_1520/hb_task_2_ws/install/my_robot_interfaces/share/my_robot_interfaces/package.zsh'
[12.466s] Level 1:colcon.colcon_core.environment:create_file_with_runtime_dependencies(/home/vaishnavi/eyrc23_hb_1520/hb_task_2_ws/install/my_robot_interfaces/share/colcon-core/packages/my_robot_interfaces)
[12.668s] Level 1:colcon.colcon_core.environment:create_environment_scripts_only(my_robot_interfaces)
[12.714s] Level 1:colcon.colcon_core.environment:checking '/home/vaishnavi/eyrc23_hb_1520/hb_task_2_ws/install/my_robot_interfaces' for CMake module files
[12.715s] Level 1:colcon.colcon_core.environment:checking '/home/vaishnavi/eyrc23_hb_1520/hb_task_2_ws/install/my_robot_interfaces' for CMake config files
[12.715s] Level 1:colcon.colcon_core.shell:create_environment_hook('my_robot_interfaces', 'cmake_prefix_path')
[12.746s] INFO:colcon.colcon_core.shell:Creating environment hook '/home/vaishnavi/eyrc23_hb_1520/hb_task_2_ws/install/my_robot_interfaces/share/my_robot_interfaces/hook/cmake_prefix_path.ps1'
[12.746s] INFO:colcon.colcon_core.shell:Creating environment descriptor '/home/vaishnavi/eyrc23_hb_1520/hb_task_2_ws/install/my_robot_interfaces/share/my_robot_interfaces/hook/cmake_prefix_path.dsv'
[12.747s] INFO:colcon.colcon_core.shell:Creating environment hook '/home/vaishnavi/eyrc23_hb_1520/hb_task_2_ws/install/my_robot_interfaces/share/my_robot_interfaces/hook/cmake_prefix_path.sh'
[12.748s] Level 1:colcon.colcon_core.environment:checking '/home/vaishnavi/eyrc23_hb_1520/hb_task_2_ws/install/my_robot_interfaces/lib'
[12.748s] Level 1:colcon.colcon_core.shell:create_environment_hook('my_robot_interfaces', 'ld_library_path_lib')
[12.778s] INFO:colcon.colcon_core.shell:Creating environment hook '/home/vaishnavi/eyrc23_hb_1520/hb_task_2_ws/install/my_robot_interfaces/share/my_robot_interfaces/hook/ld_library_path_lib.ps1'
[12.779s] INFO:colcon.colcon_core.shell:Creating environment descriptor '/home/vaishnavi/eyrc23_hb_1520/hb_task_2_ws/install/my_robot_interfaces/share/my_robot_interfaces/hook/ld_library_path_lib.dsv'
[12.779s] INFO:colcon.colcon_core.shell:Creating environment hook '/home/vaishnavi/eyrc23_hb_1520/hb_task_2_ws/install/my_robot_interfaces/share/my_robot_interfaces/hook/ld_library_path_lib.sh'
[12.780s] Level 1:colcon.colcon_core.environment:checking '/home/vaishnavi/eyrc23_hb_1520/hb_task_2_ws/install/my_robot_interfaces/bin'
[12.780s] Level 1:colcon.colcon_core.environment:checking '/home/vaishnavi/eyrc23_hb_1520/hb_task_2_ws/install/my_robot_interfaces/lib/pkgconfig/my_robot_interfaces.pc'
[12.780s] Level 1:colcon.colcon_core.environment:checking '/home/vaishnavi/eyrc23_hb_1520/hb_task_2_ws/install/my_robot_interfaces/lib/python3.10/site-packages'
[12.781s] Level 1:colcon.colcon_core.environment:checking '/home/vaishnavi/eyrc23_hb_1520/hb_task_2_ws/install/my_robot_interfaces/bin'
[12.810s] INFO:colcon.colcon_core.shell:Creating package script '/home/vaishnavi/eyrc23_hb_1520/hb_task_2_ws/install/my_robot_interfaces/share/my_robot_interfaces/package.ps1'
[12.811s] INFO:colcon.colcon_core.shell:Creating package descriptor '/home/vaishnavi/eyrc23_hb_1520/hb_task_2_ws/install/my_robot_interfaces/share/my_robot_interfaces/package.dsv'
[12.811s] INFO:colcon.colcon_core.shell:Creating package script '/home/vaishnavi/eyrc23_hb_1520/hb_task_2_ws/install/my_robot_interfaces/share/my_robot_interfaces/package.sh'
[12.812s] INFO:colcon.colcon_core.shell:Creating package script '/home/vaishnavi/eyrc23_hb_1520/hb_task_2_ws/install/my_robot_interfaces/share/my_robot_interfaces/package.bash'
[12.812s] INFO:colcon.colcon_core.shell:Creating package script '/home/vaishnavi/eyrc23_hb_1520/hb_task_2_ws/install/my_robot_interfaces/share/my_robot_interfaces/package.zsh'
[12.813s] Level 1:colcon.colcon_core.environment:create_file_with_runtime_dependencies(/home/vaishnavi/eyrc23_hb_1520/hb_task_2_ws/install/my_robot_interfaces/share/colcon-core/packages/my_robot_interfaces)
[12.813s] INFO:colcon.colcon_ros.task.ament_python.build:Building ROS package in '/home/vaishnavi/eyrc23_hb_1520/hb_task_2_ws/src/eYRC-2023_Hologlyph_Bots/hb_task2a' with build type 'ament_python'
[12.814s] Level 1:colcon.colcon_core.shell:create_environment_hook('hb_task2a', 'ament_prefix_path')
[12.844s] INFO:colcon.colcon_core.shell:Creating environment hook '/home/vaishnavi/eyrc23_hb_1520/hb_task_2_ws/install/hb_task2a/share/hb_task2a/hook/ament_prefix_path.ps1'
[12.846s] INFO:colcon.colcon_core.shell:Creating environment descriptor '/home/vaishnavi/eyrc23_hb_1520/hb_task_2_ws/install/hb_task2a/share/hb_task2a/hook/ament_prefix_path.dsv'
[12.847s] INFO:colcon.colcon_core.shell:Creating environment hook '/home/vaishnavi/eyrc23_hb_1520/hb_task_2_ws/install/hb_task2a/share/hb_task2a/hook/ament_prefix_path.sh'
[12.881s] INFO:colcon.colcon_core.shell:Skip shell extension 'powershell' for command environment: Not usable outside of PowerShell
[12.881s] DEBUG:colcon.colcon_core.shell:Skip shell extension 'dsv' for command environment
[13.473s] INFO:colcon.colcon_core.task.python.build:Building Python package in '/home/vaishnavi/eyrc23_hb_1520/hb_task_2_ws/src/eYRC-2023_Hologlyph_Bots/hb_task2a'
[13.507s] INFO:colcon.colcon_core.shell:Skip shell extension 'powershell' for command environment: Not usable outside of PowerShell
[13.507s] DEBUG:colcon.colcon_core.shell:Skip shell extension 'dsv' for command environment
[14.281s] DEBUG:colcon.colcon_core.event_handler.log_command:Invoking command in '/home/vaishnavi/eyrc23_hb_1520/hb_task_2_ws/src/eYRC-2023_Hologlyph_Bots/hb_task2a': LD_LIBRARY_PATH=/home/vaishnavi/eyrc23_hb_1520/hb_task_2_ws/install/my_robot_interfaces/lib:/usr/lib/x86_64-linux-gnu/gazebo-11/plugins:/opt/ros/humble/opt/rviz_ogre_vendor/lib:/opt/ros/humble/lib/x86_64-linux-gnu:/opt/ros/humble/lib:/usr/share/gazebo-11/../../lib/x86_64-linux-gnu/gazebo-11/plugins PYTHONPATH=/home/vaishnavi/eyrc23_hb_1520/hb_task_2_ws/build/hb_task2a/prefix_override:/home/vaishnavi/eyrc23_hb_1520/hb_task_2_ws/install/hb_task2a/lib/python3.10/site-packages:${PYTHONPATH} /usr/bin/python3 setup.py egg_info --egg-base ../../../build/hb_task2a build --build-base /home/vaishnavi/eyrc23_hb_1520/hb_task_2_ws/build/hb_task2a/build install --record /home/vaishnavi/eyrc23_hb_1520/hb_task_2_ws/build/hb_task2a/install.log --single-version-externally-managed
[14.956s] DEBUG:colcon.colcon_core.event_handler.log_command:Invoked command in '/home/vaishnavi/eyrc23_hb_1520/hb_task_2_ws/src/eYRC-2023_Hologlyph_Bots/hb_task2a' returned '0': LD_LIBRARY_PATH=/home/vaishnavi/eyrc23_hb_1520/hb_task_2_ws/install/my_robot_interfaces/lib:/usr/lib/x86_64-linux-gnu/gazebo-11/plugins:/opt/ros/humble/opt/rviz_ogre_vendor/lib:/opt/ros/humble/lib/x86_64-linux-gnu:/opt/ros/humble/lib:/usr/share/gazebo-11/../../lib/x86_64-linux-gnu/gazebo-11/plugins PYTHONPATH=/home/vaishnavi/eyrc23_hb_1520/hb_task_2_ws/build/hb_task2a/prefix_override:/home/vaishnavi/eyrc23_hb_1520/hb_task_2_ws/install/hb_task2a/lib/python3.10/site-packages:${PYTHONPATH} /usr/bin/python3 setup.py egg_info --egg-base ../../../build/hb_task2a build --build-base /home/vaishnavi/eyrc23_hb_1520/hb_task_2_ws/build/hb_task2a/build install --record /home/vaishnavi/eyrc23_hb_1520/hb_task_2_ws/build/hb_task2a/install.log --single-version-externally-managed
[14.992s] Level 1:colcon.colcon_core.environment:checking '/home/vaishnavi/eyrc23_hb_1520/hb_task_2_ws/install/hb_task2a' for CMake module files
[14.993s] Level 1:colcon.colcon_core.environment:checking '/home/vaishnavi/eyrc23_hb_1520/hb_task_2_ws/install/hb_task2a' for CMake config files
[14.993s] Level 1:colcon.colcon_core.environment:checking '/home/vaishnavi/eyrc23_hb_1520/hb_task_2_ws/install/hb_task2a/lib'
[14.993s] Level 1:colcon.colcon_core.environment:checking '/home/vaishnavi/eyrc23_hb_1520/hb_task_2_ws/install/hb_task2a/bin'
[14.994s] Level 1:colcon.colcon_core.environment:checking '/home/vaishnavi/eyrc23_hb_1520/hb_task_2_ws/install/hb_task2a/lib/pkgconfig/hb_task2a.pc'
[14.994s] Level 1:colcon.colcon_core.environment:checking '/home/vaishnavi/eyrc23_hb_1520/hb_task_2_ws/install/hb_task2a/lib/python3.10/site-packages'
[14.994s] Level 1:colcon.colcon_core.shell:create_environment_hook('hb_task2a', 'pythonpath')
[15.023s] INFO:colcon.colcon_core.shell:Creating environment hook '/home/vaishnavi/eyrc23_hb_1520/hb_task_2_ws/install/hb_task2a/share/hb_task2a/hook/pythonpath.ps1'
[15.024s] INFO:colcon.colcon_core.shell:Creating environment descriptor '/home/vaishnavi/eyrc23_hb_1520/hb_task_2_ws/install/hb_task2a/share/hb_task2a/hook/pythonpath.dsv'
[15.024s] INFO:colcon.colcon_core.shell:Creating environment hook '/home/vaishnavi/eyrc23_hb_1520/hb_task_2_ws/install/hb_task2a/share/hb_task2a/hook/pythonpath.sh'
[15.025s] Level 1:colcon.colcon_core.environment:checking '/home/vaishnavi/eyrc23_hb_1520/hb_task_2_ws/install/hb_task2a/bin'
[15.025s] Level 1:colcon.colcon_core.environment:create_environment_scripts_only(hb_task2a)
[15.053s] INFO:colcon.colcon_core.shell:Creating package script '/home/vaishnavi/eyrc23_hb_1520/hb_task_2_ws/install/hb_task2a/share/hb_task2a/package.ps1'
[15.054s] INFO:colcon.colcon_core.shell:Creating package descriptor '/home/vaishnavi/eyrc23_hb_1520/hb_task_2_ws/install/hb_task2a/share/hb_task2a/package.dsv'
[15.054s] INFO:colcon.colcon_core.shell:Creating package script '/home/vaishnavi/eyrc23_hb_1520/hb_task_2_ws/install/hb_task2a/share/hb_task2a/package.sh'
[15.055s] INFO:colcon.colcon_core.shell:Creating package script '/home/vaishnavi/eyrc23_hb_1520/hb_task_2_ws/install/hb_task2a/share/hb_task2a/package.bash'
[15.055s] INFO:colcon.colcon_core.shell:Creating package script '/home/vaishnavi/eyrc23_hb_1520/hb_task_2_ws/install/hb_task2a/share/hb_task2a/package.zsh'
[15.055s] Level 1:colcon.colcon_core.environment:create_file_with_runtime_dependencies(/home/vaishnavi/eyrc23_hb_1520/hb_task_2_ws/install/hb_task2a/share/colcon-core/packages/hb_task2a)
[15.056s] DEBUG:colcon.colcon_parallel_executor.executor.parallel:closing loop
[15.056s] DEBUG:colcon.colcon_parallel_executor.executor.parallel:loop closed
[15.056s] DEBUG:colcon.colcon_parallel_executor.executor.parallel:run_until_complete finished with '0'
[15.057s] DEBUG:colcon.colcon_core.event_reactor:joining thread
[15.098s] INFO:colcon.colcon_core.plugin_system:Skipping extension 'colcon_notification.desktop_notification.terminal_notifier': Not used on non-Darwin systems
[15.099s] INFO:colcon.colcon_core.plugin_system:Skipping extension 'colcon_notification.desktop_notification.win32': Not used on non-Windows systems
[15.099s] INFO:colcon.colcon_notification.desktop_notification:Sending desktop notification using 'notify2'
[15.125s] DEBUG:colcon.colcon_core.event_reactor:joined thread
[15.163s] INFO:colcon.colcon_core.shell:Creating prefix script '/home/vaishnavi/eyrc23_hb_1520/hb_task_2_ws/install/local_setup.ps1'
[15.165s] INFO:colcon.colcon_core.shell:Creating prefix util module '/home/vaishnavi/eyrc23_hb_1520/hb_task_2_ws/install/_local_setup_util_ps1.py'
[15.167s] INFO:colcon.colcon_core.shell:Creating prefix chain script '/home/vaishnavi/eyrc23_hb_1520/hb_task_2_ws/install/setup.ps1'
[15.201s] INFO:colcon.colcon_core.shell:Creating prefix script '/home/vaishnavi/eyrc23_hb_1520/hb_task_2_ws/install/local_setup.sh'
[15.202s] INFO:colcon.colcon_core.shell:Creating prefix util module '/home/vaishnavi/eyrc23_hb_1520/hb_task_2_ws/install/_local_setup_util_sh.py'
[15.202s] INFO:colcon.colcon_core.shell:Creating prefix chain script '/home/vaishnavi/eyrc23_hb_1520/hb_task_2_ws/install/setup.sh'
[15.235s] INFO:colcon.colcon_core.shell:Creating prefix script '/home/vaishnavi/eyrc23_hb_1520/hb_task_2_ws/install/local_setup.bash'
[15.236s] INFO:colcon.colcon_core.shell:Creating prefix chain script '/home/vaishnavi/eyrc23_hb_1520/hb_task_2_ws/install/setup.bash'
[15.268s] INFO:colcon.colcon_core.shell:Creating prefix script '/home/vaishnavi/eyrc23_hb_1520/hb_task_2_ws/install/local_setup.zsh'
[15.269s] INFO:colcon.colcon_core.shell:Creating prefix chain script '/home/vaishnavi/eyrc23_hb_1520/hb_task_2_ws/install/setup.zsh'
