running egg_info
writing ../../../build/hb_task2b/hb_task2b.egg-info/PKG-INFO
writing dependency_links to ../../../build/hb_task2b/hb_task2b.egg-info/dependency_links.txt
writing entry points to ../../../build/hb_task2b/hb_task2b.egg-info/entry_points.txt
writing requirements to ../../../build/hb_task2b/hb_task2b.egg-info/requires.txt
writing top-level names to ../../../build/hb_task2b/hb_task2b.egg-info/top_level.txt
reading manifest file '../../../build/hb_task2b/hb_task2b.egg-info/SOURCES.txt'
writing manifest file '../../../build/hb_task2b/hb_task2b.egg-info/SOURCES.txt'
running build
running build_py
running install
running install_lib
running install_data
running install_egg_info
removing '/home/vaishnavi/eyrc23_hb_1520/hb_task_2_ws/install/hb_task2b/lib/python3.10/site-packages/hb_task2b-0.0.0-py3.10.egg-info' (and everything under it)
Copying ../../../build/hb_task2b/hb_task2b.egg-info to /home/vaishnavi/eyrc23_hb_1520/hb_task_2_ws/install/hb_task2b/lib/python3.10/site-packages/hb_task2b-0.0.0-py3.10.egg-info
running install_scripts
Installing controller script to /home/vaishnavi/eyrc23_hb_1520/hb_task_2_ws/install/hb_task2b/lib/hb_task2b
Installing nextgoalpub= hb_task2b.nextGoalPub:mainfeedback script to /home/vaishnavi/eyrc23_hb_1520/hb_task_2_ws/install/hb_task2b/lib/hb_task2b
writing list of installed files to '/home/vaishnavi/eyrc23_hb_1520/hb_task_2_ws/build/hb_task2b/install.log'
