[0.386s] Invoking command in '/home/g10/eyrc_hb/hb_task1a_ws/build/hb_task_1a': PYTHONPATH=/home/g10/eyrc_hb/hb_task1a_ws/build/hb_task_1a/prefix_override:/home/g10/eyrc_hb/hb_task1a_ws/install/hb_task_1a/lib/python3.10/site-packages:${PYTHONPATH} /usr/bin/python3 setup.py develop --uninstall --editable --build-directory /home/g10/eyrc_hb/hb_task1a_ws/build/hb_task_1a/build
[0.529s] running develop
[0.613s] Removing /home/g10/eyrc_hb/hb_task1a_ws/install/hb_task_1a/lib/python3.10/site-packages/hb-task-1a.egg-link (link to .)
[0.628s] Invoked command in '/home/g10/eyrc_hb/hb_task1a_ws/build/hb_task_1a' returned '0': PYTHONPATH=/home/g10/eyrc_hb/hb_task1a_ws/build/hb_task_1a/prefix_override:/home/g10/eyrc_hb/hb_task1a_ws/install/hb_task_1a/lib/python3.10/site-packages:${PYTHONPATH} /usr/bin/python3 setup.py develop --uninstall --editable --build-directory /home/g10/eyrc_hb/hb_task1a_ws/build/hb_task_1a/build
[0.629s] Invoking command in '/home/g10/eyrc_hb/hb_task1a_ws/src/hb_task_1a': PYTHONPATH=/home/g10/eyrc_hb/hb_task1a_ws/build/hb_task_1a/prefix_override:/home/g10/eyrc_hb/hb_task1a_ws/install/hb_task_1a/lib/python3.10/site-packages:${PYTHONPATH} /usr/bin/python3 setup.py egg_info --egg-base ../../build/hb_task_1a build --build-base /home/g10/eyrc_hb/hb_task1a_ws/build/hb_task_1a/build install --record /home/g10/eyrc_hb/hb_task1a_ws/build/hb_task_1a/install.log --single-version-externally-managed
[0.761s] running egg_info
[0.762s] writing ../../build/hb_task_1a/hb_task_1a.egg-info/PKG-INFO
[0.762s] writing dependency_links to ../../build/hb_task_1a/hb_task_1a.egg-info/dependency_links.txt
[0.762s] writing entry points to ../../build/hb_task_1a/hb_task_1a.egg-info/entry_points.txt
[0.762s] writing requirements to ../../build/hb_task_1a/hb_task_1a.egg-info/requires.txt
[0.762s] writing top-level names to ../../build/hb_task_1a/hb_task_1a.egg-info/top_level.txt
[0.763s] reading manifest file '../../build/hb_task_1a/hb_task_1a.egg-info/SOURCES.txt'
[0.763s] writing manifest file '../../build/hb_task_1a/hb_task_1a.egg-info/SOURCES.txt'
[0.764s] running build
[0.764s] running build_py
[0.764s] copying hb_task_1a/task_1a_1520.py -> /home/g10/eyrc_hb/hb_task1a_ws/build/hb_task_1a/build/lib/hb_task_1a
[0.764s] running install
[0.764s] running install_lib
[0.764s] creating /home/g10/eyrc_hb/hb_task1a_ws/install/hb_task_1a/lib/python3.10/site-packages/hb_task_1a
[0.764s] copying /home/g10/eyrc_hb/hb_task1a_ws/build/hb_task_1a/build/lib/hb_task_1a/task_1a_1520.py -> /home/g10/eyrc_hb/hb_task1a_ws/install/hb_task_1a/lib/python3.10/site-packages/hb_task_1a
[0.764s] copying /home/g10/eyrc_hb/hb_task1a_ws/build/hb_task_1a/build/lib/hb_task_1a/__init__.py -> /home/g10/eyrc_hb/hb_task1a_ws/install/hb_task_1a/lib/python3.10/site-packages/hb_task_1a
[0.765s] byte-compiling /home/g10/eyrc_hb/hb_task1a_ws/install/hb_task_1a/lib/python3.10/site-packages/hb_task_1a/task_1a_1520.py to task_1a_1520.cpython-310.pyc
[0.765s] byte-compiling /home/g10/eyrc_hb/hb_task1a_ws/install/hb_task_1a/lib/python3.10/site-packages/hb_task_1a/__init__.py to __init__.cpython-310.pyc
[0.765s] running install_data
[0.765s] running install_egg_info
[0.766s] Copying ../../build/hb_task_1a/hb_task_1a.egg-info to /home/g10/eyrc_hb/hb_task1a_ws/install/hb_task_1a/lib/python3.10/site-packages/hb_task_1a-0.0.0-py3.10.egg-info
[0.767s] running install_scripts
[0.778s] Installing SnowMan_1520_executable_node script to /home/g10/eyrc_hb/hb_task1a_ws/install/hb_task_1a/lib/hb_task_1a
[0.778s] writing list of installed files to '/home/g10/eyrc_hb/hb_task1a_ws/build/hb_task_1a/install.log'
[0.791s] Invoked command in '/home/g10/eyrc_hb/hb_task1a_ws/src/hb_task_1a' returned '0': PYTHONPATH=/home/g10/eyrc_hb/hb_task1a_ws/build/hb_task_1a/prefix_override:/home/g10/eyrc_hb/hb_task1a_ws/install/hb_task_1a/lib/python3.10/site-packages:${PYTHONPATH} /usr/bin/python3 setup.py egg_info --egg-base ../../build/hb_task_1a build --build-base /home/g10/eyrc_hb/hb_task1a_ws/build/hb_task_1a/build install --record /home/g10/eyrc_hb/hb_task1a_ws/build/hb_task_1a/install.log --single-version-externally-managed
