[0.839s] Invoking command in '/home/g10/eyrc_hb/hb_task1a_ws/build/hb_task_1a': PYTHONPATH=/home/g10/eyrc_hb/hb_task1a_ws/build/hb_task_1a/prefix_override:/home/g10/eyrc_hb/hb_task1a_ws/install/hb_task_1a/lib/python3.10/site-packages:${PYTHONPATH} /usr/bin/python3 setup.py develop --uninstall --editable --build-directory /home/g10/eyrc_hb/hb_task1a_ws/build/hb_task_1a/build
[1.115s] running develop
[1.275s] Removing /home/g10/eyrc_hb/hb_task1a_ws/install/hb_task_1a/lib/python3.10/site-packages/hb-task-1a.egg-link (link to .)
[1.303s] Invoked command in '/home/g10/eyrc_hb/hb_task1a_ws/build/hb_task_1a' returned '0': PYTHONPATH=/home/g10/eyrc_hb/hb_task1a_ws/build/hb_task_1a/prefix_override:/home/g10/eyrc_hb/hb_task1a_ws/install/hb_task_1a/lib/python3.10/site-packages:${PYTHONPATH} /usr/bin/python3 setup.py develop --uninstall --editable --build-directory /home/g10/eyrc_hb/hb_task1a_ws/build/hb_task_1a/build
[1.305s] Invoking command in '/home/g10/eyrc_hb/hb_task1a_ws/src/hb_task_1a': PYTHONPATH=/home/g10/eyrc_hb/hb_task1a_ws/build/hb_task_1a/prefix_override:/home/g10/eyrc_hb/hb_task1a_ws/install/hb_task_1a/lib/python3.10/site-packages:${PYTHONPATH} /usr/bin/python3 setup.py egg_info --egg-base ../../build/hb_task_1a build --build-base /home/g10/eyrc_hb/hb_task1a_ws/build/hb_task_1a/build install --record /home/g10/eyrc_hb/hb_task1a_ws/build/hb_task_1a/install.log --single-version-externally-managed
[1.563s] running egg_info
[1.563s] writing ../../build/hb_task_1a/hb_task_1a.egg-info/PKG-INFO
[1.563s] writing dependency_links to ../../build/hb_task_1a/hb_task_1a.egg-info/dependency_links.txt
[1.563s] writing entry points to ../../build/hb_task_1a/hb_task_1a.egg-info/entry_points.txt
[1.564s] writing requirements to ../../build/hb_task_1a/hb_task_1a.egg-info/requires.txt
[1.564s] writing top-level names to ../../build/hb_task_1a/hb_task_1a.egg-info/top_level.txt
[1.566s] reading manifest file '../../build/hb_task_1a/hb_task_1a.egg-info/SOURCES.txt'
[1.566s] writing manifest file '../../build/hb_task_1a/hb_task_1a.egg-info/SOURCES.txt'
[1.567s] running build
[1.567s] running build_py
[1.567s] creating /home/g10/eyrc_hb/hb_task1a_ws/build/hb_task_1a/build
[1.567s] creating /home/g10/eyrc_hb/hb_task1a_ws/build/hb_task_1a/build/lib
[1.567s] creating /home/g10/eyrc_hb/hb_task1a_ws/build/hb_task_1a/build/lib/hb_task_1a
[1.567s] copying hb_task_1a/task_1a_1520.py -> /home/g10/eyrc_hb/hb_task1a_ws/build/hb_task_1a/build/lib/hb_task_1a
[1.567s] copying hb_task_1a/__init__.py -> /home/g10/eyrc_hb/hb_task1a_ws/build/hb_task_1a/build/lib/hb_task_1a
[1.567s] running install
[1.568s] running install_lib
[1.568s] creating /home/g10/eyrc_hb/hb_task1a_ws/install/hb_task_1a/lib/python3.10/site-packages/hb_task_1a
[1.568s] copying /home/g10/eyrc_hb/hb_task1a_ws/build/hb_task_1a/build/lib/hb_task_1a/task_1a_1520.py -> /home/g10/eyrc_hb/hb_task1a_ws/install/hb_task_1a/lib/python3.10/site-packages/hb_task_1a
[1.568s] copying /home/g10/eyrc_hb/hb_task1a_ws/build/hb_task_1a/build/lib/hb_task_1a/__init__.py -> /home/g10/eyrc_hb/hb_task1a_ws/install/hb_task_1a/lib/python3.10/site-packages/hb_task_1a
[1.568s] byte-compiling /home/g10/eyrc_hb/hb_task1a_ws/install/hb_task_1a/lib/python3.10/site-packages/hb_task_1a/task_1a_1520.py to task_1a_1520.cpython-310.pyc
[1.569s] byte-compiling /home/g10/eyrc_hb/hb_task1a_ws/install/hb_task_1a/lib/python3.10/site-packages/hb_task_1a/__init__.py to __init__.cpython-310.pyc
[1.569s] running install_data
[1.570s] running install_egg_info
[1.572s] Copying ../../build/hb_task_1a/hb_task_1a.egg-info to /home/g10/eyrc_hb/hb_task1a_ws/install/hb_task_1a/lib/python3.10/site-packages/hb_task_1a-0.0.0-py3.10.egg-info
[1.572s] running install_scripts
[1.593s] Installing SnowMan_1520_executable_node script to /home/g10/eyrc_hb/hb_task1a_ws/install/hb_task_1a/lib/hb_task_1a
[1.594s] writing list of installed files to '/home/g10/eyrc_hb/hb_task1a_ws/build/hb_task_1a/install.log'
[1.618s] Invoked command in '/home/g10/eyrc_hb/hb_task1a_ws/src/hb_task_1a' returned '0': PYTHONPATH=/home/g10/eyrc_hb/hb_task1a_ws/build/hb_task_1a/prefix_override:/home/g10/eyrc_hb/hb_task1a_ws/install/hb_task_1a/lib/python3.10/site-packages:${PYTHONPATH} /usr/bin/python3 setup.py egg_info --egg-base ../../build/hb_task_1a build --build-base /home/g10/eyrc_hb/hb_task1a_ws/build/hb_task_1a/build install --record /home/g10/eyrc_hb/hb_task1a_ws/build/hb_task_1a/install.log --single-version-externally-managed
