[0.860s] Invoking command in '/home/g10/eyrc_hb/hb_task1b_ws/src/hb_task_1b': PYTHONPATH=/home/g10/eyrc_hb/hb_task1b_ws/build/hb_task_1b/prefix_override:/home/g10/eyrc_hb/hb_task1b_ws/install/hb_task_1b/lib/python3.10/site-packages:${PYTHONPATH} /usr/bin/python3 setup.py egg_info --egg-base ../../build/hb_task_1b build --build-base /home/g10/eyrc_hb/hb_task1b_ws/build/hb_task_1b/build install --record /home/g10/eyrc_hb/hb_task1b_ws/build/hb_task_1b/install.log --single-version-externally-managed
[1.117s] running egg_info
[1.118s] writing ../../build/hb_task_1b/hb_task_1b.egg-info/PKG-INFO
[1.118s] writing dependency_links to ../../build/hb_task_1b/hb_task_1b.egg-info/dependency_links.txt
[1.118s] writing entry points to ../../build/hb_task_1b/hb_task_1b.egg-info/entry_points.txt
[1.118s] writing requirements to ../../build/hb_task_1b/hb_task_1b.egg-info/requires.txt
[1.118s] writing top-level names to ../../build/hb_task_1b/hb_task_1b.egg-info/top_level.txt
[1.120s] reading manifest file '../../build/hb_task_1b/hb_task_1b.egg-info/SOURCES.txt'
[1.121s] writing manifest file '../../build/hb_task_1b/hb_task_1b.egg-info/SOURCES.txt'
[1.121s] running build
[1.121s] running build_py
[1.121s] running install
[1.122s] running install_lib
[1.123s] running install_data
[1.123s] running install_egg_info
[1.125s] removing '/home/g10/eyrc_hb/hb_task1b_ws/install/hb_task_1b/lib/python3.10/site-packages/hb_task_1b-0.0.0-py3.10.egg-info' (and everything under it)
[1.125s] Copying ../../build/hb_task_1b/hb_task_1b.egg-info to /home/g10/eyrc_hb/hb_task1b_ws/install/hb_task_1b/lib/python3.10/site-packages/hb_task_1b-0.0.0-py3.10.egg-info
[1.126s] running install_scripts
[1.148s] Installing hb_task1b_controller script to /home/g10/eyrc_hb/hb_task1b_ws/install/hb_task_1b/lib/hb_task_1b
[1.148s] Installing service_node script to /home/g10/eyrc_hb/hb_task1b_ws/install/hb_task_1b/lib/hb_task_1b
[1.148s] writing list of installed files to '/home/g10/eyrc_hb/hb_task1b_ws/build/hb_task_1b/install.log'
[1.200s] Invoked command in '/home/g10/eyrc_hb/hb_task1b_ws/src/hb_task_1b' returned '0': PYTHONPATH=/home/g10/eyrc_hb/hb_task1b_ws/build/hb_task_1b/prefix_override:/home/g10/eyrc_hb/hb_task1b_ws/install/hb_task_1b/lib/python3.10/site-packages:${PYTHONPATH} /usr/bin/python3 setup.py egg_info --egg-base ../../build/hb_task_1b build --build-base /home/g10/eyrc_hb/hb_task1b_ws/build/hb_task_1b/build install --record /home/g10/eyrc_hb/hb_task1b_ws/build/hb_task_1b/install.log --single-version-externally-managed
